{
    "authors": [
        {
            "first_name": "Linda Septira",
            "last_name": "Andryani",
            "matriculation_number": "5345375"
        },
        {
            "first_name": "Yohanes Ranandika",
            "last_name": "Kirana",
            "matriculation_number": "5310931"
        }
    ],
    "evaluation_result": {
        "comment": null,
        "fixed": false,
        "log": "[2024-02-14 15:24:21.729788] Start of evaluation log for submission 'fda8c83b-00a7-4d28-9a21-cb37eadc64cc'.\n[2024-02-14 15:24:21.730164] Team member: ('Andryani', 'Linda Septira', '5345375')\n[2024-02-14 15:24:21.730381] Team member: ('Kirana', 'Yohanes Ranandika', '5310931')\n[2024-02-14 15:24:21.750584] Preparing the sandbox\n[2024-02-14 15:24:22.505850] Unpacking submission in sandbox\n[2024-02-14 15:24:22.947397] Building the test subject\n[2024-02-14 15:24:22.947693] Identified the Java variant.\n[2024-02-14 15:24:23.093847] Building Java solution with maven.\n[2024-02-14 15:24:34.968554] Maven log:\n[INFO] Scanning for projects...\n[INFO] \n[INFO] --------------< de.thm.mni.compilerbau.spl-reference:spl >--------------\n[INFO] Building spl 0.1\n[INFO] --------------------------------[ jar ]---------------------------------\n[INFO] \n[INFO] --- jflex-maven-plugin:1.7.0:generate (default) @ spl ---\n[INFO]   generated /home/solution/java/target/generated-sources/jflex/de/thm/mni/compilerbau/phases/_01_scanner/Scanner.java\n[INFO] \n[INFO] --- cup-maven-plugin:11b-20160615:generate (default) @ spl ---\nWarning : Non terminal \"EmptyStmt\" was declared but never used\nWarning : *** Shift/Reduce conflict found in state #94\n  between IfStmt ::= IF LPAREN Expr RPAREN Statement (*) \n  and     IfStmt ::= IF LPAREN Expr RPAREN Statement (*) ELSE Statement \n  under symbol ELSE\n  Resolved in favor of shifting.\n\n[INFO]   generated /home/solution/java/target/generated-sources/cup/de/thm/mni/compilerbau/phases/_02_03_parser/Parser.java\n[INFO]   generated /home/solution/java/target/generated-sources/cup/de/thm/mni/compilerbau/phases/_02_03_parser/Sym.java\n[INFO] \n[INFO] --- maven-resources-plugin:2.6:resources (default-resources) @ spl ---\n[INFO] Using 'UTF-8' encoding to copy filtered resources.\n[INFO] skip non existing resourceDirectory /home/solution/java/src/main/resources\n[INFO] \n[INFO] --- maven-compiler-plugin:3.10.1:compile (default-compile) @ spl ---\n[INFO] Changes detected - recompiling the module!\n[INFO] Compiling 57 source files to /home/solution/java/target/classes\n[INFO] /home/solution/java/target/generated-sources/jflex/de/thm/mni/compilerbau/phases/_01_scanner/Scanner.java: /home/solution/java/target/generated-sources/jflex/de/thm/mni/compilerbau/phases/_01_scanner/Scanner.java uses or overrides a deprecated API that is marked for removal.\n[INFO] /home/solution/java/target/generated-sources/jflex/de/thm/mni/compilerbau/phases/_01_scanner/Scanner.java: Recompile with -Xlint:removal for details.\n[INFO] /home/solution/java/target/generated-sources/cup/de/thm/mni/compilerbau/phases/_02_03_parser/Parser.java: /home/solution/java/target/generated-sources/cup/de/thm/mni/compilerbau/phases/_02_03_parser/Parser.java uses unchecked or unsafe operations.\n[INFO] /home/solution/java/target/generated-sources/cup/de/thm/mni/compilerbau/phases/_02_03_parser/Parser.java: Recompile with -Xlint:unchecked for details.\n[INFO] \n[INFO] --- maven-resources-plugin:2.6:testResources (default-testResources) @ spl ---\n[INFO] Using 'UTF-8' encoding to copy filtered resources.\n[INFO] skip non existing resourceDirectory /home/solution/java/src/test/resources\n[INFO] \n[INFO] --- maven-compiler-plugin:3.10.1:testCompile (default-testCompile) @ spl ---\n[INFO] No sources to compile\n[INFO] \n[INFO] --- maven-surefire-plugin:2.12.4:test (default-test) @ spl ---\n[INFO] No tests to run.\n[INFO] \n[INFO] --- maven-jar-plugin:2.4:jar (default-jar) @ spl ---\n[INFO] Building jar: /home/solution/java/target/spl.jar\n[INFO] \n[INFO] --- maven-shade-plugin:3.1.0:shade (default) @ spl ---\n[INFO] Including com.github.vbmacher:java-cup-runtime:jar:11b-20160615 in the shaded jar.\n[INFO] Replacing original artifact with shaded artifact.\n[INFO] Replacing /home/solution/java/target/spl.jar with /home/solution/java/target/spl-0.1-shaded.jar\n[INFO] Dependency-reduced POM written at: /home/solution/java/dependency-reduced-pom.xml\n[INFO] ------------------------------------------------------------------------\n[INFO] BUILD SUCCESS\n[INFO] ------------------------------------------------------------------------\n[INFO] Total time:  9.007 s\n[INFO] Finished at: 2024-02-14T14:24:34Z\n[INFO] ------------------------------------------------------------------------\n[2024-02-14 15:24:35.132151] Beginning evaluation.\n[2024-02-14 15:24:35.132380] Evaluating 101_undefined_procedure.spl with the submitted solution.\n[2024-02-14 15:24:35.576209] Test subject results match (Compiler Failure).\n[2024-02-14 15:24:35.576248] Exit code matches the expected exit code (101).\n[2024-02-14 15:24:35.576271] Test passed.\n[2024-02-14 15:24:35.576286] Running Score: 1/1\n\n[2024-02-14 15:24:35.576309] Evaluating 101_undefined_type.spl with the submitted solution.\n[2024-02-14 15:24:35.968048] Test subject results match (Compiler Failure).\n[2024-02-14 15:24:35.968084] Exit code matches the expected exit code (101).\n[2024-02-14 15:24:35.968106] Test passed.\n[2024-02-14 15:24:35.968121] Running Score: 2/2\n\n[2024-02-14 15:24:35.968144] Evaluating 101_undefined_variable.spl with the submitted solution.\n[2024-02-14 15:24:36.378363] Test subject results match (Compiler Failure).\n[2024-02-14 15:24:36.378403] Exit code matches the expected exit code (101).\n[2024-02-14 15:24:36.378425] Test passed.\n[2024-02-14 15:24:36.378440] Running Score: 3/3\n\n[2024-02-14 15:24:36.378462] Evaluating 102_not_a_type.spl with the submitted solution.\n[2024-02-14 15:24:36.771942] Test subject results match (Compiler Failure).\n[2024-02-14 15:24:36.771976] Exit codes do not match. Expected '102', but got '101'.\n[2024-02-14 15:24:36.772016] Output (stdout + stderr) of 'java -jar /home/solution/java/target/spl.jar /home/tests/102_not_a_type.spl /home/temp/102_not_a_type.spl.s' (Limited to 50 lines/10000 characters):\nAn error occurred at Line 2, Column 10:\nIdentifier 'A' is not defined.\n[2024-02-14 15:24:36.772057] Test not passed.\n[2024-02-14 15:24:36.772072] Running Score: 3/4\n\n[2024-02-14 15:24:36.772095] Evaluating 103_redefinition_as_parameter.spl with the submitted solution.\n[2024-02-14 15:24:37.171899] Test subject results match (Compiler Failure).\n[2024-02-14 15:24:37.171936] Exit code matches the expected exit code (103).\n[2024-02-14 15:24:37.171958] Test passed.\n[2024-02-14 15:24:37.171973] Running Score: 4/5\n\n[2024-02-14 15:24:37.171996] Evaluating 103_redefinition_as_procedure.spl with the submitted solution.\n[2024-02-14 15:24:37.565092] Test subject results match (Compiler Failure).\n[2024-02-14 15:24:37.565145] Exit code matches the expected exit code (103).\n[2024-02-14 15:24:37.565172] Test passed.\n[2024-02-14 15:24:37.565190] Running Score: 5/6\n\n[2024-02-14 15:24:37.565218] Evaluating 103_redefinition_as_type.spl with the submitted solution.\n[2024-02-14 15:24:37.957278] Test subject results match (Compiler Failure).\n[2024-02-14 15:24:37.957318] Exit code matches the expected exit code (103).\n[2024-02-14 15:24:37.957340] Test passed.\n[2024-02-14 15:24:37.957355] Running Score: 6/7\n\n[2024-02-14 15:24:37.957378] Evaluating 103_redefinition_as_variable.spl with the submitted solution.\n[2024-02-14 15:24:38.368427] Test subject results match (Compiler Failure).\n[2024-02-14 15:24:38.368469] Exit code matches the expected exit code (103).\n[2024-02-14 15:24:38.368492] Test passed.\n[2024-02-14 15:24:38.368507] Running Score: 7/8\n\n[2024-02-14 15:24:38.368531] Evaluating 104_must_be_reference_parameter.spl with the submitted solution.\n[2024-02-14 15:24:38.772899] Test subject results match (Compiler Failure).\n[2024-02-14 15:24:38.772935] Exit code matches the expected exit code (104).\n[2024-02-14 15:24:38.772957] Test passed.\n[2024-02-14 15:24:38.772972] Running Score: 8/9\n\n[2024-02-14 15:24:38.772996] Evaluating 113_call_of_non_procedure.spl with the submitted solution.\n[2024-02-14 15:24:39.198584] Test subject results match (Compiler Failure).\n[2024-02-14 15:24:39.198618] Exit code matches the expected exit code (113).\n[2024-02-14 15:24:39.198641] Test passed.\n[2024-02-14 15:24:39.198657] Running Score: 9/10\n\n[2024-02-14 15:24:39.198681] Evaluating 114_argument_type_mismatch.spl with the submitted solution.\n[2024-02-14 15:24:39.630448] Test subject results match (Compiler Failure).\n[2024-02-14 15:24:39.630488] Exit code matches the expected exit code (114).\n[2024-02-14 15:24:39.630511] Test passed.\n[2024-02-14 15:24:39.630526] Running Score: 10/11\n\n[2024-02-14 15:24:39.630550] Evaluating 115_argument_must_be_variable.spl with the submitted solution.\n[2024-02-14 15:24:40.052823] Test subject results match (Compiler Failure).\n[2024-02-14 15:24:40.052863] Exit code matches the expected exit code (115).\n[2024-02-14 15:24:40.052885] Test passed.\n[2024-02-14 15:24:40.052899] Running Score: 11/12\n\n[2024-02-14 15:24:40.052922] Evaluating 116_procedure_too_few_arguments.spl with the submitted solution.\n[2024-02-14 15:24:40.478450] Test subject results match (Compiler Failure).\n[2024-02-14 15:24:40.478491] Exit code matches the expected exit code (116).\n[2024-02-14 15:24:40.478525] Test passed.\n[2024-02-14 15:24:40.478557] Running Score: 12/13\n\n[2024-02-14 15:24:40.478589] Evaluating 116_procedure_too_many_arguments.spl with the submitted solution.\n[2024-02-14 15:24:40.904721] Test subject results match (Compiler Failure).\n[2024-02-14 15:24:40.904761] Exit code matches the expected exit code (116).\n[2024-02-14 15:24:40.904796] Test passed.\n[2024-02-14 15:24:40.904822] Running Score: 13/14\n\n[2024-02-14 15:24:40.904846] Evaluating 122_not_a_variable.spl with the submitted solution.\n[2024-02-14 15:24:41.288064] Submission exited with exit code 1, which is not allowed. Allowed: [0, 99, 140, 100, 101, 102, 103, 104, 105, 106, 107, 108, 109, 110, 111, 112, 113, 114, 115, 116, 117, 118, 119, 120, 121, 122, 123, 124, 125, 126, 127]\n[2024-02-14 15:24:41.288113] Output (stdout + stderr) of 'java -jar /home/solution/java/target/spl.jar /home/tests/122_not_a_variable.spl /home/temp/122_not_a_variable.spl.s' (Limited to 50 lines/10000 characters):\nAn error occurred: class de.thm.mni.compilerbau.table.ProcedureEntry cannot be cast to class de.thm.mni.compilerbau.table.VariableEntry (de.thm.mni.compilerbau.table.ProcedureEntry and de.thm.mni.compilerbau.table.VariableEntry are in unnamed module of loader 'app')\njava.lang.ClassCastException: class de.thm.mni.compilerbau.table.ProcedureEntry cannot be cast to class de.thm.mni.compilerbau.table.VariableEntry (de.thm.mni.compilerbau.table.ProcedureEntry and de.thm.mni.compilerbau.table.VariableEntry are in unnamed module of loader 'app')\n\tat de.thm.mni.compilerbau.phases._04b_semant.ProcedureBodyChecker.checkStatement(ProcedureBodyChecker.java:109)\n\tat de.thm.mni.compilerbau.phases._04b_semant.ProcedureBodyChecker.checkStatement(ProcedureBodyChecker.java:78)\n\tat de.thm.mni.compilerbau.phases._04b_semant.ProcedureBodyChecker.checkProcedures(ProcedureBodyChecker.java:64)\n\tat de.thm.mni.compilerbau.Main.main(Main.java:85)\n[2024-02-14 15:24:41.288188] Test not passed.\n[2024-02-14 15:24:41.288204] Running Score: 13/15\n\n[2024-02-14 15:24:41.288228] Evaluating 123_indexing_non_array.spl with the submitted solution.\n[2024-02-14 15:24:41.756387] Submission exited with exit code 1, which is not allowed. Allowed: [0, 99, 140, 100, 101, 102, 103, 104, 105, 106, 107, 108, 109, 110, 111, 112, 113, 114, 115, 116, 117, 118, 119, 120, 121, 122, 123, 124, 125, 126, 127]\n[2024-02-14 15:24:41.756435] Output (stdout + stderr) of 'java -jar /home/solution/java/target/spl.jar /home/tests/123_indexing_non_array.spl /home/temp/123_indexing_non_array.spl.s' (Limited to 50 lines/10000 characters):\nAn error occurred: class de.thm.mni.compilerbau.types.PrimitiveType cannot be cast to class de.thm.mni.compilerbau.types.ArrayType (de.thm.mni.compilerbau.types.PrimitiveType and de.thm.mni.compilerbau.types.ArrayType are in unnamed module of loader 'app')\njava.lang.ClassCastException: class de.thm.mni.compilerbau.types.PrimitiveType cannot be cast to class de.thm.mni.compilerbau.types.ArrayType (de.thm.mni.compilerbau.types.PrimitiveType and de.thm.mni.compilerbau.types.ArrayType are in unnamed module of loader 'app')\n\tat de.thm.mni.compilerbau.phases._06_codegen.CodeGenerator.genStatement(CodeGenerator.java:114)\n\tat de.thm.mni.compilerbau.phases._06_codegen.CodeGenerator.generateCode(CodeGenerator.java:59)\n\tat de.thm.mni.compilerbau.Main.main(Main.java:95)\n[2024-02-14 15:24:41.756520] Test not passed.\n[2024-02-14 15:24:41.756544] Running Score: 13/16\n\n[2024-02-14 15:24:41.756573] Evaluating 124_indexing_with_non_integer.spl with the submitted solution.\n[2024-02-14 15:24:43.530619] Results do not match. Expected Compiler Failure(124), but got Success(0).\n[2024-02-14 15:24:43.530768] Output (stdout) of 'xvfb-run -a /home/tools/sim -x -l /home/temp/124_indexing_with_non_integer.spl.bin -s 1 -t 0' (Limited to 50 lines/10000 characters):\nSPL/RTS: main() started\n\nSPL/RTS: index out of bounds\n[2024-02-14 15:24:43.530961] Test not passed.\n[2024-02-14 15:24:43.530983] Running Score: 13/17\n\n[2024-02-14 15:24:43.531007] Evaluating 126_main_not_a_procedure.spl with the submitted solution.\n[2024-02-14 15:24:43.952014] Test subject results match (Compiler Failure).\n[2024-02-14 15:24:43.952049] Exit code matches the expected exit code (126).\n[2024-02-14 15:24:43.952072] Test passed.\n[2024-02-14 15:24:43.952088] Running Score: 14/18\n\n[2024-02-14 15:24:43.952121] Evaluating 127_main_must_not_have_parameters.spl with the submitted solution.\n[2024-02-14 15:24:44.312710] Test subject results match (Compiler Failure).\n[2024-02-14 15:24:44.312745] Exit code matches the expected exit code (127).\n[2024-02-14 15:24:44.312767] Test passed.\n[2024-02-14 15:24:44.312782] Running Score: 15/19\n\n[2024-02-14 15:24:44.312805] Evaluating acker.spl with the submitted solution.\n[2024-02-14 15:24:46.005632] Test subject results match (Success).\n[2024-02-14 15:24:46.009334] Outputs match.\n[2024-02-14 15:24:46.009547] Test passed.\n[2024-02-14 15:24:46.009739] Running Score: 16/20\n\n[2024-02-14 15:24:46.010141] Evaluating bigtest.spl with the submitted solution.\n[2024-02-14 15:24:46.853390] Submission exited with exit code 1, which is not allowed. Allowed: [0, 99, 140, 100, 101, 102, 103, 104, 105, 106, 107, 108, 109, 110, 111, 112, 113, 114, 115, 116, 117, 118, 119, 120, 121, 122, 123, 124, 125, 126, 127]\n[2024-02-14 15:24:46.853647] Output (stdout + stderr) of 'java -jar /home/solution/java/target/spl.jar /home/tests/bigtest.spl /home/temp/bigtest.spl.s' (Limited to 50 lines/10000 characters):\nException in thread \"main\" java.lang.StackOverflowError\n\tat de.thm.mni.compilerbau.phases._06_codegen.CodeGenerator.genStatement(CodeGenerator.java:82)\n\tat de.thm.mni.compilerbau.phases._06_codegen.CodeGenerator.genStatement(CodeGenerator.java:185)\n\tat de.thm.mni.compilerbau.phases._06_codegen.CodeGenerator.genStatement(CodeGenerator.java:185)\n\tat de.thm.mni.compilerbau.phases._06_codegen.CodeGenerator.genStatement(CodeGenerator.java:185)\n\tat de.thm.mni.compilerbau.phases._06_codegen.CodeGenerator.genStatement(CodeGenerator.java:185)\n\tat de.thm.mni.compilerbau.phases._06_codegen.CodeGenerator.genStatement(CodeGenerator.java:185)\n\tat de.thm.mni.compilerbau.phases._06_codegen.CodeGenerator.genStatement(CodeGenerator.java:185)\n\tat de.thm.mni.compilerbau.phases._06_codegen.CodeGenerator.genStatement(CodeGenerator.java:185)\n\tat de.thm.mni.compilerbau.phases._06_codegen.CodeGenerator.genStatement(CodeGenerator.java:185)\n\tat de.thm.mni.compilerbau.phases._06_codegen.CodeGenerator.genStatement(CodeGenerator.java:185)\n\tat de.thm.mni.compilerbau.phases._06_codegen.CodeGenerator.genStatement(CodeGenerator.java:185)\n\tat de.thm.mni.compilerbau.phases._06_codegen.CodeGenerator.genStatement(CodeGenerator.java:185)\n\tat de.thm.mni.compilerbau.phases._06_codegen.CodeGenerator.genStatement(CodeGenerator.java:185)\n\tat de.thm.mni.compilerbau.phases._06_codegen.CodeGenerator.genStatement(CodeGenerator.java:185)\n\tat de.thm.mni.compilerbau.phases._06_codegen.CodeGenerator.genStatement(CodeGenerator.java:185)\n\tat de.thm.mni.compilerbau.phases._06_codegen.CodeGenerator.genStatement(CodeGenerator.java:185)\n\tat de.thm.mni.compilerbau.phases._06_codegen.CodeGenerator.genStatement(CodeGenerator.java:185)\n\tat de.thm.mni.compilerbau.phases._06_codegen.CodeGenerator.genStatement(CodeGenerator.java:185)\n\tat de.thm.mni.compilerbau.phases._06_codegen.CodeGenerator.genStatement(CodeGenerator.java:185)\n\tat de.thm.mni.compilerbau.phases._06_codegen.CodeGenerator.genStatement(CodeGenerator.java:185)\n\tat de.thm.mni.compilerbau.phases._06_codegen.CodeGenerator.genStatement(CodeGenerator.java:185)\n\tat de.thm.mni.compilerbau.phases._06_codegen.CodeGenerator.genStatement(CodeGenerator.java:185)\n\tat de.thm.mni.compilerbau.phases._06_codegen.CodeGenerator.genStatement(CodeGenerator.java:185)\n\tat de.thm.mni.compilerbau.phases._06_codegen.CodeGenerator.genStatement(CodeGenerator.java:185)\n\tat de.thm.mni.compilerbau.phases._06_codegen.CodeGenerator.genStatement(CodeGenerator.java:185)\n\tat de.thm.mni.compilerbau.phases._06_codegen.CodeGenerator.genStatement(CodeGenerator.java:185)\n\tat de.thm.mni.compilerbau.phases._06_codegen.CodeGenerator.genStatement(CodeGenerator.java:185)\n\tat de.thm.mni.compilerbau.phases._06_codegen.CodeGenerator.genStatement(CodeGenerator.java:185)\n\tat de.thm.mni.compilerbau.phases._06_codegen.CodeGenerator.genStatement(CodeGenerator.java:185)\n\tat de.thm.mni.compilerbau.phases._06_codegen.CodeGenerator.genStatement(CodeGenerator.java:185)\n\tat de.thm.mni.compilerbau.phases._06_codegen.CodeGenerator.genStatement(CodeGenerator.java:185)\n\tat de.thm.mni.compilerbau.phases._06_codegen.CodeGenerator.genStatement(CodeGenerator.java:185)\n\tat de.thm.mni.compilerbau.phases._06_codegen.CodeGenerator.genStatement(CodeGenerator.java:185)\n\tat de.thm.mni.compilerbau.phases._06_codegen.CodeGenerator.genStatement(CodeGenerator.java:185)\n\tat de.thm.mni.compilerbau.phases._06_codegen.CodeGenerator.genStatement(CodeGenerator.java:185)\n\tat de.thm.mni.compilerbau.phases._06_codegen.CodeGenerator.genStatement(CodeGenerator.java:185)\n\tat de.thm.mni.compilerbau.phases._06_codegen.CodeGenerator.genStatement(CodeGenerator.java:185)\n\tat de.thm.mni.compilerbau.phases._06_codegen.CodeGenerator.genStatement(CodeGenerator.java:185)\n\tat de.thm.mni.compilerbau.phases._06_codegen.CodeGenerator.genStatement(CodeGenerator.java:185)\n\tat de.thm.mni.compilerbau.phases._06_codegen.CodeGenerator.genStatement(CodeGenerator.java:185)\n\tat de.thm.mni.compilerbau.phases._06_codegen.CodeGenerator.genStatement(CodeGenerator.java:185)\n\tat de.thm.mni.compilerbau.phases._06_codegen.CodeGenerator.genStatement(CodeGenerator.java:185)\n\tat de.thm.mni.compilerbau.phases._06_codegen.CodeGenerator.genStatement(CodeGenerator.java:185)\n\tat de.thm.mni.compilerbau.phases._06_codegen.CodeGenerator.genStatement(CodeGenerator.java:185)\n\tat de.thm.mni.compilerbau.phases._06_codegen.CodeGenerator.genStatement(CodeGenerator.java:185)\n\tat de.thm.mni.compilerbau.phases._06_codegen.CodeGenerator.genStatement(CodeGenerator.java:185)\n\tat de.thm.mni.compilerbau.phases._06_codegen.CodeGenerator.genStatement(CodeGenerator.java:185)\n\tat de.thm.mni.compilerbau.phases._06_codegen.CodeGenerator.genStatement(CodeGenerator.java:185)\n\tat de.thm.mni.compilerbau.phases._06_codegen.CodeGenerator.genStatement(CodeGenerator.java:185)\n[2024-02-14 15:24:46.854089] Test not passed.\n[2024-02-14 15:24:46.854105] Running Score: 16/21\n\n[2024-02-14 15:24:46.854128] Evaluating bits.spl with the submitted solution.\n[2024-02-14 15:24:48.202421] Test subject results match (Success).\n[2024-02-14 15:24:48.205840] Outputs match.\n[2024-02-14 15:24:48.206161] Test passed.\n[2024-02-14 15:24:48.206369] Running Score: 17/22\n\n[2024-02-14 15:24:48.206558] Evaluating gcd.spl with the submitted solution.\n[2024-02-14 15:24:49.537176] Test subject results match (Success).\n[2024-02-14 15:24:49.540491] Outputs match.\n[2024-02-14 15:24:49.540709] Test passed.\n[2024-02-14 15:24:49.540917] Running Score: 18/23\n\n[2024-02-14 15:24:49.541213] Evaluating inttest.spl with the submitted solution.\n[2024-02-14 15:24:50.901838] Test subject results match (Success).\n[2024-02-14 15:24:50.904696] Outputs match.\n[2024-02-14 15:24:50.904923] Test passed.\n[2024-02-14 15:24:50.905175] Running Score: 19/24\n\n[2024-02-14 15:24:50.905502] Evaluating multiply.spl with the submitted solution.\n[2024-02-14 15:24:52.310581] Test subject results match (Success).\n[2024-02-14 15:24:52.312754] Outputs match.\n[2024-02-14 15:24:52.312789] Test passed.\n[2024-02-14 15:24:52.312806] Running Score: 20/25\n\n[2024-02-14 15:24:52.312839] Evaluating partind1.spl with the submitted solution.\n[2024-02-14 15:24:52.758230] Results do not match. Expected Success(0), but got Compiler Failure(114).\n[2024-02-14 15:24:52.758279] Output (stdout + stderr) of 'java -jar /home/solution/java/target/spl.jar /home/tests/partind1.spl /home/temp/partind1.spl.s' (Limited to 50 lines/10000 characters):\nAn error occurred at Line 32, Column 8:\nArgument type mismatch in call of procedure 'p'. Argument 1 is expected to have type 'array [7] of int', but has type 'int'.\n[2024-02-14 15:24:52.758316] Test not passed.\n[2024-02-14 15:24:52.758332] Running Score: 20/26\n\n[2024-02-14 15:24:52.758355] Evaluating partind2.spl with the submitted solution.\n[2024-02-14 15:24:53.194462] Results do not match. Expected Success(0), but got Compiler Failure(114).\n[2024-02-14 15:24:53.194508] Output (stdout + stderr) of 'java -jar /home/solution/java/target/spl.jar /home/tests/partind2.spl /home/temp/partind2.spl.s' (Limited to 50 lines/10000 characters):\nAn error occurred at Line 43, Column 8:\nArgument type mismatch in call of procedure 'p'. Argument 1 is expected to have type 'array [5] of array [7] of int', but has type 'int'.\n[2024-02-14 15:24:53.194546] Test not passed.\n[2024-02-14 15:24:53.194562] Running Score: 20/27\n\n[2024-02-14 15:24:53.194589] Evaluating swap.spl with the submitted solution.\n[2024-02-14 15:24:54.558536] Test subject results match (Success).\n[2024-02-14 15:24:54.565938] Outputs match.\n[2024-02-14 15:24:54.565977] Test passed.\n[2024-02-14 15:24:54.565993] Running Score: 21/28\n\n[2024-02-14 15:24:54.566178] Evaluating test1.spl with the submitted solution.\n[2024-02-14 15:24:55.914470] Test subject results match (Success).\n[2024-02-14 15:24:55.919025] Outputs match.\n[2024-02-14 15:24:55.919227] Test passed.\n[2024-02-14 15:24:55.919456] Running Score: 22/29\n\n[2024-02-14 15:24:55.919735] Evaluating test2.spl with the submitted solution.\n[2024-02-14 15:24:57.222717] Test subject results match (Success).\n[2024-02-14 15:24:57.225419] Outputs match.\n[2024-02-14 15:24:57.225627] Test passed.\n[2024-02-14 15:24:57.225862] Running Score: 23/30\n\n[2024-02-14 15:24:57.226211] Evaluating test3.spl with the submitted solution.\n[2024-02-14 15:24:58.630611] Test subject results match (Success).\n[2024-02-14 15:24:58.634136] Outputs differ. 'diff'-log (Expected output first, Limited to 50 lines/10000 characters):\n4d3\n< 1\n6d4\n< 3\n8d5\n< 5\n10d6\n< 7\n12a9,12\n> 7\n> 5\n> 3\n> 1\n[2024-02-14 15:24:58.636457] Test not passed.\n[2024-02-14 15:24:58.636630] Running Score: 23/31\n\n[2024-02-14 15:24:58.636685] Evaluating test4.spl with the submitted solution.\n[2024-02-14 15:24:59.998647] Test subject results match (Success).\n[2024-02-14 15:25:00.000948] Outputs match.\n[2024-02-14 15:25:00.003119] Test passed.\n[2024-02-14 15:25:00.003150] Running Score: 24/32\n\n[2024-02-14 15:25:00.003179] Evaluating test5.spl with the submitted solution.\n[2024-02-14 15:25:01.384523] Test subject results match (Success).\n[2024-02-14 15:25:01.387932] Outputs match.\n[2024-02-14 15:25:01.388156] Test passed.\n[2024-02-14 15:25:01.388342] Running Score: 25/33\n\n[2024-02-14 15:25:01.388575] Evaluating test7.spl with the submitted solution.\n[2024-02-14 15:25:02.743998] Test subject results match (Success).\n[2024-02-14 15:25:02.748368] Outputs match.\n[2024-02-14 15:25:02.748398] Test passed.\n[2024-02-14 15:25:02.748415] Running Score: 26/34\n\n[2024-02-14 15:25:02.748439] Evaluating test8.spl with the submitted solution.\n[2024-02-14 15:25:04.139800] Test subject results match (Success).\n[2024-02-14 15:25:04.145271] Outputs match.\n[2024-02-14 15:25:04.145464] Test passed.\n[2024-02-14 15:25:04.145653] Running Score: 27/35\n\n[2024-02-14 15:25:04.145839] Evaluating test9.spl with the submitted solution.\n[2024-02-14 15:25:05.469766] Test subject results match (Success).\n[2024-02-14 15:25:05.472591] Outputs match.\n[2024-02-14 15:25:05.472802] Test passed.\n[2024-02-14 15:25:05.473017] Running Score: 28/36\n\n[2024-02-14 15:25:05.473195] Evaluating threedim.spl with the submitted solution.\n[2024-02-14 15:25:06.829858] Test subject results match (Success).\n[2024-02-14 15:25:06.833050] Outputs differ. 'diff'-log (Expected output first, Limited to 50 lines/10000 characters):\n3,33c3\n< 10000\n< 00000\n< 00000\n< 00000\n< 00000\n< \n< 00000\n< 01000\n< 00000\n< 00000\n< 00000\n< \n< 00000\n< 00000\n< 00100\n< 00000\n< 00000\n< \n< 00000\n< 00000\n< 00000\n< 00010\n< 00000\n< \n< 00000\n< 00000\n< 00000\n< 00000\n< 00001\n< \n< SPL/RTS: main() finished\n---\n> SPL/RTS: TLB miss exception\n[2024-02-14 15:25:06.833258] Test not passed.\n[2024-02-14 15:25:06.833274] Running Score: 28/37\n\n[2024-02-14 15:25:06.833511] Evaluating twodim.spl with the submitted solution.\n[2024-02-14 15:25:08.210593] Test subject results match (Success).\n[2024-02-14 15:25:08.215219] Outputs match.\n[2024-02-14 15:25:08.215264] Test passed.\n[2024-02-14 15:25:08.215282] Running Score: 29/38\n\n[2024-02-14 15:25:08.215327] Final score: 29/38 (76%). \n[2024-02-14 15:25:08.215527] 80% are needed to pass.\n[2024-02-14 15:25:18.437668] You have NOT PASSED this assignment.\n[2024-02-14 15:25:18.437989] You can try again. Deadline: 16.02.2024 23:59\n",
        "max_score": 38,
        "passed": false,
        "score": 29
    },
    "id": "fda8c83b-00a7-4d28-9a21-cb37eadc64cc",
    "timestamp_ns": 1707920661727668004,
    "upload_log": "[2024-02-14 15:24:21.537000] Received submission fda8c83b-00a7-4d28-9a21-cb37eadc64cc\n[2024-02-14 15:24:21.537775] Ip: 10.196.117.75\n[2024-02-14 15:24:21.538012] Team members: [('Andryani', 'Linda Septira', '5345375'), ('Kirana', 'Yohanes Ranandika', '5310931')]\n[2024-02-14 15:24:21.727885] Your submission was ACCEPTED for course 'Compilerbau-ws23', assignment 'Aufgabe-2'.\n[2024-02-14 15:24:21.728244] Your submission has the id fda8c83b-00a7-4d28-9a21-cb37eadc64cc.\n[2024-02-14 15:24:21.728750] It will be evaluated shortly. Please check back soon for your results.\n\n"
}
