{
    "authors": [
        {
            "first_name": "Linda Septira",
            "last_name": "Andryani",
            "matriculation_number": "5345375"
        },
        {
            "first_name": "Yohanes Ranandika",
            "last_name": "Kirana",
            "matriculation_number": "5310931"
        }
    ],
    "evaluation_result": {
        "comment": null,
        "fixed": false,
        "log": "[2024-02-14 14:55:15.236713] Start of evaluation log for submission 'fc43deb7-d98b-4cd1-884c-b98b77342750'.\n[2024-02-14 14:55:15.237021] Team member: ('Andryani', 'Linda Septira', '5345375')\n[2024-02-14 14:55:15.237210] Team member: ('Kirana', 'Yohanes Ranandika', '5310931')\n[2024-02-14 14:55:15.256119] Preparing the sandbox\n[2024-02-14 14:55:16.082107] Unpacking submission in sandbox\n[2024-02-14 14:55:16.546042] Building the test subject\n[2024-02-14 14:55:16.546335] Identified the Java variant.\n[2024-02-14 14:55:16.696512] Building Java solution with maven.\n[2024-02-14 14:55:28.767639] Maven log:\n[INFO] Scanning for projects...\n[INFO] \n[INFO] --------------< de.thm.mni.compilerbau.spl-reference:spl >--------------\n[INFO] Building spl 0.1\n[INFO] --------------------------------[ jar ]---------------------------------\n[INFO] \n[INFO] --- jflex-maven-plugin:1.7.0:generate (default) @ spl ---\n[INFO]   generated /home/solution/java/target/generated-sources/jflex/de/thm/mni/compilerbau/phases/_01_scanner/Scanner.java\n[INFO] \n[INFO] --- cup-maven-plugin:11b-20160615:generate (default) @ spl ---\nWarning : Non terminal \"EmptyStmt\" was declared but never used\nWarning : *** Shift/Reduce conflict found in state #94\n  between IfStmt ::= IF LPAREN Expr RPAREN Statement (*) \n  and     IfStmt ::= IF LPAREN Expr RPAREN Statement (*) ELSE Statement \n  under symbol ELSE\n  Resolved in favor of shifting.\n\n[INFO]   generated /home/solution/java/target/generated-sources/cup/de/thm/mni/compilerbau/phases/_02_03_parser/Parser.java\n[INFO]   generated /home/solution/java/target/generated-sources/cup/de/thm/mni/compilerbau/phases/_02_03_parser/Sym.java\n[INFO] \n[INFO] --- maven-resources-plugin:2.6:resources (default-resources) @ spl ---\n[INFO] Using 'UTF-8' encoding to copy filtered resources.\n[INFO] skip non existing resourceDirectory /home/solution/java/src/main/resources\n[INFO] \n[INFO] --- maven-compiler-plugin:3.10.1:compile (default-compile) @ spl ---\n[INFO] Changes detected - recompiling the module!\n[INFO] Compiling 57 source files to /home/solution/java/target/classes\n[INFO] /home/solution/java/target/generated-sources/jflex/de/thm/mni/compilerbau/phases/_01_scanner/Scanner.java: /home/solution/java/target/generated-sources/jflex/de/thm/mni/compilerbau/phases/_01_scanner/Scanner.java uses or overrides a deprecated API that is marked for removal.\n[INFO] /home/solution/java/target/generated-sources/jflex/de/thm/mni/compilerbau/phases/_01_scanner/Scanner.java: Recompile with -Xlint:removal for details.\n[INFO] /home/solution/java/target/generated-sources/cup/de/thm/mni/compilerbau/phases/_02_03_parser/Parser.java: /home/solution/java/target/generated-sources/cup/de/thm/mni/compilerbau/phases/_02_03_parser/Parser.java uses unchecked or unsafe operations.\n[INFO] /home/solution/java/target/generated-sources/cup/de/thm/mni/compilerbau/phases/_02_03_parser/Parser.java: Recompile with -Xlint:unchecked for details.\n[INFO] \n[INFO] --- maven-resources-plugin:2.6:testResources (default-testResources) @ spl ---\n[INFO] Using 'UTF-8' encoding to copy filtered resources.\n[INFO] skip non existing resourceDirectory /home/solution/java/src/test/resources\n[INFO] \n[INFO] --- maven-compiler-plugin:3.10.1:testCompile (default-testCompile) @ spl ---\n[INFO] No sources to compile\n[INFO] \n[INFO] --- maven-surefire-plugin:2.12.4:test (default-test) @ spl ---\n[INFO] No tests to run.\n[INFO] \n[INFO] --- maven-jar-plugin:2.4:jar (default-jar) @ spl ---\n[INFO] Building jar: /home/solution/java/target/spl.jar\n[INFO] \n[INFO] --- maven-shade-plugin:3.1.0:shade (default) @ spl ---\n[INFO] Including com.github.vbmacher:java-cup-runtime:jar:11b-20160615 in the shaded jar.\n[INFO] Replacing original artifact with shaded artifact.\n[INFO] Replacing /home/solution/java/target/spl.jar with /home/solution/java/target/spl-0.1-shaded.jar\n[INFO] Dependency-reduced POM written at: /home/solution/java/dependency-reduced-pom.xml\n[INFO] ------------------------------------------------------------------------\n[INFO] BUILD SUCCESS\n[INFO] ------------------------------------------------------------------------\n[INFO] Total time:  9.243 s\n[INFO] Finished at: 2024-02-14T13:55:28Z\n[INFO] ------------------------------------------------------------------------\n[2024-02-14 14:55:28.920570] Beginning evaluation.\n[2024-02-14 14:55:28.920780] Evaluating 101_undefined_procedure.spl with the submitted solution.\n[2024-02-14 14:55:29.349909] Test subject results match (Compiler Failure).\n[2024-02-14 14:55:29.349952] Exit code matches the expected exit code (101).\n[2024-02-14 14:55:29.349976] Test passed.\n[2024-02-14 14:55:29.349991] Running Score: 1/1\n\n[2024-02-14 14:55:29.350014] Evaluating 101_undefined_type.spl with the submitted solution.\n[2024-02-14 14:55:29.781028] Test subject results match (Compiler Failure).\n[2024-02-14 14:55:29.781066] Exit code matches the expected exit code (101).\n[2024-02-14 14:55:29.781088] Test passed.\n[2024-02-14 14:55:29.781103] Running Score: 2/2\n\n[2024-02-14 14:55:29.781126] Evaluating 101_undefined_variable.spl with the submitted solution.\n[2024-02-14 14:55:30.200513] Test subject results match (Compiler Failure).\n[2024-02-14 14:55:30.200549] Exit code matches the expected exit code (101).\n[2024-02-14 14:55:30.200571] Test passed.\n[2024-02-14 14:55:30.200587] Running Score: 3/3\n\n[2024-02-14 14:55:30.200612] Evaluating 102_not_a_type.spl with the submitted solution.\n[2024-02-14 14:55:30.601317] Test subject results match (Compiler Failure).\n[2024-02-14 14:55:30.601352] Exit codes do not match. Expected '102', but got '101'.\n[2024-02-14 14:55:30.601396] Output (stdout + stderr) of 'java -jar /home/solution/java/target/spl.jar /home/tests/102_not_a_type.spl /home/temp/102_not_a_type.spl.s' (Limited to 50 lines/10000 characters):\nAn error occurred at Line 2, Column 10:\nIdentifier 'A' is not defined.\n[2024-02-14 14:55:30.601431] Test not passed.\n[2024-02-14 14:55:30.601445] Running Score: 3/4\n\n[2024-02-14 14:55:30.601468] Evaluating 103_redefinition_as_parameter.spl with the submitted solution.\n[2024-02-14 14:55:31.034500] Test subject results match (Compiler Failure).\n[2024-02-14 14:55:31.034538] Exit code matches the expected exit code (103).\n[2024-02-14 14:55:31.034561] Test passed.\n[2024-02-14 14:55:31.034683] Running Score: 4/5\n\n[2024-02-14 14:55:31.034726] Evaluating 103_redefinition_as_procedure.spl with the submitted solution.\n[2024-02-14 14:55:31.616778] Toolchain resulted in 'Assembler Failure', which is not supposed to happen for working solutions. The associated log is listed below.\n[2024-02-14 14:55:31.616826] Output (stdout + stderr) of '/home/tools/as -o /home/temp/103_redefinition_as_procedure.spl.o /home/temp/103_redefinition_as_procedure.spl.s' (Limited to 50 lines/10000 characters):\nError: exported symbol 'f' multiply defined in line 27\n[2024-02-14 14:55:31.616853] Test not passed.\n[2024-02-14 14:55:31.616869] Running Score: 4/6\n\n[2024-02-14 14:55:31.616893] Evaluating 103_redefinition_as_type.spl with the submitted solution.\n[2024-02-14 14:55:33.339714] Results do not match. Expected Compiler Failure(103), but got Success(0).\n[2024-02-14 14:55:33.339774] Output (stdout) of 'xvfb-run -a /home/tools/sim -x -l /home/temp/103_redefinition_as_type.spl.bin -s 1 -t 0' (Limited to 50 lines/10000 characters):\nSPL/RTS: main() started\n\nSPL/RTS: main() finished\n[2024-02-14 14:55:33.339816] Test not passed.\n[2024-02-14 14:55:33.339832] Running Score: 4/7\n\n[2024-02-14 14:55:33.339858] Evaluating 103_redefinition_as_variable.spl with the submitted solution.\n[2024-02-14 14:55:33.742901] Test subject results match (Compiler Failure).\n[2024-02-14 14:55:33.742935] Exit code matches the expected exit code (103).\n[2024-02-14 14:55:33.742957] Test passed.\n[2024-02-14 14:55:33.742976] Running Score: 5/8\n\n[2024-02-14 14:55:33.743009] Evaluating 104_must_be_reference_parameter.spl with the submitted solution.\n[2024-02-14 14:55:34.168664] Test subject results match (Compiler Failure).\n[2024-02-14 14:55:34.168699] Exit code matches the expected exit code (104).\n[2024-02-14 14:55:34.168723] Test passed.\n[2024-02-14 14:55:34.168738] Running Score: 6/9\n\n[2024-02-14 14:55:34.168763] Evaluating 113_call_of_non_procedure.spl with the submitted solution.\n[2024-02-14 14:55:34.592152] Test subject results match (Compiler Failure).\n[2024-02-14 14:55:34.592188] Exit code matches the expected exit code (113).\n[2024-02-14 14:55:34.592212] Test passed.\n[2024-02-14 14:55:34.592227] Running Score: 7/10\n\n[2024-02-14 14:55:34.592251] Evaluating 114_argument_type_mismatch.spl with the submitted solution.\n[2024-02-14 14:55:35.032634] Test subject results match (Compiler Failure).\n[2024-02-14 14:55:35.032671] Exit code matches the expected exit code (114).\n[2024-02-14 14:55:35.032693] Test passed.\n[2024-02-14 14:55:35.032708] Running Score: 8/11\n\n[2024-02-14 14:55:35.032731] Evaluating 115_argument_must_be_variable.spl with the submitted solution.\n[2024-02-14 14:55:35.448748] Test subject results match (Compiler Failure).\n[2024-02-14 14:55:35.448785] Exit code matches the expected exit code (115).\n[2024-02-14 14:55:35.448808] Test passed.\n[2024-02-14 14:55:35.448823] Running Score: 9/12\n\n[2024-02-14 14:55:35.448846] Evaluating 116_procedure_too_few_arguments.spl with the submitted solution.\n[2024-02-14 14:55:35.875303] Test subject results match (Compiler Failure).\n[2024-02-14 14:55:35.875338] Exit code matches the expected exit code (116).\n[2024-02-14 14:55:35.875361] Test passed.\n[2024-02-14 14:55:35.875377] Running Score: 10/13\n\n[2024-02-14 14:55:35.875402] Evaluating 116_procedure_too_many_arguments.spl with the submitted solution.\n[2024-02-14 14:55:36.307421] Test subject results match (Compiler Failure).\n[2024-02-14 14:55:36.307459] Exit code matches the expected exit code (116).\n[2024-02-14 14:55:36.307483] Test passed.\n[2024-02-14 14:55:36.307503] Running Score: 11/14\n\n[2024-02-14 14:55:36.307526] Evaluating 122_not_a_variable.spl with the submitted solution.\n[2024-02-14 14:55:36.687416] Submission exited with exit code 1, which is not allowed. Allowed: [0, 99, 140, 100, 101, 102, 103, 104, 105, 106, 107, 108, 109, 110, 111, 112, 113, 114, 115, 116, 117, 118, 119, 120, 121, 122, 123, 124, 125, 126, 127]\n[2024-02-14 14:55:36.687469] Output (stdout + stderr) of 'java -jar /home/solution/java/target/spl.jar /home/tests/122_not_a_variable.spl /home/temp/122_not_a_variable.spl.s' (Limited to 50 lines/10000 characters):\nAn error occurred: class de.thm.mni.compilerbau.table.ProcedureEntry cannot be cast to class de.thm.mni.compilerbau.table.VariableEntry (de.thm.mni.compilerbau.table.ProcedureEntry and de.thm.mni.compilerbau.table.VariableEntry are in unnamed module of loader 'app')\njava.lang.ClassCastException: class de.thm.mni.compilerbau.table.ProcedureEntry cannot be cast to class de.thm.mni.compilerbau.table.VariableEntry (de.thm.mni.compilerbau.table.ProcedureEntry and de.thm.mni.compilerbau.table.VariableEntry are in unnamed module of loader 'app')\n\tat de.thm.mni.compilerbau.phases._04b_semant.ProcedureBodyChecker.checkStatement(ProcedureBodyChecker.java:108)\n\tat de.thm.mni.compilerbau.phases._04b_semant.ProcedureBodyChecker.checkStatement(ProcedureBodyChecker.java:78)\n\tat de.thm.mni.compilerbau.phases._04b_semant.ProcedureBodyChecker.checkProcedures(ProcedureBodyChecker.java:64)\n\tat de.thm.mni.compilerbau.Main.main(Main.java:85)\n[2024-02-14 14:55:36.687543] Test not passed.\n[2024-02-14 14:55:36.687558] Running Score: 11/15\n\n[2024-02-14 14:55:36.687582] Evaluating 123_indexing_non_array.spl with the submitted solution.\n[2024-02-14 14:55:37.149640] Submission exited with exit code 1, which is not allowed. Allowed: [0, 99, 140, 100, 101, 102, 103, 104, 105, 106, 107, 108, 109, 110, 111, 112, 113, 114, 115, 116, 117, 118, 119, 120, 121, 122, 123, 124, 125, 126, 127]\n[2024-02-14 14:55:37.149692] Output (stdout + stderr) of 'java -jar /home/solution/java/target/spl.jar /home/tests/123_indexing_non_array.spl /home/temp/123_indexing_non_array.spl.s' (Limited to 50 lines/10000 characters):\nAn error occurred: class de.thm.mni.compilerbau.types.PrimitiveType cannot be cast to class de.thm.mni.compilerbau.types.ArrayType (de.thm.mni.compilerbau.types.PrimitiveType and de.thm.mni.compilerbau.types.ArrayType are in unnamed module of loader 'app')\njava.lang.ClassCastException: class de.thm.mni.compilerbau.types.PrimitiveType cannot be cast to class de.thm.mni.compilerbau.types.ArrayType (de.thm.mni.compilerbau.types.PrimitiveType and de.thm.mni.compilerbau.types.ArrayType are in unnamed module of loader 'app')\n\tat de.thm.mni.compilerbau.phases._06_codegen.CodeGenerator.genStatement(CodeGenerator.java:114)\n\tat de.thm.mni.compilerbau.phases._06_codegen.CodeGenerator.generateCode(CodeGenerator.java:59)\n\tat de.thm.mni.compilerbau.Main.main(Main.java:95)\n[2024-02-14 14:55:37.149757] Test not passed.\n[2024-02-14 14:55:37.149773] Running Score: 11/16\n\n[2024-02-14 14:55:37.149798] Evaluating 124_indexing_with_non_integer.spl with the submitted solution.\n[2024-02-14 14:55:38.563393] Results do not match. Expected Compiler Failure(124), but got Success(0).\n[2024-02-14 14:55:38.563683] Output (stdout) of 'xvfb-run -a /home/tools/sim -x -l /home/temp/124_indexing_with_non_integer.spl.bin -s 1 -t 0' (Limited to 50 lines/10000 characters):\nSPL/RTS: main() started\n\nSPL/RTS: index out of bounds\n[2024-02-14 14:55:38.564304] Test not passed.\n[2024-02-14 14:55:38.564490] Running Score: 11/17\n\n[2024-02-14 14:55:38.564709] Evaluating 126_main_not_a_procedure.spl with the submitted solution.\n[2024-02-14 14:55:38.922797] Test subject results match (Compiler Failure).\n[2024-02-14 14:55:38.922836] Exit code matches the expected exit code (126).\n[2024-02-14 14:55:38.922860] Test passed.\n[2024-02-14 14:55:38.922875] Running Score: 12/18\n\n[2024-02-14 14:55:38.922900] Evaluating 127_main_must_not_have_parameters.spl with the submitted solution.\n[2024-02-14 14:55:39.288854] Test subject results match (Compiler Failure).\n[2024-02-14 14:55:39.288893] Exit code matches the expected exit code (127).\n[2024-02-14 14:55:39.288915] Test passed.\n[2024-02-14 14:55:39.288929] Running Score: 13/19\n\n[2024-02-14 14:55:39.288952] Evaluating acker.spl with the submitted solution.\n[2024-02-14 14:55:40.968154] Test subject results match (Success).\n[2024-02-14 14:55:40.972182] Outputs match.\n[2024-02-14 14:55:40.972382] Test passed.\n[2024-02-14 14:55:40.972604] Running Score: 14/20\n\n[2024-02-14 14:55:40.972904] Evaluating bigtest.spl with the submitted solution.\n[2024-02-14 14:55:41.806852] Submission exited with exit code 1, which is not allowed. Allowed: [0, 99, 140, 100, 101, 102, 103, 104, 105, 106, 107, 108, 109, 110, 111, 112, 113, 114, 115, 116, 117, 118, 119, 120, 121, 122, 123, 124, 125, 126, 127]\n[2024-02-14 14:55:41.807088] Output (stdout + stderr) of 'java -jar /home/solution/java/target/spl.jar /home/tests/bigtest.spl /home/temp/bigtest.spl.s' (Limited to 50 lines/10000 characters):\nException in thread \"main\" java.lang.StackOverflowError\n\tat de.thm.mni.compilerbau.phases._06_codegen.CodeGenerator.genStatement(CodeGenerator.java:82)\n\tat de.thm.mni.compilerbau.phases._06_codegen.CodeGenerator.genStatement(CodeGenerator.java:185)\n\tat de.thm.mni.compilerbau.phases._06_codegen.CodeGenerator.genStatement(CodeGenerator.java:185)\n\tat de.thm.mni.compilerbau.phases._06_codegen.CodeGenerator.genStatement(CodeGenerator.java:185)\n\tat de.thm.mni.compilerbau.phases._06_codegen.CodeGenerator.genStatement(CodeGenerator.java:185)\n\tat de.thm.mni.compilerbau.phases._06_codegen.CodeGenerator.genStatement(CodeGenerator.java:185)\n\tat de.thm.mni.compilerbau.phases._06_codegen.CodeGenerator.genStatement(CodeGenerator.java:185)\n\tat de.thm.mni.compilerbau.phases._06_codegen.CodeGenerator.genStatement(CodeGenerator.java:185)\n\tat de.thm.mni.compilerbau.phases._06_codegen.CodeGenerator.genStatement(CodeGenerator.java:185)\n\tat de.thm.mni.compilerbau.phases._06_codegen.CodeGenerator.genStatement(CodeGenerator.java:185)\n\tat de.thm.mni.compilerbau.phases._06_codegen.CodeGenerator.genStatement(CodeGenerator.java:185)\n\tat de.thm.mni.compilerbau.phases._06_codegen.CodeGenerator.genStatement(CodeGenerator.java:185)\n\tat de.thm.mni.compilerbau.phases._06_codegen.CodeGenerator.genStatement(CodeGenerator.java:185)\n\tat de.thm.mni.compilerbau.phases._06_codegen.CodeGenerator.genStatement(CodeGenerator.java:185)\n\tat de.thm.mni.compilerbau.phases._06_codegen.CodeGenerator.genStatement(CodeGenerator.java:185)\n\tat de.thm.mni.compilerbau.phases._06_codegen.CodeGenerator.genStatement(CodeGenerator.java:185)\n\tat de.thm.mni.compilerbau.phases._06_codegen.CodeGenerator.genStatement(CodeGenerator.java:185)\n\tat de.thm.mni.compilerbau.phases._06_codegen.CodeGenerator.genStatement(CodeGenerator.java:185)\n\tat de.thm.mni.compilerbau.phases._06_codegen.CodeGenerator.genStatement(CodeGenerator.java:185)\n\tat de.thm.mni.compilerbau.phases._06_codegen.CodeGenerator.genStatement(CodeGenerator.java:185)\n\tat de.thm.mni.compilerbau.phases._06_codegen.CodeGenerator.genStatement(CodeGenerator.java:185)\n\tat de.thm.mni.compilerbau.phases._06_codegen.CodeGenerator.genStatement(CodeGenerator.java:185)\n\tat de.thm.mni.compilerbau.phases._06_codegen.CodeGenerator.genStatement(CodeGenerator.java:185)\n\tat de.thm.mni.compilerbau.phases._06_codegen.CodeGenerator.genStatement(CodeGenerator.java:185)\n\tat de.thm.mni.compilerbau.phases._06_codegen.CodeGenerator.genStatement(CodeGenerator.java:185)\n\tat de.thm.mni.compilerbau.phases._06_codegen.CodeGenerator.genStatement(CodeGenerator.java:185)\n\tat de.thm.mni.compilerbau.phases._06_codegen.CodeGenerator.genStatement(CodeGenerator.java:185)\n\tat de.thm.mni.compilerbau.phases._06_codegen.CodeGenerator.genStatement(CodeGenerator.java:185)\n\tat de.thm.mni.compilerbau.phases._06_codegen.CodeGenerator.genStatement(CodeGenerator.java:185)\n\tat de.thm.mni.compilerbau.phases._06_codegen.CodeGenerator.genStatement(CodeGenerator.java:185)\n\tat de.thm.mni.compilerbau.phases._06_codegen.CodeGenerator.genStatement(CodeGenerator.java:185)\n\tat de.thm.mni.compilerbau.phases._06_codegen.CodeGenerator.genStatement(CodeGenerator.java:185)\n\tat de.thm.mni.compilerbau.phases._06_codegen.CodeGenerator.genStatement(CodeGenerator.java:185)\n\tat de.thm.mni.compilerbau.phases._06_codegen.CodeGenerator.genStatement(CodeGenerator.java:185)\n\tat de.thm.mni.compilerbau.phases._06_codegen.CodeGenerator.genStatement(CodeGenerator.java:185)\n\tat de.thm.mni.compilerbau.phases._06_codegen.CodeGenerator.genStatement(CodeGenerator.java:185)\n\tat de.thm.mni.compilerbau.phases._06_codegen.CodeGenerator.genStatement(CodeGenerator.java:185)\n\tat de.thm.mni.compilerbau.phases._06_codegen.CodeGenerator.genStatement(CodeGenerator.java:185)\n\tat de.thm.mni.compilerbau.phases._06_codegen.CodeGenerator.genStatement(CodeGenerator.java:185)\n\tat de.thm.mni.compilerbau.phases._06_codegen.CodeGenerator.genStatement(CodeGenerator.java:185)\n\tat de.thm.mni.compilerbau.phases._06_codegen.CodeGenerator.genStatement(CodeGenerator.java:185)\n\tat de.thm.mni.compilerbau.phases._06_codegen.CodeGenerator.genStatement(CodeGenerator.java:185)\n\tat de.thm.mni.compilerbau.phases._06_codegen.CodeGenerator.genStatement(CodeGenerator.java:185)\n\tat de.thm.mni.compilerbau.phases._06_codegen.CodeGenerator.genStatement(CodeGenerator.java:185)\n\tat de.thm.mni.compilerbau.phases._06_codegen.CodeGenerator.genStatement(CodeGenerator.java:185)\n\tat de.thm.mni.compilerbau.phases._06_codegen.CodeGenerator.genStatement(CodeGenerator.java:185)\n\tat de.thm.mni.compilerbau.phases._06_codegen.CodeGenerator.genStatement(CodeGenerator.java:185)\n\tat de.thm.mni.compilerbau.phases._06_codegen.CodeGenerator.genStatement(CodeGenerator.java:185)\n\tat de.thm.mni.compilerbau.phases._06_codegen.CodeGenerator.genStatement(CodeGenerator.java:185)\n[2024-02-14 14:55:41.807509] Test not passed.\n[2024-02-14 14:55:41.807525] Running Score: 14/21\n\n[2024-02-14 14:55:41.807549] Evaluating bits.spl with the submitted solution.\n[2024-02-14 14:55:43.186154] Test subject results match (Success).\n[2024-02-14 14:55:43.188807] Outputs match.\n[2024-02-14 14:55:43.189010] Test passed.\n[2024-02-14 14:55:43.189205] Running Score: 15/22\n\n[2024-02-14 14:55:43.189397] Evaluating gcd.spl with the submitted solution.\n[2024-02-14 14:55:44.567048] Test subject results match (Success).\n[2024-02-14 14:55:44.570107] Outputs match.\n[2024-02-14 14:55:44.570458] Test passed.\n[2024-02-14 14:55:44.570668] Running Score: 16/23\n\n[2024-02-14 14:55:44.571054] Evaluating inttest.spl with the submitted solution.\n[2024-02-14 14:55:45.928609] Test subject results match (Success).\n[2024-02-14 14:55:45.934127] Outputs match.\n[2024-02-14 14:55:45.934333] Test passed.\n[2024-02-14 14:55:45.934543] Running Score: 17/24\n\n[2024-02-14 14:55:45.934830] Evaluating multiply.spl with the submitted solution.\n[2024-02-14 14:55:47.374124] Test subject results match (Success).\n[2024-02-14 14:55:47.376986] Outputs match.\n[2024-02-14 14:55:47.377023] Test passed.\n[2024-02-14 14:55:47.377049] Running Score: 18/25\n\n[2024-02-14 14:55:47.377091] Evaluating partind1.spl with the submitted solution.\n[2024-02-14 14:55:47.814483] Results do not match. Expected Success(0), but got Compiler Failure(114).\n[2024-02-14 14:55:47.814535] Output (stdout + stderr) of 'java -jar /home/solution/java/target/spl.jar /home/tests/partind1.spl /home/temp/partind1.spl.s' (Limited to 50 lines/10000 characters):\nAn error occurred at Line 32, Column 8:\nArgument type mismatch in call of procedure 'p'. Argument 1 is expected to have type 'array [7] of int', but has type 'int'.\n[2024-02-14 14:55:47.814572] Test not passed.\n[2024-02-14 14:55:47.814587] Running Score: 18/26\n\n[2024-02-14 14:55:47.814610] Evaluating partind2.spl with the submitted solution.\n[2024-02-14 14:55:48.252693] Results do not match. Expected Success(0), but got Compiler Failure(114).\n[2024-02-14 14:55:48.252740] Output (stdout + stderr) of 'java -jar /home/solution/java/target/spl.jar /home/tests/partind2.spl /home/temp/partind2.spl.s' (Limited to 50 lines/10000 characters):\nAn error occurred at Line 43, Column 8:\nArgument type mismatch in call of procedure 'p'. Argument 1 is expected to have type 'array [5] of array [7] of int', but has type 'int'.\n[2024-02-14 14:55:48.252776] Test not passed.\n[2024-02-14 14:55:48.252791] Running Score: 18/27\n\n[2024-02-14 14:55:48.252816] Evaluating swap.spl with the submitted solution.\n[2024-02-14 14:55:49.690922] Test subject results match (Success).\n[2024-02-14 14:55:49.693728] Outputs match.\n[2024-02-14 14:55:49.694022] Test passed.\n[2024-02-14 14:55:49.694238] Running Score: 19/28\n\n[2024-02-14 14:55:49.694566] Evaluating test1.spl with the submitted solution.\n[2024-02-14 14:55:51.045037] Test subject results match (Success).\n[2024-02-14 14:55:51.050248] Outputs match.\n[2024-02-14 14:55:51.050507] Test passed.\n[2024-02-14 14:55:51.050718] Running Score: 20/29\n\n[2024-02-14 14:55:51.050998] Evaluating test2.spl with the submitted solution.\n[2024-02-14 14:55:52.412996] Test subject results match (Success).\n[2024-02-14 14:55:52.416795] Outputs match.\n[2024-02-14 14:55:52.416833] Test passed.\n[2024-02-14 14:55:52.416849] Running Score: 21/30\n\n[2024-02-14 14:55:52.416873] Evaluating test3.spl with the submitted solution.\n[2024-02-14 14:55:53.815583] Test subject results match (Success).\n[2024-02-14 14:55:53.819246] Outputs differ. 'diff'-log (Expected output first, Limited to 50 lines/10000 characters):\n4d3\n< 1\n6d4\n< 3\n8d5\n< 5\n10d6\n< 7\n12a9,12\n> 7\n> 5\n> 3\n> 1\n[2024-02-14 14:55:53.823502] Test not passed.\n[2024-02-14 14:55:53.823706] Running Score: 21/31\n\n[2024-02-14 14:55:53.823977] Evaluating test4.spl with the submitted solution.\n[2024-02-14 14:55:55.230291] Test subject results match (Success).\n[2024-02-14 14:55:55.233836] Outputs match.\n[2024-02-14 14:55:55.234152] Test passed.\n[2024-02-14 14:55:55.234338] Running Score: 22/32\n\n[2024-02-14 14:55:55.234702] Evaluating test5.spl with the submitted solution.\n[2024-02-14 14:55:56.586460] Test subject results match (Success).\n[2024-02-14 14:55:56.591762] Outputs match.\n[2024-02-14 14:55:56.591804] Test passed.\n[2024-02-14 14:55:56.591820] Running Score: 23/33\n\n[2024-02-14 14:55:56.591844] Evaluating test7.spl with the submitted solution.\n[2024-02-14 14:55:57.956819] Test subject results match (Success).\n[2024-02-14 14:55:57.962607] Outputs match.\n[2024-02-14 14:55:57.962643] Test passed.\n[2024-02-14 14:55:57.962660] Running Score: 24/34\n\n[2024-02-14 14:55:57.962686] Evaluating test8.spl with the submitted solution.\n[2024-02-14 14:55:59.269663] Test subject results match (Success).\n[2024-02-14 14:55:59.273064] Outputs match.\n[2024-02-14 14:55:59.273279] Test passed.\n[2024-02-14 14:55:59.273487] Running Score: 25/35\n\n[2024-02-14 14:55:59.273669] Evaluating test9.spl with the submitted solution.\n[2024-02-14 14:56:00.606032] Test subject results match (Success).\n[2024-02-14 14:56:00.608085] Outputs match.\n[2024-02-14 14:56:00.608123] Test passed.\n[2024-02-14 14:56:00.608143] Running Score: 26/36\n\n[2024-02-14 14:56:00.608167] Evaluating threedim.spl with the submitted solution.\n[2024-02-14 14:56:01.977730] Test subject results match (Success).\n[2024-02-14 14:56:01.984171] Outputs differ. 'diff'-log (Expected output first, Limited to 50 lines/10000 characters):\n3,33c3\n< 10000\n< 00000\n< 00000\n< 00000\n< 00000\n< \n< 00000\n< 01000\n< 00000\n< 00000\n< 00000\n< \n< 00000\n< 00000\n< 00100\n< 00000\n< 00000\n< \n< 00000\n< 00000\n< 00000\n< 00010\n< 00000\n< \n< 00000\n< 00000\n< 00000\n< 00000\n< 00001\n< \n< SPL/RTS: main() finished\n---\n> SPL/RTS: TLB miss exception\n[2024-02-14 14:56:01.984443] Test not passed.\n[2024-02-14 14:56:01.984469] Running Score: 26/37\n\n[2024-02-14 14:56:01.984508] Evaluating twodim.spl with the submitted solution.\n[2024-02-14 14:56:03.367164] Test subject results match (Success).\n[2024-02-14 14:56:03.369769] Outputs match.\n[2024-02-14 14:56:03.370086] Test passed.\n[2024-02-14 14:56:03.370299] Running Score: 27/38\n\n[2024-02-14 14:56:03.370675] Final score: 27/38 (71%). \n[2024-02-14 14:56:03.371131] 80% are needed to pass.\n[2024-02-14 14:56:13.609681] You have NOT PASSED this assignment.\n[2024-02-14 14:56:13.610026] You can try again. Deadline: 16.02.2024 23:59\n",
        "max_score": 38,
        "passed": false,
        "score": 27
    },
    "id": "fc43deb7-d98b-4cd1-884c-b98b77342750",
    "timestamp_ns": 1707918915234662401,
    "upload_log": "[2024-02-14 14:55:14.983658] Received submission fc43deb7-d98b-4cd1-884c-b98b77342750\n[2024-02-14 14:55:14.984417] Ip: 10.196.117.75\n[2024-02-14 14:55:14.984646] Team members: [('Andryani', 'Linda Septira', '5345375'), ('Kirana', 'Yohanes Ranandika', '5310931')]\n[2024-02-14 14:55:15.234875] Your submission was ACCEPTED for course 'Compilerbau-ws23', assignment 'Aufgabe-2'.\n[2024-02-14 14:55:15.235200] Your submission has the id fc43deb7-d98b-4cd1-884c-b98b77342750.\n[2024-02-14 14:55:15.235699] It will be evaluated shortly. Please check back soon for your results.\n\n"
}
