{
    "authors": [
        {
            "first_name": "Linda Septira",
            "last_name": "Andryani",
            "matriculation_number": "5345375"
        },
        {
            "first_name": "Yohanes Ranandika",
            "last_name": "Kirana",
            "matriculation_number": "5310931"
        }
    ],
    "evaluation_result": {
        "comment": null,
        "fixed": false,
        "log": "[2024-02-14 02:23:49.353201] Start of evaluation log for submission 'c3d8e568-edf4-41b5-b333-ae09005db717'.\n[2024-02-14 02:23:49.353549] Team member: ('Andryani', 'Linda Septira', '5345375')\n[2024-02-14 02:23:49.353750] Team member: ('Kirana', 'Yohanes Ranandika', '5310931')\n[2024-02-14 02:23:49.371497] Preparing the sandbox\n[2024-02-14 02:23:50.072533] Unpacking submission in sandbox\n[2024-02-14 02:23:50.516907] Building the test subject\n[2024-02-14 02:23:50.517184] Identified the Java variant.\n[2024-02-14 02:23:50.653069] Building Java solution with maven.\n[2024-02-14 02:23:57.009624] Maven log:\n[INFO] Scanning for projects...\n[INFO] \n[INFO] --------------< de.thm.mni.compilerbau.spl-reference:spl >--------------\n[INFO] Building spl 0.1\n[INFO] --------------------------------[ jar ]---------------------------------\n[INFO] \n[INFO] --- jflex-maven-plugin:1.7.0:generate (default) @ spl ---\n[INFO]   generated /home/solution/java/target/generated-sources/jflex/de/thm/mni/compilerbau/phases/_01_scanner/Scanner.java\n[INFO] \n[INFO] --- cup-maven-plugin:11b-20160615:generate (default) @ spl ---\nWarning : Non terminal \"EmptyStmt\" was declared but never used\nWarning : *** Shift/Reduce conflict found in state #94\n  between IfStmt ::= IF LPAREN Expr RPAREN Statement (*) \n  and     IfStmt ::= IF LPAREN Expr RPAREN Statement (*) ELSE Statement \n  under symbol ELSE\n  Resolved in favor of shifting.\n\n[INFO]   generated /home/solution/java/target/generated-sources/cup/de/thm/mni/compilerbau/phases/_02_03_parser/Parser.java\n[INFO]   generated /home/solution/java/target/generated-sources/cup/de/thm/mni/compilerbau/phases/_02_03_parser/Sym.java\n[INFO] \n[INFO] --- maven-resources-plugin:2.6:resources (default-resources) @ spl ---\n[INFO] Using 'UTF-8' encoding to copy filtered resources.\n[INFO] skip non existing resourceDirectory /home/solution/java/src/main/resources\n[INFO] \n[INFO] --- maven-compiler-plugin:3.10.1:compile (default-compile) @ spl ---\n[INFO] Changes detected - recompiling the module!\n[INFO] Compiling 57 source files to /home/solution/java/target/classes\n[INFO] -------------------------------------------------------------\n[ERROR] COMPILATION ERROR : \n[INFO] -------------------------------------------------------------\n[ERROR] /home/solution/java/src/main/java/de/thm/mni/compilerbau/phases/_06_codegen/CodeGenerator.java:[143,34] ';' expected\n[ERROR] /home/solution/java/src/main/java/de/thm/mni/compilerbau/phases/_06_codegen/CodeGenerator.java:[143,51] not a statement\n[ERROR] /home/solution/java/src/main/java/de/thm/mni/compilerbau/phases/_06_codegen/CodeGenerator.java:[143,60] ';' expected\n[ERROR] /home/solution/java/src/main/java/de/thm/mni/compilerbau/phases/_06_codegen/CodeGenerator.java:[143,62] not a statement\n[ERROR] /home/solution/java/src/main/java/de/thm/mni/compilerbau/phases/_06_codegen/CodeGenerator.java:[143,70] ';' expected\n[INFO] 5 errors \n[INFO] -------------------------------------------------------------\n[INFO] ------------------------------------------------------------------------\n[INFO] BUILD FAILURE\n[INFO] ------------------------------------------------------------------------\n[INFO] Total time:  3.665 s\n[INFO] Finished at: 2024-02-14T01:23:56Z\n[INFO] ------------------------------------------------------------------------\n[ERROR] Failed to execute goal org.apache.maven.plugins:maven-compiler-plugin:3.10.1:compile (default-compile) on project spl: Compilation failure: Compilation failure: \n[ERROR] /home/solution/java/src/main/java/de/thm/mni/compilerbau/phases/_06_codegen/CodeGenerator.java:[143,34] ';' expected\n[ERROR] /home/solution/java/src/main/java/de/thm/mni/compilerbau/phases/_06_codegen/CodeGenerator.java:[143,51] not a statement\n[ERROR] /home/solution/java/src/main/java/de/thm/mni/compilerbau/phases/_06_codegen/CodeGenerator.java:[143,60] ';' expected\n[ERROR] /home/solution/java/src/main/java/de/thm/mni/compilerbau/phases/_06_codegen/CodeGenerator.java:[143,62] not a statement\n[ERROR] /home/solution/java/src/main/java/de/thm/mni/compilerbau/phases/_06_codegen/CodeGenerator.java:[143,70] ';' expected\n[ERROR] -> [Help 1]\n[ERROR] \n[ERROR] To see the full stack trace of the errors, re-run Maven with the -e switch.\n[ERROR] Re-run Maven using the -X switch to enable full debug logging.\n[ERROR] \n[ERROR] For more information about the errors and possible solutions, please read the following articles:\n[ERROR] [Help 1] http://cwiki.apache.org/confluence/display/MAVEN/MojoFailureException\n[2024-02-14 02:23:57.009964] Error: 'mvn -B -Djar.finalName=spl -Dstyle.color=never package' failed (Exit code 1)!'\n[2024-02-14 02:23:57.009981] Error: Building the solution failed.\n[2024-02-14 02:23:57.010028] Building the test subject failed.\n[2024-02-14 02:24:07.255693] You have NOT PASSED this assignment.\n[2024-02-14 02:24:07.255972] You can try again. Deadline: 16.02.2024 23:59\n",
        "max_score": 0,
        "passed": false,
        "score": 0
    },
    "id": "c3d8e568-edf4-41b5-b333-ae09005db717",
    "timestamp_ns": 1707873829351152264,
    "upload_log": "[2024-02-14 02:23:49.170787] Received submission c3d8e568-edf4-41b5-b333-ae09005db717\n[2024-02-14 02:23:49.171294] Ip: 10.196.116.88\n[2024-02-14 02:23:49.171562] Team members: [('Andryani', 'Linda Septira', '5345375'), ('Kirana', 'Yohanes Ranandika', '5310931')]\n[2024-02-14 02:23:49.351347] Your submission was ACCEPTED for course 'Compilerbau-ws23', assignment 'Aufgabe-2'.\n[2024-02-14 02:23:49.351702] Your submission has the id c3d8e568-edf4-41b5-b333-ae09005db717.\n[2024-02-14 02:23:49.352184] It will be evaluated shortly. Please check back soon for your results.\n\n"
}
