{
    "authors": [
        {
            "first_name": "Linda Septira",
            "last_name": "Andryani",
            "matriculation_number": "5345375"
        },
        {
            "first_name": "Yohanes Ranandika",
            "last_name": "Kirana",
            "matriculation_number": "5310931"
        }
    ],
    "evaluation_result": {
        "comment": null,
        "fixed": false,
        "log": "[2024-02-14 02:21:43.090987] Start of evaluation log for submission 'f5b34b25-0d7e-4334-bc68-86d1861104a4'.\n[2024-02-14 02:21:43.091301] Team member: ('Andryani', 'Linda Septira', '5345375')\n[2024-02-14 02:21:43.091486] Team member: ('Kirana', 'Yohanes Ranandika', '5310931')\n[2024-02-14 02:21:43.111411] Preparing the sandbox\n[2024-02-14 02:21:43.859935] Unpacking submission in sandbox\n[2024-02-14 02:21:44.286096] Building the test subject\n[2024-02-14 02:21:44.286368] Identified the Java variant.\n[2024-02-14 02:21:44.424395] Building Java solution with maven.\n[2024-02-14 02:21:55.324479] Maven log:\n[INFO] Scanning for projects...\n[INFO] \n[INFO] --------------< de.thm.mni.compilerbau.spl-reference:spl >--------------\n[INFO] Building spl 0.1\n[INFO] --------------------------------[ jar ]---------------------------------\n[INFO] \n[INFO] --- jflex-maven-plugin:1.7.0:generate (default) @ spl ---\n[INFO]   generated /home/solution/java/target/generated-sources/jflex/de/thm/mni/compilerbau/phases/_01_scanner/Scanner.java\n[INFO] \n[INFO] --- cup-maven-plugin:11b-20160615:generate (default) @ spl ---\nWarning : Non terminal \"EmptyStmt\" was declared but never used\nWarning : *** Shift/Reduce conflict found in state #94\n  between IfStmt ::= IF LPAREN Expr RPAREN Statement (*) \n  and     IfStmt ::= IF LPAREN Expr RPAREN Statement (*) ELSE Statement \n  under symbol ELSE\n  Resolved in favor of shifting.\n\n[INFO]   generated /home/solution/java/target/generated-sources/cup/de/thm/mni/compilerbau/phases/_02_03_parser/Parser.java\n[INFO]   generated /home/solution/java/target/generated-sources/cup/de/thm/mni/compilerbau/phases/_02_03_parser/Sym.java\n[INFO] \n[INFO] --- maven-resources-plugin:2.6:resources (default-resources) @ spl ---\n[INFO] Using 'UTF-8' encoding to copy filtered resources.\n[INFO] skip non existing resourceDirectory /home/solution/java/src/main/resources\n[INFO] \n[INFO] --- maven-compiler-plugin:3.10.1:compile (default-compile) @ spl ---\n[INFO] Changes detected - recompiling the module!\n[INFO] Compiling 57 source files to /home/solution/java/target/classes\n[INFO] /home/solution/java/target/generated-sources/jflex/de/thm/mni/compilerbau/phases/_01_scanner/Scanner.java: /home/solution/java/target/generated-sources/jflex/de/thm/mni/compilerbau/phases/_01_scanner/Scanner.java uses or overrides a deprecated API that is marked for removal.\n[INFO] /home/solution/java/target/generated-sources/jflex/de/thm/mni/compilerbau/phases/_01_scanner/Scanner.java: Recompile with -Xlint:removal for details.\n[INFO] /home/solution/java/target/generated-sources/cup/de/thm/mni/compilerbau/phases/_02_03_parser/Parser.java: /home/solution/java/target/generated-sources/cup/de/thm/mni/compilerbau/phases/_02_03_parser/Parser.java uses unchecked or unsafe operations.\n[INFO] /home/solution/java/target/generated-sources/cup/de/thm/mni/compilerbau/phases/_02_03_parser/Parser.java: Recompile with -Xlint:unchecked for details.\n[INFO] \n[INFO] --- maven-resources-plugin:2.6:testResources (default-testResources) @ spl ---\n[INFO] Using 'UTF-8' encoding to copy filtered resources.\n[INFO] skip non existing resourceDirectory /home/solution/java/src/test/resources\n[INFO] \n[INFO] --- maven-compiler-plugin:3.10.1:testCompile (default-testCompile) @ spl ---\n[INFO] No sources to compile\n[INFO] \n[INFO] --- maven-surefire-plugin:2.12.4:test (default-test) @ spl ---\n[INFO] No tests to run.\n[INFO] \n[INFO] --- maven-jar-plugin:2.4:jar (default-jar) @ spl ---\n[INFO] Building jar: /home/solution/java/target/spl.jar\n[INFO] \n[INFO] --- maven-shade-plugin:3.1.0:shade (default) @ spl ---\n[INFO] Including com.github.vbmacher:java-cup-runtime:jar:11b-20160615 in the shaded jar.\n[INFO] Replacing original artifact with shaded artifact.\n[INFO] Replacing /home/solution/java/target/spl.jar with /home/solution/java/target/spl-0.1-shaded.jar\n[INFO] Dependency-reduced POM written at: /home/solution/java/dependency-reduced-pom.xml\n[INFO] ------------------------------------------------------------------------\n[INFO] BUILD SUCCESS\n[INFO] ------------------------------------------------------------------------\n[INFO] Total time:  8.271 s\n[INFO] Finished at: 2024-02-14T01:21:55Z\n[INFO] ------------------------------------------------------------------------\n[2024-02-14 02:21:55.461374] Beginning evaluation.\n[2024-02-14 02:21:55.461563] Evaluating 101_undefined_procedure.spl with the submitted solution.\n[2024-02-14 02:21:55.801864] Submission exited with exit code 1, which is not allowed. Allowed: [0, 99, 140, 100, 101, 102, 103, 104, 105, 106, 107, 108, 109, 110, 111, 112, 113, 114, 115, 116, 117, 118, 119, 120, 121, 122, 123, 124, 125, 126, 127]\n[2024-02-14 02:21:55.801950] Output (stdout + stderr) of 'java -jar /home/solution/java/target/spl.jar /home/tests/101_undefined_procedure.spl /home/temp/101_undefined_procedure.spl.s' (Limited to 50 lines/10000 characters):\nAn error occurred: Cannot read field \"parameterTypes\" because \"global\" is null\njava.lang.NullPointerException: Cannot read field \"parameterTypes\" because \"global\" is null\n\tat de.thm.mni.compilerbau.phases._04b_semant.ProcedureBodyChecker.checkStatement(ProcedureBodyChecker.java:191)\n\tat de.thm.mni.compilerbau.phases._04b_semant.ProcedureBodyChecker.checkStatement(ProcedureBodyChecker.java:81)\n\tat de.thm.mni.compilerbau.phases._04b_semant.ProcedureBodyChecker.checkProcedures(ProcedureBodyChecker.java:64)\n\tat de.thm.mni.compilerbau.Main.main(Main.java:85)\n[2024-02-14 02:21:55.802027] Test not passed.\n[2024-02-14 02:21:55.802041] Running Score: 0/1\n\n[2024-02-14 02:21:55.802064] Evaluating 101_undefined_type.spl with the submitted solution.\n[2024-02-14 02:21:56.191021] Test subject results match (Compiler Failure).\n[2024-02-14 02:21:56.191057] Exit code matches the expected exit code (101).\n[2024-02-14 02:21:56.191080] Test passed.\n[2024-02-14 02:21:56.191094] Running Score: 1/2\n\n[2024-02-14 02:21:56.191117] Evaluating 101_undefined_variable.spl with the submitted solution.\n[2024-02-14 02:21:56.587167] Test subject results match (Compiler Failure).\n[2024-02-14 02:21:56.587204] Exit code matches the expected exit code (101).\n[2024-02-14 02:21:56.587226] Test passed.\n[2024-02-14 02:21:56.587241] Running Score: 2/3\n\n[2024-02-14 02:21:56.587263] Evaluating 102_not_a_type.spl with the submitted solution.\n[2024-02-14 02:21:56.952333] Test subject results match (Compiler Failure).\n[2024-02-14 02:21:56.952364] Exit codes do not match. Expected '102', but got '101'.\n[2024-02-14 02:21:56.952395] Output (stdout + stderr) of 'java -jar /home/solution/java/target/spl.jar /home/tests/102_not_a_type.spl /home/temp/102_not_a_type.spl.s' (Limited to 50 lines/10000 characters):\nAn error occurred at Line 2, Column 10:\nIdentifier 'A' is not defined.\n[2024-02-14 02:21:56.952428] Test not passed.\n[2024-02-14 02:21:56.952442] Running Score: 2/4\n\n[2024-02-14 02:21:56.952463] Evaluating 103_redefinition_as_parameter.spl with the submitted solution.\n[2024-02-14 02:21:58.715031] Results do not match. Expected Compiler Failure(103), but got Success(0).\n[2024-02-14 02:21:58.715100] Output (stdout) of 'xvfb-run -a /home/tools/sim -x -l /home/temp/103_redefinition_as_parameter.spl.bin -s 1 -t 0' (Limited to 50 lines/10000 characters):\nSPL/RTS: main() started\n\nSPL/RTS: main() finished\n[2024-02-14 02:21:58.715143] Test not passed.\n[2024-02-14 02:21:58.715158] Running Score: 2/5\n\n[2024-02-14 02:21:58.715263] Evaluating 103_redefinition_as_procedure.spl with the submitted solution.\n[2024-02-14 02:21:59.279457] Toolchain resulted in 'Assembler Failure', which is not supposed to happen for working solutions. The associated log is listed below.\n[2024-02-14 02:21:59.279503] Output (stdout + stderr) of '/home/tools/as -o /home/temp/103_redefinition_as_procedure.spl.o /home/temp/103_redefinition_as_procedure.spl.s' (Limited to 50 lines/10000 characters):\nError: exported symbol 'f' multiply defined in line 27\n[2024-02-14 02:21:59.279530] Test not passed.\n[2024-02-14 02:21:59.279544] Running Score: 2/6\n\n[2024-02-14 02:21:59.279566] Evaluating 103_redefinition_as_type.spl with the submitted solution.\n[2024-02-14 02:22:00.549015] Results do not match. Expected Compiler Failure(103), but got Success(0).\n[2024-02-14 02:22:00.549304] Output (stdout) of 'xvfb-run -a /home/tools/sim -x -l /home/temp/103_redefinition_as_type.spl.bin -s 1 -t 0' (Limited to 50 lines/10000 characters):\nSPL/RTS: main() started\n\nSPL/RTS: main() finished\n[2024-02-14 02:22:00.550102] Test not passed.\n[2024-02-14 02:22:00.550300] Running Score: 2/7\n\n[2024-02-14 02:22:00.550475] Evaluating 103_redefinition_as_variable.spl with the submitted solution.\n[2024-02-14 02:22:00.951519] Test subject results match (Compiler Failure).\n[2024-02-14 02:22:00.951555] Exit code matches the expected exit code (103).\n[2024-02-14 02:22:00.951578] Test passed.\n[2024-02-14 02:22:00.951594] Running Score: 3/8\n\n[2024-02-14 02:22:00.951618] Evaluating 104_must_be_reference_parameter.spl with the submitted solution.\n[2024-02-14 02:22:01.336593] Test subject results match (Compiler Failure).\n[2024-02-14 02:22:01.336627] Exit code matches the expected exit code (104).\n[2024-02-14 02:22:01.336649] Test passed.\n[2024-02-14 02:22:01.336663] Running Score: 4/9\n\n[2024-02-14 02:22:01.336686] Evaluating 113_call_of_non_procedure.spl with the submitted solution.\n[2024-02-14 02:22:01.683860] Submission exited with exit code 1, which is not allowed. Allowed: [0, 99, 140, 100, 101, 102, 103, 104, 105, 106, 107, 108, 109, 110, 111, 112, 113, 114, 115, 116, 117, 118, 119, 120, 121, 122, 123, 124, 125, 126, 127]\n[2024-02-14 02:22:01.683908] Output (stdout + stderr) of 'java -jar /home/solution/java/target/spl.jar /home/tests/113_call_of_non_procedure.spl /home/temp/113_call_of_non_procedure.spl.s' (Limited to 50 lines/10000 characters):\nAn error occurred: class de.thm.mni.compilerbau.table.TypeEntry cannot be cast to class de.thm.mni.compilerbau.table.ProcedureEntry (de.thm.mni.compilerbau.table.TypeEntry and de.thm.mni.compilerbau.table.ProcedureEntry are in unnamed module of loader 'app')\njava.lang.ClassCastException: class de.thm.mni.compilerbau.table.TypeEntry cannot be cast to class de.thm.mni.compilerbau.table.ProcedureEntry (de.thm.mni.compilerbau.table.TypeEntry and de.thm.mni.compilerbau.table.ProcedureEntry are in unnamed module of loader 'app')\n\tat de.thm.mni.compilerbau.phases._04b_semant.ProcedureBodyChecker.checkStatement(ProcedureBodyChecker.java:191)\n\tat de.thm.mni.compilerbau.phases._04b_semant.ProcedureBodyChecker.checkStatement(ProcedureBodyChecker.java:81)\n\tat de.thm.mni.compilerbau.phases._04b_semant.ProcedureBodyChecker.checkProcedures(ProcedureBodyChecker.java:64)\n\tat de.thm.mni.compilerbau.Main.main(Main.java:85)\n[2024-02-14 02:22:01.683980] Test not passed.\n[2024-02-14 02:22:01.683996] Running Score: 4/10\n\n[2024-02-14 02:22:01.684020] Evaluating 114_argument_type_mismatch.spl with the submitted solution.\n[2024-02-14 02:22:02.068686] Test subject results match (Compiler Failure).\n[2024-02-14 02:22:02.068721] Exit code matches the expected exit code (114).\n[2024-02-14 02:22:02.068744] Test passed.\n[2024-02-14 02:22:02.068760] Running Score: 5/11\n\n[2024-02-14 02:22:02.068785] Evaluating 115_argument_must_be_variable.spl with the submitted solution.\n[2024-02-14 02:22:02.479886] Test subject results match (Compiler Failure).\n[2024-02-14 02:22:02.479924] Exit code matches the expected exit code (115).\n[2024-02-14 02:22:02.479948] Test passed.\n[2024-02-14 02:22:02.479963] Running Score: 6/12\n\n[2024-02-14 02:22:02.479986] Evaluating 116_procedure_too_few_arguments.spl with the submitted solution.\n[2024-02-14 02:22:02.937920] Test subject results match (Compiler Failure).\n[2024-02-14 02:22:02.937954] Exit code matches the expected exit code (116).\n[2024-02-14 02:22:02.937978] Test passed.\n[2024-02-14 02:22:02.937994] Running Score: 7/13\n\n[2024-02-14 02:22:02.938019] Evaluating 116_procedure_too_many_arguments.spl with the submitted solution.\n[2024-02-14 02:22:03.338463] Test subject results match (Compiler Failure).\n[2024-02-14 02:22:03.338499] Exit code matches the expected exit code (116).\n[2024-02-14 02:22:03.338522] Test passed.\n[2024-02-14 02:22:03.338539] Running Score: 8/14\n\n[2024-02-14 02:22:03.338563] Evaluating 122_not_a_variable.spl with the submitted solution.\n[2024-02-14 02:22:03.698862] Submission exited with exit code 1, which is not allowed. Allowed: [0, 99, 140, 100, 101, 102, 103, 104, 105, 106, 107, 108, 109, 110, 111, 112, 113, 114, 115, 116, 117, 118, 119, 120, 121, 122, 123, 124, 125, 126, 127]\n[2024-02-14 02:22:03.698911] Output (stdout + stderr) of 'java -jar /home/solution/java/target/spl.jar /home/tests/122_not_a_variable.spl /home/temp/122_not_a_variable.spl.s' (Limited to 50 lines/10000 characters):\nAn error occurred: class de.thm.mni.compilerbau.table.ProcedureEntry cannot be cast to class de.thm.mni.compilerbau.table.VariableEntry (de.thm.mni.compilerbau.table.ProcedureEntry and de.thm.mni.compilerbau.table.VariableEntry are in unnamed module of loader 'app')\njava.lang.ClassCastException: class de.thm.mni.compilerbau.table.ProcedureEntry cannot be cast to class de.thm.mni.compilerbau.table.VariableEntry (de.thm.mni.compilerbau.table.ProcedureEntry and de.thm.mni.compilerbau.table.VariableEntry are in unnamed module of loader 'app')\n\tat de.thm.mni.compilerbau.phases._04b_semant.ProcedureBodyChecker.checkStatement(ProcedureBodyChecker.java:108)\n\tat de.thm.mni.compilerbau.phases._04b_semant.ProcedureBodyChecker.checkStatement(ProcedureBodyChecker.java:78)\n\tat de.thm.mni.compilerbau.phases._04b_semant.ProcedureBodyChecker.checkProcedures(ProcedureBodyChecker.java:64)\n\tat de.thm.mni.compilerbau.Main.main(Main.java:85)\n[2024-02-14 02:22:03.698996] Test not passed.\n[2024-02-14 02:22:03.699012] Running Score: 8/15\n\n[2024-02-14 02:22:03.699038] Evaluating 123_indexing_non_array.spl with the submitted solution.\n[2024-02-14 02:22:04.132593] Submission exited with exit code 1, which is not allowed. Allowed: [0, 99, 140, 100, 101, 102, 103, 104, 105, 106, 107, 108, 109, 110, 111, 112, 113, 114, 115, 116, 117, 118, 119, 120, 121, 122, 123, 124, 125, 126, 127]\n[2024-02-14 02:22:04.132640] Output (stdout + stderr) of 'java -jar /home/solution/java/target/spl.jar /home/tests/123_indexing_non_array.spl /home/temp/123_indexing_non_array.spl.s' (Limited to 50 lines/10000 characters):\nAn error occurred: class de.thm.mni.compilerbau.types.PrimitiveType cannot be cast to class de.thm.mni.compilerbau.types.ArrayType (de.thm.mni.compilerbau.types.PrimitiveType and de.thm.mni.compilerbau.types.ArrayType are in unnamed module of loader 'app')\njava.lang.ClassCastException: class de.thm.mni.compilerbau.types.PrimitiveType cannot be cast to class de.thm.mni.compilerbau.types.ArrayType (de.thm.mni.compilerbau.types.PrimitiveType and de.thm.mni.compilerbau.types.ArrayType are in unnamed module of loader 'app')\n\tat de.thm.mni.compilerbau.phases._06_codegen.CodeGenerator.genStatement(CodeGenerator.java:114)\n\tat de.thm.mni.compilerbau.phases._06_codegen.CodeGenerator.generateCode(CodeGenerator.java:59)\n\tat de.thm.mni.compilerbau.Main.main(Main.java:95)\n[2024-02-14 02:22:04.132705] Test not passed.\n[2024-02-14 02:22:04.132720] Running Score: 8/16\n\n[2024-02-14 02:22:04.132744] Evaluating 124_indexing_with_non_integer.spl with the submitted solution.\n[2024-02-14 02:22:05.422649] Results do not match. Expected Compiler Failure(124), but got Success(0).\n[2024-02-14 02:22:05.422697] Output (stdout) of 'xvfb-run -a /home/tools/sim -x -l /home/temp/124_indexing_with_non_integer.spl.bin -s 1 -t 0' (Limited to 50 lines/10000 characters):\nSPL/RTS: main() started\n\nSPL/RTS: index out of bounds\n[2024-02-14 02:22:05.422736] Test not passed.\n[2024-02-14 02:22:05.422750] Running Score: 8/17\n\n[2024-02-14 02:22:05.422774] Evaluating 126_main_not_a_procedure.spl with the submitted solution.\n[2024-02-14 02:22:05.766392] Test subject results match (Compiler Failure).\n[2024-02-14 02:22:05.766425] Exit code matches the expected exit code (126).\n[2024-02-14 02:22:05.766447] Test passed.\n[2024-02-14 02:22:05.766461] Running Score: 9/18\n\n[2024-02-14 02:22:05.766484] Evaluating 127_main_must_not_have_parameters.spl with the submitted solution.\n[2024-02-14 02:22:06.107866] Test subject results match (Compiler Failure).\n[2024-02-14 02:22:06.107899] Exit code matches the expected exit code (127).\n[2024-02-14 02:22:06.107922] Test passed.\n[2024-02-14 02:22:06.107937] Running Score: 10/19\n\n[2024-02-14 02:22:06.107961] Evaluating acker.spl with the submitted solution.\n[2024-02-14 02:22:07.732149] Test subject results match (Success).\n[2024-02-14 02:22:07.736323] Outputs match.\n[2024-02-14 02:22:07.736515] Test passed.\n[2024-02-14 02:22:07.736697] Running Score: 11/20\n\n[2024-02-14 02:22:07.736963] Evaluating bigtest.spl with the submitted solution.\n[2024-02-14 02:22:08.536148] Submission exited with exit code 1, which is not allowed. Allowed: [0, 99, 140, 100, 101, 102, 103, 104, 105, 106, 107, 108, 109, 110, 111, 112, 113, 114, 115, 116, 117, 118, 119, 120, 121, 122, 123, 124, 125, 126, 127]\n[2024-02-14 02:22:08.536418] Output (stdout + stderr) of 'java -jar /home/solution/java/target/spl.jar /home/tests/bigtest.spl /home/temp/bigtest.spl.s' (Limited to 50 lines/10000 characters):\nException in thread \"main\" java.lang.StackOverflowError\n\tat de.thm.mni.compilerbau.phases._06_codegen.CodeGenerator.genStatement(CodeGenerator.java:82)\n\tat de.thm.mni.compilerbau.phases._06_codegen.CodeGenerator.genStatement(CodeGenerator.java:185)\n\tat de.thm.mni.compilerbau.phases._06_codegen.CodeGenerator.genStatement(CodeGenerator.java:185)\n\tat de.thm.mni.compilerbau.phases._06_codegen.CodeGenerator.genStatement(CodeGenerator.java:185)\n\tat de.thm.mni.compilerbau.phases._06_codegen.CodeGenerator.genStatement(CodeGenerator.java:185)\n\tat de.thm.mni.compilerbau.phases._06_codegen.CodeGenerator.genStatement(CodeGenerator.java:185)\n\tat de.thm.mni.compilerbau.phases._06_codegen.CodeGenerator.genStatement(CodeGenerator.java:185)\n\tat de.thm.mni.compilerbau.phases._06_codegen.CodeGenerator.genStatement(CodeGenerator.java:185)\n\tat de.thm.mni.compilerbau.phases._06_codegen.CodeGenerator.genStatement(CodeGenerator.java:185)\n\tat de.thm.mni.compilerbau.phases._06_codegen.CodeGenerator.genStatement(CodeGenerator.java:185)\n\tat de.thm.mni.compilerbau.phases._06_codegen.CodeGenerator.genStatement(CodeGenerator.java:185)\n\tat de.thm.mni.compilerbau.phases._06_codegen.CodeGenerator.genStatement(CodeGenerator.java:185)\n\tat de.thm.mni.compilerbau.phases._06_codegen.CodeGenerator.genStatement(CodeGenerator.java:185)\n\tat de.thm.mni.compilerbau.phases._06_codegen.CodeGenerator.genStatement(CodeGenerator.java:185)\n\tat de.thm.mni.compilerbau.phases._06_codegen.CodeGenerator.genStatement(CodeGenerator.java:185)\n\tat de.thm.mni.compilerbau.phases._06_codegen.CodeGenerator.genStatement(CodeGenerator.java:185)\n\tat de.thm.mni.compilerbau.phases._06_codegen.CodeGenerator.genStatement(CodeGenerator.java:185)\n\tat de.thm.mni.compilerbau.phases._06_codegen.CodeGenerator.genStatement(CodeGenerator.java:185)\n\tat de.thm.mni.compilerbau.phases._06_codegen.CodeGenerator.genStatement(CodeGenerator.java:185)\n\tat de.thm.mni.compilerbau.phases._06_codegen.CodeGenerator.genStatement(CodeGenerator.java:185)\n\tat de.thm.mni.compilerbau.phases._06_codegen.CodeGenerator.genStatement(CodeGenerator.java:185)\n\tat de.thm.mni.compilerbau.phases._06_codegen.CodeGenerator.genStatement(CodeGenerator.java:185)\n\tat de.thm.mni.compilerbau.phases._06_codegen.CodeGenerator.genStatement(CodeGenerator.java:185)\n\tat de.thm.mni.compilerbau.phases._06_codegen.CodeGenerator.genStatement(CodeGenerator.java:185)\n\tat de.thm.mni.compilerbau.phases._06_codegen.CodeGenerator.genStatement(CodeGenerator.java:185)\n\tat de.thm.mni.compilerbau.phases._06_codegen.CodeGenerator.genStatement(CodeGenerator.java:185)\n\tat de.thm.mni.compilerbau.phases._06_codegen.CodeGenerator.genStatement(CodeGenerator.java:185)\n\tat de.thm.mni.compilerbau.phases._06_codegen.CodeGenerator.genStatement(CodeGenerator.java:185)\n\tat de.thm.mni.compilerbau.phases._06_codegen.CodeGenerator.genStatement(CodeGenerator.java:185)\n\tat de.thm.mni.compilerbau.phases._06_codegen.CodeGenerator.genStatement(CodeGenerator.java:185)\n\tat de.thm.mni.compilerbau.phases._06_codegen.CodeGenerator.genStatement(CodeGenerator.java:185)\n\tat de.thm.mni.compilerbau.phases._06_codegen.CodeGenerator.genStatement(CodeGenerator.java:185)\n\tat de.thm.mni.compilerbau.phases._06_codegen.CodeGenerator.genStatement(CodeGenerator.java:185)\n\tat de.thm.mni.compilerbau.phases._06_codegen.CodeGenerator.genStatement(CodeGenerator.java:185)\n\tat de.thm.mni.compilerbau.phases._06_codegen.CodeGenerator.genStatement(CodeGenerator.java:185)\n\tat de.thm.mni.compilerbau.phases._06_codegen.CodeGenerator.genStatement(CodeGenerator.java:185)\n\tat de.thm.mni.compilerbau.phases._06_codegen.CodeGenerator.genStatement(CodeGenerator.java:185)\n\tat de.thm.mni.compilerbau.phases._06_codegen.CodeGenerator.genStatement(CodeGenerator.java:185)\n\tat de.thm.mni.compilerbau.phases._06_codegen.CodeGenerator.genStatement(CodeGenerator.java:185)\n\tat de.thm.mni.compilerbau.phases._06_codegen.CodeGenerator.genStatement(CodeGenerator.java:185)\n\tat de.thm.mni.compilerbau.phases._06_codegen.CodeGenerator.genStatement(CodeGenerator.java:185)\n\tat de.thm.mni.compilerbau.phases._06_codegen.CodeGenerator.genStatement(CodeGenerator.java:185)\n\tat de.thm.mni.compilerbau.phases._06_codegen.CodeGenerator.genStatement(CodeGenerator.java:185)\n\tat de.thm.mni.compilerbau.phases._06_codegen.CodeGenerator.genStatement(CodeGenerator.java:185)\n\tat de.thm.mni.compilerbau.phases._06_codegen.CodeGenerator.genStatement(CodeGenerator.java:185)\n\tat de.thm.mni.compilerbau.phases._06_codegen.CodeGenerator.genStatement(CodeGenerator.java:185)\n\tat de.thm.mni.compilerbau.phases._06_codegen.CodeGenerator.genStatement(CodeGenerator.java:185)\n\tat de.thm.mni.compilerbau.phases._06_codegen.CodeGenerator.genStatement(CodeGenerator.java:185)\n\tat de.thm.mni.compilerbau.phases._06_codegen.CodeGenerator.genStatement(CodeGenerator.java:185)\n[2024-02-14 02:22:08.536875] Test not passed.\n[2024-02-14 02:22:08.536897] Running Score: 11/21\n\n[2024-02-14 02:22:08.536922] Evaluating bits.spl with the submitted solution.\n[2024-02-14 02:22:09.856836] Test subject results match (Success).\n[2024-02-14 02:22:09.861068] Outputs match.\n[2024-02-14 02:22:09.861098] Test passed.\n[2024-02-14 02:22:09.861113] Running Score: 12/22\n\n[2024-02-14 02:22:09.861137] Evaluating gcd.spl with the submitted solution.\n[2024-02-14 02:22:11.158445] Test subject results match (Success).\n[2024-02-14 02:22:11.160431] Outputs match.\n[2024-02-14 02:22:11.160465] Test passed.\n[2024-02-14 02:22:11.160481] Running Score: 13/23\n\n[2024-02-14 02:22:11.160506] Evaluating inttest.spl with the submitted solution.\n[2024-02-14 02:22:12.452658] Test subject results match (Success).\n[2024-02-14 02:22:12.455956] Outputs match.\n[2024-02-14 02:22:12.456174] Test passed.\n[2024-02-14 02:22:12.456371] Running Score: 14/24\n\n[2024-02-14 02:22:12.456640] Evaluating multiply.spl with the submitted solution.\n[2024-02-14 02:22:13.920755] Test subject results match (Success).\n[2024-02-14 02:22:13.923347] Outputs match.\n[2024-02-14 02:22:13.923586] Test passed.\n[2024-02-14 02:22:13.923672] Running Score: 15/25\n\n[2024-02-14 02:22:13.923712] Evaluating partind1.spl with the submitted solution.\n[2024-02-14 02:22:14.331965] Results do not match. Expected Success(0), but got Compiler Failure(114).\n[2024-02-14 02:22:14.332013] Output (stdout + stderr) of 'java -jar /home/solution/java/target/spl.jar /home/tests/partind1.spl /home/temp/partind1.spl.s' (Limited to 50 lines/10000 characters):\nAn error occurred at Line 32, Column 8:\nArgument type mismatch in call of procedure 'p'. Argument 1 is expected to have type 'array [7] of int', but has type 'int'.\n[2024-02-14 02:22:14.332049] Test not passed.\n[2024-02-14 02:22:14.332063] Running Score: 15/26\n\n[2024-02-14 02:22:14.332086] Evaluating partind2.spl with the submitted solution.\n[2024-02-14 02:22:14.759369] Results do not match. Expected Success(0), but got Compiler Failure(114).\n[2024-02-14 02:22:14.759421] Output (stdout + stderr) of 'java -jar /home/solution/java/target/spl.jar /home/tests/partind2.spl /home/temp/partind2.spl.s' (Limited to 50 lines/10000 characters):\nAn error occurred at Line 43, Column 8:\nArgument type mismatch in call of procedure 'p'. Argument 1 is expected to have type 'array [5] of array [7] of int', but has type 'int'.\n[2024-02-14 02:22:14.759458] Test not passed.\n[2024-02-14 02:22:14.759473] Running Score: 15/27\n\n[2024-02-14 02:22:14.759498] Evaluating swap.spl with the submitted solution.\n[2024-02-14 02:22:16.048842] Test subject results match (Success).\n[2024-02-14 02:22:16.052284] Outputs match.\n[2024-02-14 02:22:16.052502] Test passed.\n[2024-02-14 02:22:16.052698] Running Score: 16/28\n\n[2024-02-14 02:22:16.052963] Evaluating test1.spl with the submitted solution.\n[2024-02-14 02:22:17.314574] Test subject results match (Success).\n[2024-02-14 02:22:17.317116] Outputs match.\n[2024-02-14 02:22:17.317312] Test passed.\n[2024-02-14 02:22:17.317542] Running Score: 17/29\n\n[2024-02-14 02:22:17.317827] Evaluating test2.spl with the submitted solution.\n[2024-02-14 02:22:18.586610] Test subject results match (Success).\n[2024-02-14 02:22:18.589126] Outputs match.\n[2024-02-14 02:22:18.589321] Test passed.\n[2024-02-14 02:22:18.589546] Running Score: 18/30\n\n[2024-02-14 02:22:18.589826] Evaluating test3.spl with the submitted solution.\n[2024-02-14 02:22:19.925365] Test subject results match (Success).\n[2024-02-14 02:22:19.929153] Outputs differ. 'diff'-log (Expected output first, Limited to 50 lines/10000 characters):\n4d3\n< 1\n6d4\n< 3\n8d5\n< 5\n10d6\n< 7\n12a9,12\n> 7\n> 5\n> 3\n> 1\n[2024-02-14 02:22:19.929252] Test not passed.\n[2024-02-14 02:22:19.929267] Running Score: 18/31\n\n[2024-02-14 02:22:19.929292] Evaluating test4.spl with the submitted solution.\n[2024-02-14 02:22:21.228955] Test subject results match (Success).\n[2024-02-14 02:22:21.231137] Outputs match.\n[2024-02-14 02:22:21.231172] Test passed.\n[2024-02-14 02:22:21.231192] Running Score: 19/32\n\n[2024-02-14 02:22:21.231217] Evaluating test5.spl with the submitted solution.\n[2024-02-14 02:22:22.549626] Test subject results match (Success).\n[2024-02-14 02:22:22.552989] Outputs match.\n[2024-02-14 02:22:22.553211] Test passed.\n[2024-02-14 02:22:22.553445] Running Score: 20/33\n\n[2024-02-14 02:22:22.553731] Evaluating test7.spl with the submitted solution.\n[2024-02-14 02:22:23.835178] Test subject results match (Success).\n[2024-02-14 02:22:23.838386] Outputs match.\n[2024-02-14 02:22:23.838601] Test passed.\n[2024-02-14 02:22:23.838842] Running Score: 21/34\n\n[2024-02-14 02:22:23.839100] Evaluating test8.spl with the submitted solution.\n[2024-02-14 02:22:25.107254] Test subject results match (Success).\n[2024-02-14 02:22:25.110508] Outputs match.\n[2024-02-14 02:22:25.110722] Test passed.\n[2024-02-14 02:22:25.110910] Running Score: 22/35\n\n[2024-02-14 02:22:25.111189] Evaluating test9.spl with the submitted solution.\n[2024-02-14 02:22:26.369091] Test subject results match (Success).\n[2024-02-14 02:22:26.372422] Outputs match.\n[2024-02-14 02:22:26.372453] Test passed.\n[2024-02-14 02:22:26.372470] Running Score: 23/36\n\n[2024-02-14 02:22:26.372495] Evaluating threedim.spl with the submitted solution.\n[2024-02-14 02:22:27.703109] Test subject results match (Success).\n[2024-02-14 02:22:27.705856] Outputs differ. 'diff'-log (Expected output first, Limited to 50 lines/10000 characters):\n3,33c3\n< 10000\n< 00000\n< 00000\n< 00000\n< 00000\n< \n< 00000\n< 01000\n< 00000\n< 00000\n< 00000\n< \n< 00000\n< 00000\n< 00100\n< 00000\n< 00000\n< \n< 00000\n< 00000\n< 00000\n< 00010\n< 00000\n< \n< 00000\n< 00000\n< 00000\n< 00000\n< 00001\n< \n< SPL/RTS: main() finished\n---\n> SPL/RTS: TLB miss exception\n[2024-02-14 02:22:27.708276] Test not passed.\n[2024-02-14 02:22:27.708592] Running Score: 23/37\n\n[2024-02-14 02:22:27.708690] Evaluating twodim.spl with the submitted solution.\n[2024-02-14 02:22:29.034696] Test subject results match (Success).\n[2024-02-14 02:22:29.037223] Outputs match.\n[2024-02-14 02:22:29.037423] Test passed.\n[2024-02-14 02:22:29.037649] Running Score: 24/38\n\n[2024-02-14 02:22:29.038122] Final score: 24/38 (63%). \n[2024-02-14 02:22:29.038551] 80% are needed to pass.\n[2024-02-14 02:22:39.269753] You have NOT PASSED this assignment.\n[2024-02-14 02:22:39.270049] You can try again. Deadline: 16.02.2024 23:59\n",
        "max_score": 38,
        "passed": false,
        "score": 24
    },
    "id": "f5b34b25-0d7e-4334-bc68-86d1861104a4",
    "timestamp_ns": 1707873703088954957,
    "upload_log": "[2024-02-14 02:21:42.895950] Received submission f5b34b25-0d7e-4334-bc68-86d1861104a4\n[2024-02-14 02:21:42.896693] Ip: 10.196.116.88\n[2024-02-14 02:21:42.896980] Team members: [('Andryani', 'Linda Septira', '5345375'), ('Kirana', 'Yohanes Ranandika', '5310931')]\n[2024-02-14 02:21:43.089168] Your submission was ACCEPTED for course 'Compilerbau-ws23', assignment 'Aufgabe-2'.\n[2024-02-14 02:21:43.089469] Your submission has the id f5b34b25-0d7e-4334-bc68-86d1861104a4.\n[2024-02-14 02:21:43.089992] It will be evaluated shortly. Please check back soon for your results.\n\n"
}
