[2024-02-13 05:33:33.197861] Start of evaluation log for submission '7a56e6c5-82e6-4247-87e5-5ec48a7137a4'.
[2024-02-13 05:33:33.198225] Team member: ('Andryani', 'Linda Septira', '5345375')
[2024-02-13 05:33:33.198446] Team member: ('Kirana', 'Yohanes Ranandika', '5310931')
[2024-02-13 05:33:33.219029] Preparing the sandbox
[2024-02-13 05:33:34.193033] Unpacking submission in sandbox
[2024-02-13 05:33:34.661398] Building the test subject
[2024-02-13 05:33:34.661702] Identified the Java variant.
[2024-02-13 05:33:34.806076] Building Java solution with maven.
[2024-02-13 05:33:47.521777] Maven log:
[INFO] Scanning for projects...
[INFO] 
[INFO] --------------< de.thm.mni.compilerbau.spl-reference:spl >--------------
[INFO] Building spl 0.1
[INFO] --------------------------------[ jar ]---------------------------------
[INFO] 
[INFO] --- jflex-maven-plugin:1.7.0:generate (default) @ spl ---
[INFO]   generated /home/solution/java/target/generated-sources/jflex/de/thm/mni/compilerbau/phases/_01_scanner/Scanner.java
[INFO] 
[INFO] --- cup-maven-plugin:11b-20160615:generate (default) @ spl ---
Warning : Non terminal "EmptyStmt" was declared but never used
Warning : *** Shift/Reduce conflict found in state #94
  between IfStmt ::= IF LPAREN Expr RPAREN Statement (*) 
  and     IfStmt ::= IF LPAREN Expr RPAREN Statement (*) ELSE Statement 
  under symbol ELSE
  Resolved in favor of shifting.

[INFO]   generated /home/solution/java/target/generated-sources/cup/de/thm/mni/compilerbau/phases/_02_03_parser/Parser.java
[INFO]   generated /home/solution/java/target/generated-sources/cup/de/thm/mni/compilerbau/phases/_02_03_parser/Sym.java
[INFO] 
[INFO] --- maven-resources-plugin:2.6:resources (default-resources) @ spl ---
[INFO] Using 'UTF-8' encoding to copy filtered resources.
[INFO] skip non existing resourceDirectory /home/solution/java/src/main/resources
[INFO] 
[INFO] --- maven-compiler-plugin:3.10.1:compile (default-compile) @ spl ---
[INFO] Changes detected - recompiling the module!
[INFO] Compiling 57 source files to /home/solution/java/target/classes
[INFO] /home/solution/java/target/generated-sources/jflex/de/thm/mni/compilerbau/phases/_01_scanner/Scanner.java: /home/solution/java/target/generated-sources/jflex/de/thm/mni/compilerbau/phases/_01_scanner/Scanner.java uses or overrides a deprecated API that is marked for removal.
[INFO] /home/solution/java/target/generated-sources/jflex/de/thm/mni/compilerbau/phases/_01_scanner/Scanner.java: Recompile with -Xlint:removal for details.
[INFO] /home/solution/java/target/generated-sources/cup/de/thm/mni/compilerbau/phases/_02_03_parser/Parser.java: /home/solution/java/target/generated-sources/cup/de/thm/mni/compilerbau/phases/_02_03_parser/Parser.java uses unchecked or unsafe operations.
[INFO] /home/solution/java/target/generated-sources/cup/de/thm/mni/compilerbau/phases/_02_03_parser/Parser.java: Recompile with -Xlint:unchecked for details.
[INFO] 
[INFO] --- maven-resources-plugin:2.6:testResources (default-testResources) @ spl ---
[INFO] Using 'UTF-8' encoding to copy filtered resources.
[INFO] skip non existing resourceDirectory /home/solution/java/src/test/resources
[INFO] 
[INFO] --- maven-compiler-plugin:3.10.1:testCompile (default-testCompile) @ spl ---
[INFO] No sources to compile
[INFO] 
[INFO] --- maven-surefire-plugin:2.12.4:test (default-test) @ spl ---
[INFO] No tests to run.
[INFO] 
[INFO] --- maven-jar-plugin:2.4:jar (default-jar) @ spl ---
[INFO] Building jar: /home/solution/java/target/spl.jar
[INFO] 
[INFO] --- maven-shade-plugin:3.1.0:shade (default) @ spl ---
[INFO] Including com.github.vbmacher:java-cup-runtime:jar:11b-20160615 in the shaded jar.
[INFO] Replacing original artifact with shaded artifact.
[INFO] Replacing /home/solution/java/target/spl.jar with /home/solution/java/target/spl-0.1-shaded.jar
[INFO] Dependency-reduced POM written at: /home/solution/java/dependency-reduced-pom.xml
[INFO] ------------------------------------------------------------------------
[INFO] BUILD SUCCESS
[INFO] ------------------------------------------------------------------------
[INFO] Total time:  9.419 s
[INFO] Finished at: 2024-02-13T04:33:47Z
[INFO] ------------------------------------------------------------------------
[2024-02-13 05:33:47.678285] Beginning evaluation.
[2024-02-13 05:33:47.678475] Evaluating 101_undefined_procedure.spl with the submitted solution.
[2024-02-13 05:33:48.077995] Submission exited with exit code 1, which is not allowed. Allowed: [0, 99, 140, 100, 101, 102, 103, 104, 105, 106, 107, 108, 109, 110, 111, 112, 113, 114, 115, 116, 117, 118, 119, 120, 121, 122, 123, 124, 125, 126, 127]
[2024-02-13 05:33:48.078071] Output (stdout + stderr) of 'java -jar /home/solution/java/target/spl.jar /home/tests/101_undefined_procedure.spl /home/temp/101_undefined_procedure.spl.s' (Limited to 50 lines/10000 characters):
An error occurred: Cannot read field "parameterTypes" because "global" is null
java.lang.NullPointerException: Cannot read field "parameterTypes" because "global" is null
	at de.thm.mni.compilerbau.phases._04b_semant.ProcedureBodyChecker.checkStatement(ProcedureBodyChecker.java:191)
	at de.thm.mni.compilerbau.phases._04b_semant.ProcedureBodyChecker.checkStatement(ProcedureBodyChecker.java:81)
	at de.thm.mni.compilerbau.phases._04b_semant.ProcedureBodyChecker.checkProcedures(ProcedureBodyChecker.java:64)
	at de.thm.mni.compilerbau.Main.main(Main.java:85)
[2024-02-13 05:33:48.078164] Test not passed.
[2024-02-13 05:33:48.078191] Running Score: 0/1

[2024-02-13 05:33:48.078228] Evaluating 101_undefined_type.spl with the submitted solution.
[2024-02-13 05:33:48.525047] Test subject results match (Compiler Failure).
[2024-02-13 05:33:48.525098] Exit code matches the expected exit code (101).
[2024-02-13 05:33:48.525129] Test passed.
[2024-02-13 05:33:48.525151] Running Score: 1/2

[2024-02-13 05:33:48.525184] Evaluating 101_undefined_variable.spl with the submitted solution.
[2024-02-13 05:33:48.983466] Test subject results match (Compiler Failure).
[2024-02-13 05:33:48.983506] Exit code matches the expected exit code (101).
[2024-02-13 05:33:48.983531] Test passed.
[2024-02-13 05:33:48.983549] Running Score: 2/3

[2024-02-13 05:33:48.983575] Evaluating 102_not_a_type.spl with the submitted solution.
[2024-02-13 05:33:49.419434] Test subject results match (Compiler Failure).
[2024-02-13 05:33:49.419468] Exit codes do not match. Expected '102', but got '101'.
[2024-02-13 05:33:49.419501] Output (stdout + stderr) of 'java -jar /home/solution/java/target/spl.jar /home/tests/102_not_a_type.spl /home/temp/102_not_a_type.spl.s' (Limited to 50 lines/10000 characters):
An error occurred at Line 2, Column 10:
Identifier 'A' is not defined.
[2024-02-13 05:33:49.419536] Test not passed.
[2024-02-13 05:33:49.419551] Running Score: 2/4

[2024-02-13 05:33:49.419574] Evaluating 103_redefinition_as_parameter.spl with the submitted solution.
[2024-02-13 05:33:51.252875] Results do not match. Expected Compiler Failure(103), but got Success(0).
[2024-02-13 05:33:51.253089] Output (stdout) of 'xvfb-run -a /home/tools/sim -x -l /home/temp/103_redefinition_as_parameter.spl.bin -s 1 -t 0' (Limited to 50 lines/10000 characters):
SPL/RTS: main() started

SPL/RTS: main() finished
[2024-02-13 05:33:51.253140] Test not passed.
[2024-02-13 05:33:51.253157] Running Score: 2/5

[2024-02-13 05:33:51.253181] Evaluating 103_redefinition_as_procedure.spl with the submitted solution.
[2024-02-13 05:33:51.855039] Toolchain resulted in 'Assembler Failure', which is not supposed to happen for working solutions. The associated log is listed below.
[2024-02-13 05:33:51.855093] Output (stdout + stderr) of '/home/tools/as -o /home/temp/103_redefinition_as_procedure.spl.o /home/temp/103_redefinition_as_procedure.spl.s' (Limited to 50 lines/10000 characters):
Error: exported symbol 'f' multiply defined in line 27
[2024-02-13 05:33:51.855120] Test not passed.
[2024-02-13 05:33:51.855136] Running Score: 2/6

[2024-02-13 05:33:51.855158] Evaluating 103_redefinition_as_type.spl with the submitted solution.
[2024-02-13 05:33:53.225616] Results do not match. Expected Compiler Failure(103), but got Success(0).
[2024-02-13 05:33:53.225668] Output (stdout) of 'xvfb-run -a /home/tools/sim -x -l /home/temp/103_redefinition_as_type.spl.bin -s 1 -t 0' (Limited to 50 lines/10000 characters):
SPL/RTS: main() started

SPL/RTS: main() finished
[2024-02-13 05:33:53.225708] Test not passed.
[2024-02-13 05:33:53.225727] Running Score: 2/7

[2024-02-13 05:33:53.225776] Evaluating 103_redefinition_as_variable.spl with the submitted solution.
[2024-02-13 05:33:53.638037] Test subject results match (Compiler Failure).
[2024-02-13 05:33:53.638072] Exit code matches the expected exit code (103).
[2024-02-13 05:33:53.638096] Test passed.
[2024-02-13 05:33:53.638111] Running Score: 3/8

[2024-02-13 05:33:53.638135] Evaluating 104_must_be_reference_parameter.spl with the submitted solution.
[2024-02-13 05:33:54.059539] Test subject results match (Compiler Failure).
[2024-02-13 05:33:54.059574] Exit code matches the expected exit code (104).
[2024-02-13 05:33:54.059597] Test passed.
[2024-02-13 05:33:54.059612] Running Score: 4/9

[2024-02-13 05:33:54.059635] Evaluating 113_call_of_non_procedure.spl with the submitted solution.
[2024-02-13 05:33:54.432854] Submission exited with exit code 1, which is not allowed. Allowed: [0, 99, 140, 100, 101, 102, 103, 104, 105, 106, 107, 108, 109, 110, 111, 112, 113, 114, 115, 116, 117, 118, 119, 120, 121, 122, 123, 124, 125, 126, 127]
[2024-02-13 05:33:54.432903] Output (stdout + stderr) of 'java -jar /home/solution/java/target/spl.jar /home/tests/113_call_of_non_procedure.spl /home/temp/113_call_of_non_procedure.spl.s' (Limited to 50 lines/10000 characters):
An error occurred: class de.thm.mni.compilerbau.table.TypeEntry cannot be cast to class de.thm.mni.compilerbau.table.ProcedureEntry (de.thm.mni.compilerbau.table.TypeEntry and de.thm.mni.compilerbau.table.ProcedureEntry are in unnamed module of loader 'app')
java.lang.ClassCastException: class de.thm.mni.compilerbau.table.TypeEntry cannot be cast to class de.thm.mni.compilerbau.table.ProcedureEntry (de.thm.mni.compilerbau.table.TypeEntry and de.thm.mni.compilerbau.table.ProcedureEntry are in unnamed module of loader 'app')
	at de.thm.mni.compilerbau.phases._04b_semant.ProcedureBodyChecker.checkStatement(ProcedureBodyChecker.java:191)
	at de.thm.mni.compilerbau.phases._04b_semant.ProcedureBodyChecker.checkStatement(ProcedureBodyChecker.java:81)
	at de.thm.mni.compilerbau.phases._04b_semant.ProcedureBodyChecker.checkProcedures(ProcedureBodyChecker.java:64)
	at de.thm.mni.compilerbau.Main.main(Main.java:85)
[2024-02-13 05:33:54.432976] Test not passed.
[2024-02-13 05:33:54.432991] Running Score: 4/10

[2024-02-13 05:33:54.433016] Evaluating 114_argument_type_mismatch.spl with the submitted solution.
[2024-02-13 05:33:54.868542] Test subject results match (Compiler Failure).
[2024-02-13 05:33:54.868587] Exit code matches the expected exit code (114).
[2024-02-13 05:33:54.868618] Test passed.
[2024-02-13 05:33:54.868634] Running Score: 5/11

[2024-02-13 05:33:54.868657] Evaluating 115_argument_must_be_variable.spl with the submitted solution.
[2024-02-13 05:33:55.295532] Test subject results match (Compiler Failure).
[2024-02-13 05:33:55.295571] Exit code matches the expected exit code (115).
[2024-02-13 05:33:55.295593] Test passed.
[2024-02-13 05:33:55.295608] Running Score: 6/12

[2024-02-13 05:33:55.295631] Evaluating 116_procedure_too_few_arguments.spl with the submitted solution.
[2024-02-13 05:33:55.813299] Test subject results match (Compiler Failure).
[2024-02-13 05:33:55.813336] Exit code matches the expected exit code (116).
[2024-02-13 05:33:55.813358] Test passed.
[2024-02-13 05:33:55.813373] Running Score: 7/13

[2024-02-13 05:33:55.813395] Evaluating 116_procedure_too_many_arguments.spl with the submitted solution.
[2024-02-13 05:33:56.236060] Test subject results match (Compiler Failure).
[2024-02-13 05:33:56.236094] Exit code matches the expected exit code (116).
[2024-02-13 05:33:56.236117] Test passed.
[2024-02-13 05:33:56.236133] Running Score: 8/14

[2024-02-13 05:33:56.236156] Evaluating 122_not_a_variable.spl with the submitted solution.
[2024-02-13 05:33:56.638696] Submission exited with exit code 1, which is not allowed. Allowed: [0, 99, 140, 100, 101, 102, 103, 104, 105, 106, 107, 108, 109, 110, 111, 112, 113, 114, 115, 116, 117, 118, 119, 120, 121, 122, 123, 124, 125, 126, 127]
[2024-02-13 05:33:56.638743] Output (stdout + stderr) of 'java -jar /home/solution/java/target/spl.jar /home/tests/122_not_a_variable.spl /home/temp/122_not_a_variable.spl.s' (Limited to 50 lines/10000 characters):
An error occurred: class de.thm.mni.compilerbau.table.ProcedureEntry cannot be cast to class de.thm.mni.compilerbau.table.VariableEntry (de.thm.mni.compilerbau.table.ProcedureEntry and de.thm.mni.compilerbau.table.VariableEntry are in unnamed module of loader 'app')
java.lang.ClassCastException: class de.thm.mni.compilerbau.table.ProcedureEntry cannot be cast to class de.thm.mni.compilerbau.table.VariableEntry (de.thm.mni.compilerbau.table.ProcedureEntry and de.thm.mni.compilerbau.table.VariableEntry are in unnamed module of loader 'app')
	at de.thm.mni.compilerbau.phases._04b_semant.ProcedureBodyChecker.checkStatement(ProcedureBodyChecker.java:108)
	at de.thm.mni.compilerbau.phases._04b_semant.ProcedureBodyChecker.checkStatement(ProcedureBodyChecker.java:78)
	at de.thm.mni.compilerbau.phases._04b_semant.ProcedureBodyChecker.checkProcedures(ProcedureBodyChecker.java:64)
	at de.thm.mni.compilerbau.Main.main(Main.java:85)
[2024-02-13 05:33:56.638816] Test not passed.
[2024-02-13 05:33:56.638832] Running Score: 8/15

[2024-02-13 05:33:56.638855] Evaluating 123_indexing_non_array.spl with the submitted solution.
[2024-02-13 05:33:57.108373] Submission exited with exit code 1, which is not allowed. Allowed: [0, 99, 140, 100, 101, 102, 103, 104, 105, 106, 107, 108, 109, 110, 111, 112, 113, 114, 115, 116, 117, 118, 119, 120, 121, 122, 123, 124, 125, 126, 127]
[2024-02-13 05:33:57.108425] Output (stdout + stderr) of 'java -jar /home/solution/java/target/spl.jar /home/tests/123_indexing_non_array.spl /home/temp/123_indexing_non_array.spl.s' (Limited to 50 lines/10000 characters):
An error occurred: class de.thm.mni.compilerbau.types.PrimitiveType cannot be cast to class de.thm.mni.compilerbau.types.ArrayType (de.thm.mni.compilerbau.types.PrimitiveType and de.thm.mni.compilerbau.types.ArrayType are in unnamed module of loader 'app')
java.lang.ClassCastException: class de.thm.mni.compilerbau.types.PrimitiveType cannot be cast to class de.thm.mni.compilerbau.types.ArrayType (de.thm.mni.compilerbau.types.PrimitiveType and de.thm.mni.compilerbau.types.ArrayType are in unnamed module of loader 'app')
	at de.thm.mni.compilerbau.phases._06_codegen.CodeGenerator.genStatement(CodeGenerator.java:114)
	at de.thm.mni.compilerbau.phases._06_codegen.CodeGenerator.generateCode(CodeGenerator.java:59)
	at de.thm.mni.compilerbau.Main.main(Main.java:95)
[2024-02-13 05:33:57.108492] Test not passed.
[2024-02-13 05:33:57.108510] Running Score: 8/16

[2024-02-13 05:33:57.108538] Evaluating 124_indexing_with_non_integer.spl with the submitted solution.
[2024-02-13 05:33:58.509435] Results do not match. Expected Compiler Failure(124), but got Success(0).
[2024-02-13 05:33:58.510114] Output (stdout) of 'xvfb-run -a /home/tools/sim -x -l /home/temp/124_indexing_with_non_integer.spl.bin -s 1 -t 0' (Limited to 50 lines/10000 characters):
SPL/RTS: main() started

SPL/RTS: index out of bounds
[2024-02-13 05:33:58.510177] Test not passed.
[2024-02-13 05:33:58.510197] Running Score: 8/17

[2024-02-13 05:33:58.510224] Evaluating 126_main_not_a_procedure.spl with the submitted solution.
[2024-02-13 05:33:58.890935] Test subject results match (Compiler Failure).
[2024-02-13 05:33:58.890983] Exit code matches the expected exit code (126).
[2024-02-13 05:33:58.891014] Test passed.
[2024-02-13 05:33:58.891034] Running Score: 9/18

[2024-02-13 05:33:58.891062] Evaluating 127_main_must_not_have_parameters.spl with the submitted solution.
[2024-02-13 05:33:59.279247] Test subject results match (Compiler Failure).
[2024-02-13 05:33:59.279290] Exit code matches the expected exit code (127).
[2024-02-13 05:33:59.279332] Test passed.
[2024-02-13 05:33:59.279358] Running Score: 10/19

[2024-02-13 05:33:59.279393] Evaluating acker.spl with the submitted solution.
[2024-02-13 05:34:00.993825] Test subject results match (Success).
[2024-02-13 05:34:00.998360] Outputs match.
[2024-02-13 05:34:00.998585] Test passed.
[2024-02-13 05:34:00.998791] Running Score: 11/20

[2024-02-13 05:34:00.999150] Evaluating bigtest.spl with the submitted solution.
[2024-02-13 05:34:01.882951] Submission exited with exit code 1, which is not allowed. Allowed: [0, 99, 140, 100, 101, 102, 103, 104, 105, 106, 107, 108, 109, 110, 111, 112, 113, 114, 115, 116, 117, 118, 119, 120, 121, 122, 123, 124, 125, 126, 127]
[2024-02-13 05:34:01.883184] Output (stdout + stderr) of 'java -jar /home/solution/java/target/spl.jar /home/tests/bigtest.spl /home/temp/bigtest.spl.s' (Limited to 50 lines/10000 characters):
Exception in thread "main" java.lang.StackOverflowError
	at de.thm.mni.compilerbau.phases._06_codegen.CodeGenerator.genStatement(CodeGenerator.java:82)
	at de.thm.mni.compilerbau.phases._06_codegen.CodeGenerator.genStatement(CodeGenerator.java:185)
	at de.thm.mni.compilerbau.phases._06_codegen.CodeGenerator.genStatement(CodeGenerator.java:185)
	at de.thm.mni.compilerbau.phases._06_codegen.CodeGenerator.genStatement(CodeGenerator.java:185)
	at de.thm.mni.compilerbau.phases._06_codegen.CodeGenerator.genStatement(CodeGenerator.java:185)
	at de.thm.mni.compilerbau.phases._06_codegen.CodeGenerator.genStatement(CodeGenerator.java:185)
	at de.thm.mni.compilerbau.phases._06_codegen.CodeGenerator.genStatement(CodeGenerator.java:185)
	at de.thm.mni.compilerbau.phases._06_codegen.CodeGenerator.genStatement(CodeGenerator.java:185)
	at de.thm.mni.compilerbau.phases._06_codegen.CodeGenerator.genStatement(CodeGenerator.java:185)
	at de.thm.mni.compilerbau.phases._06_codegen.CodeGenerator.genStatement(CodeGenerator.java:185)
	at de.thm.mni.compilerbau.phases._06_codegen.CodeGenerator.genStatement(CodeGenerator.java:185)
	at de.thm.mni.compilerbau.phases._06_codegen.CodeGenerator.genStatement(CodeGenerator.java:185)
	at de.thm.mni.compilerbau.phases._06_codegen.CodeGenerator.genStatement(CodeGenerator.java:185)
	at de.thm.mni.compilerbau.phases._06_codegen.CodeGenerator.genStatement(CodeGenerator.java:185)
	at de.thm.mni.compilerbau.phases._06_codegen.CodeGenerator.genStatement(CodeGenerator.java:185)
	at de.thm.mni.compilerbau.phases._06_codegen.CodeGenerator.genStatement(CodeGenerator.java:185)
	at de.thm.mni.compilerbau.phases._06_codegen.CodeGenerator.genStatement(CodeGenerator.java:185)
	at de.thm.mni.compilerbau.phases._06_codegen.CodeGenerator.genStatement(CodeGenerator.java:185)
	at de.thm.mni.compilerbau.phases._06_codegen.CodeGenerator.genStatement(CodeGenerator.java:185)
	at de.thm.mni.compilerbau.phases._06_codegen.CodeGenerator.genStatement(CodeGenerator.java:185)
	at de.thm.mni.compilerbau.phases._06_codegen.CodeGenerator.genStatement(CodeGenerator.java:185)
	at de.thm.mni.compilerbau.phases._06_codegen.CodeGenerator.genStatement(CodeGenerator.java:185)
	at de.thm.mni.compilerbau.phases._06_codegen.CodeGenerator.genStatement(CodeGenerator.java:185)
	at de.thm.mni.compilerbau.phases._06_codegen.CodeGenerator.genStatement(CodeGenerator.java:185)
	at de.thm.mni.compilerbau.phases._06_codegen.CodeGenerator.genStatement(CodeGenerator.java:185)
	at de.thm.mni.compilerbau.phases._06_codegen.CodeGenerator.genStatement(CodeGenerator.java:185)
	at de.thm.mni.compilerbau.phases._06_codegen.CodeGenerator.genStatement(CodeGenerator.java:185)
	at de.thm.mni.compilerbau.phases._06_codegen.CodeGenerator.genStatement(CodeGenerator.java:185)
	at de.thm.mni.compilerbau.phases._06_codegen.CodeGenerator.genStatement(CodeGenerator.java:185)
	at de.thm.mni.compilerbau.phases._06_codegen.CodeGenerator.genStatement(CodeGenerator.java:185)
	at de.thm.mni.compilerbau.phases._06_codegen.CodeGenerator.genStatement(CodeGenerator.java:185)
	at de.thm.mni.compilerbau.phases._06_codegen.CodeGenerator.genStatement(CodeGenerator.java:185)
	at de.thm.mni.compilerbau.phases._06_codegen.CodeGenerator.genStatement(CodeGenerator.java:185)
	at de.thm.mni.compilerbau.phases._06_codegen.CodeGenerator.genStatement(CodeGenerator.java:185)
	at de.thm.mni.compilerbau.phases._06_codegen.CodeGenerator.genStatement(CodeGenerator.java:185)
	at de.thm.mni.compilerbau.phases._06_codegen.CodeGenerator.genStatement(CodeGenerator.java:185)
	at de.thm.mni.compilerbau.phases._06_codegen.CodeGenerator.genStatement(CodeGenerator.java:185)
	at de.thm.mni.compilerbau.phases._06_codegen.CodeGenerator.genStatement(CodeGenerator.java:185)
	at de.thm.mni.compilerbau.phases._06_codegen.CodeGenerator.genStatement(CodeGenerator.java:185)
	at de.thm.mni.compilerbau.phases._06_codegen.CodeGenerator.genStatement(CodeGenerator.java:185)
	at de.thm.mni.compilerbau.phases._06_codegen.CodeGenerator.genStatement(CodeGenerator.java:185)
	at de.thm.mni.compilerbau.phases._06_codegen.CodeGenerator.genStatement(CodeGenerator.java:185)
	at de.thm.mni.compilerbau.phases._06_codegen.CodeGenerator.genStatement(CodeGenerator.java:185)
	at de.thm.mni.compilerbau.phases._06_codegen.CodeGenerator.genStatement(CodeGenerator.java:185)
	at de.thm.mni.compilerbau.phases._06_codegen.CodeGenerator.genStatement(CodeGenerator.java:185)
	at de.thm.mni.compilerbau.phases._06_codegen.CodeGenerator.genStatement(CodeGenerator.java:185)
	at de.thm.mni.compilerbau.phases._06_codegen.CodeGenerator.genStatement(CodeGenerator.java:185)
	at de.thm.mni.compilerbau.phases._06_codegen.CodeGenerator.genStatement(CodeGenerator.java:185)
	at de.thm.mni.compilerbau.phases._06_codegen.CodeGenerator.genStatement(CodeGenerator.java:185)
[2024-02-13 05:34:01.883261] Test not passed.
[2024-02-13 05:34:01.883271] Running Score: 11/21

[2024-02-13 05:34:01.883285] Evaluating bits.spl with the submitted solution.
[2024-02-13 05:34:03.304640] Test subject results match (Success).
[2024-02-13 05:34:03.308319] Outputs differ. 'diff'-log (Expected output first, Limited to 50 lines/10000 characters):
3c3
< 0000 0111 0101 1011 1100 1101 0001 0101
---
> 125121117113 10910510197 93898581 77736965 61575349 45413733 29252117 13951
[2024-02-13 05:34:03.309192] Test not passed.
[2024-02-13 05:34:03.309370] Running Score: 11/22

[2024-02-13 05:34:03.309566] Evaluating gcd.spl with the submitted solution.
[2024-02-13 05:34:04.709213] Test subject results match (Success).
[2024-02-13 05:34:04.712750] Outputs match.
[2024-02-13 05:34:04.712992] Test passed.
[2024-02-13 05:34:04.713164] Running Score: 12/23

[2024-02-13 05:34:04.713445] Evaluating inttest.spl with the submitted solution.
[2024-02-13 05:34:06.102905] Test subject results match (Success).
[2024-02-13 05:34:06.106368] Outputs match.
[2024-02-13 05:34:06.106540] Test passed.
[2024-02-13 05:34:06.106567] Running Score: 13/24

[2024-02-13 05:34:06.106736] Evaluating multiply.spl with the submitted solution.
[2024-02-13 05:34:07.672331] Test subject results match (Success).
[2024-02-13 05:34:07.676799] Outputs match.
[2024-02-13 05:34:07.676840] Test passed.
[2024-02-13 05:34:07.676861] Running Score: 14/25

[2024-02-13 05:34:07.676887] Evaluating partind1.spl with the submitted solution.
[2024-02-13 05:34:08.148643] Results do not match. Expected Success(0), but got Compiler Failure(114).
[2024-02-13 05:34:08.148698] Output (stdout + stderr) of 'java -jar /home/solution/java/target/spl.jar /home/tests/partind1.spl /home/temp/partind1.spl.s' (Limited to 50 lines/10000 characters):
An error occurred at Line 32, Column 8:
Argument type mismatch in call of procedure 'p'. Argument 1 is expected to have type 'array [7] of int', but has type 'int'.
[2024-02-13 05:34:08.148738] Test not passed.
[2024-02-13 05:34:08.148756] Running Score: 14/26

[2024-02-13 05:34:08.148782] Evaluating partind2.spl with the submitted solution.
[2024-02-13 05:34:08.600782] Results do not match. Expected Success(0), but got Compiler Failure(114).
[2024-02-13 05:34:08.600829] Output (stdout + stderr) of 'java -jar /home/solution/java/target/spl.jar /home/tests/partind2.spl /home/temp/partind2.spl.s' (Limited to 50 lines/10000 characters):
An error occurred at Line 43, Column 8:
Argument type mismatch in call of procedure 'p'. Argument 1 is expected to have type 'array [5] of array [7] of int', but has type 'int'.
[2024-02-13 05:34:08.600867] Test not passed.
[2024-02-13 05:34:08.600882] Running Score: 14/27

[2024-02-13 05:34:08.600907] Evaluating swap.spl with the submitted solution.
[2024-02-13 05:34:09.935738] Test subject results match (Success).
[2024-02-13 05:34:09.939461] Outputs differ. 'diff'-log (Expected output first, Limited to 50 lines/10000 characters):
4c4
< 3 2
---
> -1072693260 -1072693256
[2024-02-13 05:34:09.939517] Test not passed.
[2024-02-13 05:34:09.939533] Running Score: 14/28

[2024-02-13 05:34:09.939558] Evaluating test1.spl with the submitted solution.
[2024-02-13 05:34:11.258153] Test subject results match (Success).
[2024-02-13 05:34:11.260715] Outputs match.
[2024-02-13 05:34:11.260913] Test passed.
[2024-02-13 05:34:11.261114] Running Score: 15/29

[2024-02-13 05:34:11.261385] Evaluating test2.spl with the submitted solution.
[2024-02-13 05:34:12.622401] Test subject results match (Success).
[2024-02-13 05:34:12.627460] Outputs match.
[2024-02-13 05:34:12.627673] Test passed.
[2024-02-13 05:34:12.628112] Running Score: 16/30

[2024-02-13 05:34:12.628323] Evaluating test3.spl with the submitted solution.
[2024-02-13 05:34:14.058411] Test subject results match (Success).
[2024-02-13 05:34:14.060996] Outputs differ. 'diff'-log (Expected output first, Limited to 50 lines/10000 characters):
4,6d3
< 1
< 2
< 3
8,10d4
< 5
< 6
< 7
12c6,12
< 9
---
> 12
> 16
> 20
> 24
> 28
> 32
> 36
[2024-02-13 05:34:14.061570] Test not passed.
[2024-02-13 05:34:14.061595] Running Score: 16/31

[2024-02-13 05:34:14.061619] Evaluating test4.spl with the submitted solution.
[2024-02-13 05:34:15.429798] Test subject results match (Success).
[2024-02-13 05:34:15.433535] Outputs differ. 'diff'-log (Expected output first, Limited to 50 lines/10000 characters):
3,4c3,4
< 3628800
< 3628800
---
> -1072693260
> -2136998008
[2024-02-13 05:34:15.434675] Test not passed.
[2024-02-13 05:34:15.434881] Running Score: 16/32

[2024-02-13 05:34:15.435174] Evaluating test5.spl with the submitted solution.
[2024-02-13 05:34:16.856995] Test subject results match (Success).
[2024-02-13 05:34:16.859114] Outputs match.
[2024-02-13 05:34:16.859149] Test passed.
[2024-02-13 05:34:16.859166] Running Score: 17/33

[2024-02-13 05:34:16.859191] Evaluating test7.spl with the submitted solution.
[2024-02-13 05:34:18.168503] Test subject results match (Success).
[2024-02-13 05:34:18.171199] Outputs match.
[2024-02-13 05:34:18.171440] Test passed.
[2024-02-13 05:34:18.171621] Running Score: 18/34

[2024-02-13 05:34:18.171947] Evaluating test8.spl with the submitted solution.
[2024-02-13 05:34:19.510458] Test subject results match (Success).
[2024-02-13 05:34:19.513868] Outputs match.
[2024-02-13 05:34:19.514089] Test passed.
[2024-02-13 05:34:19.514274] Running Score: 19/35

[2024-02-13 05:34:19.514507] Evaluating test9.spl with the submitted solution.
[2024-02-13 05:34:20.873195] Test subject results match (Success).
[2024-02-13 05:34:20.877986] Outputs match.
[2024-02-13 05:34:20.878214] Test passed.
[2024-02-13 05:34:20.878426] Running Score: 20/36

[2024-02-13 05:34:20.878618] Evaluating threedim.spl with the submitted solution.
[2024-02-13 05:34:21.555497] Toolchain resulted in 'Assembler Failure', which is not supposed to happen for working solutions. The associated log is listed below.
[2024-02-13 05:34:21.555553] Output (stdout + stderr) of '/home/tools/as -o /home/temp/threedim.spl.o /home/temp/threedim.spl.s' (Limited to 50 lines/10000 characters):
Error: garbage in line 65
[2024-02-13 05:34:21.555581] Test not passed.
[2024-02-13 05:34:21.555596] Running Score: 20/37

[2024-02-13 05:34:21.555621] Evaluating twodim.spl with the submitted solution.
[2024-02-13 05:34:22.218361] Toolchain resulted in 'Assembler Failure', which is not supposed to happen for working solutions. The associated log is listed below.
[2024-02-13 05:34:22.218406] Output (stdout + stderr) of '/home/tools/as -o /home/temp/twodim.spl.o /home/temp/twodim.spl.s' (Limited to 50 lines/10000 characters):
Error: garbage in line 119
[2024-02-13 05:34:22.218435] Test not passed.
[2024-02-13 05:34:22.218451] Running Score: 20/38

[2024-02-13 05:34:22.218493] Final score: 20/38 (52%). 
[2024-02-13 05:34:22.218609] 80% are needed to pass.
[2024-02-13 05:34:32.460699] You have NOT PASSED this assignment.
[2024-02-13 05:34:32.461024] You can try again. Deadline: 16.02.2024 23:59

