{
    "authors": [
        {
            "first_name": "Linda Septira",
            "last_name": "Andryani",
            "matriculation_number": "5345375"
        },
        {
            "first_name": "Yohanes Ranandika",
            "last_name": "Kirana",
            "matriculation_number": "5310931"
        }
    ],
    "evaluation_result": {
        "comment": null,
        "fixed": false,
        "log": "[2024-02-14 15:03:59.423812] Start of evaluation log for submission 'd9984027-a92a-4cc4-a906-2a2ebe822978'.\n[2024-02-14 15:03:59.424159] Team member: ('Andryani', 'Linda Septira', '5345375')\n[2024-02-14 15:03:59.424361] Team member: ('Kirana', 'Yohanes Ranandika', '5310931')\n[2024-02-14 15:03:59.448545] Preparing the sandbox\n[2024-02-14 15:04:00.311270] Unpacking submission in sandbox\n[2024-02-14 15:04:00.767823] Building the test subject\n[2024-02-14 15:04:00.768122] Identified the Java variant.\n[2024-02-14 15:04:00.918425] Building Java solution with maven.\n[2024-02-14 15:04:13.223818] Maven log:\n[INFO] Scanning for projects...\n[INFO] \n[INFO] --------------< de.thm.mni.compilerbau.spl-reference:spl >--------------\n[INFO] Building spl 0.1\n[INFO] --------------------------------[ jar ]---------------------------------\n[INFO] \n[INFO] --- jflex-maven-plugin:1.7.0:generate (default) @ spl ---\n[INFO]   generated /home/solution/java/target/generated-sources/jflex/de/thm/mni/compilerbau/phases/_01_scanner/Scanner.java\n[INFO] \n[INFO] --- cup-maven-plugin:11b-20160615:generate (default) @ spl ---\nWarning : Non terminal \"EmptyStmt\" was declared but never used\nWarning : *** Shift/Reduce conflict found in state #94\n  between IfStmt ::= IF LPAREN Expr RPAREN Statement (*) \n  and     IfStmt ::= IF LPAREN Expr RPAREN Statement (*) ELSE Statement \n  under symbol ELSE\n  Resolved in favor of shifting.\n\n[INFO]   generated /home/solution/java/target/generated-sources/cup/de/thm/mni/compilerbau/phases/_02_03_parser/Parser.java\n[INFO]   generated /home/solution/java/target/generated-sources/cup/de/thm/mni/compilerbau/phases/_02_03_parser/Sym.java\n[INFO] \n[INFO] --- maven-resources-plugin:2.6:resources (default-resources) @ spl ---\n[INFO] Using 'UTF-8' encoding to copy filtered resources.\n[INFO] skip non existing resourceDirectory /home/solution/java/src/main/resources\n[INFO] \n[INFO] --- maven-compiler-plugin:3.10.1:compile (default-compile) @ spl ---\n[INFO] Changes detected - recompiling the module!\n[INFO] Compiling 57 source files to /home/solution/java/target/classes\n[INFO] /home/solution/java/target/generated-sources/jflex/de/thm/mni/compilerbau/phases/_01_scanner/Scanner.java: /home/solution/java/target/generated-sources/jflex/de/thm/mni/compilerbau/phases/_01_scanner/Scanner.java uses or overrides a deprecated API that is marked for removal.\n[INFO] /home/solution/java/target/generated-sources/jflex/de/thm/mni/compilerbau/phases/_01_scanner/Scanner.java: Recompile with -Xlint:removal for details.\n[INFO] /home/solution/java/target/generated-sources/cup/de/thm/mni/compilerbau/phases/_02_03_parser/Parser.java: /home/solution/java/target/generated-sources/cup/de/thm/mni/compilerbau/phases/_02_03_parser/Parser.java uses unchecked or unsafe operations.\n[INFO] /home/solution/java/target/generated-sources/cup/de/thm/mni/compilerbau/phases/_02_03_parser/Parser.java: Recompile with -Xlint:unchecked for details.\n[INFO] \n[INFO] --- maven-resources-plugin:2.6:testResources (default-testResources) @ spl ---\n[INFO] Using 'UTF-8' encoding to copy filtered resources.\n[INFO] skip non existing resourceDirectory /home/solution/java/src/test/resources\n[INFO] \n[INFO] --- maven-compiler-plugin:3.10.1:testCompile (default-testCompile) @ spl ---\n[INFO] No sources to compile\n[INFO] \n[INFO] --- maven-surefire-plugin:2.12.4:test (default-test) @ spl ---\n[INFO] No tests to run.\n[INFO] \n[INFO] --- maven-jar-plugin:2.4:jar (default-jar) @ spl ---\n[INFO] Building jar: /home/solution/java/target/spl.jar\n[INFO] \n[INFO] --- maven-shade-plugin:3.1.0:shade (default) @ spl ---\n[INFO] Including com.github.vbmacher:java-cup-runtime:jar:11b-20160615 in the shaded jar.\n[INFO] Replacing original artifact with shaded artifact.\n[INFO] Replacing /home/solution/java/target/spl.jar with /home/solution/java/target/spl-0.1-shaded.jar\n[INFO] Dependency-reduced POM written at: /home/solution/java/dependency-reduced-pom.xml\n[INFO] ------------------------------------------------------------------------\n[INFO] BUILD SUCCESS\n[INFO] ------------------------------------------------------------------------\n[INFO] Total time:  9.326 s\n[INFO] Finished at: 2024-02-14T14:04:13Z\n[INFO] ------------------------------------------------------------------------\n[2024-02-14 15:04:13.368732] Beginning evaluation.\n[2024-02-14 15:04:13.368937] Evaluating 101_undefined_procedure.spl with the submitted solution.\n[2024-02-14 15:04:13.796633] Test subject results match (Compiler Failure).\n[2024-02-14 15:04:13.796677] Exit code matches the expected exit code (101).\n[2024-02-14 15:04:13.796708] Test passed.\n[2024-02-14 15:04:13.796728] Running Score: 1/1\n\n[2024-02-14 15:04:13.796757] Evaluating 101_undefined_type.spl with the submitted solution.\n[2024-02-14 15:04:14.215914] Test subject results match (Compiler Failure).\n[2024-02-14 15:04:14.215955] Exit code matches the expected exit code (101).\n[2024-02-14 15:04:14.215983] Test passed.\n[2024-02-14 15:04:14.215998] Running Score: 2/2\n\n[2024-02-14 15:04:14.216019] Evaluating 101_undefined_variable.spl with the submitted solution.\n[2024-02-14 15:04:14.649409] Test subject results match (Compiler Failure).\n[2024-02-14 15:04:14.649442] Exit code matches the expected exit code (101).\n[2024-02-14 15:04:14.649463] Test passed.\n[2024-02-14 15:04:14.649478] Running Score: 3/3\n\n[2024-02-14 15:04:14.649499] Evaluating 102_not_a_type.spl with the submitted solution.\n[2024-02-14 15:04:15.062880] Test subject results match (Compiler Failure).\n[2024-02-14 15:04:15.062914] Exit codes do not match. Expected '102', but got '101'.\n[2024-02-14 15:04:15.062955] Output (stdout + stderr) of 'java -jar /home/solution/java/target/spl.jar /home/tests/102_not_a_type.spl /home/temp/102_not_a_type.spl.s' (Limited to 50 lines/10000 characters):\nAn error occurred at Line 2, Column 10:\nIdentifier 'A' is not defined.\n[2024-02-14 15:04:15.062991] Test not passed.\n[2024-02-14 15:04:15.063005] Running Score: 3/4\n\n[2024-02-14 15:04:15.063031] Evaluating 103_redefinition_as_parameter.spl with the submitted solution.\n[2024-02-14 15:04:15.487418] Test subject results match (Compiler Failure).\n[2024-02-14 15:04:15.487451] Exit code matches the expected exit code (103).\n[2024-02-14 15:04:15.487473] Test passed.\n[2024-02-14 15:04:15.487488] Running Score: 4/5\n\n[2024-02-14 15:04:15.487512] Evaluating 103_redefinition_as_procedure.spl with the submitted solution.\n[2024-02-14 15:04:15.898050] Test subject results match (Compiler Failure).\n[2024-02-14 15:04:15.898083] Exit code matches the expected exit code (103).\n[2024-02-14 15:04:15.898104] Test passed.\n[2024-02-14 15:04:15.898119] Running Score: 5/6\n\n[2024-02-14 15:04:15.898141] Evaluating 103_redefinition_as_type.spl with the submitted solution.\n[2024-02-14 15:04:17.619634] Results do not match. Expected Compiler Failure(103), but got Success(0).\n[2024-02-14 15:04:17.619691] Output (stdout) of 'xvfb-run -a /home/tools/sim -x -l /home/temp/103_redefinition_as_type.spl.bin -s 1 -t 0' (Limited to 50 lines/10000 characters):\nSPL/RTS: main() started\n\nSPL/RTS: main() finished\n[2024-02-14 15:04:17.619731] Test not passed.\n[2024-02-14 15:04:17.619746] Running Score: 5/7\n\n[2024-02-14 15:04:17.619770] Evaluating 103_redefinition_as_variable.spl with the submitted solution.\n[2024-02-14 15:04:18.031386] Test subject results match (Compiler Failure).\n[2024-02-14 15:04:18.031419] Exit code matches the expected exit code (103).\n[2024-02-14 15:04:18.031441] Test passed.\n[2024-02-14 15:04:18.031457] Running Score: 6/8\n\n[2024-02-14 15:04:18.031480] Evaluating 104_must_be_reference_parameter.spl with the submitted solution.\n[2024-02-14 15:04:18.438492] Test subject results match (Compiler Failure).\n[2024-02-14 15:04:18.438530] Exit code matches the expected exit code (104).\n[2024-02-14 15:04:18.438552] Test passed.\n[2024-02-14 15:04:18.438567] Running Score: 7/9\n\n[2024-02-14 15:04:18.438590] Evaluating 113_call_of_non_procedure.spl with the submitted solution.\n[2024-02-14 15:04:18.854071] Test subject results match (Compiler Failure).\n[2024-02-14 15:04:18.854113] Exit code matches the expected exit code (113).\n[2024-02-14 15:04:18.854141] Test passed.\n[2024-02-14 15:04:18.854156] Running Score: 8/10\n\n[2024-02-14 15:04:18.854185] Evaluating 114_argument_type_mismatch.spl with the submitted solution.\n[2024-02-14 15:04:19.309759] Test subject results match (Compiler Failure).\n[2024-02-14 15:04:19.309804] Exit code matches the expected exit code (114).\n[2024-02-14 15:04:19.309828] Test passed.\n[2024-02-14 15:04:19.309843] Running Score: 9/11\n\n[2024-02-14 15:04:19.309868] Evaluating 115_argument_must_be_variable.spl with the submitted solution.\n[2024-02-14 15:04:19.736291] Test subject results match (Compiler Failure).\n[2024-02-14 15:04:19.736328] Exit code matches the expected exit code (115).\n[2024-02-14 15:04:19.736349] Test passed.\n[2024-02-14 15:04:19.736364] Running Score: 10/12\n\n[2024-02-14 15:04:19.736385] Evaluating 116_procedure_too_few_arguments.spl with the submitted solution.\n[2024-02-14 15:04:20.196148] Test subject results match (Compiler Failure).\n[2024-02-14 15:04:20.196182] Exit code matches the expected exit code (116).\n[2024-02-14 15:04:20.196204] Test passed.\n[2024-02-14 15:04:20.196219] Running Score: 11/13\n\n[2024-02-14 15:04:20.196241] Evaluating 116_procedure_too_many_arguments.spl with the submitted solution.\n[2024-02-14 15:04:20.607174] Test subject results match (Compiler Failure).\n[2024-02-14 15:04:20.607207] Exit code matches the expected exit code (116).\n[2024-02-14 15:04:20.607229] Test passed.\n[2024-02-14 15:04:20.607245] Running Score: 12/14\n\n[2024-02-14 15:04:20.607269] Evaluating 122_not_a_variable.spl with the submitted solution.\n[2024-02-14 15:04:20.970448] Submission exited with exit code 1, which is not allowed. Allowed: [0, 99, 140, 100, 101, 102, 103, 104, 105, 106, 107, 108, 109, 110, 111, 112, 113, 114, 115, 116, 117, 118, 119, 120, 121, 122, 123, 124, 125, 126, 127]\n[2024-02-14 15:04:20.970506] Output (stdout + stderr) of 'java -jar /home/solution/java/target/spl.jar /home/tests/122_not_a_variable.spl /home/temp/122_not_a_variable.spl.s' (Limited to 50 lines/10000 characters):\nAn error occurred: class de.thm.mni.compilerbau.table.ProcedureEntry cannot be cast to class de.thm.mni.compilerbau.table.VariableEntry (de.thm.mni.compilerbau.table.ProcedureEntry and de.thm.mni.compilerbau.table.VariableEntry are in unnamed module of loader 'app')\njava.lang.ClassCastException: class de.thm.mni.compilerbau.table.ProcedureEntry cannot be cast to class de.thm.mni.compilerbau.table.VariableEntry (de.thm.mni.compilerbau.table.ProcedureEntry and de.thm.mni.compilerbau.table.VariableEntry are in unnamed module of loader 'app')\n\tat de.thm.mni.compilerbau.phases._04b_semant.ProcedureBodyChecker.checkStatement(ProcedureBodyChecker.java:108)\n\tat de.thm.mni.compilerbau.phases._04b_semant.ProcedureBodyChecker.checkStatement(ProcedureBodyChecker.java:78)\n\tat de.thm.mni.compilerbau.phases._04b_semant.ProcedureBodyChecker.checkProcedures(ProcedureBodyChecker.java:64)\n\tat de.thm.mni.compilerbau.Main.main(Main.java:85)\n[2024-02-14 15:04:20.970577] Test not passed.\n[2024-02-14 15:04:20.970592] Running Score: 12/15\n\n[2024-02-14 15:04:20.970618] Evaluating 123_indexing_non_array.spl with the submitted solution.\n[2024-02-14 15:04:21.418568] Submission exited with exit code 1, which is not allowed. Allowed: [0, 99, 140, 100, 101, 102, 103, 104, 105, 106, 107, 108, 109, 110, 111, 112, 113, 114, 115, 116, 117, 118, 119, 120, 121, 122, 123, 124, 125, 126, 127]\n[2024-02-14 15:04:21.418621] Output (stdout + stderr) of 'java -jar /home/solution/java/target/spl.jar /home/tests/123_indexing_non_array.spl /home/temp/123_indexing_non_array.spl.s' (Limited to 50 lines/10000 characters):\nAn error occurred: class de.thm.mni.compilerbau.types.PrimitiveType cannot be cast to class de.thm.mni.compilerbau.types.ArrayType (de.thm.mni.compilerbau.types.PrimitiveType and de.thm.mni.compilerbau.types.ArrayType are in unnamed module of loader 'app')\njava.lang.ClassCastException: class de.thm.mni.compilerbau.types.PrimitiveType cannot be cast to class de.thm.mni.compilerbau.types.ArrayType (de.thm.mni.compilerbau.types.PrimitiveType and de.thm.mni.compilerbau.types.ArrayType are in unnamed module of loader 'app')\n\tat de.thm.mni.compilerbau.phases._06_codegen.CodeGenerator.genStatement(CodeGenerator.java:114)\n\tat de.thm.mni.compilerbau.phases._06_codegen.CodeGenerator.generateCode(CodeGenerator.java:59)\n\tat de.thm.mni.compilerbau.Main.main(Main.java:95)\n[2024-02-14 15:04:21.418686] Test not passed.\n[2024-02-14 15:04:21.418700] Running Score: 12/16\n\n[2024-02-14 15:04:21.418722] Evaluating 124_indexing_with_non_integer.spl with the submitted solution.\n[2024-02-14 15:04:22.768284] Results do not match. Expected Compiler Failure(124), but got Success(0).\n[2024-02-14 15:04:22.769005] Output (stdout) of 'xvfb-run -a /home/tools/sim -x -l /home/temp/124_indexing_with_non_integer.spl.bin -s 1 -t 0' (Limited to 50 lines/10000 characters):\nSPL/RTS: main() started\n\nSPL/RTS: index out of bounds\n[2024-02-14 15:04:22.769064] Test not passed.\n[2024-02-14 15:04:22.769079] Running Score: 12/17\n\n[2024-02-14 15:04:22.769106] Evaluating 126_main_not_a_procedure.spl with the submitted solution.\n[2024-02-14 15:04:23.133109] Test subject results match (Compiler Failure).\n[2024-02-14 15:04:23.133142] Exit code matches the expected exit code (126).\n[2024-02-14 15:04:23.133174] Test passed.\n[2024-02-14 15:04:23.133190] Running Score: 13/18\n\n[2024-02-14 15:04:23.133212] Evaluating 127_main_must_not_have_parameters.spl with the submitted solution.\n[2024-02-14 15:04:23.540545] Test subject results match (Compiler Failure).\n[2024-02-14 15:04:23.540577] Exit code matches the expected exit code (127).\n[2024-02-14 15:04:23.540598] Test passed.\n[2024-02-14 15:04:23.540612] Running Score: 14/19\n\n[2024-02-14 15:04:23.540636] Evaluating acker.spl with the submitted solution.\n[2024-02-14 15:04:25.194430] Test subject results match (Success).\n[2024-02-14 15:04:25.197450] Outputs match.\n[2024-02-14 15:04:25.197655] Test passed.\n[2024-02-14 15:04:25.197870] Running Score: 15/20\n\n[2024-02-14 15:04:25.198305] Evaluating bigtest.spl with the submitted solution.\n[2024-02-14 15:04:26.098655] Submission exited with exit code 1, which is not allowed. Allowed: [0, 99, 140, 100, 101, 102, 103, 104, 105, 106, 107, 108, 109, 110, 111, 112, 113, 114, 115, 116, 117, 118, 119, 120, 121, 122, 123, 124, 125, 126, 127]\n[2024-02-14 15:04:26.098932] Output (stdout + stderr) of 'java -jar /home/solution/java/target/spl.jar /home/tests/bigtest.spl /home/temp/bigtest.spl.s' (Limited to 50 lines/10000 characters):\nException in thread \"main\" java.lang.StackOverflowError\n\tat de.thm.mni.compilerbau.phases._06_codegen.CodeGenerator.genStatement(CodeGenerator.java:82)\n\tat de.thm.mni.compilerbau.phases._06_codegen.CodeGenerator.genStatement(CodeGenerator.java:185)\n\tat de.thm.mni.compilerbau.phases._06_codegen.CodeGenerator.genStatement(CodeGenerator.java:185)\n\tat de.thm.mni.compilerbau.phases._06_codegen.CodeGenerator.genStatement(CodeGenerator.java:185)\n\tat de.thm.mni.compilerbau.phases._06_codegen.CodeGenerator.genStatement(CodeGenerator.java:185)\n\tat de.thm.mni.compilerbau.phases._06_codegen.CodeGenerator.genStatement(CodeGenerator.java:185)\n\tat de.thm.mni.compilerbau.phases._06_codegen.CodeGenerator.genStatement(CodeGenerator.java:185)\n\tat de.thm.mni.compilerbau.phases._06_codegen.CodeGenerator.genStatement(CodeGenerator.java:185)\n\tat de.thm.mni.compilerbau.phases._06_codegen.CodeGenerator.genStatement(CodeGenerator.java:185)\n\tat de.thm.mni.compilerbau.phases._06_codegen.CodeGenerator.genStatement(CodeGenerator.java:185)\n\tat de.thm.mni.compilerbau.phases._06_codegen.CodeGenerator.genStatement(CodeGenerator.java:185)\n\tat de.thm.mni.compilerbau.phases._06_codegen.CodeGenerator.genStatement(CodeGenerator.java:185)\n\tat de.thm.mni.compilerbau.phases._06_codegen.CodeGenerator.genStatement(CodeGenerator.java:185)\n\tat de.thm.mni.compilerbau.phases._06_codegen.CodeGenerator.genStatement(CodeGenerator.java:185)\n\tat de.thm.mni.compilerbau.phases._06_codegen.CodeGenerator.genStatement(CodeGenerator.java:185)\n\tat de.thm.mni.compilerbau.phases._06_codegen.CodeGenerator.genStatement(CodeGenerator.java:185)\n\tat de.thm.mni.compilerbau.phases._06_codegen.CodeGenerator.genStatement(CodeGenerator.java:185)\n\tat de.thm.mni.compilerbau.phases._06_codegen.CodeGenerator.genStatement(CodeGenerator.java:185)\n\tat de.thm.mni.compilerbau.phases._06_codegen.CodeGenerator.genStatement(CodeGenerator.java:185)\n\tat de.thm.mni.compilerbau.phases._06_codegen.CodeGenerator.genStatement(CodeGenerator.java:185)\n\tat de.thm.mni.compilerbau.phases._06_codegen.CodeGenerator.genStatement(CodeGenerator.java:185)\n\tat de.thm.mni.compilerbau.phases._06_codegen.CodeGenerator.genStatement(CodeGenerator.java:185)\n\tat de.thm.mni.compilerbau.phases._06_codegen.CodeGenerator.genStatement(CodeGenerator.java:185)\n\tat de.thm.mni.compilerbau.phases._06_codegen.CodeGenerator.genStatement(CodeGenerator.java:185)\n\tat de.thm.mni.compilerbau.phases._06_codegen.CodeGenerator.genStatement(CodeGenerator.java:185)\n\tat de.thm.mni.compilerbau.phases._06_codegen.CodeGenerator.genStatement(CodeGenerator.java:185)\n\tat de.thm.mni.compilerbau.phases._06_codegen.CodeGenerator.genStatement(CodeGenerator.java:185)\n\tat de.thm.mni.compilerbau.phases._06_codegen.CodeGenerator.genStatement(CodeGenerator.java:185)\n\tat de.thm.mni.compilerbau.phases._06_codegen.CodeGenerator.genStatement(CodeGenerator.java:185)\n\tat de.thm.mni.compilerbau.phases._06_codegen.CodeGenerator.genStatement(CodeGenerator.java:185)\n\tat de.thm.mni.compilerbau.phases._06_codegen.CodeGenerator.genStatement(CodeGenerator.java:185)\n\tat de.thm.mni.compilerbau.phases._06_codegen.CodeGenerator.genStatement(CodeGenerator.java:185)\n\tat de.thm.mni.compilerbau.phases._06_codegen.CodeGenerator.genStatement(CodeGenerator.java:185)\n\tat de.thm.mni.compilerbau.phases._06_codegen.CodeGenerator.genStatement(CodeGenerator.java:185)\n\tat de.thm.mni.compilerbau.phases._06_codegen.CodeGenerator.genStatement(CodeGenerator.java:185)\n\tat de.thm.mni.compilerbau.phases._06_codegen.CodeGenerator.genStatement(CodeGenerator.java:185)\n\tat de.thm.mni.compilerbau.phases._06_codegen.CodeGenerator.genStatement(CodeGenerator.java:185)\n\tat de.thm.mni.compilerbau.phases._06_codegen.CodeGenerator.genStatement(CodeGenerator.java:185)\n\tat de.thm.mni.compilerbau.phases._06_codegen.CodeGenerator.genStatement(CodeGenerator.java:185)\n\tat de.thm.mni.compilerbau.phases._06_codegen.CodeGenerator.genStatement(CodeGenerator.java:185)\n\tat de.thm.mni.compilerbau.phases._06_codegen.CodeGenerator.genStatement(CodeGenerator.java:185)\n\tat de.thm.mni.compilerbau.phases._06_codegen.CodeGenerator.genStatement(CodeGenerator.java:185)\n\tat de.thm.mni.compilerbau.phases._06_codegen.CodeGenerator.genStatement(CodeGenerator.java:185)\n\tat de.thm.mni.compilerbau.phases._06_codegen.CodeGenerator.genStatement(CodeGenerator.java:185)\n\tat de.thm.mni.compilerbau.phases._06_codegen.CodeGenerator.genStatement(CodeGenerator.java:185)\n\tat de.thm.mni.compilerbau.phases._06_codegen.CodeGenerator.genStatement(CodeGenerator.java:185)\n\tat de.thm.mni.compilerbau.phases._06_codegen.CodeGenerator.genStatement(CodeGenerator.java:185)\n\tat de.thm.mni.compilerbau.phases._06_codegen.CodeGenerator.genStatement(CodeGenerator.java:185)\n\tat de.thm.mni.compilerbau.phases._06_codegen.CodeGenerator.genStatement(CodeGenerator.java:185)\n[2024-02-14 15:04:26.099470] Test not passed.\n[2024-02-14 15:04:26.099492] Running Score: 15/21\n\n[2024-02-14 15:04:26.099516] Evaluating bits.spl with the submitted solution.\n[2024-02-14 15:04:27.480744] Test subject results match (Success).\n[2024-02-14 15:04:27.484219] Outputs match.\n[2024-02-14 15:04:27.484450] Test passed.\n[2024-02-14 15:04:27.484641] Running Score: 16/22\n\n[2024-02-14 15:04:27.484899] Evaluating gcd.spl with the submitted solution.\n[2024-02-14 15:04:28.819056] Test subject results match (Success).\n[2024-02-14 15:04:28.821056] Outputs match.\n[2024-02-14 15:04:28.821085] Test passed.\n[2024-02-14 15:04:28.821101] Running Score: 17/23\n\n[2024-02-14 15:04:28.821126] Evaluating inttest.spl with the submitted solution.\n[2024-02-14 15:04:30.191067] Test subject results match (Success).\n[2024-02-14 15:04:30.194459] Outputs match.\n[2024-02-14 15:04:30.194662] Test passed.\n[2024-02-14 15:04:30.194867] Running Score: 18/24\n\n[2024-02-14 15:04:30.195148] Evaluating multiply.spl with the submitted solution.\n[2024-02-14 15:04:31.645772] Test subject results match (Success).\n[2024-02-14 15:04:31.648571] Outputs match.\n[2024-02-14 15:04:31.648779] Test passed.\n[2024-02-14 15:04:31.649005] Running Score: 19/25\n\n[2024-02-14 15:04:31.649293] Evaluating partind1.spl with the submitted solution.\n[2024-02-14 15:04:32.082463] Results do not match. Expected Success(0), but got Compiler Failure(114).\n[2024-02-14 15:04:32.082518] Output (stdout + stderr) of 'java -jar /home/solution/java/target/spl.jar /home/tests/partind1.spl /home/temp/partind1.spl.s' (Limited to 50 lines/10000 characters):\nAn error occurred at Line 32, Column 8:\nArgument type mismatch in call of procedure 'p'. Argument 1 is expected to have type 'array [7] of int', but has type 'int'.\n[2024-02-14 15:04:32.082554] Test not passed.\n[2024-02-14 15:04:32.082569] Running Score: 19/26\n\n[2024-02-14 15:04:32.082591] Evaluating partind2.spl with the submitted solution.\n[2024-02-14 15:04:32.525873] Results do not match. Expected Success(0), but got Compiler Failure(114).\n[2024-02-14 15:04:32.525949] Output (stdout + stderr) of 'java -jar /home/solution/java/target/spl.jar /home/tests/partind2.spl /home/temp/partind2.spl.s' (Limited to 50 lines/10000 characters):\nAn error occurred at Line 43, Column 8:\nArgument type mismatch in call of procedure 'p'. Argument 1 is expected to have type 'array [5] of array [7] of int', but has type 'int'.\n[2024-02-14 15:04:32.525989] Test not passed.\n[2024-02-14 15:04:32.526004] Running Score: 19/27\n\n[2024-02-14 15:04:32.526027] Evaluating swap.spl with the submitted solution.\n[2024-02-14 15:04:33.891170] Test subject results match (Success).\n[2024-02-14 15:04:33.895552] Outputs match.\n[2024-02-14 15:04:33.895747] Test passed.\n[2024-02-14 15:04:33.895933] Running Score: 20/28\n\n[2024-02-14 15:04:33.896203] Evaluating test1.spl with the submitted solution.\n[2024-02-14 15:04:35.199421] Test subject results match (Success).\n[2024-02-14 15:04:35.202820] Outputs match.\n[2024-02-14 15:04:35.203054] Test passed.\n[2024-02-14 15:04:35.203222] Running Score: 21/29\n\n[2024-02-14 15:04:35.203575] Evaluating test2.spl with the submitted solution.\n[2024-02-14 15:04:36.490845] Test subject results match (Success).\n[2024-02-14 15:04:36.494317] Outputs match.\n[2024-02-14 15:04:36.494515] Test passed.\n[2024-02-14 15:04:36.494705] Running Score: 22/30\n\n[2024-02-14 15:04:36.494978] Evaluating test3.spl with the submitted solution.\n[2024-02-14 15:04:37.874572] Test subject results match (Success).\n[2024-02-14 15:04:37.879359] Outputs differ. 'diff'-log (Expected output first, Limited to 50 lines/10000 characters):\n4d3\n< 1\n6d4\n< 3\n8d5\n< 5\n10d6\n< 7\n12a9,12\n> 7\n> 5\n> 3\n> 1\n[2024-02-14 15:04:37.881664] Test not passed.\n[2024-02-14 15:04:37.882205] Running Score: 22/31\n\n[2024-02-14 15:04:37.882462] Evaluating test4.spl with the submitted solution.\n[2024-02-14 15:04:39.235841] Test subject results match (Success).\n[2024-02-14 15:04:39.240578] Outputs match.\n[2024-02-14 15:04:39.240839] Test passed.\n[2024-02-14 15:04:39.241032] Running Score: 23/32\n\n[2024-02-14 15:04:39.241337] Evaluating test5.spl with the submitted solution.\n[2024-02-14 15:04:40.589782] Test subject results match (Success).\n[2024-02-14 15:04:40.592254] Outputs match.\n[2024-02-14 15:04:40.592449] Test passed.\n[2024-02-14 15:04:40.592613] Running Score: 24/33\n\n[2024-02-14 15:04:40.592789] Evaluating test7.spl with the submitted solution.\n[2024-02-14 15:04:41.912765] Test subject results match (Success).\n[2024-02-14 15:04:41.915040] Outputs match.\n[2024-02-14 15:04:41.915070] Test passed.\n[2024-02-14 15:04:41.915086] Running Score: 25/34\n\n[2024-02-14 15:04:41.915110] Evaluating test8.spl with the submitted solution.\n[2024-02-14 15:04:43.276920] Test subject results match (Success).\n[2024-02-14 15:04:43.279402] Outputs match.\n[2024-02-14 15:04:43.279599] Test passed.\n[2024-02-14 15:04:43.279819] Running Score: 26/35\n\n[2024-02-14 15:04:43.280033] Evaluating test9.spl with the submitted solution.\n[2024-02-14 15:04:44.598103] Test subject results match (Success).\n[2024-02-14 15:04:44.600628] Outputs match.\n[2024-02-14 15:04:44.600676] Test passed.\n[2024-02-14 15:04:44.600697] Running Score: 27/36\n\n[2024-02-14 15:04:44.600727] Evaluating threedim.spl with the submitted solution.\n[2024-02-14 15:04:45.982086] Test subject results match (Success).\n[2024-02-14 15:04:45.985532] Outputs differ. 'diff'-log (Expected output first, Limited to 50 lines/10000 characters):\n3,33c3\n< 10000\n< 00000\n< 00000\n< 00000\n< 00000\n< \n< 00000\n< 01000\n< 00000\n< 00000\n< 00000\n< \n< 00000\n< 00000\n< 00100\n< 00000\n< 00000\n< \n< 00000\n< 00000\n< 00000\n< 00010\n< 00000\n< \n< 00000\n< 00000\n< 00000\n< 00000\n< 00001\n< \n< SPL/RTS: main() finished\n---\n> SPL/RTS: TLB miss exception\n[2024-02-14 15:04:45.988303] Test not passed.\n[2024-02-14 15:04:45.988329] Running Score: 27/37\n\n[2024-02-14 15:04:45.988642] Evaluating twodim.spl with the submitted solution.\n[2024-02-14 15:04:47.357055] Test subject results match (Success).\n[2024-02-14 15:04:47.360277] Outputs match.\n[2024-02-14 15:04:47.360487] Test passed.\n[2024-02-14 15:04:47.360670] Running Score: 28/38\n\n[2024-02-14 15:04:47.360999] Final score: 28/38 (73%). \n[2024-02-14 15:04:47.361362] 80% are needed to pass.\n[2024-02-14 15:04:57.577656] You have NOT PASSED this assignment.\n[2024-02-14 15:04:57.578072] You can try again. Deadline: 16.02.2024 23:59\n",
        "max_score": 38,
        "passed": false,
        "score": 28
    },
    "id": "d9984027-a92a-4cc4-a906-2a2ebe822978",
    "timestamp_ns": 1707919439421643324,
    "upload_log": "[2024-02-14 15:03:59.215587] Received submission d9984027-a92a-4cc4-a906-2a2ebe822978\n[2024-02-14 15:03:59.216389] Ip: 10.196.117.75\n[2024-02-14 15:03:59.216611] Team members: [('Andryani', 'Linda Septira', '5345375'), ('Kirana', 'Yohanes Ranandika', '5310931')]\n[2024-02-14 15:03:59.421867] Your submission was ACCEPTED for course 'Compilerbau-ws23', assignment 'Aufgabe-2'.\n[2024-02-14 15:03:59.422246] Your submission has the id d9984027-a92a-4cc4-a906-2a2ebe822978.\n[2024-02-14 15:03:59.422794] It will be evaluated shortly. Please check back soon for your results.\n\n"
}
