Identified Python 3.10.12 at /usr/bin/python3.10
[Bootstrap] Identified pip 22.0.2 from /usr/lib/python3/dist-packages/pip (python 3.10)' at /usr/bin/python3.10 -m pip
[Bootstrap] Identified 'pipenv, version 2023.4.29' at /usr/bin/python3.10 -m pipenv
[Bootstrap] Running '/usr/bin/python3.10 -m pipenv install --python 3.10' to ensure the existence of a virtual environment.
[Bootstrap] This may take a moment.
Installing dependencies from Pipfile.lock (df9bb1)...
To activate this project's virtualenv, run pipenv shell.
Alternatively, run a command inside the virtualenv with pipenv run.
[Bootstrap] Running the script in a virtual environment.
/usr/bin/python3.10 -m pipenv run python3 ./main.py
=== Welcome ===
Do you want to subscribe to the results of submission fda8c83b-00a7-4d28-9a21-cb37eadc64cc? [Y/n] Polling for results (Press CTRL + C to abort)...................
=== Evaluation results for submission 'fda8c83b-00a7-4d28-9a21-cb37eadc64cc' retrieved. ===
You achieved the score 29/38 (76%).
You have NOT PASSED this assignment.
Do you want to view the evaluation log now? [Y/n] === BEGIN Evaluation Log
[2024-02-14 15:24:21.729788] Start of evaluation log for submission 'fda8c83b-00a7-4d28-9a21-cb37eadc64cc'.
[2024-02-14 15:24:21.730164] Team member: ('Andryani', 'Linda Septira', '5345375')
[2024-02-14 15:24:21.730381] Team member: ('Kirana', 'Yohanes Ranandika', '5310931')
[2024-02-14 15:24:21.750584] Preparing the sandbox
[2024-02-14 15:24:22.505850] Unpacking submission in sandbox
[2024-02-14 15:24:22.947397] Building the test subject
[2024-02-14 15:24:22.947693] Identified the Java variant.
[2024-02-14 15:24:23.093847] Building Java solution with maven.
[2024-02-14 15:24:34.968554] Maven log:
[INFO] Scanning for projects...
[INFO] 
[INFO] --------------< de.thm.mni.compilerbau.spl-reference:spl >--------------
[INFO] Building spl 0.1
[INFO] --------------------------------[ jar ]---------------------------------
[INFO] 
[INFO] --- jflex-maven-plugin:1.7.0:generate (default) @ spl ---
[INFO]   generated /home/solution/java/target/generated-sources/jflex/de/thm/mni/compilerbau/phases/_01_scanner/Scanner.java
[INFO] 
[INFO] --- cup-maven-plugin:11b-20160615:generate (default) @ spl ---
Warning : Non terminal "EmptyStmt" was declared but never used
Warning : *** Shift/Reduce conflict found in state #94
  between IfStmt ::= IF LPAREN Expr RPAREN Statement (*) 
  and     IfStmt ::= IF LPAREN Expr RPAREN Statement (*) ELSE Statement 
  under symbol ELSE
  Resolved in favor of shifting.

[INFO]   generated /home/solution/java/target/generated-sources/cup/de/thm/mni/compilerbau/phases/_02_03_parser/Parser.java
[INFO]   generated /home/solution/java/target/generated-sources/cup/de/thm/mni/compilerbau/phases/_02_03_parser/Sym.java
[INFO] 
[INFO] --- maven-resources-plugin:2.6:resources (default-resources) @ spl ---
[INFO] Using 'UTF-8' encoding to copy filtered resources.
[INFO] skip non existing resourceDirectory /home/solution/java/src/main/resources
[INFO] 
[INFO] --- maven-compiler-plugin:3.10.1:compile (default-compile) @ spl ---
[INFO] Changes detected - recompiling the module!
[INFO] Compiling 57 source files to /home/solution/java/target/classes
[INFO] /home/solution/java/target/generated-sources/jflex/de/thm/mni/compilerbau/phases/_01_scanner/Scanner.java: /home/solution/java/target/generated-sources/jflex/de/thm/mni/compilerbau/phases/_01_scanner/Scanner.java uses or overrides a deprecated API that is marked for removal.
[INFO] /home/solution/java/target/generated-sources/jflex/de/thm/mni/compilerbau/phases/_01_scanner/Scanner.java: Recompile with -Xlint:removal for details.
[INFO] /home/solution/java/target/generated-sources/cup/de/thm/mni/compilerbau/phases/_02_03_parser/Parser.java: /home/solution/java/target/generated-sources/cup/de/thm/mni/compilerbau/phases/_02_03_parser/Parser.java uses unchecked or unsafe operations.
[INFO] /home/solution/java/target/generated-sources/cup/de/thm/mni/compilerbau/phases/_02_03_parser/Parser.java: Recompile with -Xlint:unchecked for details.
[INFO] 
[INFO] --- maven-resources-plugin:2.6:testResources (default-testResources) @ spl ---
[INFO] Using 'UTF-8' encoding to copy filtered resources.
[INFO] skip non existing resourceDirectory /home/solution/java/src/test/resources
[INFO] 
[INFO] --- maven-compiler-plugin:3.10.1:testCompile (default-testCompile) @ spl ---
[INFO] No sources to compile
[INFO] 
[INFO] --- maven-surefire-plugin:2.12.4:test (default-test) @ spl ---
[INFO] No tests to run.
[INFO] 
[INFO] --- maven-jar-plugin:2.4:jar (default-jar) @ spl ---
[INFO] Building jar: /home/solution/java/target/spl.jar
[INFO] 
[INFO] --- maven-shade-plugin:3.1.0:shade (default) @ spl ---
[INFO] Including com.github.vbmacher:java-cup-runtime:jar:11b-20160615 in the shaded jar.
[INFO] Replacing original artifact with shaded artifact.
[INFO] Replacing /home/solution/java/target/spl.jar with /home/solution/java/target/spl-0.1-shaded.jar
[INFO] Dependency-reduced POM written at: /home/solution/java/dependency-reduced-pom.xml
[INFO] ------------------------------------------------------------------------
[INFO] BUILD SUCCESS
[INFO] ------------------------------------------------------------------------
[INFO] Total time:  9.007 s
[INFO] Finished at: 2024-02-14T14:24:34Z
[INFO] ------------------------------------------------------------------------
[2024-02-14 15:24:35.132151] Beginning evaluation.
[2024-02-14 15:24:35.132380] Evaluating 101_undefined_procedure.spl with the submitted solution.
[2024-02-14 15:24:35.576209] Test subject results match (Compiler Failure).
[2024-02-14 15:24:35.576248] Exit code matches the expected exit code (101).
[2024-02-14 15:24:35.576271] Test passed.
[2024-02-14 15:24:35.576286] Running Score: 1/1

[2024-02-14 15:24:35.576309] Evaluating 101_undefined_type.spl with the submitted solution.
[2024-02-14 15:24:35.968048] Test subject results match (Compiler Failure).
[2024-02-14 15:24:35.968084] Exit code matches the expected exit code (101).
[2024-02-14 15:24:35.968106] Test passed.
[2024-02-14 15:24:35.968121] Running Score: 2/2

[2024-02-14 15:24:35.968144] Evaluating 101_undefined_variable.spl with the submitted solution.
[2024-02-14 15:24:36.378363] Test subject results match (Compiler Failure).
[2024-02-14 15:24:36.378403] Exit code matches the expected exit code (101).
[2024-02-14 15:24:36.378425] Test passed.
[2024-02-14 15:24:36.378440] Running Score: 3/3

[2024-02-14 15:24:36.378462] Evaluating 102_not_a_type.spl with the submitted solution.
[2024-02-14 15:24:36.771942] Test subject results match (Compiler Failure).
[2024-02-14 15:24:36.771976] Exit codes do not match. Expected '102', but got '101'.
[2024-02-14 15:24:36.772016] Output (stdout + stderr) of 'java -jar /home/solution/java/target/spl.jar /home/tests/102_not_a_type.spl /home/temp/102_not_a_type.spl.s' (Limited to 50 lines/10000 characters):
An error occurred at Line 2, Column 10:
Identifier 'A' is not defined.
[2024-02-14 15:24:36.772057] Test not passed.
[2024-02-14 15:24:36.772072] Running Score: 3/4

[2024-02-14 15:24:36.772095] Evaluating 103_redefinition_as_parameter.spl with the submitted solution.
[2024-02-14 15:24:37.171899] Test subject results match (Compiler Failure).
[2024-02-14 15:24:37.171936] Exit code matches the expected exit code (103).
[2024-02-14 15:24:37.171958] Test passed.
[2024-02-14 15:24:37.171973] Running Score: 4/5

[2024-02-14 15:24:37.171996] Evaluating 103_redefinition_as_procedure.spl with the submitted solution.
[2024-02-14 15:24:37.565092] Test subject results match (Compiler Failure).
[2024-02-14 15:24:37.565145] Exit code matches the expected exit code (103).
[2024-02-14 15:24:37.565172] Test passed.
[2024-02-14 15:24:37.565190] Running Score: 5/6

[2024-02-14 15:24:37.565218] Evaluating 103_redefinition_as_type.spl with the submitted solution.
[2024-02-14 15:24:37.957278] Test subject results match (Compiler Failure).
[2024-02-14 15:24:37.957318] Exit code matches the expected exit code (103).
[2024-02-14 15:24:37.957340] Test passed.
[2024-02-14 15:24:37.957355] Running Score: 6/7

[2024-02-14 15:24:37.957378] Evaluating 103_redefinition_as_variable.spl with the submitted solution.
[2024-02-14 15:24:38.368427] Test subject results match (Compiler Failure).
[2024-02-14 15:24:38.368469] Exit code matches the expected exit code (103).
[2024-02-14 15:24:38.368492] Test passed.
[2024-02-14 15:24:38.368507] Running Score: 7/8

[2024-02-14 15:24:38.368531] Evaluating 104_must_be_reference_parameter.spl with the submitted solution.
[2024-02-14 15:24:38.772899] Test subject results match (Compiler Failure).
[2024-02-14 15:24:38.772935] Exit code matches the expected exit code (104).
[2024-02-14 15:24:38.772957] Test passed.
[2024-02-14 15:24:38.772972] Running Score: 8/9

[2024-02-14 15:24:38.772996] Evaluating 113_call_of_non_procedure.spl with the submitted solution.
[2024-02-14 15:24:39.198584] Test subject results match (Compiler Failure).
[2024-02-14 15:24:39.198618] Exit code matches the expected exit code (113).
[2024-02-14 15:24:39.198641] Test passed.
[2024-02-14 15:24:39.198657] Running Score: 9/10

[2024-02-14 15:24:39.198681] Evaluating 114_argument_type_mismatch.spl with the submitted solution.
[2024-02-14 15:24:39.630448] Test subject results match (Compiler Failure).
[2024-02-14 15:24:39.630488] Exit code matches the expected exit code (114).
[2024-02-14 15:24:39.630511] Test passed.
[2024-02-14 15:24:39.630526] Running Score: 10/11

[2024-02-14 15:24:39.630550] Evaluating 115_argument_must_be_variable.spl with the submitted solution.
[2024-02-14 15:24:40.052823] Test subject results match (Compiler Failure).
[2024-02-14 15:24:40.052863] Exit code matches the expected exit code (115).
[2024-02-14 15:24:40.052885] Test passed.
[2024-02-14 15:24:40.052899] Running Score: 11/12

[2024-02-14 15:24:40.052922] Evaluating 116_procedure_too_few_arguments.spl with the submitted solution.
[2024-02-14 15:24:40.478450] Test subject results match (Compiler Failure).
[2024-02-14 15:24:40.478491] Exit code matches the expected exit code (116).
[2024-02-14 15:24:40.478525] Test passed.
[2024-02-14 15:24:40.478557] Running Score: 12/13

[2024-02-14 15:24:40.478589] Evaluating 116_procedure_too_many_arguments.spl with the submitted solution.
[2024-02-14 15:24:40.904721] Test subject results match (Compiler Failure).
[2024-02-14 15:24:40.904761] Exit code matches the expected exit code (116).
[2024-02-14 15:24:40.904796] Test passed.
[2024-02-14 15:24:40.904822] Running Score: 13/14

[2024-02-14 15:24:40.904846] Evaluating 122_not_a_variable.spl with the submitted solution.
[2024-02-14 15:24:41.288064] Submission exited with exit code 1, which is not allowed. Allowed: [0, 99, 140, 100, 101, 102, 103, 104, 105, 106, 107, 108, 109, 110, 111, 112, 113, 114, 115, 116, 117, 118, 119, 120, 121, 122, 123, 124, 125, 126, 127]
[2024-02-14 15:24:41.288113] Output (stdout + stderr) of 'java -jar /home/solution/java/target/spl.jar /home/tests/122_not_a_variable.spl /home/temp/122_not_a_variable.spl.s' (Limited to 50 lines/10000 characters):
An error occurred: class de.thm.mni.compilerbau.table.ProcedureEntry cannot be cast to class de.thm.mni.compilerbau.table.VariableEntry (de.thm.mni.compilerbau.table.ProcedureEntry and de.thm.mni.compilerbau.table.VariableEntry are in unnamed module of loader 'app')
java.lang.ClassCastException: class de.thm.mni.compilerbau.table.ProcedureEntry cannot be cast to class de.thm.mni.compilerbau.table.VariableEntry (de.thm.mni.compilerbau.table.ProcedureEntry and de.thm.mni.compilerbau.table.VariableEntry are in unnamed module of loader 'app')
	at de.thm.mni.compilerbau.phases._04b_semant.ProcedureBodyChecker.checkStatement(ProcedureBodyChecker.java:109)
	at de.thm.mni.compilerbau.phases._04b_semant.ProcedureBodyChecker.checkStatement(ProcedureBodyChecker.java:78)
	at de.thm.mni.compilerbau.phases._04b_semant.ProcedureBodyChecker.checkProcedures(ProcedureBodyChecker.java:64)
	at de.thm.mni.compilerbau.Main.main(Main.java:85)
[2024-02-14 15:24:41.288188] Test not passed.
[2024-02-14 15:24:41.288204] Running Score: 13/15

[2024-02-14 15:24:41.288228] Evaluating 123_indexing_non_array.spl with the submitted solution.
[2024-02-14 15:24:41.756387] Submission exited with exit code 1, which is not allowed. Allowed: [0, 99, 140, 100, 101, 102, 103, 104, 105, 106, 107, 108, 109, 110, 111, 112, 113, 114, 115, 116, 117, 118, 119, 120, 121, 122, 123, 124, 125, 126, 127]
[2024-02-14 15:24:41.756435] Output (stdout + stderr) of 'java -jar /home/solution/java/target/spl.jar /home/tests/123_indexing_non_array.spl /home/temp/123_indexing_non_array.spl.s' (Limited to 50 lines/10000 characters):
An error occurred: class de.thm.mni.compilerbau.types.PrimitiveType cannot be cast to class de.thm.mni.compilerbau.types.ArrayType (de.thm.mni.compilerbau.types.PrimitiveType and de.thm.mni.compilerbau.types.ArrayType are in unnamed module of loader 'app')
java.lang.ClassCastException: class de.thm.mni.compilerbau.types.PrimitiveType cannot be cast to class de.thm.mni.compilerbau.types.ArrayType (de.thm.mni.compilerbau.types.PrimitiveType and de.thm.mni.compilerbau.types.ArrayType are in unnamed module of loader 'app')
	at de.thm.mni.compilerbau.phases._06_codegen.CodeGenerator.genStatement(CodeGenerator.java:114)
	at de.thm.mni.compilerbau.phases._06_codegen.CodeGenerator.generateCode(CodeGenerator.java:59)
	at de.thm.mni.compilerbau.Main.main(Main.java:95)
[2024-02-14 15:24:41.756520] Test not passed.
[2024-02-14 15:24:41.756544] Running Score: 13/16

[2024-02-14 15:24:41.756573] Evaluating 124_indexing_with_non_integer.spl with the submitted solution.
[2024-02-14 15:24:43.530619] Results do not match. Expected Compiler Failure(124), but got Success(0).
[2024-02-14 15:24:43.530768] Output (stdout) of 'xvfb-run -a /home/tools/sim -x -l /home/temp/124_indexing_with_non_integer.spl.bin -s 1 -t 0' (Limited to 50 lines/10000 characters):
SPL/RTS: main() started

SPL/RTS: index out of bounds
[2024-02-14 15:24:43.530961] Test not passed.
[2024-02-14 15:24:43.530983] Running Score: 13/17

[2024-02-14 15:24:43.531007] Evaluating 126_main_not_a_procedure.spl with the submitted solution.
[2024-02-14 15:24:43.952014] Test subject results match (Compiler Failure).
[2024-02-14 15:24:43.952049] Exit code matches the expected exit code (126).
[2024-02-14 15:24:43.952072] Test passed.
[2024-02-14 15:24:43.952088] Running Score: 14/18

[2024-02-14 15:24:43.952121] Evaluating 127_main_must_not_have_parameters.spl with the submitted solution.
[2024-02-14 15:24:44.312710] Test subject results match (Compiler Failure).
[2024-02-14 15:24:44.312745] Exit code matches the expected exit code (127).
[2024-02-14 15:24:44.312767] Test passed.
[2024-02-14 15:24:44.312782] Running Score: 15/19

[2024-02-14 15:24:44.312805] Evaluating acker.spl with the submitted solution.
[2024-02-14 15:24:46.005632] Test subject results match (Success).
[2024-02-14 15:24:46.009334] Outputs match.
[2024-02-14 15:24:46.009547] Test passed.
[2024-02-14 15:24:46.009739] Running Score: 16/20

[2024-02-14 15:24:46.010141] Evaluating bigtest.spl with the submitted solution.
[2024-02-14 15:24:46.853390] Submission exited with exit code 1, which is not allowed. Allowed: [0, 99, 140, 100, 101, 102, 103, 104, 105, 106, 107, 108, 109, 110, 111, 112, 113, 114, 115, 116, 117, 118, 119, 120, 121, 122, 123, 124, 125, 126, 127]
[2024-02-14 15:24:46.853647] Output (stdout + stderr) of 'java -jar /home/solution/java/target/spl.jar /home/tests/bigtest.spl /home/temp/bigtest.spl.s' (Limited to 50 lines/10000 characters):
Exception in thread "main" java.lang.StackOverflowError
	at de.thm.mni.compilerbau.phases._06_codegen.CodeGenerator.genStatement(CodeGenerator.java:82)
	at de.thm.mni.compilerbau.phases._06_codegen.CodeGenerator.genStatement(CodeGenerator.java:185)
	at de.thm.mni.compilerbau.phases._06_codegen.CodeGenerator.genStatement(CodeGenerator.java:185)
	at de.thm.mni.compilerbau.phases._06_codegen.CodeGenerator.genStatement(CodeGenerator.java:185)
	at de.thm.mni.compilerbau.phases._06_codegen.CodeGenerator.genStatement(CodeGenerator.java:185)
	at de.thm.mni.compilerbau.phases._06_codegen.CodeGenerator.genStatement(CodeGenerator.java:185)
	at de.thm.mni.compilerbau.phases._06_codegen.CodeGenerator.genStatement(CodeGenerator.java:185)
	at de.thm.mni.compilerbau.phases._06_codegen.CodeGenerator.genStatement(CodeGenerator.java:185)
	at de.thm.mni.compilerbau.phases._06_codegen.CodeGenerator.genStatement(CodeGenerator.java:185)
	at de.thm.mni.compilerbau.phases._06_codegen.CodeGenerator.genStatement(CodeGenerator.java:185)
	at de.thm.mni.compilerbau.phases._06_codegen.CodeGenerator.genStatement(CodeGenerator.java:185)
	at de.thm.mni.compilerbau.phases._06_codegen.CodeGenerator.genStatement(CodeGenerator.java:185)
	at de.thm.mni.compilerbau.phases._06_codegen.CodeGenerator.genStatement(CodeGenerator.java:185)
	at de.thm.mni.compilerbau.phases._06_codegen.CodeGenerator.genStatement(CodeGenerator.java:185)
	at de.thm.mni.compilerbau.phases._06_codegen.CodeGenerator.genStatement(CodeGenerator.java:185)
	at de.thm.mni.compilerbau.phases._06_codegen.CodeGenerator.genStatement(CodeGenerator.java:185)
	at de.thm.mni.compilerbau.phases._06_codegen.CodeGenerator.genStatement(CodeGenerator.java:185)
	at de.thm.mni.compilerbau.phases._06_codegen.CodeGenerator.genStatement(CodeGenerator.java:185)
	at de.thm.mni.compilerbau.phases._06_codegen.CodeGenerator.genStatement(CodeGenerator.java:185)
	at de.thm.mni.compilerbau.phases._06_codegen.CodeGenerator.genStatement(CodeGenerator.java:185)
	at de.thm.mni.compilerbau.phases._06_codegen.CodeGenerator.genStatement(CodeGenerator.java:185)
	at de.thm.mni.compilerbau.phases._06_codegen.CodeGenerator.genStatement(CodeGenerator.java:185)
	at de.thm.mni.compilerbau.phases._06_codegen.CodeGenerator.genStatement(CodeGenerator.java:185)
	at de.thm.mni.compilerbau.phases._06_codegen.CodeGenerator.genStatement(CodeGenerator.java:185)
	at de.thm.mni.compilerbau.phases._06_codegen.CodeGenerator.genStatement(CodeGenerator.java:185)
	at de.thm.mni.compilerbau.phases._06_codegen.CodeGenerator.genStatement(CodeGenerator.java:185)
	at de.thm.mni.compilerbau.phases._06_codegen.CodeGenerator.genStatement(CodeGenerator.java:185)
	at de.thm.mni.compilerbau.phases._06_codegen.CodeGenerator.genStatement(CodeGenerator.java:185)
	at de.thm.mni.compilerbau.phases._06_codegen.CodeGenerator.genStatement(CodeGenerator.java:185)
	at de.thm.mni.compilerbau.phases._06_codegen.CodeGenerator.genStatement(CodeGenerator.java:185)
	at de.thm.mni.compilerbau.phases._06_codegen.CodeGenerator.genStatement(CodeGenerator.java:185)
	at de.thm.mni.compilerbau.phases._06_codegen.CodeGenerator.genStatement(CodeGenerator.java:185)
	at de.thm.mni.compilerbau.phases._06_codegen.CodeGenerator.genStatement(CodeGenerator.java:185)
	at de.thm.mni.compilerbau.phases._06_codegen.CodeGenerator.genStatement(CodeGenerator.java:185)
	at de.thm.mni.compilerbau.phases._06_codegen.CodeGenerator.genStatement(CodeGenerator.java:185)
	at de.thm.mni.compilerbau.phases._06_codegen.CodeGenerator.genStatement(CodeGenerator.java:185)
	at de.thm.mni.compilerbau.phases._06_codegen.CodeGenerator.genStatement(CodeGenerator.java:185)
	at de.thm.mni.compilerbau.phases._06_codegen.CodeGenerator.genStatement(CodeGenerator.java:185)
	at de.thm.mni.compilerbau.phases._06_codegen.CodeGenerator.genStatement(CodeGenerator.java:185)
	at de.thm.mni.compilerbau.phases._06_codegen.CodeGenerator.genStatement(CodeGenerator.java:185)
	at de.thm.mni.compilerbau.phases._06_codegen.CodeGenerator.genStatement(CodeGenerator.java:185)
	at de.thm.mni.compilerbau.phases._06_codegen.CodeGenerator.genStatement(CodeGenerator.java:185)
	at de.thm.mni.compilerbau.phases._06_codegen.CodeGenerator.genStatement(CodeGenerator.java:185)
	at de.thm.mni.compilerbau.phases._06_codegen.CodeGenerator.genStatement(CodeGenerator.java:185)
	at de.thm.mni.compilerbau.phases._06_codegen.CodeGenerator.genStatement(CodeGenerator.java:185)
	at de.thm.mni.compilerbau.phases._06_codegen.CodeGenerator.genStatement(CodeGenerator.java:185)
	at de.thm.mni.compilerbau.phases._06_codegen.CodeGenerator.genStatement(CodeGenerator.java:185)
	at de.thm.mni.compilerbau.phases._06_codegen.CodeGenerator.genStatement(CodeGenerator.java:185)
	at de.thm.mni.compilerbau.phases._06_codegen.CodeGenerator.genStatement(CodeGenerator.java:185)
[2024-02-14 15:24:46.854089] Test not passed.
[2024-02-14 15:24:46.854105] Running Score: 16/21

[2024-02-14 15:24:46.854128] Evaluating bits.spl with the submitted solution.
[2024-02-14 15:24:48.202421] Test subject results match (Success).
[2024-02-14 15:24:48.205840] Outputs match.
[2024-02-14 15:24:48.206161] Test passed.
[2024-02-14 15:24:48.206369] Running Score: 17/22

[2024-02-14 15:24:48.206558] Evaluating gcd.spl with the submitted solution.
[2024-02-14 15:24:49.537176] Test subject results match (Success).
[2024-02-14 15:24:49.540491] Outputs match.
[2024-02-14 15:24:49.540709] Test passed.
[2024-02-14 15:24:49.540917] Running Score: 18/23

[2024-02-14 15:24:49.541213] Evaluating inttest.spl with the submitted solution.
[2024-02-14 15:24:50.901838] Test subject results match (Success).
[2024-02-14 15:24:50.904696] Outputs match.
[2024-02-14 15:24:50.904923] Test passed.
[2024-02-14 15:24:50.905175] Running Score: 19/24

[2024-02-14 15:24:50.905502] Evaluating multiply.spl with the submitted solution.
[2024-02-14 15:24:52.310581] Test subject results match (Success).
[2024-02-14 15:24:52.312754] Outputs match.
[2024-02-14 15:24:52.312789] Test passed.
[2024-02-14 15:24:52.312806] Running Score: 20/25

[2024-02-14 15:24:52.312839] Evaluating partind1.spl with the submitted solution.
[2024-02-14 15:24:52.758230] Results do not match. Expected Success(0), but got Compiler Failure(114).
[2024-02-14 15:24:52.758279] Output (stdout + stderr) of 'java -jar /home/solution/java/target/spl.jar /home/tests/partind1.spl /home/temp/partind1.spl.s' (Limited to 50 lines/10000 characters):
An error occurred at Line 32, Column 8:
Argument type mismatch in call of procedure 'p'. Argument 1 is expected to have type 'array [7] of int', but has type 'int'.
[2024-02-14 15:24:52.758316] Test not passed.
[2024-02-14 15:24:52.758332] Running Score: 20/26

[2024-02-14 15:24:52.758355] Evaluating partind2.spl with the submitted solution.
[2024-02-14 15:24:53.194462] Results do not match. Expected Success(0), but got Compiler Failure(114).
[2024-02-14 15:24:53.194508] Output (stdout + stderr) of 'java -jar /home/solution/java/target/spl.jar /home/tests/partind2.spl /home/temp/partind2.spl.s' (Limited to 50 lines/10000 characters):
An error occurred at Line 43, Column 8:
Argument type mismatch in call of procedure 'p'. Argument 1 is expected to have type 'array [5] of array [7] of int', but has type 'int'.
[2024-02-14 15:24:53.194546] Test not passed.
[2024-02-14 15:24:53.194562] Running Score: 20/27

[2024-02-14 15:24:53.194589] Evaluating swap.spl with the submitted solution.
[2024-02-14 15:24:54.558536] Test subject results match (Success).
[2024-02-14 15:24:54.565938] Outputs match.
[2024-02-14 15:24:54.565977] Test passed.
[2024-02-14 15:24:54.565993] Running Score: 21/28

[2024-02-14 15:24:54.566178] Evaluating test1.spl with the submitted solution.
[2024-02-14 15:24:55.914470] Test subject results match (Success).
[2024-02-14 15:24:55.919025] Outputs match.
[2024-02-14 15:24:55.919227] Test passed.
[2024-02-14 15:24:55.919456] Running Score: 22/29

[2024-02-14 15:24:55.919735] Evaluating test2.spl with the submitted solution.
[2024-02-14 15:24:57.222717] Test subject results match (Success).
[2024-02-14 15:24:57.225419] Outputs match.
[2024-02-14 15:24:57.225627] Test passed.
[2024-02-14 15:24:57.225862] Running Score: 23/30

[2024-02-14 15:24:57.226211] Evaluating test3.spl with the submitted solution.
[2024-02-14 15:24:58.630611] Test subject results match (Success).
[2024-02-14 15:24:58.634136] Outputs differ. 'diff'-log (Expected output first, Limited to 50 lines/10000 characters):
4d3
< 1
6d4
< 3
8d5
< 5
10d6
< 7
12a9,12
> 7
> 5
> 3
> 1
[2024-02-14 15:24:58.636457] Test not passed.
[2024-02-14 15:24:58.636630] Running Score: 23/31

[2024-02-14 15:24:58.636685] Evaluating test4.spl with the submitted solution.
[2024-02-14 15:24:59.998647] Test subject results match (Success).
[2024-02-14 15:25:00.000948] Outputs match.
[2024-02-14 15:25:00.003119] Test passed.
[2024-02-14 15:25:00.003150] Running Score: 24/32

[2024-02-14 15:25:00.003179] Evaluating test5.spl with the submitted solution.
[2024-02-14 15:25:01.384523] Test subject results match (Success).
[2024-02-14 15:25:01.387932] Outputs match.
[2024-02-14 15:25:01.388156] Test passed.
[2024-02-14 15:25:01.388342] Running Score: 25/33

[2024-02-14 15:25:01.388575] Evaluating test7.spl with the submitted solution.
[2024-02-14 15:25:02.743998] Test subject results match (Success).
[2024-02-14 15:25:02.748368] Outputs match.
[2024-02-14 15:25:02.748398] Test passed.
[2024-02-14 15:25:02.748415] Running Score: 26/34

[2024-02-14 15:25:02.748439] Evaluating test8.spl with the submitted solution.
[2024-02-14 15:25:04.139800] Test subject results match (Success).
[2024-02-14 15:25:04.145271] Outputs match.
[2024-02-14 15:25:04.145464] Test passed.
[2024-02-14 15:25:04.145653] Running Score: 27/35

[2024-02-14 15:25:04.145839] Evaluating test9.spl with the submitted solution.
[2024-02-14 15:25:05.469766] Test subject results match (Success).
[2024-02-14 15:25:05.472591] Outputs match.
[2024-02-14 15:25:05.472802] Test passed.
[2024-02-14 15:25:05.473017] Running Score: 28/36

[2024-02-14 15:25:05.473195] Evaluating threedim.spl with the submitted solution.
[2024-02-14 15:25:06.829858] Test subject results match (Success).
[2024-02-14 15:25:06.833050] Outputs differ. 'diff'-log (Expected output first, Limited to 50 lines/10000 characters):
3,33c3
< 10000
< 00000
< 00000
< 00000
< 00000
< 
< 00000
< 01000
< 00000
< 00000
< 00000
< 
< 00000
< 00000
< 00100
< 00000
< 00000
< 
< 00000
< 00000
< 00000
< 00010
< 00000
< 
< 00000
< 00000
< 00000
< 00000
< 00001
< 
< SPL/RTS: main() finished
---
> SPL/RTS: TLB miss exception
[2024-02-14 15:25:06.833258] Test not passed.
[2024-02-14 15:25:06.833274] Running Score: 28/37

[2024-02-14 15:25:06.833511] Evaluating twodim.spl with the submitted solution.
[2024-02-14 15:25:08.210593] Test subject results match (Success).
[2024-02-14 15:25:08.215219] Outputs match.
[2024-02-14 15:25:08.215264] Test passed.
[2024-02-14 15:25:08.215282] Running Score: 29/38

[2024-02-14 15:25:08.215327] Final score: 29/38 (76%). 
[2024-02-14 15:25:08.215527] 80% are needed to pass.
[2024-02-14 15:25:18.437668] You have NOT PASSED this assignment.
[2024-02-14 15:25:18.437989] You can try again. Deadline: 16.02.2024 23:59

=== END Evaluation Log
NOTE: This evaluation log is also available at '/home/yranandika/Documents/Semester7/Compilerbau/cb-wise-2324/Skeleton Java/.submitscript/data/assignments/Aufgabe-2/submissions/[evaluated] fda8c83b-00a7-4d28-9a21-cb37eadc64cc/evaluation.log'
Please review the currently saved information about your team:
 1 - First name: Linda Septira; Last name: Andryani; Matriculation number: 5345375
 2 - First name: Yohanes Ranandika; Last name: Kirana; Matriculation number: 5310931
Is this information up to date? [Y/n] 
Do you want to submit a solution now? [Y/n] 
=== Submitting ===
Please choose the assignment you want to submit. 
 1 - Aufgabe-1
 2 - Aufgabe-2
Please enter the id of your selection: 

Selected variant 'Java SPL Compiler' for assignment 'Aufgabe-2'.
=== Building submission ===
Running 'mvn clean compile'.
=== Building submission finished ===
Building your solution failed!
Do you want to view the build log? [Y/n] === BEGIN Build Log ===
[[1;34mINFO[m] Scanning for projects...
[[1;34mINFO[m] 
[[1;34mINFO[m] [1m--------------< [0;36mde.thm.mni.compilerbau.spl-reference:spl[0;1m >--------------[m
[[1;34mINFO[m] [1mBuilding spl 0.1[m
[[1;34mINFO[m] [1m--------------------------------[ jar ]---------------------------------[m
[[1;34mINFO[m] 
[[1;34mINFO[m] [1m--- [0;32mmaven-clean-plugin:2.5:clean[m [1m(default-clean)[m @ [36mspl[0;1m ---[m
[[1;34mINFO[m] Deleting /tmp/tmpllz43r0w/java/target
[[1;34mINFO[m] 
[[1;34mINFO[m] [1m--- [0;32mjflex-maven-plugin:1.7.0:generate[m [1m(default)[m @ [36mspl[0;1m ---[m
[[1;34mINFO[m]   generated /tmp/tmpllz43r0w/java/target/generated-sources/jflex/de/thm/mni/compilerbau/phases/_01_scanner/Scanner.java
[[1;34mINFO[m] 
[[1;34mINFO[m] [1m--- [0;32mcup-maven-plugin:11b-20160615:generate[m [1m(default)[m @ [36mspl[0;1m ---[m
Warning : Non terminal "EmptyStmt" was declared but never used
Warning : *** Shift/Reduce conflict found in state #94
  between IfStmt ::= IF LPAREN Expr RPAREN Statement (*) 
  and     IfStmt ::= IF LPAREN Expr RPAREN Statement (*) ELSE Statement 
  under symbol ELSE
  Resolved in favor of shifting.

[[1;34mINFO[m]   generated /tmp/tmpllz43r0w/java/target/generated-sources/cup/de/thm/mni/compilerbau/phases/_02_03_parser/Parser.java
[[1;34mINFO[m]   generated /tmp/tmpllz43r0w/java/target/generated-sources/cup/de/thm/mni/compilerbau/phases/_02_03_parser/Sym.java
[[1;34mINFO[m] 
[[1;34mINFO[m] [1m--- [0;32mmaven-resources-plugin:2.6:resources[m [1m(default-resources)[m @ [36mspl[0;1m ---[m
[[1;34mINFO[m] Using 'UTF-8' encoding to copy filtered resources.
[[1;34mINFO[m] skip non existing resourceDirectory /tmp/tmpllz43r0w/java/src/main/resources
[[1;34mINFO[m] 
[[1;34mINFO[m] [1m--- [0;32mmaven-compiler-plugin:3.10.1:compile[m [1m(default-compile)[m @ [36mspl[0;1m ---[m
[[1;34mINFO[m] Changes detected - recompiling the module!
[[1;34mINFO[m] Compiling 57 source files to /tmp/tmpllz43r0w/java/target/classes
[[1;34mINFO[m] [1m------------------------------------------------------------------------[m
[[1;34mINFO[m] [1;31mBUILD FAILURE[m
[[1;34mINFO[m] [1m------------------------------------------------------------------------[m
[[1;34mINFO[m] Total time:  0.887 s
[[1;34mINFO[m] Finished at: 2024-02-14T15:44:06+01:00
[[1;34mINFO[m] [1m------------------------------------------------------------------------[m
[[1;31mERROR[m] Failed to execute goal [32morg.apache.maven.plugins:maven-compiler-plugin:3.10.1:compile[m [1m(default-compile)[m on project [36mspl[m: [1;31mFatal error compiling[m: error: invalid target release: 21 -> [1m[Help 1][m
[[1;31mERROR[m] 
[[1;31mERROR[m] To see the full stack trace of the errors, re-run Maven with the [1m-e[m switch.
[[1;31mERROR[m] Re-run Maven using the [1m-X[m switch to enable full debug logging.
[[1;31mERROR[m] 
[[1;31mERROR[m] For more information about the errors and possible solutions, please read the following articles:
[[1;31mERROR[m] [1m[Help 1][m http://cwiki.apache.org/confluence/display/MAVEN/MojoExecutionException
=== END Build Log ===
Do you want to submit your solution anyway, despite the failing build? [y/N] === Cleaning directory for submission ===
=== Cleaning directory finished ===
=== Starting Upload ===
=== Upload finished ===
=== BEGIN Upload Log
[2024-02-14 15:44:09.978630] Received submission 75cf41b2-e3f3-4b1d-8c26-d235a1ddb8b2
[2024-02-14 15:44:09.979461] Ip: 10.196.117.75
[2024-02-14 15:44:09.979702] Team members: [('Andryani', 'Linda Septira', '5345375'), ('Kirana', 'Yohanes Ranandika', '5310931')]
[2024-02-14 15:44:10.169579] Your submission was ACCEPTED for course 'Compilerbau-ws23', assignment 'Aufgabe-2'.
[2024-02-14 15:44:10.169914] Your submission has the id 75cf41b2-e3f3-4b1d-8c26-d235a1ddb8b2.
[2024-02-14 15:44:10.170458] It will be evaluated shortly. Please check back soon for your results.

=== END Upload Log
Successfully submitted your solution. Please see the upload log above for more details.
Polling for results (Press CTRL + C to abort)......................................................
=== Evaluation results for submission '75cf41b2-e3f3-4b1d-8c26-d235a1ddb8b2' retrieved. ===
You achieved the score 29/38 (76%).
You have NOT PASSED this assignment.
Do you want to view the evaluation log now? [Y/n] === BEGIN Evaluation Log
[2024-02-14 15:44:10.171503] Start of evaluation log for submission '75cf41b2-e3f3-4b1d-8c26-d235a1ddb8b2'.
[2024-02-14 15:44:10.171823] Team member: ('Andryani', 'Linda Septira', '5345375')
[2024-02-14 15:44:10.172019] Team member: ('Kirana', 'Yohanes Ranandika', '5310931')
[2024-02-14 15:44:10.190238] Preparing the sandbox
[2024-02-14 15:44:11.010144] Unpacking submission in sandbox
[2024-02-14 15:44:11.495774] Building the test subject
[2024-02-14 15:44:11.496053] Identified the Java variant.
[2024-02-14 15:44:11.646031] Building Java solution with maven.
[2024-02-14 15:44:24.152952] Maven log:
[INFO] Scanning for projects...
[INFO] 
[INFO] --------------< de.thm.mni.compilerbau.spl-reference:spl >--------------
[INFO] Building spl 0.1
[INFO] --------------------------------[ jar ]---------------------------------
[INFO] 
[INFO] --- jflex-maven-plugin:1.7.0:generate (default) @ spl ---
[INFO]   generated /home/solution/java/target/generated-sources/jflex/de/thm/mni/compilerbau/phases/_01_scanner/Scanner.java
[INFO] 
[INFO] --- cup-maven-plugin:11b-20160615:generate (default) @ spl ---
Warning : Non terminal "EmptyStmt" was declared but never used
Warning : *** Shift/Reduce conflict found in state #94
  between IfStmt ::= IF LPAREN Expr RPAREN Statement (*) 
  and     IfStmt ::= IF LPAREN Expr RPAREN Statement (*) ELSE Statement 
  under symbol ELSE
  Resolved in favor of shifting.

[INFO]   generated /home/solution/java/target/generated-sources/cup/de/thm/mni/compilerbau/phases/_02_03_parser/Parser.java
[INFO]   generated /home/solution/java/target/generated-sources/cup/de/thm/mni/compilerbau/phases/_02_03_parser/Sym.java
[INFO] 
[INFO] --- maven-resources-plugin:2.6:resources (default-resources) @ spl ---
[INFO] Using 'UTF-8' encoding to copy filtered resources.
[INFO] skip non existing resourceDirectory /home/solution/java/src/main/resources
[INFO] 
[INFO] --- maven-compiler-plugin:3.10.1:compile (default-compile) @ spl ---
[INFO] Changes detected - recompiling the module!
[INFO] Compiling 57 source files to /home/solution/java/target/classes
[INFO] /home/solution/java/target/generated-sources/jflex/de/thm/mni/compilerbau/phases/_01_scanner/Scanner.java: /home/solution/java/target/generated-sources/jflex/de/thm/mni/compilerbau/phases/_01_scanner/Scanner.java uses or overrides a deprecated API that is marked for removal.
[INFO] /home/solution/java/target/generated-sources/jflex/de/thm/mni/compilerbau/phases/_01_scanner/Scanner.java: Recompile with -Xlint:removal for details.
[INFO] /home/solution/java/target/generated-sources/cup/de/thm/mni/compilerbau/phases/_02_03_parser/Parser.java: /home/solution/java/target/generated-sources/cup/de/thm/mni/compilerbau/phases/_02_03_parser/Parser.java uses unchecked or unsafe operations.
[INFO] /home/solution/java/target/generated-sources/cup/de/thm/mni/compilerbau/phases/_02_03_parser/Parser.java: Recompile with -Xlint:unchecked for details.
[INFO] 
[INFO] --- maven-resources-plugin:2.6:testResources (default-testResources) @ spl ---
[INFO] Using 'UTF-8' encoding to copy filtered resources.
[INFO] skip non existing resourceDirectory /home/solution/java/src/test/resources
[INFO] 
[INFO] --- maven-compiler-plugin:3.10.1:testCompile (default-testCompile) @ spl ---
[INFO] No sources to compile
[INFO] 
[INFO] --- maven-surefire-plugin:2.12.4:test (default-test) @ spl ---
[INFO] No tests to run.
[INFO] 
[INFO] --- maven-jar-plugin:2.4:jar (default-jar) @ spl ---
[INFO] Building jar: /home/solution/java/target/spl.jar
[INFO] 
[INFO] --- maven-shade-plugin:3.1.0:shade (default) @ spl ---
[INFO] Including com.github.vbmacher:java-cup-runtime:jar:11b-20160615 in the shaded jar.
[INFO] Replacing original artifact with shaded artifact.
[INFO] Replacing /home/solution/java/target/spl.jar with /home/solution/java/target/spl-0.1-shaded.jar
[INFO] Dependency-reduced POM written at: /home/solution/java/dependency-reduced-pom.xml
[INFO] ------------------------------------------------------------------------
[INFO] BUILD SUCCESS
[INFO] ------------------------------------------------------------------------
[INFO] Total time:  9.652 s
[INFO] Finished at: 2024-02-14T14:44:24Z
[INFO] ------------------------------------------------------------------------
[2024-02-14 15:44:24.308482] Beginning evaluation.
[2024-02-14 15:44:24.308682] Evaluating 101_undefined_procedure.spl with the submitted solution.
[2024-02-14 15:44:24.745400] Test subject results match (Compiler Failure).
[2024-02-14 15:44:24.745442] Exit code matches the expected exit code (101).
[2024-02-14 15:44:24.745468] Test passed.
[2024-02-14 15:44:24.745483] Running Score: 1/1

[2024-02-14 15:44:24.745506] Evaluating 101_undefined_type.spl with the submitted solution.
[2024-02-14 15:44:25.142479] Test subject results match (Compiler Failure).
[2024-02-14 15:44:25.142513] Exit codes do not match. Expected '101', but got '102'.
[2024-02-14 15:44:25.142559] Output (stdout + stderr) of 'java -jar /home/solution/java/target/spl.jar /home/tests/101_undefined_type.spl /home/temp/101_undefined_type.spl.s' (Limited to 50 lines/10000 characters):
An error occurred at Line 1, Column 10:
Identifier 'Char' does not refer to a type.
[2024-02-14 15:44:25.142599] Test not passed.
[2024-02-14 15:44:25.142613] Running Score: 1/2

[2024-02-14 15:44:25.142635] Evaluating 101_undefined_variable.spl with the submitted solution.
[2024-02-14 15:44:25.572731] Test subject results match (Compiler Failure).
[2024-02-14 15:44:25.572770] Exit code matches the expected exit code (101).
[2024-02-14 15:44:25.572793] Test passed.
[2024-02-14 15:44:25.572808] Running Score: 2/3

[2024-02-14 15:44:25.572831] Evaluating 102_not_a_type.spl with the submitted solution.
[2024-02-14 15:44:26.022484] Test subject results match (Compiler Failure).
[2024-02-14 15:44:26.022520] Exit code matches the expected exit code (102).
[2024-02-14 15:44:26.022544] Test passed.
[2024-02-14 15:44:26.022560] Running Score: 3/4

[2024-02-14 15:44:26.022585] Evaluating 103_redefinition_as_parameter.spl with the submitted solution.
[2024-02-14 15:44:26.436147] Test subject results match (Compiler Failure).
[2024-02-14 15:44:26.436182] Exit code matches the expected exit code (103).
[2024-02-14 15:44:26.436209] Test passed.
[2024-02-14 15:44:26.436225] Running Score: 4/5

[2024-02-14 15:44:26.436248] Evaluating 103_redefinition_as_procedure.spl with the submitted solution.
[2024-02-14 15:44:26.851141] Test subject results match (Compiler Failure).
[2024-02-14 15:44:26.851180] Exit code matches the expected exit code (103).
[2024-02-14 15:44:26.851202] Test passed.
[2024-02-14 15:44:26.851217] Running Score: 5/6

[2024-02-14 15:44:26.851240] Evaluating 103_redefinition_as_type.spl with the submitted solution.
[2024-02-14 15:44:27.244033] Test subject results match (Compiler Failure).
[2024-02-14 15:44:27.244080] Exit code matches the expected exit code (103).
[2024-02-14 15:44:27.244123] Test passed.
[2024-02-14 15:44:27.244150] Running Score: 6/7

[2024-02-14 15:44:27.244180] Evaluating 103_redefinition_as_variable.spl with the submitted solution.
[2024-02-14 15:44:27.646086] Test subject results match (Compiler Failure).
[2024-02-14 15:44:27.646123] Exit code matches the expected exit code (103).
[2024-02-14 15:44:27.646147] Test passed.
[2024-02-14 15:44:27.646163] Running Score: 7/8

[2024-02-14 15:44:27.646187] Evaluating 104_must_be_reference_parameter.spl with the submitted solution.
[2024-02-14 15:44:28.058452] Test subject results match (Compiler Failure).
[2024-02-14 15:44:28.058487] Exit code matches the expected exit code (104).
[2024-02-14 15:44:28.058510] Test passed.
[2024-02-14 15:44:28.058526] Running Score: 8/9

[2024-02-14 15:44:28.058551] Evaluating 113_call_of_non_procedure.spl with the submitted solution.
[2024-02-14 15:44:28.484658] Test subject results match (Compiler Failure).
[2024-02-14 15:44:28.484695] Exit code matches the expected exit code (113).
[2024-02-14 15:44:28.484716] Test passed.
[2024-02-14 15:44:28.484731] Running Score: 9/10

[2024-02-14 15:44:28.484755] Evaluating 114_argument_type_mismatch.spl with the submitted solution.
[2024-02-14 15:44:28.923108] Test subject results match (Compiler Failure).
[2024-02-14 15:44:28.923143] Exit code matches the expected exit code (114).
[2024-02-14 15:44:28.923166] Test passed.
[2024-02-14 15:44:28.923195] Running Score: 10/11

[2024-02-14 15:44:28.923220] Evaluating 115_argument_must_be_variable.spl with the submitted solution.
[2024-02-14 15:44:29.345210] Test subject results match (Compiler Failure).
[2024-02-14 15:44:29.345248] Exit code matches the expected exit code (115).
[2024-02-14 15:44:29.345269] Test passed.
[2024-02-14 15:44:29.345284] Running Score: 11/12

[2024-02-14 15:44:29.345307] Evaluating 116_procedure_too_few_arguments.spl with the submitted solution.
[2024-02-14 15:44:29.758741] Test subject results match (Compiler Failure).
[2024-02-14 15:44:29.758776] Exit code matches the expected exit code (116).
[2024-02-14 15:44:29.758798] Test passed.
[2024-02-14 15:44:29.758814] Running Score: 12/13

[2024-02-14 15:44:29.758838] Evaluating 116_procedure_too_many_arguments.spl with the submitted solution.
[2024-02-14 15:44:30.206600] Test subject results match (Compiler Failure).
[2024-02-14 15:44:30.206635] Exit code matches the expected exit code (116).
[2024-02-14 15:44:30.206659] Test passed.
[2024-02-14 15:44:30.206677] Running Score: 13/14

[2024-02-14 15:44:30.206701] Evaluating 122_not_a_variable.spl with the submitted solution.
[2024-02-14 15:44:30.583842] Submission exited with exit code 1, which is not allowed. Allowed: [0, 99, 140, 100, 101, 102, 103, 104, 105, 106, 107, 108, 109, 110, 111, 112, 113, 114, 115, 116, 117, 118, 119, 120, 121, 122, 123, 124, 125, 126, 127]
[2024-02-14 15:44:30.583895] Output (stdout + stderr) of 'java -jar /home/solution/java/target/spl.jar /home/tests/122_not_a_variable.spl /home/temp/122_not_a_variable.spl.s' (Limited to 50 lines/10000 characters):
An error occurred: class de.thm.mni.compilerbau.table.ProcedureEntry cannot be cast to class de.thm.mni.compilerbau.table.VariableEntry (de.thm.mni.compilerbau.table.ProcedureEntry and de.thm.mni.compilerbau.table.VariableEntry are in unnamed module of loader 'app')
java.lang.ClassCastException: class de.thm.mni.compilerbau.table.ProcedureEntry cannot be cast to class de.thm.mni.compilerbau.table.VariableEntry (de.thm.mni.compilerbau.table.ProcedureEntry and de.thm.mni.compilerbau.table.VariableEntry are in unnamed module of loader 'app')
	at de.thm.mni.compilerbau.phases._04b_semant.ProcedureBodyChecker.checkStatement(ProcedureBodyChecker.java:109)
	at de.thm.mni.compilerbau.phases._04b_semant.ProcedureBodyChecker.checkStatement(ProcedureBodyChecker.java:78)
	at de.thm.mni.compilerbau.phases._04b_semant.ProcedureBodyChecker.checkProcedures(ProcedureBodyChecker.java:64)
	at de.thm.mni.compilerbau.Main.main(Main.java:85)
[2024-02-14 15:44:30.583969] Test not passed.
[2024-02-14 15:44:30.583984] Running Score: 13/15

[2024-02-14 15:44:30.584007] Evaluating 123_indexing_non_array.spl with the submitted solution.
[2024-02-14 15:44:31.047214] Submission exited with exit code 1, which is not allowed. Allowed: [0, 99, 140, 100, 101, 102, 103, 104, 105, 106, 107, 108, 109, 110, 111, 112, 113, 114, 115, 116, 117, 118, 119, 120, 121, 122, 123, 124, 125, 126, 127]
[2024-02-14 15:44:31.047262] Output (stdout + stderr) of 'java -jar /home/solution/java/target/spl.jar /home/tests/123_indexing_non_array.spl /home/temp/123_indexing_non_array.spl.s' (Limited to 50 lines/10000 characters):
An error occurred: class de.thm.mni.compilerbau.types.PrimitiveType cannot be cast to class de.thm.mni.compilerbau.types.ArrayType (de.thm.mni.compilerbau.types.PrimitiveType and de.thm.mni.compilerbau.types.ArrayType are in unnamed module of loader 'app')
java.lang.ClassCastException: class de.thm.mni.compilerbau.types.PrimitiveType cannot be cast to class de.thm.mni.compilerbau.types.ArrayType (de.thm.mni.compilerbau.types.PrimitiveType and de.thm.mni.compilerbau.types.ArrayType are in unnamed module of loader 'app')
	at de.thm.mni.compilerbau.phases._06_codegen.CodeGenerator.genStatement(CodeGenerator.java:114)
	at de.thm.mni.compilerbau.phases._06_codegen.CodeGenerator.generateCode(CodeGenerator.java:59)
	at de.thm.mni.compilerbau.Main.main(Main.java:95)
[2024-02-14 15:44:31.047330] Test not passed.
[2024-02-14 15:44:31.047345] Running Score: 13/16

[2024-02-14 15:44:31.047368] Evaluating 124_indexing_with_non_integer.spl with the submitted solution.
[2024-02-14 15:44:32.799537] Results do not match. Expected Compiler Failure(124), but got Success(0).
[2024-02-14 15:44:32.799616] Output (stdout) of 'xvfb-run -a /home/tools/sim -x -l /home/temp/124_indexing_with_non_integer.spl.bin -s 1 -t 0' (Limited to 50 lines/10000 characters):
SPL/RTS: main() started

SPL/RTS: index out of bounds
[2024-02-14 15:44:32.799662] Test not passed.
[2024-02-14 15:44:32.799679] Running Score: 13/17

[2024-02-14 15:44:32.799703] Evaluating 126_main_not_a_procedure.spl with the submitted solution.
[2024-02-14 15:44:33.222327] Test subject results match (Compiler Failure).
[2024-02-14 15:44:33.222371] Exit code matches the expected exit code (126).
[2024-02-14 15:44:33.222397] Test passed.
[2024-02-14 15:44:33.222413] Running Score: 14/18

[2024-02-14 15:44:33.222436] Evaluating 127_main_must_not_have_parameters.spl with the submitted solution.
[2024-02-14 15:44:33.587335] Test subject results match (Compiler Failure).
[2024-02-14 15:44:33.587391] Exit code matches the expected exit code (127).
[2024-02-14 15:44:33.587419] Test passed.
[2024-02-14 15:44:33.587434] Running Score: 15/19

[2024-02-14 15:44:33.587457] Evaluating acker.spl with the submitted solution.
[2024-02-14 15:44:35.239709] Test subject results match (Success).
[2024-02-14 15:44:35.246817] Outputs match.
[2024-02-14 15:44:35.247021] Test passed.
[2024-02-14 15:44:35.247227] Running Score: 16/20

[2024-02-14 15:44:35.247412] Evaluating bigtest.spl with the submitted solution.
[2024-02-14 15:44:36.120571] Submission exited with exit code 1, which is not allowed. Allowed: [0, 99, 140, 100, 101, 102, 103, 104, 105, 106, 107, 108, 109, 110, 111, 112, 113, 114, 115, 116, 117, 118, 119, 120, 121, 122, 123, 124, 125, 126, 127]
[2024-02-14 15:44:36.121038] Output (stdout + stderr) of 'java -jar /home/solution/java/target/spl.jar /home/tests/bigtest.spl /home/temp/bigtest.spl.s' (Limited to 50 lines/10000 characters):
Exception in thread "main" java.lang.StackOverflowError
	at de.thm.mni.compilerbau.phases._06_codegen.CodeGenerator.genStatement(CodeGenerator.java:82)
	at de.thm.mni.compilerbau.phases._06_codegen.CodeGenerator.genStatement(CodeGenerator.java:185)
	at de.thm.mni.compilerbau.phases._06_codegen.CodeGenerator.genStatement(CodeGenerator.java:185)
	at de.thm.mni.compilerbau.phases._06_codegen.CodeGenerator.genStatement(CodeGenerator.java:185)
	at de.thm.mni.compilerbau.phases._06_codegen.CodeGenerator.genStatement(CodeGenerator.java:185)
	at de.thm.mni.compilerbau.phases._06_codegen.CodeGenerator.genStatement(CodeGenerator.java:185)
	at de.thm.mni.compilerbau.phases._06_codegen.CodeGenerator.genStatement(CodeGenerator.java:185)
	at de.thm.mni.compilerbau.phases._06_codegen.CodeGenerator.genStatement(CodeGenerator.java:185)
	at de.thm.mni.compilerbau.phases._06_codegen.CodeGenerator.genStatement(CodeGenerator.java:185)
	at de.thm.mni.compilerbau.phases._06_codegen.CodeGenerator.genStatement(CodeGenerator.java:185)
	at de.thm.mni.compilerbau.phases._06_codegen.CodeGenerator.genStatement(CodeGenerator.java:185)
	at de.thm.mni.compilerbau.phases._06_codegen.CodeGenerator.genStatement(CodeGenerator.java:185)
	at de.thm.mni.compilerbau.phases._06_codegen.CodeGenerator.genStatement(CodeGenerator.java:185)
	at de.thm.mni.compilerbau.phases._06_codegen.CodeGenerator.genStatement(CodeGenerator.java:185)
	at de.thm.mni.compilerbau.phases._06_codegen.CodeGenerator.genStatement(CodeGenerator.java:185)
	at de.thm.mni.compilerbau.phases._06_codegen.CodeGenerator.genStatement(CodeGenerator.java:185)
	at de.thm.mni.compilerbau.phases._06_codegen.CodeGenerator.genStatement(CodeGenerator.java:185)
	at de.thm.mni.compilerbau.phases._06_codegen.CodeGenerator.genStatement(CodeGenerator.java:185)
	at de.thm.mni.compilerbau.phases._06_codegen.CodeGenerator.genStatement(CodeGenerator.java:185)
	at de.thm.mni.compilerbau.phases._06_codegen.CodeGenerator.genStatement(CodeGenerator.java:185)
	at de.thm.mni.compilerbau.phases._06_codegen.CodeGenerator.genStatement(CodeGenerator.java:185)
	at de.thm.mni.compilerbau.phases._06_codegen.CodeGenerator.genStatement(CodeGenerator.java:185)
	at de.thm.mni.compilerbau.phases._06_codegen.CodeGenerator.genStatement(CodeGenerator.java:185)
	at de.thm.mni.compilerbau.phases._06_codegen.CodeGenerator.genStatement(CodeGenerator.java:185)
	at de.thm.mni.compilerbau.phases._06_codegen.CodeGenerator.genStatement(CodeGenerator.java:185)
	at de.thm.mni.compilerbau.phases._06_codegen.CodeGenerator.genStatement(CodeGenerator.java:185)
	at de.thm.mni.compilerbau.phases._06_codegen.CodeGenerator.genStatement(CodeGenerator.java:185)
	at de.thm.mni.compilerbau.phases._06_codegen.CodeGenerator.genStatement(CodeGenerator.java:185)
	at de.thm.mni.compilerbau.phases._06_codegen.CodeGenerator.genStatement(CodeGenerator.java:185)
	at de.thm.mni.compilerbau.phases._06_codegen.CodeGenerator.genStatement(CodeGenerator.java:185)
	at de.thm.mni.compilerbau.phases._06_codegen.CodeGenerator.genStatement(CodeGenerator.java:185)
	at de.thm.mni.compilerbau.phases._06_codegen.CodeGenerator.genStatement(CodeGenerator.java:185)
	at de.thm.mni.compilerbau.phases._06_codegen.CodeGenerator.genStatement(CodeGenerator.java:185)
	at de.thm.mni.compilerbau.phases._06_codegen.CodeGenerator.genStatement(CodeGenerator.java:185)
	at de.thm.mni.compilerbau.phases._06_codegen.CodeGenerator.genStatement(CodeGenerator.java:185)
	at de.thm.mni.compilerbau.phases._06_codegen.CodeGenerator.genStatement(CodeGenerator.java:185)
	at de.thm.mni.compilerbau.phases._06_codegen.CodeGenerator.genStatement(CodeGenerator.java:185)
	at de.thm.mni.compilerbau.phases._06_codegen.CodeGenerator.genStatement(CodeGenerator.java:185)
	at de.thm.mni.compilerbau.phases._06_codegen.CodeGenerator.genStatement(CodeGenerator.java:185)
	at de.thm.mni.compilerbau.phases._06_codegen.CodeGenerator.genStatement(CodeGenerator.java:185)
	at de.thm.mni.compilerbau.phases._06_codegen.CodeGenerator.genStatement(CodeGenerator.java:185)
	at de.thm.mni.compilerbau.phases._06_codegen.CodeGenerator.genStatement(CodeGenerator.java:185)
	at de.thm.mni.compilerbau.phases._06_codegen.CodeGenerator.genStatement(CodeGenerator.java:185)
	at de.thm.mni.compilerbau.phases._06_codegen.CodeGenerator.genStatement(CodeGenerator.java:185)
	at de.thm.mni.compilerbau.phases._06_codegen.CodeGenerator.genStatement(CodeGenerator.java:185)
	at de.thm.mni.compilerbau.phases._06_codegen.CodeGenerator.genStatement(CodeGenerator.java:185)
	at de.thm.mni.compilerbau.phases._06_codegen.CodeGenerator.genStatement(CodeGenerator.java:185)
	at de.thm.mni.compilerbau.phases._06_codegen.CodeGenerator.genStatement(CodeGenerator.java:185)
	at de.thm.mni.compilerbau.phases._06_codegen.CodeGenerator.genStatement(CodeGenerator.java:185)
[2024-02-14 15:44:36.121478] Test not passed.
[2024-02-14 15:44:36.121496] Running Score: 16/21

[2024-02-14 15:44:36.121520] Evaluating bits.spl with the submitted solution.
[2024-02-14 15:44:37.483303] Test subject results match (Success).
[2024-02-14 15:44:37.488061] Outputs match.
[2024-02-14 15:44:37.488094] Test passed.
[2024-02-14 15:44:37.488110] Running Score: 17/22

[2024-02-14 15:44:37.488133] Evaluating gcd.spl with the submitted solution.
[2024-02-14 15:44:38.849157] Test subject results match (Success).
[2024-02-14 15:44:38.856084] Outputs match.
[2024-02-14 15:44:38.856307] Test passed.
[2024-02-14 15:44:38.856542] Running Score: 18/23

[2024-02-14 15:44:38.856842] Evaluating inttest.spl with the submitted solution.
[2024-02-14 15:44:40.195528] Test subject results match (Success).
[2024-02-14 15:44:40.199006] Outputs match.
[2024-02-14 15:44:40.199204] Test passed.
[2024-02-14 15:44:40.199377] Running Score: 19/24

[2024-02-14 15:44:40.199636] Evaluating multiply.spl with the submitted solution.
[2024-02-14 15:44:41.674739] Test subject results match (Success).
[2024-02-14 15:44:41.681055] Outputs match.
[2024-02-14 15:44:41.681334] Test passed.
[2024-02-14 15:44:41.682194] Running Score: 20/25

[2024-02-14 15:44:41.682491] Evaluating partind1.spl with the submitted solution.
[2024-02-14 15:44:42.101771] Results do not match. Expected Success(0), but got Compiler Failure(114).
[2024-02-14 15:44:42.101994] Output (stdout + stderr) of 'java -jar /home/solution/java/target/spl.jar /home/tests/partind1.spl /home/temp/partind1.spl.s' (Limited to 50 lines/10000 characters):
An error occurred at Line 32, Column 8:
Argument type mismatch in call of procedure 'p'. Argument 1 is expected to have type 'array [7] of int', but has type 'int'.
[2024-02-14 15:44:42.102041] Test not passed.
[2024-02-14 15:44:42.102058] Running Score: 20/26

[2024-02-14 15:44:42.102082] Evaluating partind2.spl with the submitted solution.
[2024-02-14 15:44:42.576867] Results do not match. Expected Success(0), but got Compiler Failure(114).
[2024-02-14 15:44:42.576913] Output (stdout + stderr) of 'java -jar /home/solution/java/target/spl.jar /home/tests/partind2.spl /home/temp/partind2.spl.s' (Limited to 50 lines/10000 characters):
An error occurred at Line 43, Column 8:
Argument type mismatch in call of procedure 'p'. Argument 1 is expected to have type 'array [5] of array [7] of int', but has type 'int'.
[2024-02-14 15:44:42.576952] Test not passed.
[2024-02-14 15:44:42.576968] Running Score: 20/27

[2024-02-14 15:44:42.577007] Evaluating swap.spl with the submitted solution.
[2024-02-14 15:44:43.970433] Test subject results match (Success).
[2024-02-14 15:44:43.974054] Outputs match.
[2024-02-14 15:44:43.974273] Test passed.
[2024-02-14 15:44:43.974491] Running Score: 21/28

[2024-02-14 15:44:43.974791] Evaluating test1.spl with the submitted solution.
[2024-02-14 15:44:45.281573] Test subject results match (Success).
[2024-02-14 15:44:45.287072] Outputs match.
[2024-02-14 15:44:45.287253] Test passed.
[2024-02-14 15:44:45.287425] Running Score: 22/29

[2024-02-14 15:44:45.287674] Evaluating test2.spl with the submitted solution.
[2024-02-14 15:44:46.629972] Test subject results match (Success).
[2024-02-14 15:44:46.633434] Outputs match.
[2024-02-14 15:44:46.633632] Test passed.
[2024-02-14 15:44:46.633994] Running Score: 23/30

[2024-02-14 15:44:46.634303] Evaluating test3.spl with the submitted solution.
[2024-02-14 15:44:48.030887] Test subject results match (Success).
[2024-02-14 15:44:48.035928] Outputs differ. 'diff'-log (Expected output first, Limited to 50 lines/10000 characters):
4d3
< 1
6d4
< 3
8d5
< 5
10d6
< 7
12a9,12
> 7
> 5
> 3
> 1
[2024-02-14 15:44:48.038135] Test not passed.
[2024-02-14 15:44:48.038334] Running Score: 23/31

[2024-02-14 15:44:48.038609] Evaluating test4.spl with the submitted solution.
[2024-02-14 15:44:49.403760] Test subject results match (Success).
[2024-02-14 15:44:49.406517] Outputs match.
[2024-02-14 15:44:49.406782] Test passed.
[2024-02-14 15:44:49.406976] Running Score: 24/32

[2024-02-14 15:44:49.407077] Evaluating test5.spl with the submitted solution.
[2024-02-14 15:44:50.761243] Test subject results match (Success).
[2024-02-14 15:44:50.765716] Outputs match.
[2024-02-14 15:44:50.766101] Test passed.
[2024-02-14 15:44:50.766402] Running Score: 25/33

[2024-02-14 15:44:50.766805] Evaluating test7.spl with the submitted solution.
[2024-02-14 15:44:52.133449] Test subject results match (Success).
[2024-02-14 15:44:52.136879] Outputs match.
[2024-02-14 15:44:52.137082] Test passed.
[2024-02-14 15:44:52.137290] Running Score: 26/34

[2024-02-14 15:44:52.137584] Evaluating test8.spl with the submitted solution.
[2024-02-14 15:44:53.539667] Test subject results match (Success).
[2024-02-14 15:44:53.543185] Outputs match.
[2024-02-14 15:44:53.543219] Test passed.
[2024-02-14 15:44:53.543240] Running Score: 27/35

[2024-02-14 15:44:53.543265] Evaluating test9.spl with the submitted solution.
[2024-02-14 15:44:54.892297] Test subject results match (Success).
[2024-02-14 15:44:54.897603] Outputs match.
[2024-02-14 15:44:54.897636] Test passed.
[2024-02-14 15:44:54.897653] Running Score: 28/36

[2024-02-14 15:44:54.897677] Evaluating threedim.spl with the submitted solution.
[2024-02-14 15:44:56.348980] Test subject results match (Success).
[2024-02-14 15:44:56.352799] Outputs differ. 'diff'-log (Expected output first, Limited to 50 lines/10000 characters):
3,33c3
< 10000
< 00000
< 00000
< 00000
< 00000
< 
< 00000
< 01000
< 00000
< 00000
< 00000
< 
< 00000
< 00000
< 00100
< 00000
< 00000
< 
< 00000
< 00000
< 00000
< 00010
< 00000
< 
< 00000
< 00000
< 00000
< 00000
< 00001
< 
< SPL/RTS: main() finished
---
> SPL/RTS: TLB miss exception
[2024-02-14 15:44:56.355313] Test not passed.
[2024-02-14 15:44:56.355603] Running Score: 28/37

[2024-02-14 15:44:56.355646] Evaluating twodim.spl with the submitted solution.
[2024-02-14 15:44:57.762572] Test subject results match (Success).
[2024-02-14 15:44:57.766137] Outputs match.
[2024-02-14 15:44:57.766371] Test passed.
[2024-02-14 15:44:57.766574] Running Score: 29/38

[2024-02-14 15:44:57.766998] Final score: 29/38 (76%). 
[2024-02-14 15:44:57.767376] 80% are needed to pass.
[2024-02-14 15:45:08.014597] You have NOT PASSED this assignment.
[2024-02-14 15:45:08.014872] You can try again. Deadline: 16.02.2024 23:59

=== END Evaluation Log
NOTE: This evaluation log is also available at '/home/yranandika/Documents/Semester7/Compilerbau/cb-wise-2324/Skeleton Java/.submitscript/data/assignments/Aufgabe-2/submissions/[evaluated] 75cf41b2-e3f3-4b1d-8c26-d235a1ddb8b2/evaluation.log'

Do you want to submit another solution? [Y/n] 
=== Submitting ===
Please choose the assignment you want to submit. 
 1 - Aufgabe-1
 2 - Aufgabe-2
Please enter the id of your selection: 

Selected variant 'Java SPL Compiler' for assignment 'Aufgabe-2'.
=== Building submission ===
Running 'mvn clean compile'.
=== Building submission finished ===
Building your solution failed!
Do you want to view the build log? [Y/n] === BEGIN Build Log ===
[[1;34mINFO[m] Scanning for projects...
[[1;34mINFO[m] 
[[1;34mINFO[m] [1m--------------< [0;36mde.thm.mni.compilerbau.spl-reference:spl[0;1m >--------------[m
[[1;34mINFO[m] [1mBuilding spl 0.1[m
[[1;34mINFO[m] [1m--------------------------------[ jar ]---------------------------------[m
[[1;34mINFO[m] 
[[1;34mINFO[m] [1m--- [0;32mmaven-clean-plugin:2.5:clean[m [1m(default-clean)[m @ [36mspl[0;1m ---[m
[[1;34mINFO[m] Deleting /tmp/tmpv0r77kru/java/target
[[1;34mINFO[m] 
[[1;34mINFO[m] [1m--- [0;32mjflex-maven-plugin:1.7.0:generate[m [1m(default)[m @ [36mspl[0;1m ---[m
[[1;34mINFO[m]   generated /tmp/tmpv0r77kru/java/target/generated-sources/jflex/de/thm/mni/compilerbau/phases/_01_scanner/Scanner.java
[[1;34mINFO[m] 
[[1;34mINFO[m] [1m--- [0;32mcup-maven-plugin:11b-20160615:generate[m [1m(default)[m @ [36mspl[0;1m ---[m
Warning : Non terminal "EmptyStmt" was declared but never used
Warning : *** Shift/Reduce conflict found in state #94
  between IfStmt ::= IF LPAREN Expr RPAREN Statement (*) 
  and     IfStmt ::= IF LPAREN Expr RPAREN Statement (*) ELSE Statement 
  under symbol ELSE
  Resolved in favor of shifting.

[[1;34mINFO[m]   generated /tmp/tmpv0r77kru/java/target/generated-sources/cup/de/thm/mni/compilerbau/phases/_02_03_parser/Parser.java
[[1;34mINFO[m]   generated /tmp/tmpv0r77kru/java/target/generated-sources/cup/de/thm/mni/compilerbau/phases/_02_03_parser/Sym.java
[[1;34mINFO[m] 
[[1;34mINFO[m] [1m--- [0;32mmaven-resources-plugin:2.6:resources[m [1m(default-resources)[m @ [36mspl[0;1m ---[m
[[1;34mINFO[m] Using 'UTF-8' encoding to copy filtered resources.
[[1;34mINFO[m] skip non existing resourceDirectory /tmp/tmpv0r77kru/java/src/main/resources
[[1;34mINFO[m] 
[[1;34mINFO[m] [1m--- [0;32mmaven-compiler-plugin:3.10.1:compile[m [1m(default-compile)[m @ [36mspl[0;1m ---[m
[[1;34mINFO[m] Changes detected - recompiling the module!
[[1;34mINFO[m] Compiling 57 source files to /tmp/tmpv0r77kru/java/target/classes
[[1;34mINFO[m] [1m------------------------------------------------------------------------[m
[[1;34mINFO[m] [1;31mBUILD FAILURE[m
[[1;34mINFO[m] [1m------------------------------------------------------------------------[m
[[1;34mINFO[m] Total time:  0.938 s
[[1;34mINFO[m] Finished at: 2024-02-14T15:49:32+01:00
[[1;34mINFO[m] [1m------------------------------------------------------------------------[m
[[1;31mERROR[m] Failed to execute goal [32morg.apache.maven.plugins:maven-compiler-plugin:3.10.1:compile[m [1m(default-compile)[m on project [36mspl[m: [1;31mFatal error compiling[m: error: invalid target release: 21 -> [1m[Help 1][m
[[1;31mERROR[m] 
[[1;31mERROR[m] To see the full stack trace of the errors, re-run Maven with the [1m-e[m switch.
[[1;31mERROR[m] Re-run Maven using the [1m-X[m switch to enable full debug logging.
[[1;31mERROR[m] 
[[1;31mERROR[m] For more information about the errors and possible solutions, please read the following articles:
[[1;31mERROR[m] [1m[Help 1][m http://cwiki.apache.org/confluence/display/MAVEN/MojoExecutionException
=== END Build Log ===
Do you want to submit your solution anyway, despite the failing build? [y/N] === Cleaning directory for submission ===
=== Cleaning directory finished ===
=== Starting Upload ===
=== Upload finished ===
=== BEGIN Upload Log
[2024-02-14 15:49:36.056911] Received submission e85c2c20-2e27-4040-89c0-b5f771390186
[2024-02-14 15:49:36.057677] Ip: 10.196.117.75
[2024-02-14 15:49:36.057931] Team members: [('Andryani', 'Linda Septira', '5345375'), ('Kirana', 'Yohanes Ranandika', '5310931')]
[2024-02-14 15:49:36.316176] Your submission was ACCEPTED for course 'Compilerbau-ws23', assignment 'Aufgabe-2'.
[2024-02-14 15:49:36.316499] Your submission has the id e85c2c20-2e27-4040-89c0-b5f771390186.
[2024-02-14 15:49:36.317001] It will be evaluated shortly. Please check back soon for your results.

=== END Upload Log
Successfully submitted your solution. Please see the upload log above for more details.
Polling for results (Press CTRL + C to abort).......................................................
=== Evaluation results for submission 'e85c2c20-2e27-4040-89c0-b5f771390186' retrieved. ===
You achieved the score 30/38 (78%).
You have NOT PASSED this assignment.
Do you want to view the evaluation log now? [Y/n] === BEGIN Evaluation Log
[2024-02-14 15:49:36.317947] Start of evaluation log for submission 'e85c2c20-2e27-4040-89c0-b5f771390186'.
[2024-02-14 15:49:36.318323] Team member: ('Andryani', 'Linda Septira', '5345375')
[2024-02-14 15:49:36.318559] Team member: ('Kirana', 'Yohanes Ranandika', '5310931')
[2024-02-14 15:49:36.336505] Preparing the sandbox
[2024-02-14 15:49:37.120551] Unpacking submission in sandbox
[2024-02-14 15:49:37.583054] Building the test subject
[2024-02-14 15:49:37.583334] Identified the Java variant.
[2024-02-14 15:49:37.727421] Building Java solution with maven.
[2024-02-14 15:49:50.169782] Maven log:
[INFO] Scanning for projects...
[INFO] 
[INFO] --------------< de.thm.mni.compilerbau.spl-reference:spl >--------------
[INFO] Building spl 0.1
[INFO] --------------------------------[ jar ]---------------------------------
[INFO] 
[INFO] --- jflex-maven-plugin:1.7.0:generate (default) @ spl ---
[INFO]   generated /home/solution/java/target/generated-sources/jflex/de/thm/mni/compilerbau/phases/_01_scanner/Scanner.java
[INFO] 
[INFO] --- cup-maven-plugin:11b-20160615:generate (default) @ spl ---
Warning : Non terminal "EmptyStmt" was declared but never used
Warning : *** Shift/Reduce conflict found in state #94
  between IfStmt ::= IF LPAREN Expr RPAREN Statement (*) 
  and     IfStmt ::= IF LPAREN Expr RPAREN Statement (*) ELSE Statement 
  under symbol ELSE
  Resolved in favor of shifting.

[INFO]   generated /home/solution/java/target/generated-sources/cup/de/thm/mni/compilerbau/phases/_02_03_parser/Parser.java
[INFO]   generated /home/solution/java/target/generated-sources/cup/de/thm/mni/compilerbau/phases/_02_03_parser/Sym.java
[INFO] 
[INFO] --- maven-resources-plugin:2.6:resources (default-resources) @ spl ---
[INFO] Using 'UTF-8' encoding to copy filtered resources.
[INFO] skip non existing resourceDirectory /home/solution/java/src/main/resources
[INFO] 
[INFO] --- maven-compiler-plugin:3.10.1:compile (default-compile) @ spl ---
[INFO] Changes detected - recompiling the module!
[INFO] Compiling 57 source files to /home/solution/java/target/classes
[INFO] /home/solution/java/target/generated-sources/jflex/de/thm/mni/compilerbau/phases/_01_scanner/Scanner.java: /home/solution/java/target/generated-sources/jflex/de/thm/mni/compilerbau/phases/_01_scanner/Scanner.java uses or overrides a deprecated API that is marked for removal.
[INFO] /home/solution/java/target/generated-sources/jflex/de/thm/mni/compilerbau/phases/_01_scanner/Scanner.java: Recompile with -Xlint:removal for details.
[INFO] /home/solution/java/target/generated-sources/cup/de/thm/mni/compilerbau/phases/_02_03_parser/Parser.java: /home/solution/java/target/generated-sources/cup/de/thm/mni/compilerbau/phases/_02_03_parser/Parser.java uses unchecked or unsafe operations.
[INFO] /home/solution/java/target/generated-sources/cup/de/thm/mni/compilerbau/phases/_02_03_parser/Parser.java: Recompile with -Xlint:unchecked for details.
[INFO] 
[INFO] --- maven-resources-plugin:2.6:testResources (default-testResources) @ spl ---
[INFO] Using 'UTF-8' encoding to copy filtered resources.
[INFO] skip non existing resourceDirectory /home/solution/java/src/test/resources
[INFO] 
[INFO] --- maven-compiler-plugin:3.10.1:testCompile (default-testCompile) @ spl ---
[INFO] No sources to compile
[INFO] 
[INFO] --- maven-surefire-plugin:2.12.4:test (default-test) @ spl ---
[INFO] No tests to run.
[INFO] 
[INFO] --- maven-jar-plugin:2.4:jar (default-jar) @ spl ---
[INFO] Building jar: /home/solution/java/target/spl.jar
[INFO] 
[INFO] --- maven-shade-plugin:3.1.0:shade (default) @ spl ---
[INFO] Including com.github.vbmacher:java-cup-runtime:jar:11b-20160615 in the shaded jar.
[INFO] Replacing original artifact with shaded artifact.
[INFO] Replacing /home/solution/java/target/spl.jar with /home/solution/java/target/spl-0.1-shaded.jar
[INFO] Dependency-reduced POM written at: /home/solution/java/dependency-reduced-pom.xml
[INFO] ------------------------------------------------------------------------
[INFO] BUILD SUCCESS
[INFO] ------------------------------------------------------------------------
[INFO] Total time:  9.499 s
[INFO] Finished at: 2024-02-14T14:49:50Z
[INFO] ------------------------------------------------------------------------
[2024-02-14 15:49:50.320217] Beginning evaluation.
[2024-02-14 15:49:50.320411] Evaluating 101_undefined_procedure.spl with the submitted solution.
[2024-02-14 15:49:50.756028] Test subject results match (Compiler Failure).
[2024-02-14 15:49:50.756064] Exit code matches the expected exit code (101).
[2024-02-14 15:49:50.756088] Test passed.
[2024-02-14 15:49:50.756104] Running Score: 1/1

[2024-02-14 15:49:50.756128] Evaluating 101_undefined_type.spl with the submitted solution.
[2024-02-14 15:49:51.200212] Test subject results match (Compiler Failure).
[2024-02-14 15:49:51.200254] Exit code matches the expected exit code (101).
[2024-02-14 15:49:51.200276] Test passed.
[2024-02-14 15:49:51.200292] Running Score: 2/2

[2024-02-14 15:49:51.200315] Evaluating 101_undefined_variable.spl with the submitted solution.
[2024-02-14 15:49:51.636289] Test subject results match (Compiler Failure).
[2024-02-14 15:49:51.636324] Exit code matches the expected exit code (101).
[2024-02-14 15:49:51.636345] Test passed.
[2024-02-14 15:49:51.636360] Running Score: 3/3

[2024-02-14 15:49:51.636383] Evaluating 102_not_a_type.spl with the submitted solution.
[2024-02-14 15:49:52.048872] Test subject results match (Compiler Failure).
[2024-02-14 15:49:52.048912] Exit code matches the expected exit code (102).
[2024-02-14 15:49:52.048935] Test passed.
[2024-02-14 15:49:52.048950] Running Score: 4/4

[2024-02-14 15:49:52.048975] Evaluating 103_redefinition_as_parameter.spl with the submitted solution.
[2024-02-14 15:49:52.442727] Test subject results match (Compiler Failure).
[2024-02-14 15:49:52.442768] Exit code matches the expected exit code (103).
[2024-02-14 15:49:52.442791] Test passed.
[2024-02-14 15:49:52.442808] Running Score: 5/5

[2024-02-14 15:49:52.442831] Evaluating 103_redefinition_as_procedure.spl with the submitted solution.
[2024-02-14 15:49:52.837702] Test subject results match (Compiler Failure).
[2024-02-14 15:49:52.837748] Exit code matches the expected exit code (103).
[2024-02-14 15:49:52.837772] Test passed.
[2024-02-14 15:49:52.837787] Running Score: 6/6

[2024-02-14 15:49:52.837809] Evaluating 103_redefinition_as_type.spl with the submitted solution.
[2024-02-14 15:49:53.249194] Test subject results match (Compiler Failure).
[2024-02-14 15:49:53.249230] Exit code matches the expected exit code (103).
[2024-02-14 15:49:53.249254] Test passed.
[2024-02-14 15:49:53.249270] Running Score: 7/7

[2024-02-14 15:49:53.249294] Evaluating 103_redefinition_as_variable.spl with the submitted solution.
[2024-02-14 15:49:53.656622] Test subject results match (Compiler Failure).
[2024-02-14 15:49:53.656656] Exit code matches the expected exit code (103).
[2024-02-14 15:49:53.656679] Test passed.
[2024-02-14 15:49:53.656695] Running Score: 8/8

[2024-02-14 15:49:53.656718] Evaluating 104_must_be_reference_parameter.spl with the submitted solution.
[2024-02-14 15:49:54.058400] Test subject results match (Compiler Failure).
[2024-02-14 15:49:54.058442] Exit code matches the expected exit code (104).
[2024-02-14 15:49:54.058464] Test passed.
[2024-02-14 15:49:54.058479] Running Score: 9/9

[2024-02-14 15:49:54.058502] Evaluating 113_call_of_non_procedure.spl with the submitted solution.
[2024-02-14 15:49:54.482335] Test subject results match (Compiler Failure).
[2024-02-14 15:49:54.482369] Exit code matches the expected exit code (113).
[2024-02-14 15:49:54.482393] Test passed.
[2024-02-14 15:49:54.482409] Running Score: 10/10

[2024-02-14 15:49:54.482433] Evaluating 114_argument_type_mismatch.spl with the submitted solution.
[2024-02-14 15:49:54.925549] Test subject results match (Compiler Failure).
[2024-02-14 15:49:54.925585] Exit code matches the expected exit code (114).
[2024-02-14 15:49:54.925608] Test passed.
[2024-02-14 15:49:54.925623] Running Score: 11/11

[2024-02-14 15:49:54.925647] Evaluating 115_argument_must_be_variable.spl with the submitted solution.
[2024-02-14 15:49:55.348617] Test subject results match (Compiler Failure).
[2024-02-14 15:49:55.348653] Exit code matches the expected exit code (115).
[2024-02-14 15:49:55.348677] Test passed.
[2024-02-14 15:49:55.348693] Running Score: 12/12

[2024-02-14 15:49:55.348716] Evaluating 116_procedure_too_few_arguments.spl with the submitted solution.
[2024-02-14 15:49:55.763051] Test subject results match (Compiler Failure).
[2024-02-14 15:49:55.763086] Exit code matches the expected exit code (116).
[2024-02-14 15:49:55.763108] Test passed.
[2024-02-14 15:49:55.763124] Running Score: 13/13

[2024-02-14 15:49:55.763146] Evaluating 116_procedure_too_many_arguments.spl with the submitted solution.
[2024-02-14 15:49:56.242668] Test subject results match (Compiler Failure).
[2024-02-14 15:49:56.242869] Exit code matches the expected exit code (116).
[2024-02-14 15:49:56.243035] Test passed.
[2024-02-14 15:49:56.243057] Running Score: 14/14

[2024-02-14 15:49:56.243083] Evaluating 122_not_a_variable.spl with the submitted solution.
[2024-02-14 15:49:56.614020] Submission exited with exit code 1, which is not allowed. Allowed: [0, 99, 140, 100, 101, 102, 103, 104, 105, 106, 107, 108, 109, 110, 111, 112, 113, 114, 115, 116, 117, 118, 119, 120, 121, 122, 123, 124, 125, 126, 127]
[2024-02-14 15:49:56.614080] Output (stdout + stderr) of 'java -jar /home/solution/java/target/spl.jar /home/tests/122_not_a_variable.spl /home/temp/122_not_a_variable.spl.s' (Limited to 50 lines/10000 characters):
An error occurred: class de.thm.mni.compilerbau.table.ProcedureEntry cannot be cast to class de.thm.mni.compilerbau.table.VariableEntry (de.thm.mni.compilerbau.table.ProcedureEntry and de.thm.mni.compilerbau.table.VariableEntry are in unnamed module of loader 'app')
java.lang.ClassCastException: class de.thm.mni.compilerbau.table.ProcedureEntry cannot be cast to class de.thm.mni.compilerbau.table.VariableEntry (de.thm.mni.compilerbau.table.ProcedureEntry and de.thm.mni.compilerbau.table.VariableEntry are in unnamed module of loader 'app')
	at de.thm.mni.compilerbau.phases._04b_semant.ProcedureBodyChecker.checkStatement(ProcedureBodyChecker.java:109)
	at de.thm.mni.compilerbau.phases._04b_semant.ProcedureBodyChecker.checkStatement(ProcedureBodyChecker.java:78)
	at de.thm.mni.compilerbau.phases._04b_semant.ProcedureBodyChecker.checkProcedures(ProcedureBodyChecker.java:64)
	at de.thm.mni.compilerbau.Main.main(Main.java:85)
[2024-02-14 15:49:56.614153] Test not passed.
[2024-02-14 15:49:56.614168] Running Score: 14/15

[2024-02-14 15:49:56.614191] Evaluating 123_indexing_non_array.spl with the submitted solution.
[2024-02-14 15:49:57.084017] Submission exited with exit code 1, which is not allowed. Allowed: [0, 99, 140, 100, 101, 102, 103, 104, 105, 106, 107, 108, 109, 110, 111, 112, 113, 114, 115, 116, 117, 118, 119, 120, 121, 122, 123, 124, 125, 126, 127]
[2024-02-14 15:49:57.084067] Output (stdout + stderr) of 'java -jar /home/solution/java/target/spl.jar /home/tests/123_indexing_non_array.spl /home/temp/123_indexing_non_array.spl.s' (Limited to 50 lines/10000 characters):
An error occurred: class de.thm.mni.compilerbau.types.PrimitiveType cannot be cast to class de.thm.mni.compilerbau.types.ArrayType (de.thm.mni.compilerbau.types.PrimitiveType and de.thm.mni.compilerbau.types.ArrayType are in unnamed module of loader 'app')
java.lang.ClassCastException: class de.thm.mni.compilerbau.types.PrimitiveType cannot be cast to class de.thm.mni.compilerbau.types.ArrayType (de.thm.mni.compilerbau.types.PrimitiveType and de.thm.mni.compilerbau.types.ArrayType are in unnamed module of loader 'app')
	at de.thm.mni.compilerbau.phases._06_codegen.CodeGenerator.genStatement(CodeGenerator.java:114)
	at de.thm.mni.compilerbau.phases._06_codegen.CodeGenerator.generateCode(CodeGenerator.java:59)
	at de.thm.mni.compilerbau.Main.main(Main.java:95)
[2024-02-14 15:49:57.084131] Test not passed.
[2024-02-14 15:49:57.084150] Running Score: 14/16

[2024-02-14 15:49:57.084174] Evaluating 124_indexing_with_non_integer.spl with the submitted solution.
[2024-02-14 15:49:58.846531] Results do not match. Expected Compiler Failure(124), but got Success(0).
[2024-02-14 15:49:58.846581] Output (stdout) of 'xvfb-run -a /home/tools/sim -x -l /home/temp/124_indexing_with_non_integer.spl.bin -s 1 -t 0' (Limited to 50 lines/10000 characters):
SPL/RTS: main() started

SPL/RTS: index out of bounds
[2024-02-14 15:49:58.847758] Test not passed.
[2024-02-14 15:49:58.847786] Running Score: 14/17

[2024-02-14 15:49:58.847812] Evaluating 126_main_not_a_procedure.spl with the submitted solution.
[2024-02-14 15:49:59.203565] Test subject results match (Compiler Failure).
[2024-02-14 15:49:59.203599] Exit code matches the expected exit code (126).
[2024-02-14 15:49:59.203622] Test passed.
[2024-02-14 15:49:59.203637] Running Score: 15/18

[2024-02-14 15:49:59.203661] Evaluating 127_main_must_not_have_parameters.spl with the submitted solution.
[2024-02-14 15:49:59.631042] Test subject results match (Compiler Failure).
[2024-02-14 15:49:59.631078] Exit code matches the expected exit code (127).
[2024-02-14 15:49:59.631102] Test passed.
[2024-02-14 15:49:59.631118] Running Score: 16/19

[2024-02-14 15:49:59.631142] Evaluating acker.spl with the submitted solution.
[2024-02-14 15:50:01.279771] Test subject results match (Success).
[2024-02-14 15:50:01.284103] Outputs match.
[2024-02-14 15:50:01.284138] Test passed.
[2024-02-14 15:50:01.284156] Running Score: 17/20

[2024-02-14 15:50:01.284185] Evaluating bigtest.spl with the submitted solution.
[2024-02-14 15:50:02.154869] Submission exited with exit code 1, which is not allowed. Allowed: [0, 99, 140, 100, 101, 102, 103, 104, 105, 106, 107, 108, 109, 110, 111, 112, 113, 114, 115, 116, 117, 118, 119, 120, 121, 122, 123, 124, 125, 126, 127]
[2024-02-14 15:50:02.155265] Output (stdout + stderr) of 'java -jar /home/solution/java/target/spl.jar /home/tests/bigtest.spl /home/temp/bigtest.spl.s' (Limited to 50 lines/10000 characters):
Exception in thread "main" java.lang.StackOverflowError
	at de.thm.mni.compilerbau.phases._06_codegen.CodeGenerator.genStatement(CodeGenerator.java:82)
	at de.thm.mni.compilerbau.phases._06_codegen.CodeGenerator.genStatement(CodeGenerator.java:185)
	at de.thm.mni.compilerbau.phases._06_codegen.CodeGenerator.genStatement(CodeGenerator.java:185)
	at de.thm.mni.compilerbau.phases._06_codegen.CodeGenerator.genStatement(CodeGenerator.java:185)
	at de.thm.mni.compilerbau.phases._06_codegen.CodeGenerator.genStatement(CodeGenerator.java:185)
	at de.thm.mni.compilerbau.phases._06_codegen.CodeGenerator.genStatement(CodeGenerator.java:185)
	at de.thm.mni.compilerbau.phases._06_codegen.CodeGenerator.genStatement(CodeGenerator.java:185)
	at de.thm.mni.compilerbau.phases._06_codegen.CodeGenerator.genStatement(CodeGenerator.java:185)
	at de.thm.mni.compilerbau.phases._06_codegen.CodeGenerator.genStatement(CodeGenerator.java:185)
	at de.thm.mni.compilerbau.phases._06_codegen.CodeGenerator.genStatement(CodeGenerator.java:185)
	at de.thm.mni.compilerbau.phases._06_codegen.CodeGenerator.genStatement(CodeGenerator.java:185)
	at de.thm.mni.compilerbau.phases._06_codegen.CodeGenerator.genStatement(CodeGenerator.java:185)
	at de.thm.mni.compilerbau.phases._06_codegen.CodeGenerator.genStatement(CodeGenerator.java:185)
	at de.thm.mni.compilerbau.phases._06_codegen.CodeGenerator.genStatement(CodeGenerator.java:185)
	at de.thm.mni.compilerbau.phases._06_codegen.CodeGenerator.genStatement(CodeGenerator.java:185)
	at de.thm.mni.compilerbau.phases._06_codegen.CodeGenerator.genStatement(CodeGenerator.java:185)
	at de.thm.mni.compilerbau.phases._06_codegen.CodeGenerator.genStatement(CodeGenerator.java:185)
	at de.thm.mni.compilerbau.phases._06_codegen.CodeGenerator.genStatement(CodeGenerator.java:185)
	at de.thm.mni.compilerbau.phases._06_codegen.CodeGenerator.genStatement(CodeGenerator.java:185)
	at de.thm.mni.compilerbau.phases._06_codegen.CodeGenerator.genStatement(CodeGenerator.java:185)
	at de.thm.mni.compilerbau.phases._06_codegen.CodeGenerator.genStatement(CodeGenerator.java:185)
	at de.thm.mni.compilerbau.phases._06_codegen.CodeGenerator.genStatement(CodeGenerator.java:185)
	at de.thm.mni.compilerbau.phases._06_codegen.CodeGenerator.genStatement(CodeGenerator.java:185)
	at de.thm.mni.compilerbau.phases._06_codegen.CodeGenerator.genStatement(CodeGenerator.java:185)
	at de.thm.mni.compilerbau.phases._06_codegen.CodeGenerator.genStatement(CodeGenerator.java:185)
	at de.thm.mni.compilerbau.phases._06_codegen.CodeGenerator.genStatement(CodeGenerator.java:185)
	at de.thm.mni.compilerbau.phases._06_codegen.CodeGenerator.genStatement(CodeGenerator.java:185)
	at de.thm.mni.compilerbau.phases._06_codegen.CodeGenerator.genStatement(CodeGenerator.java:185)
	at de.thm.mni.compilerbau.phases._06_codegen.CodeGenerator.genStatement(CodeGenerator.java:185)
	at de.thm.mni.compilerbau.phases._06_codegen.CodeGenerator.genStatement(CodeGenerator.java:185)
	at de.thm.mni.compilerbau.phases._06_codegen.CodeGenerator.genStatement(CodeGenerator.java:185)
	at de.thm.mni.compilerbau.phases._06_codegen.CodeGenerator.genStatement(CodeGenerator.java:185)
	at de.thm.mni.compilerbau.phases._06_codegen.CodeGenerator.genStatement(CodeGenerator.java:185)
	at de.thm.mni.compilerbau.phases._06_codegen.CodeGenerator.genStatement(CodeGenerator.java:185)
	at de.thm.mni.compilerbau.phases._06_codegen.CodeGenerator.genStatement(CodeGenerator.java:185)
	at de.thm.mni.compilerbau.phases._06_codegen.CodeGenerator.genStatement(CodeGenerator.java:185)
	at de.thm.mni.compilerbau.phases._06_codegen.CodeGenerator.genStatement(CodeGenerator.java:185)
	at de.thm.mni.compilerbau.phases._06_codegen.CodeGenerator.genStatement(CodeGenerator.java:185)
	at de.thm.mni.compilerbau.phases._06_codegen.CodeGenerator.genStatement(CodeGenerator.java:185)
	at de.thm.mni.compilerbau.phases._06_codegen.CodeGenerator.genStatement(CodeGenerator.java:185)
	at de.thm.mni.compilerbau.phases._06_codegen.CodeGenerator.genStatement(CodeGenerator.java:185)
	at de.thm.mni.compilerbau.phases._06_codegen.CodeGenerator.genStatement(CodeGenerator.java:185)
	at de.thm.mni.compilerbau.phases._06_codegen.CodeGenerator.genStatement(CodeGenerator.java:185)
	at de.thm.mni.compilerbau.phases._06_codegen.CodeGenerator.genStatement(CodeGenerator.java:185)
	at de.thm.mni.compilerbau.phases._06_codegen.CodeGenerator.genStatement(CodeGenerator.java:185)
	at de.thm.mni.compilerbau.phases._06_codegen.CodeGenerator.genStatement(CodeGenerator.java:185)
	at de.thm.mni.compilerbau.phases._06_codegen.CodeGenerator.genStatement(CodeGenerator.java:185)
	at de.thm.mni.compilerbau.phases._06_codegen.CodeGenerator.genStatement(CodeGenerator.java:185)
	at de.thm.mni.compilerbau.phases._06_codegen.CodeGenerator.genStatement(CodeGenerator.java:185)
[2024-02-14 15:50:02.156260] Test not passed.
[2024-02-14 15:50:02.156301] Running Score: 17/21

[2024-02-14 15:50:02.156344] Evaluating bits.spl with the submitted solution.
[2024-02-14 15:50:03.598952] Test subject results match (Success).
[2024-02-14 15:50:03.604467] Outputs match.
[2024-02-14 15:50:03.604711] Test passed.
[2024-02-14 15:50:03.604893] Running Score: 18/22

[2024-02-14 15:50:03.605221] Evaluating gcd.spl with the submitted solution.
[2024-02-14 15:50:05.036380] Test subject results match (Success).
[2024-02-14 15:50:05.040949] Outputs match.
[2024-02-14 15:50:05.041390] Test passed.
[2024-02-14 15:50:05.041575] Running Score: 19/23

[2024-02-14 15:50:05.041837] Evaluating inttest.spl with the submitted solution.
[2024-02-14 15:50:06.470175] Test subject results match (Success).
[2024-02-14 15:50:06.474021] Outputs match.
[2024-02-14 15:50:06.474236] Test passed.
[2024-02-14 15:50:06.474420] Running Score: 20/24

[2024-02-14 15:50:06.474688] Evaluating multiply.spl with the submitted solution.
[2024-02-14 15:50:07.996119] Test subject results match (Success).
[2024-02-14 15:50:08.006166] Outputs match.
[2024-02-14 15:50:08.006228] Test passed.
[2024-02-14 15:50:08.006256] Running Score: 21/25

[2024-02-14 15:50:08.006298] Evaluating partind1.spl with the submitted solution.
[2024-02-14 15:50:08.465319] Results do not match. Expected Success(0), but got Compiler Failure(114).
[2024-02-14 15:50:08.465373] Output (stdout + stderr) of 'java -jar /home/solution/java/target/spl.jar /home/tests/partind1.spl /home/temp/partind1.spl.s' (Limited to 50 lines/10000 characters):
An error occurred at Line 32, Column 8:
Argument type mismatch in call of procedure 'p'. Argument 1 is expected to have type 'array [7] of int', but has type 'int'.
[2024-02-14 15:50:08.465416] Test not passed.
[2024-02-14 15:50:08.465432] Running Score: 21/26

[2024-02-14 15:50:08.465459] Evaluating partind2.spl with the submitted solution.
[2024-02-14 15:50:08.917943] Results do not match. Expected Success(0), but got Compiler Failure(114).
[2024-02-14 15:50:08.918001] Output (stdout + stderr) of 'java -jar /home/solution/java/target/spl.jar /home/tests/partind2.spl /home/temp/partind2.spl.s' (Limited to 50 lines/10000 characters):
An error occurred at Line 43, Column 8:
Argument type mismatch in call of procedure 'p'. Argument 1 is expected to have type 'array [5] of array [7] of int', but has type 'int'.
[2024-02-14 15:50:08.918041] Test not passed.
[2024-02-14 15:50:08.918060] Running Score: 21/27

[2024-02-14 15:50:08.918085] Evaluating swap.spl with the submitted solution.
[2024-02-14 15:50:10.354711] Test subject results match (Success).
[2024-02-14 15:50:10.358625] Outputs match.
[2024-02-14 15:50:10.358879] Test passed.
[2024-02-14 15:50:10.359072] Running Score: 22/28

[2024-02-14 15:50:10.359371] Evaluating test1.spl with the submitted solution.
[2024-02-14 15:50:11.843648] Test subject results match (Success).
[2024-02-14 15:50:11.847553] Outputs match.
[2024-02-14 15:50:11.847765] Test passed.
[2024-02-14 15:50:11.847983] Running Score: 23/29

[2024-02-14 15:50:11.848288] Evaluating test2.spl with the submitted solution.
[2024-02-14 15:50:13.273934] Test subject results match (Success).
[2024-02-14 15:50:13.276799] Outputs match.
[2024-02-14 15:50:13.277000] Test passed.
[2024-02-14 15:50:13.277240] Running Score: 24/30

[2024-02-14 15:50:13.277494] Evaluating test3.spl with the submitted solution.
[2024-02-14 15:50:14.745058] Test subject results match (Success).
[2024-02-14 15:50:14.748877] Outputs differ. 'diff'-log (Expected output first, Limited to 50 lines/10000 characters):
4d3
< 1
6d4
< 3
8d5
< 5
10d6
< 7
12a9,12
> 7
> 5
> 3
> 1
[2024-02-14 15:50:14.751105] Test not passed.
[2024-02-14 15:50:14.751300] Running Score: 24/31

[2024-02-14 15:50:14.751568] Evaluating test4.spl with the submitted solution.
[2024-02-14 15:50:16.213874] Test subject results match (Success).
[2024-02-14 15:50:16.217103] Outputs match.
[2024-02-14 15:50:16.217305] Test passed.
[2024-02-14 15:50:16.217511] Running Score: 25/32

[2024-02-14 15:50:16.217823] Evaluating test5.spl with the submitted solution.
[2024-02-14 15:50:17.595685] Test subject results match (Success).
[2024-02-14 15:50:17.598554] Outputs match.
[2024-02-14 15:50:17.598757] Test passed.
[2024-02-14 15:50:17.598956] Running Score: 26/33

[2024-02-14 15:50:17.599201] Evaluating test7.spl with the submitted solution.
[2024-02-14 15:50:19.000436] Test subject results match (Success).
[2024-02-14 15:50:19.006804] Outputs match.
[2024-02-14 15:50:19.007008] Test passed.
[2024-02-14 15:50:19.007211] Running Score: 27/34

[2024-02-14 15:50:19.007474] Evaluating test8.spl with the submitted solution.
[2024-02-14 15:50:20.484851] Test subject results match (Success).
[2024-02-14 15:50:20.489296] Outputs match.
[2024-02-14 15:50:20.489519] Test passed.
[2024-02-14 15:50:20.489728] Running Score: 28/35

[2024-02-14 15:50:20.490034] Evaluating test9.spl with the submitted solution.
[2024-02-14 15:50:21.897238] Test subject results match (Success).
[2024-02-14 15:50:21.900758] Outputs match.
[2024-02-14 15:50:21.900978] Test passed.
[2024-02-14 15:50:21.901180] Running Score: 29/36

[2024-02-14 15:50:21.901460] Evaluating threedim.spl with the submitted solution.
[2024-02-14 15:50:23.316562] Test subject results match (Success).
[2024-02-14 15:50:23.320371] Outputs differ. 'diff'-log (Expected output first, Limited to 50 lines/10000 characters):
3,33c3
< 10000
< 00000
< 00000
< 00000
< 00000
< 
< 00000
< 01000
< 00000
< 00000
< 00000
< 
< 00000
< 00000
< 00100
< 00000
< 00000
< 
< 00000
< 00000
< 00000
< 00010
< 00000
< 
< 00000
< 00000
< 00000
< 00000
< 00001
< 
< SPL/RTS: main() finished
---
> SPL/RTS: TLB miss exception
[2024-02-14 15:50:23.323261] Test not passed.
[2024-02-14 15:50:23.323287] Running Score: 29/37

[2024-02-14 15:50:23.323314] Evaluating twodim.spl with the submitted solution.
[2024-02-14 15:50:24.713565] Test subject results match (Success).
[2024-02-14 15:50:24.717027] Outputs match.
[2024-02-14 15:50:24.717224] Test passed.
[2024-02-14 15:50:24.717412] Running Score: 30/38

[2024-02-14 15:50:24.718053] Final score: 30/38 (78%). 
[2024-02-14 15:50:24.718426] 80% are needed to pass.
[2024-02-14 15:50:34.988606] You have NOT PASSED this assignment.
[2024-02-14 15:50:34.989000] You can try again. Deadline: 16.02.2024 23:59

=== END Evaluation Log
NOTE: This evaluation log is also available at '/home/yranandika/Documents/Semester7/Compilerbau/cb-wise-2324/Skeleton Java/.submitscript/data/assignments/Aufgabe-2/submissions/[evaluated] e85c2c20-2e27-4040-89c0-b5f771390186/evaluation.log'

Do you want to submit another solution? [Y/n] 
=== Submitting ===
Please choose the assignment you want to submit. 
 1 - Aufgabe-1
 2 - Aufgabe-2
Please enter the id of your selection: 

Selected variant 'Java SPL Compiler' for assignment 'Aufgabe-2'.
=== Building submission ===
Running 'mvn clean compile'.
=== Building submission finished ===
Building your solution failed!
Do you want to view the build log? [Y/n] === BEGIN Build Log ===
[[1;34mINFO[m] Scanning for projects...
[[1;34mINFO[m] 
[[1;34mINFO[m] [1m--------------< [0;36mde.thm.mni.compilerbau.spl-reference:spl[0;1m >--------------[m
[[1;34mINFO[m] [1mBuilding spl 0.1[m
[[1;34mINFO[m] [1m--------------------------------[ jar ]---------------------------------[m
[[1;34mINFO[m] 
[[1;34mINFO[m] [1m--- [0;32mmaven-clean-plugin:2.5:clean[m [1m(default-clean)[m @ [36mspl[0;1m ---[m
[[1;34mINFO[m] Deleting /tmp/tmpob2lhroc/java/target
[[1;34mINFO[m] 
[[1;34mINFO[m] [1m--- [0;32mjflex-maven-plugin:1.7.0:generate[m [1m(default)[m @ [36mspl[0;1m ---[m
[[1;34mINFO[m]   generated /tmp/tmpob2lhroc/java/target/generated-sources/jflex/de/thm/mni/compilerbau/phases/_01_scanner/Scanner.java
[[1;34mINFO[m] 
[[1;34mINFO[m] [1m--- [0;32mcup-maven-plugin:11b-20160615:generate[m [1m(default)[m @ [36mspl[0;1m ---[m
Warning : Non terminal "EmptyStmt" was declared but never used
Warning : *** Shift/Reduce conflict found in state #94
  between IfStmt ::= IF LPAREN Expr RPAREN Statement (*) 
  and     IfStmt ::= IF LPAREN Expr RPAREN Statement (*) ELSE Statement 
  under symbol ELSE
  Resolved in favor of shifting.

[[1;34mINFO[m]   generated /tmp/tmpob2lhroc/java/target/generated-sources/cup/de/thm/mni/compilerbau/phases/_02_03_parser/Parser.java
[[1;34mINFO[m]   generated /tmp/tmpob2lhroc/java/target/generated-sources/cup/de/thm/mni/compilerbau/phases/_02_03_parser/Sym.java
[[1;34mINFO[m] 
[[1;34mINFO[m] [1m--- [0;32mmaven-resources-plugin:2.6:resources[m [1m(default-resources)[m @ [36mspl[0;1m ---[m
[[1;34mINFO[m] Using 'UTF-8' encoding to copy filtered resources.
[[1;34mINFO[m] skip non existing resourceDirectory /tmp/tmpob2lhroc/java/src/main/resources
[[1;34mINFO[m] 
[[1;34mINFO[m] [1m--- [0;32mmaven-compiler-plugin:3.10.1:compile[m [1m(default-compile)[m @ [36mspl[0;1m ---[m
[[1;34mINFO[m] Changes detected - recompiling the module!
[[1;34mINFO[m] Compiling 57 source files to /tmp/tmpob2lhroc/java/target/classes
[[1;34mINFO[m] [1m------------------------------------------------------------------------[m
[[1;34mINFO[m] [1;31mBUILD FAILURE[m
[[1;34mINFO[m] [1m------------------------------------------------------------------------[m
[[1;34mINFO[m] Total time:  0.744 s
[[1;34mINFO[m] Finished at: 2024-02-14T16:04:26+01:00
[[1;34mINFO[m] [1m------------------------------------------------------------------------[m
[[1;31mERROR[m] Failed to execute goal [32morg.apache.maven.plugins:maven-compiler-plugin:3.10.1:compile[m [1m(default-compile)[m on project [36mspl[m: [1;31mFatal error compiling[m: error: invalid target release: 21 -> [1m[Help 1][m
[[1;31mERROR[m] 
[[1;31mERROR[m] To see the full stack trace of the errors, re-run Maven with the [1m-e[m switch.
[[1;31mERROR[m] Re-run Maven using the [1m-X[m switch to enable full debug logging.
[[1;31mERROR[m] 
[[1;31mERROR[m] For more information about the errors and possible solutions, please read the following articles:
[[1;31mERROR[m] [1m[Help 1][m http://cwiki.apache.org/confluence/display/MAVEN/MojoExecutionException
=== END Build Log ===
Do you want to submit your solution anyway, despite the failing build? [y/N] === Cleaning directory for submission ===
=== Cleaning directory finished ===
=== Starting Upload ===
=== Upload finished ===
=== BEGIN Upload Log
[2024-02-14 16:04:35.018902] Received submission 47e0820c-cc65-4561-98e3-5952221153be
[2024-02-14 16:04:35.020810] Ip: 10.196.117.75
[2024-02-14 16:04:35.021093] Team members: [('Andryani', 'Linda Septira', '5345375'), ('Kirana', 'Yohanes Ranandika', '5310931')]
[2024-02-14 16:04:35.241945] Your submission was ACCEPTED for course 'Compilerbau-ws23', assignment 'Aufgabe-2'.
[2024-02-14 16:04:35.242353] Your submission has the id 47e0820c-cc65-4561-98e3-5952221153be.
[2024-02-14 16:04:35.243143] It will be evaluated shortly. Please check back soon for your results.

=== END Upload Log
Successfully submitted your solution. Please see the upload log above for more details.
Polling for results (Press CTRL + C to abort)......................................................
=== Evaluation results for submission '47e0820c-cc65-4561-98e3-5952221153be' retrieved. ===
You achieved the score 29/38 (76%).
You have NOT PASSED this assignment.
Do you want to view the evaluation log now? [Y/n] === BEGIN Evaluation Log
[2024-02-14 16:04:35.244558] Start of evaluation log for submission '47e0820c-cc65-4561-98e3-5952221153be'.
[2024-02-14 16:04:35.244885] Team member: ('Andryani', 'Linda Septira', '5345375')
[2024-02-14 16:04:35.245099] Team member: ('Kirana', 'Yohanes Ranandika', '5310931')
[2024-02-14 16:04:35.268562] Preparing the sandbox
[2024-02-14 16:04:36.045622] Unpacking submission in sandbox
[2024-02-14 16:04:36.478096] Building the test subject
[2024-02-14 16:04:36.478375] Identified the Java variant.
[2024-02-14 16:04:36.621870] Building Java solution with maven.
[2024-02-14 16:04:47.805025] Maven log:
[INFO] Scanning for projects...
[INFO] 
[INFO] --------------< de.thm.mni.compilerbau.spl-reference:spl >--------------
[INFO] Building spl 0.1
[INFO] --------------------------------[ jar ]---------------------------------
[INFO] 
[INFO] --- jflex-maven-plugin:1.7.0:generate (default) @ spl ---
[INFO]   generated /home/solution/java/target/generated-sources/jflex/de/thm/mni/compilerbau/phases/_01_scanner/Scanner.java
[INFO] 
[INFO] --- cup-maven-plugin:11b-20160615:generate (default) @ spl ---
Warning : Non terminal "EmptyStmt" was declared but never used
Warning : *** Shift/Reduce conflict found in state #94
  between IfStmt ::= IF LPAREN Expr RPAREN Statement (*) 
  and     IfStmt ::= IF LPAREN Expr RPAREN Statement (*) ELSE Statement 
  under symbol ELSE
  Resolved in favor of shifting.

[INFO]   generated /home/solution/java/target/generated-sources/cup/de/thm/mni/compilerbau/phases/_02_03_parser/Parser.java
[INFO]   generated /home/solution/java/target/generated-sources/cup/de/thm/mni/compilerbau/phases/_02_03_parser/Sym.java
[INFO] 
[INFO] --- maven-resources-plugin:2.6:resources (default-resources) @ spl ---
[INFO] Using 'UTF-8' encoding to copy filtered resources.
[INFO] skip non existing resourceDirectory /home/solution/java/src/main/resources
[INFO] 
[INFO] --- maven-compiler-plugin:3.10.1:compile (default-compile) @ spl ---
[INFO] Changes detected - recompiling the module!
[INFO] Compiling 57 source files to /home/solution/java/target/classes
[INFO] /home/solution/java/target/generated-sources/jflex/de/thm/mni/compilerbau/phases/_01_scanner/Scanner.java: /home/solution/java/target/generated-sources/jflex/de/thm/mni/compilerbau/phases/_01_scanner/Scanner.java uses or overrides a deprecated API that is marked for removal.
[INFO] /home/solution/java/target/generated-sources/jflex/de/thm/mni/compilerbau/phases/_01_scanner/Scanner.java: Recompile with -Xlint:removal for details.
[INFO] /home/solution/java/target/generated-sources/cup/de/thm/mni/compilerbau/phases/_02_03_parser/Parser.java: /home/solution/java/target/generated-sources/cup/de/thm/mni/compilerbau/phases/_02_03_parser/Parser.java uses unchecked or unsafe operations.
[INFO] /home/solution/java/target/generated-sources/cup/de/thm/mni/compilerbau/phases/_02_03_parser/Parser.java: Recompile with -Xlint:unchecked for details.
[INFO] 
[INFO] --- maven-resources-plugin:2.6:testResources (default-testResources) @ spl ---
[INFO] Using 'UTF-8' encoding to copy filtered resources.
[INFO] skip non existing resourceDirectory /home/solution/java/src/test/resources
[INFO] 
[INFO] --- maven-compiler-plugin:3.10.1:testCompile (default-testCompile) @ spl ---
[INFO] No sources to compile
[INFO] 
[INFO] --- maven-surefire-plugin:2.12.4:test (default-test) @ spl ---
[INFO] No tests to run.
[INFO] 
[INFO] --- maven-jar-plugin:2.4:jar (default-jar) @ spl ---
[INFO] Building jar: /home/solution/java/target/spl.jar
[INFO] 
[INFO] --- maven-shade-plugin:3.1.0:shade (default) @ spl ---
[INFO] Including com.github.vbmacher:java-cup-runtime:jar:11b-20160615 in the shaded jar.
[INFO] Replacing original artifact with shaded artifact.
[INFO] Replacing /home/solution/java/target/spl.jar with /home/solution/java/target/spl-0.1-shaded.jar
[INFO] Dependency-reduced POM written at: /home/solution/java/dependency-reduced-pom.xml
[INFO] ------------------------------------------------------------------------
[INFO] BUILD SUCCESS
[INFO] ------------------------------------------------------------------------
[INFO] Total time:  8.451 s
[INFO] Finished at: 2024-02-14T15:04:47Z
[INFO] ------------------------------------------------------------------------
[2024-02-14 16:04:47.947297] Beginning evaluation.
[2024-02-14 16:04:47.947488] Evaluating 101_undefined_procedure.spl with the submitted solution.
[2024-02-14 16:04:48.369015] Test subject results match (Compiler Failure).
[2024-02-14 16:04:48.369052] Exit code matches the expected exit code (101).
[2024-02-14 16:04:48.369081] Test passed.
[2024-02-14 16:04:48.369097] Running Score: 1/1

[2024-02-14 16:04:48.369120] Evaluating 101_undefined_type.spl with the submitted solution.
[2024-02-14 16:04:48.759419] Test subject results match (Compiler Failure).
[2024-02-14 16:04:48.759455] Exit code matches the expected exit code (101).
[2024-02-14 16:04:48.759479] Test passed.
[2024-02-14 16:04:48.759495] Running Score: 2/2

[2024-02-14 16:04:48.759519] Evaluating 101_undefined_variable.spl with the submitted solution.
[2024-02-14 16:04:49.154076] Test subject results match (Compiler Failure).
[2024-02-14 16:04:49.154110] Exit code matches the expected exit code (101).
[2024-02-14 16:04:49.154135] Test passed.
[2024-02-14 16:04:49.154151] Running Score: 3/3

[2024-02-14 16:04:49.154175] Evaluating 102_not_a_type.spl with the submitted solution.
[2024-02-14 16:04:49.524505] Test subject results match (Compiler Failure).
[2024-02-14 16:04:49.524539] Exit code matches the expected exit code (102).
[2024-02-14 16:04:49.524562] Test passed.
[2024-02-14 16:04:49.524578] Running Score: 4/4

[2024-02-14 16:04:49.524602] Evaluating 103_redefinition_as_parameter.spl with the submitted solution.
[2024-02-14 16:04:49.919966] Test subject results match (Compiler Failure).
[2024-02-14 16:04:49.920002] Exit code matches the expected exit code (103).
[2024-02-14 16:04:49.920026] Test passed.
[2024-02-14 16:04:49.920042] Running Score: 5/5

[2024-02-14 16:04:49.920066] Evaluating 103_redefinition_as_procedure.spl with the submitted solution.
[2024-02-14 16:04:50.305860] Test subject results match (Compiler Failure).
[2024-02-14 16:04:50.305910] Exit code matches the expected exit code (103).
[2024-02-14 16:04:50.305934] Test passed.
[2024-02-14 16:04:50.305950] Running Score: 6/6

[2024-02-14 16:04:50.305975] Evaluating 103_redefinition_as_type.spl with the submitted solution.
[2024-02-14 16:04:50.692122] Test subject results match (Compiler Failure).
[2024-02-14 16:04:50.692157] Exit code matches the expected exit code (103).
[2024-02-14 16:04:50.692180] Test passed.
[2024-02-14 16:04:50.692195] Running Score: 7/7

[2024-02-14 16:04:50.692220] Evaluating 103_redefinition_as_variable.spl with the submitted solution.
[2024-02-14 16:04:51.086296] Test subject results match (Compiler Failure).
[2024-02-14 16:04:51.086332] Exit code matches the expected exit code (103).
[2024-02-14 16:04:51.086356] Test passed.
[2024-02-14 16:04:51.086372] Running Score: 8/8

[2024-02-14 16:04:51.086396] Evaluating 104_must_be_reference_parameter.spl with the submitted solution.
[2024-02-14 16:04:51.485784] Test subject results match (Compiler Failure).
[2024-02-14 16:04:51.485819] Exit code matches the expected exit code (104).
[2024-02-14 16:04:51.485843] Test passed.
[2024-02-14 16:04:51.485859] Running Score: 9/9

[2024-02-14 16:04:51.485903] Evaluating 113_call_of_non_procedure.spl with the submitted solution.
[2024-02-14 16:04:51.882969] Test subject results match (Compiler Failure).
[2024-02-14 16:04:51.883006] Exit code matches the expected exit code (113).
[2024-02-14 16:04:51.883030] Test passed.
[2024-02-14 16:04:51.883045] Running Score: 10/10

[2024-02-14 16:04:51.883069] Evaluating 114_argument_type_mismatch.spl with the submitted solution.
[2024-02-14 16:04:53.610124] Results do not match. Expected Compiler Failure(114), but got Success(0).
[2024-02-14 16:04:53.610188] Output (stdout) of 'xvfb-run -a /home/tools/sim -x -l /home/temp/114_argument_type_mismatch.spl.bin -s 1 -t 0' (Limited to 50 lines/10000 characters):
SPL/RTS: main() started

SPL/RTS: main() finished
[2024-02-14 16:04:53.610230] Test not passed.
[2024-02-14 16:04:53.610245] Running Score: 10/11

[2024-02-14 16:04:53.610268] Evaluating 115_argument_must_be_variable.spl with the submitted solution.
[2024-02-14 16:04:54.007215] Test subject results match (Compiler Failure).
[2024-02-14 16:04:54.007250] Exit code matches the expected exit code (115).
[2024-02-14 16:04:54.007274] Test passed.
[2024-02-14 16:04:54.007290] Running Score: 11/12

[2024-02-14 16:04:54.007314] Evaluating 116_procedure_too_few_arguments.spl with the submitted solution.
[2024-02-14 16:04:54.400766] Test subject results match (Compiler Failure).
[2024-02-14 16:04:54.400808] Exit code matches the expected exit code (116).
[2024-02-14 16:04:54.400833] Test passed.
[2024-02-14 16:04:54.400848] Running Score: 12/13

[2024-02-14 16:04:54.400871] Evaluating 116_procedure_too_many_arguments.spl with the submitted solution.
[2024-02-14 16:04:54.799873] Test subject results match (Compiler Failure).
[2024-02-14 16:04:54.799908] Exit code matches the expected exit code (116).
[2024-02-14 16:04:54.799932] Test passed.
[2024-02-14 16:04:54.799947] Running Score: 13/14

[2024-02-14 16:04:54.799973] Evaluating 122_not_a_variable.spl with the submitted solution.
[2024-02-14 16:04:55.164617] Submission exited with exit code 1, which is not allowed. Allowed: [0, 99, 140, 100, 101, 102, 103, 104, 105, 106, 107, 108, 109, 110, 111, 112, 113, 114, 115, 116, 117, 118, 119, 120, 121, 122, 123, 124, 125, 126, 127]
[2024-02-14 16:04:55.164669] Output (stdout + stderr) of 'java -jar /home/solution/java/target/spl.jar /home/tests/122_not_a_variable.spl /home/temp/122_not_a_variable.spl.s' (Limited to 50 lines/10000 characters):
An error occurred: class de.thm.mni.compilerbau.table.ProcedureEntry cannot be cast to class de.thm.mni.compilerbau.table.VariableEntry (de.thm.mni.compilerbau.table.ProcedureEntry and de.thm.mni.compilerbau.table.VariableEntry are in unnamed module of loader 'app')
java.lang.ClassCastException: class de.thm.mni.compilerbau.table.ProcedureEntry cannot be cast to class de.thm.mni.compilerbau.table.VariableEntry (de.thm.mni.compilerbau.table.ProcedureEntry and de.thm.mni.compilerbau.table.VariableEntry are in unnamed module of loader 'app')
	at de.thm.mni.compilerbau.phases._04b_semant.ProcedureBodyChecker.checkStatement(ProcedureBodyChecker.java:109)
	at de.thm.mni.compilerbau.phases._04b_semant.ProcedureBodyChecker.checkStatement(ProcedureBodyChecker.java:78)
	at de.thm.mni.compilerbau.phases._04b_semant.ProcedureBodyChecker.checkProcedures(ProcedureBodyChecker.java:64)
	at de.thm.mni.compilerbau.Main.main(Main.java:85)
[2024-02-14 16:04:55.164745] Test not passed.
[2024-02-14 16:04:55.164761] Running Score: 13/15

[2024-02-14 16:04:55.164785] Evaluating 123_indexing_non_array.spl with the submitted solution.
[2024-02-14 16:04:55.597872] Submission exited with exit code 1, which is not allowed. Allowed: [0, 99, 140, 100, 101, 102, 103, 104, 105, 106, 107, 108, 109, 110, 111, 112, 113, 114, 115, 116, 117, 118, 119, 120, 121, 122, 123, 124, 125, 126, 127]
[2024-02-14 16:04:55.597943] Output (stdout + stderr) of 'java -jar /home/solution/java/target/spl.jar /home/tests/123_indexing_non_array.spl /home/temp/123_indexing_non_array.spl.s' (Limited to 50 lines/10000 characters):
An error occurred: class de.thm.mni.compilerbau.types.PrimitiveType cannot be cast to class de.thm.mni.compilerbau.types.ArrayType (de.thm.mni.compilerbau.types.PrimitiveType and de.thm.mni.compilerbau.types.ArrayType are in unnamed module of loader 'app')
java.lang.ClassCastException: class de.thm.mni.compilerbau.types.PrimitiveType cannot be cast to class de.thm.mni.compilerbau.types.ArrayType (de.thm.mni.compilerbau.types.PrimitiveType and de.thm.mni.compilerbau.types.ArrayType are in unnamed module of loader 'app')
	at de.thm.mni.compilerbau.phases._06_codegen.CodeGenerator.genStatement(CodeGenerator.java:114)
	at de.thm.mni.compilerbau.phases._06_codegen.CodeGenerator.generateCode(CodeGenerator.java:59)
	at de.thm.mni.compilerbau.Main.main(Main.java:95)
[2024-02-14 16:04:55.598010] Test not passed.
[2024-02-14 16:04:55.598025] Running Score: 13/16

[2024-02-14 16:04:55.598049] Evaluating 124_indexing_with_non_integer.spl with the submitted solution.
[2024-02-14 16:04:56.911177] Results do not match. Expected Compiler Failure(124), but got Success(0).
[2024-02-14 16:04:56.911575] Output (stdout) of 'xvfb-run -a /home/tools/sim -x -l /home/temp/124_indexing_with_non_integer.spl.bin -s 1 -t 0' (Limited to 50 lines/10000 characters):
SPL/RTS: main() started

SPL/RTS: index out of bounds
[2024-02-14 16:04:56.911823] Test not passed.
[2024-02-14 16:04:56.911898] Running Score: 13/17

[2024-02-14 16:04:56.911930] Evaluating 126_main_not_a_procedure.spl with the submitted solution.
[2024-02-14 16:04:57.251900] Test subject results match (Compiler Failure).
[2024-02-14 16:04:57.251937] Exit code matches the expected exit code (126).
[2024-02-14 16:04:57.251959] Test passed.
[2024-02-14 16:04:57.251974] Running Score: 14/18

[2024-02-14 16:04:57.251997] Evaluating 127_main_must_not_have_parameters.spl with the submitted solution.
[2024-02-14 16:04:57.599509] Test subject results match (Compiler Failure).
[2024-02-14 16:04:57.599543] Exit code matches the expected exit code (127).
[2024-02-14 16:04:57.599567] Test passed.
[2024-02-14 16:04:57.599582] Running Score: 15/19

[2024-02-14 16:04:57.599607] Evaluating acker.spl with the submitted solution.
[2024-02-14 16:04:59.207330] Test subject results match (Success).
[2024-02-14 16:04:59.211207] Outputs match.
[2024-02-14 16:04:59.211402] Test passed.
[2024-02-14 16:04:59.211595] Running Score: 16/20

[2024-02-14 16:04:59.211910] Evaluating bigtest.spl with the submitted solution.
[2024-02-14 16:05:00.033736] Submission exited with exit code 1, which is not allowed. Allowed: [0, 99, 140, 100, 101, 102, 103, 104, 105, 106, 107, 108, 109, 110, 111, 112, 113, 114, 115, 116, 117, 118, 119, 120, 121, 122, 123, 124, 125, 126, 127]
[2024-02-14 16:05:00.034002] Output (stdout + stderr) of 'java -jar /home/solution/java/target/spl.jar /home/tests/bigtest.spl /home/temp/bigtest.spl.s' (Limited to 50 lines/10000 characters):
Exception in thread "main" java.lang.StackOverflowError
	at de.thm.mni.compilerbau.phases._06_codegen.CodeGenerator.genStatement(CodeGenerator.java:82)
	at de.thm.mni.compilerbau.phases._06_codegen.CodeGenerator.genStatement(CodeGenerator.java:185)
	at de.thm.mni.compilerbau.phases._06_codegen.CodeGenerator.genStatement(CodeGenerator.java:185)
	at de.thm.mni.compilerbau.phases._06_codegen.CodeGenerator.genStatement(CodeGenerator.java:185)
	at de.thm.mni.compilerbau.phases._06_codegen.CodeGenerator.genStatement(CodeGenerator.java:185)
	at de.thm.mni.compilerbau.phases._06_codegen.CodeGenerator.genStatement(CodeGenerator.java:185)
	at de.thm.mni.compilerbau.phases._06_codegen.CodeGenerator.genStatement(CodeGenerator.java:185)
	at de.thm.mni.compilerbau.phases._06_codegen.CodeGenerator.genStatement(CodeGenerator.java:185)
	at de.thm.mni.compilerbau.phases._06_codegen.CodeGenerator.genStatement(CodeGenerator.java:185)
	at de.thm.mni.compilerbau.phases._06_codegen.CodeGenerator.genStatement(CodeGenerator.java:185)
	at de.thm.mni.compilerbau.phases._06_codegen.CodeGenerator.genStatement(CodeGenerator.java:185)
	at de.thm.mni.compilerbau.phases._06_codegen.CodeGenerator.genStatement(CodeGenerator.java:185)
	at de.thm.mni.compilerbau.phases._06_codegen.CodeGenerator.genStatement(CodeGenerator.java:185)
	at de.thm.mni.compilerbau.phases._06_codegen.CodeGenerator.genStatement(CodeGenerator.java:185)
	at de.thm.mni.compilerbau.phases._06_codegen.CodeGenerator.genStatement(CodeGenerator.java:185)
	at de.thm.mni.compilerbau.phases._06_codegen.CodeGenerator.genStatement(CodeGenerator.java:185)
	at de.thm.mni.compilerbau.phases._06_codegen.CodeGenerator.genStatement(CodeGenerator.java:185)
	at de.thm.mni.compilerbau.phases._06_codegen.CodeGenerator.genStatement(CodeGenerator.java:185)
	at de.thm.mni.compilerbau.phases._06_codegen.CodeGenerator.genStatement(CodeGenerator.java:185)
	at de.thm.mni.compilerbau.phases._06_codegen.CodeGenerator.genStatement(CodeGenerator.java:185)
	at de.thm.mni.compilerbau.phases._06_codegen.CodeGenerator.genStatement(CodeGenerator.java:185)
	at de.thm.mni.compilerbau.phases._06_codegen.CodeGenerator.genStatement(CodeGenerator.java:185)
	at de.thm.mni.compilerbau.phases._06_codegen.CodeGenerator.genStatement(CodeGenerator.java:185)
	at de.thm.mni.compilerbau.phases._06_codegen.CodeGenerator.genStatement(CodeGenerator.java:185)
	at de.thm.mni.compilerbau.phases._06_codegen.CodeGenerator.genStatement(CodeGenerator.java:185)
	at de.thm.mni.compilerbau.phases._06_codegen.CodeGenerator.genStatement(CodeGenerator.java:185)
	at de.thm.mni.compilerbau.phases._06_codegen.CodeGenerator.genStatement(CodeGenerator.java:185)
	at de.thm.mni.compilerbau.phases._06_codegen.CodeGenerator.genStatement(CodeGenerator.java:185)
	at de.thm.mni.compilerbau.phases._06_codegen.CodeGenerator.genStatement(CodeGenerator.java:185)
	at de.thm.mni.compilerbau.phases._06_codegen.CodeGenerator.genStatement(CodeGenerator.java:185)
	at de.thm.mni.compilerbau.phases._06_codegen.CodeGenerator.genStatement(CodeGenerator.java:185)
	at de.thm.mni.compilerbau.phases._06_codegen.CodeGenerator.genStatement(CodeGenerator.java:185)
	at de.thm.mni.compilerbau.phases._06_codegen.CodeGenerator.genStatement(CodeGenerator.java:185)
	at de.thm.mni.compilerbau.phases._06_codegen.CodeGenerator.genStatement(CodeGenerator.java:185)
	at de.thm.mni.compilerbau.phases._06_codegen.CodeGenerator.genStatement(CodeGenerator.java:185)
	at de.thm.mni.compilerbau.phases._06_codegen.CodeGenerator.genStatement(CodeGenerator.java:185)
	at de.thm.mni.compilerbau.phases._06_codegen.CodeGenerator.genStatement(CodeGenerator.java:185)
	at de.thm.mni.compilerbau.phases._06_codegen.CodeGenerator.genStatement(CodeGenerator.java:185)
	at de.thm.mni.compilerbau.phases._06_codegen.CodeGenerator.genStatement(CodeGenerator.java:185)
	at de.thm.mni.compilerbau.phases._06_codegen.CodeGenerator.genStatement(CodeGenerator.java:185)
	at de.thm.mni.compilerbau.phases._06_codegen.CodeGenerator.genStatement(CodeGenerator.java:185)
	at de.thm.mni.compilerbau.phases._06_codegen.CodeGenerator.genStatement(CodeGenerator.java:185)
	at de.thm.mni.compilerbau.phases._06_codegen.CodeGenerator.genStatement(CodeGenerator.java:185)
	at de.thm.mni.compilerbau.phases._06_codegen.CodeGenerator.genStatement(CodeGenerator.java:185)
	at de.thm.mni.compilerbau.phases._06_codegen.CodeGenerator.genStatement(CodeGenerator.java:185)
	at de.thm.mni.compilerbau.phases._06_codegen.CodeGenerator.genStatement(CodeGenerator.java:185)
	at de.thm.mni.compilerbau.phases._06_codegen.CodeGenerator.genStatement(CodeGenerator.java:185)
	at de.thm.mni.compilerbau.phases._06_codegen.CodeGenerator.genStatement(CodeGenerator.java:185)
	at de.thm.mni.compilerbau.phases._06_codegen.CodeGenerator.genStatement(CodeGenerator.java:185)
[2024-02-14 16:05:00.034440] Test not passed.
[2024-02-14 16:05:00.034456] Running Score: 16/21

[2024-02-14 16:05:00.034480] Evaluating bits.spl with the submitted solution.
[2024-02-14 16:05:01.347948] Test subject results match (Success).
[2024-02-14 16:05:01.353028] Outputs match.
[2024-02-14 16:05:01.353064] Test passed.
[2024-02-14 16:05:01.353080] Running Score: 17/22

[2024-02-14 16:05:01.353104] Evaluating gcd.spl with the submitted solution.
[2024-02-14 16:05:02.682109] Test subject results match (Success).
[2024-02-14 16:05:02.686409] Outputs match.
[2024-02-14 16:05:02.686516] Test passed.
[2024-02-14 16:05:02.686548] Running Score: 18/23

[2024-02-14 16:05:02.686575] Evaluating inttest.spl with the submitted solution.
[2024-02-14 16:05:04.000101] Test subject results match (Success).
[2024-02-14 16:05:04.003783] Outputs match.
[2024-02-14 16:05:04.003988] Test passed.
[2024-02-14 16:05:04.004190] Running Score: 19/24

[2024-02-14 16:05:04.004483] Evaluating multiply.spl with the submitted solution.
[2024-02-14 16:05:05.423074] Test subject results match (Success).
[2024-02-14 16:05:05.426756] Outputs match.
[2024-02-14 16:05:05.426972] Test passed.
[2024-02-14 16:05:05.427185] Running Score: 20/25

[2024-02-14 16:05:05.427504] Evaluating partind1.spl with the submitted solution.
[2024-02-14 16:05:06.846451] Test subject results match (Success).
[2024-02-14 16:05:06.849850] Outputs differ. 'diff'-log (Expected output first, Limited to 50 lines/10000 characters):
2a3
> 5 6 0 0 0 0 0 
5d5
< 0 1 2 3 4 5 6 
8c8
< SPL/RTS: main() finished
---
> SPL/RTS: illegal address exception
[2024-02-14 16:05:06.851440] Test not passed.
[2024-02-14 16:05:06.851624] Running Score: 20/26

[2024-02-14 16:05:06.851895] Evaluating partind2.spl with the submitted solution.
[2024-02-14 16:05:08.188421] Test subject results match (Success).
[2024-02-14 16:05:08.191925] Outputs differ. 'diff'-log (Expected output first, Limited to 50 lines/10000 characters):
3,21c3
< 0 0 0 0 0 0 0 
< 0 0 0 0 0 0 0 
< 0 0 0 0 0 0 0 
< 0 0 0 0 0 0 0 
< 0 0 0 0 0 0 0 
< 
< 0 0 0 0 0 0 0 
< 0 2 0 0 0 0 0 
< 0 0 4 0 0 0 0 
< 0 0 0 6 0 0 0 
< 0 0 0 0 8 0 0 
< 
< 0 0 0 0 0 0 0 
< 0 0 0 0 0 0 0 
< 0 0 0 0 0 0 0 
< 0 0 0 0 0 0 0 
< 0 0 0 0 0 0 0 
< 
< SPL/RTS: main() finished
---
> SPL/RTS: TLB miss exception
[2024-02-14 16:05:08.194714] Test not passed.
[2024-02-14 16:05:08.194745] Running Score: 20/27

[2024-02-14 16:05:08.194774] Evaluating swap.spl with the submitted solution.
[2024-02-14 16:05:09.488871] Test subject results match (Success).
[2024-02-14 16:05:09.492463] Outputs match.
[2024-02-14 16:05:09.492751] Test passed.
[2024-02-14 16:05:09.493020] Running Score: 21/28

[2024-02-14 16:05:09.493380] Evaluating test1.spl with the submitted solution.
[2024-02-14 16:05:10.781147] Test subject results match (Success).
[2024-02-14 16:05:10.785003] Outputs match.
[2024-02-14 16:05:10.785216] Test passed.
[2024-02-14 16:05:10.785429] Running Score: 22/29

[2024-02-14 16:05:10.785720] Evaluating test2.spl with the submitted solution.
[2024-02-14 16:05:12.104702] Test subject results match (Success).
[2024-02-14 16:05:12.108267] Outputs match.
[2024-02-14 16:05:12.108498] Test passed.
[2024-02-14 16:05:12.108692] Running Score: 23/30

[2024-02-14 16:05:12.108992] Evaluating test3.spl with the submitted solution.
[2024-02-14 16:05:13.455047] Test subject results match (Success).
[2024-02-14 16:05:13.458657] Outputs differ. 'diff'-log (Expected output first, Limited to 50 lines/10000 characters):
4d3
< 1
6d4
< 3
8d5
< 5
10d6
< 7
12a9,12
> 7
> 5
> 3
> 1
[2024-02-14 16:05:13.458758] Test not passed.
[2024-02-14 16:05:13.458773] Running Score: 23/31

[2024-02-14 16:05:13.458797] Evaluating test4.spl with the submitted solution.
[2024-02-14 16:05:14.864000] Test subject results match (Success).
[2024-02-14 16:05:14.866178] Outputs match.
[2024-02-14 16:05:14.866215] Test passed.
[2024-02-14 16:05:14.866231] Running Score: 24/32

[2024-02-14 16:05:14.866257] Evaluating test5.spl with the submitted solution.
[2024-02-14 16:05:16.142508] Test subject results match (Success).
[2024-02-14 16:05:16.145355] Outputs match.
[2024-02-14 16:05:16.145586] Test passed.
[2024-02-14 16:05:16.145799] Running Score: 25/33

[2024-02-14 16:05:16.146192] Evaluating test7.spl with the submitted solution.
[2024-02-14 16:05:17.419364] Test subject results match (Success).
[2024-02-14 16:05:17.422477] Outputs match.
[2024-02-14 16:05:17.422669] Test passed.
[2024-02-14 16:05:17.422844] Running Score: 26/34

[2024-02-14 16:05:17.423107] Evaluating test8.spl with the submitted solution.
[2024-02-14 16:05:18.703177] Test subject results match (Success).
[2024-02-14 16:05:18.705806] Outputs match.
[2024-02-14 16:05:18.706071] Test passed.
[2024-02-14 16:05:18.706285] Running Score: 27/35

[2024-02-14 16:05:18.706680] Evaluating test9.spl with the submitted solution.
[2024-02-14 16:05:20.007255] Test subject results match (Success).
[2024-02-14 16:05:20.010690] Outputs match.
[2024-02-14 16:05:20.010726] Test passed.
[2024-02-14 16:05:20.010743] Running Score: 28/36

[2024-02-14 16:05:20.010769] Evaluating threedim.spl with the submitted solution.
[2024-02-14 16:05:21.364008] Test subject results match (Success).
[2024-02-14 16:05:21.367734] Outputs differ. 'diff'-log (Expected output first, Limited to 50 lines/10000 characters):
3,33c3
< 10000
< 00000
< 00000
< 00000
< 00000
< 
< 00000
< 01000
< 00000
< 00000
< 00000
< 
< 00000
< 00000
< 00100
< 00000
< 00000
< 
< 00000
< 00000
< 00000
< 00010
< 00000
< 
< 00000
< 00000
< 00000
< 00000
< 00001
< 
< SPL/RTS: main() finished
---
> SPL/RTS: TLB miss exception
[2024-02-14 16:05:21.370579] Test not passed.
[2024-02-14 16:05:21.370614] Running Score: 28/37

[2024-02-14 16:05:21.370642] Evaluating twodim.spl with the submitted solution.
[2024-02-14 16:05:22.723400] Test subject results match (Success).
[2024-02-14 16:05:22.726763] Outputs match.
[2024-02-14 16:05:22.727006] Test passed.
[2024-02-14 16:05:22.727179] Running Score: 29/38

[2024-02-14 16:05:22.727501] Final score: 29/38 (76%). 
[2024-02-14 16:05:22.727869] 80% are needed to pass.
[2024-02-14 16:05:32.965912] You have NOT PASSED this assignment.
[2024-02-14 16:05:32.966246] You can try again. Deadline: 16.02.2024 23:59

=== END Evaluation Log
NOTE: This evaluation log is also available at '/home/yranandika/Documents/Semester7/Compilerbau/cb-wise-2324/Skeleton Java/.submitscript/data/assignments/Aufgabe-2/submissions/[evaluated] 47e0820c-cc65-4561-98e3-5952221153be/evaluation.log'

Do you want to submit another solution? [Y/n] 
=== Submitting ===
Please choose the assignment you want to submit. 
 1 - Aufgabe-1
 2 - Aufgabe-2
Please enter the id of your selection: 

Selected variant 'Java SPL Compiler' for assignment 'Aufgabe-2'.
=== Building submission ===
Running 'mvn clean compile'.
=== Building submission finished ===
Building your solution failed!
Do you want to view the build log? [Y/n] === BEGIN Build Log ===
[[1;34mINFO[m] Scanning for projects...
[[1;34mINFO[m] 
[[1;34mINFO[m] [1m--------------< [0;36mde.thm.mni.compilerbau.spl-reference:spl[0;1m >--------------[m
[[1;34mINFO[m] [1mBuilding spl 0.1[m
[[1;34mINFO[m] [1m--------------------------------[ jar ]---------------------------------[m
[[1;34mINFO[m] 
[[1;34mINFO[m] [1m--- [0;32mmaven-clean-plugin:2.5:clean[m [1m(default-clean)[m @ [36mspl[0;1m ---[m
[[1;34mINFO[m] Deleting /tmp/tmpqj7k89fg/java/target
[[1;34mINFO[m] 
[[1;34mINFO[m] [1m--- [0;32mjflex-maven-plugin:1.7.0:generate[m [1m(default)[m @ [36mspl[0;1m ---[m
[[1;34mINFO[m]   generated /tmp/tmpqj7k89fg/java/target/generated-sources/jflex/de/thm/mni/compilerbau/phases/_01_scanner/Scanner.java
[[1;34mINFO[m] 
[[1;34mINFO[m] [1m--- [0;32mcup-maven-plugin:11b-20160615:generate[m [1m(default)[m @ [36mspl[0;1m ---[m
Warning : Non terminal "EmptyStmt" was declared but never used
Warning : *** Shift/Reduce conflict found in state #94
  between IfStmt ::= IF LPAREN Expr RPAREN Statement (*) 
  and     IfStmt ::= IF LPAREN Expr RPAREN Statement (*) ELSE Statement 
  under symbol ELSE
  Resolved in favor of shifting.

[[1;34mINFO[m]   generated /tmp/tmpqj7k89fg/java/target/generated-sources/cup/de/thm/mni/compilerbau/phases/_02_03_parser/Parser.java
[[1;34mINFO[m]   generated /tmp/tmpqj7k89fg/java/target/generated-sources/cup/de/thm/mni/compilerbau/phases/_02_03_parser/Sym.java
[[1;34mINFO[m] 
[[1;34mINFO[m] [1m--- [0;32mmaven-resources-plugin:2.6:resources[m [1m(default-resources)[m @ [36mspl[0;1m ---[m
[[1;34mINFO[m] Using 'UTF-8' encoding to copy filtered resources.
[[1;34mINFO[m] skip non existing resourceDirectory /tmp/tmpqj7k89fg/java/src/main/resources
[[1;34mINFO[m] 
[[1;34mINFO[m] [1m--- [0;32mmaven-compiler-plugin:3.10.1:compile[m [1m(default-compile)[m @ [36mspl[0;1m ---[m
[[1;34mINFO[m] Changes detected - recompiling the module!
[[1;34mINFO[m] Compiling 57 source files to /tmp/tmpqj7k89fg/java/target/classes
[[1;34mINFO[m] [1m------------------------------------------------------------------------[m
[[1;34mINFO[m] [1;31mBUILD FAILURE[m
[[1;34mINFO[m] [1m------------------------------------------------------------------------[m
[[1;34mINFO[m] Total time:  0.615 s
[[1;34mINFO[m] Finished at: 2024-02-14T16:06:48+01:00
[[1;34mINFO[m] [1m------------------------------------------------------------------------[m
[[1;31mERROR[m] Failed to execute goal [32morg.apache.maven.plugins:maven-compiler-plugin:3.10.1:compile[m [1m(default-compile)[m on project [36mspl[m: [1;31mFatal error compiling[m: error: invalid target release: 21 -> [1m[Help 1][m
[[1;31mERROR[m] 
[[1;31mERROR[m] To see the full stack trace of the errors, re-run Maven with the [1m-e[m switch.
[[1;31mERROR[m] Re-run Maven using the [1m-X[m switch to enable full debug logging.
[[1;31mERROR[m] 
[[1;31mERROR[m] For more information about the errors and possible solutions, please read the following articles:
[[1;31mERROR[m] [1m[Help 1][m http://cwiki.apache.org/confluence/display/MAVEN/MojoExecutionException
=== END Build Log ===
Do you want to submit your solution anyway, despite the failing build? [y/N] === Cleaning directory for submission ===
=== Cleaning directory finished ===
=== Starting Upload ===
=== Upload finished ===
=== BEGIN Upload Log
[2024-02-14 16:06:52.147537] Received submission c49028df-2969-4b1a-b0dc-bc64abebabf8
[2024-02-14 16:06:52.147995] Ip: 10.196.117.75
[2024-02-14 16:06:52.148249] Team members: [('Andryani', 'Linda Septira', '5345375'), ('Kirana', 'Yohanes Ranandika', '5310931')]
[2024-02-14 16:06:52.329214] Your submission was ACCEPTED for course 'Compilerbau-ws23', assignment 'Aufgabe-2'.
[2024-02-14 16:06:52.329572] Your submission has the id c49028df-2969-4b1a-b0dc-bc64abebabf8.
[2024-02-14 16:06:52.330111] It will be evaluated shortly. Please check back soon for your results.

=== END Upload Log
Successfully submitted your solution. Please see the upload log above for more details.
Polling for results (Press CTRL + C to abort)...................................................
=== Evaluation results for submission 'c49028df-2969-4b1a-b0dc-bc64abebabf8' retrieved. ===
You achieved the score 30/38 (78%).
You have NOT PASSED this assignment.
Do you want to view the evaluation log now? [Y/n] === BEGIN Evaluation Log
[2024-02-14 16:06:52.331033] Start of evaluation log for submission 'c49028df-2969-4b1a-b0dc-bc64abebabf8'.
[2024-02-14 16:06:52.331368] Team member: ('Andryani', 'Linda Septira', '5345375')
[2024-02-14 16:06:52.331614] Team member: ('Kirana', 'Yohanes Ranandika', '5310931')
[2024-02-14 16:06:52.349005] Preparing the sandbox
[2024-02-14 16:06:53.035440] Unpacking submission in sandbox
[2024-02-14 16:06:53.485110] Building the test subject
[2024-02-14 16:06:53.485394] Identified the Java variant.
[2024-02-14 16:06:53.627335] Building Java solution with maven.
[2024-02-14 16:07:04.588513] Maven log:
[INFO] Scanning for projects...
[INFO] 
[INFO] --------------< de.thm.mni.compilerbau.spl-reference:spl >--------------
[INFO] Building spl 0.1
[INFO] --------------------------------[ jar ]---------------------------------
[INFO] 
[INFO] --- jflex-maven-plugin:1.7.0:generate (default) @ spl ---
[INFO]   generated /home/solution/java/target/generated-sources/jflex/de/thm/mni/compilerbau/phases/_01_scanner/Scanner.java
[INFO] 
[INFO] --- cup-maven-plugin:11b-20160615:generate (default) @ spl ---
Warning : Non terminal "EmptyStmt" was declared but never used
Warning : *** Shift/Reduce conflict found in state #94
  between IfStmt ::= IF LPAREN Expr RPAREN Statement (*) 
  and     IfStmt ::= IF LPAREN Expr RPAREN Statement (*) ELSE Statement 
  under symbol ELSE
  Resolved in favor of shifting.

[INFO]   generated /home/solution/java/target/generated-sources/cup/de/thm/mni/compilerbau/phases/_02_03_parser/Parser.java
[INFO]   generated /home/solution/java/target/generated-sources/cup/de/thm/mni/compilerbau/phases/_02_03_parser/Sym.java
[INFO] 
[INFO] --- maven-resources-plugin:2.6:resources (default-resources) @ spl ---
[INFO] Using 'UTF-8' encoding to copy filtered resources.
[INFO] skip non existing resourceDirectory /home/solution/java/src/main/resources
[INFO] 
[INFO] --- maven-compiler-plugin:3.10.1:compile (default-compile) @ spl ---
[INFO] Changes detected - recompiling the module!
[INFO] Compiling 57 source files to /home/solution/java/target/classes
[INFO] /home/solution/java/target/generated-sources/jflex/de/thm/mni/compilerbau/phases/_01_scanner/Scanner.java: /home/solution/java/target/generated-sources/jflex/de/thm/mni/compilerbau/phases/_01_scanner/Scanner.java uses or overrides a deprecated API that is marked for removal.
[INFO] /home/solution/java/target/generated-sources/jflex/de/thm/mni/compilerbau/phases/_01_scanner/Scanner.java: Recompile with -Xlint:removal for details.
[INFO] /home/solution/java/target/generated-sources/cup/de/thm/mni/compilerbau/phases/_02_03_parser/Parser.java: /home/solution/java/target/generated-sources/cup/de/thm/mni/compilerbau/phases/_02_03_parser/Parser.java uses unchecked or unsafe operations.
[INFO] /home/solution/java/target/generated-sources/cup/de/thm/mni/compilerbau/phases/_02_03_parser/Parser.java: Recompile with -Xlint:unchecked for details.
[INFO] 
[INFO] --- maven-resources-plugin:2.6:testResources (default-testResources) @ spl ---
[INFO] Using 'UTF-8' encoding to copy filtered resources.
[INFO] skip non existing resourceDirectory /home/solution/java/src/test/resources
[INFO] 
[INFO] --- maven-compiler-plugin:3.10.1:testCompile (default-testCompile) @ spl ---
[INFO] No sources to compile
[INFO] 
[INFO] --- maven-surefire-plugin:2.12.4:test (default-test) @ spl ---
[INFO] No tests to run.
[INFO] 
[INFO] --- maven-jar-plugin:2.4:jar (default-jar) @ spl ---
[INFO] Building jar: /home/solution/java/target/spl.jar
[INFO] 
[INFO] --- maven-shade-plugin:3.1.0:shade (default) @ spl ---
[INFO] Including com.github.vbmacher:java-cup-runtime:jar:11b-20160615 in the shaded jar.
[INFO] Replacing original artifact with shaded artifact.
[INFO] Replacing /home/solution/java/target/spl.jar with /home/solution/java/target/spl-0.1-shaded.jar
[INFO] Dependency-reduced POM written at: /home/solution/java/dependency-reduced-pom.xml
[INFO] ------------------------------------------------------------------------
[INFO] BUILD SUCCESS
[INFO] ------------------------------------------------------------------------
[INFO] Total time:  8.361 s
[INFO] Finished at: 2024-02-14T15:07:04Z
[INFO] ------------------------------------------------------------------------
[2024-02-14 16:07:04.724400] Beginning evaluation.
[2024-02-14 16:07:04.724576] Evaluating 101_undefined_procedure.spl with the submitted solution.
[2024-02-14 16:07:05.121841] Test subject results match (Compiler Failure).
[2024-02-14 16:07:05.121900] Exit code matches the expected exit code (101).
[2024-02-14 16:07:05.121926] Test passed.
[2024-02-14 16:07:05.121941] Running Score: 1/1

[2024-02-14 16:07:05.121964] Evaluating 101_undefined_type.spl with the submitted solution.
[2024-02-14 16:07:05.517380] Test subject results match (Compiler Failure).
[2024-02-14 16:07:05.517424] Exit code matches the expected exit code (101).
[2024-02-14 16:07:05.517453] Test passed.
[2024-02-14 16:07:05.517469] Running Score: 2/2

[2024-02-14 16:07:05.517493] Evaluating 101_undefined_variable.spl with the submitted solution.
[2024-02-14 16:07:05.916003] Test subject results match (Compiler Failure).
[2024-02-14 16:07:05.916047] Exit code matches the expected exit code (101).
[2024-02-14 16:07:05.916077] Test passed.
[2024-02-14 16:07:05.916104] Running Score: 3/3

[2024-02-14 16:07:05.916138] Evaluating 102_not_a_type.spl with the submitted solution.
[2024-02-14 16:07:06.301329] Test subject results match (Compiler Failure).
[2024-02-14 16:07:06.301368] Exit code matches the expected exit code (102).
[2024-02-14 16:07:06.301390] Test passed.
[2024-02-14 16:07:06.301406] Running Score: 4/4

[2024-02-14 16:07:06.301430] Evaluating 103_redefinition_as_parameter.spl with the submitted solution.
[2024-02-14 16:07:06.712453] Test subject results match (Compiler Failure).
[2024-02-14 16:07:06.712488] Exit code matches the expected exit code (103).
[2024-02-14 16:07:06.712512] Test passed.
[2024-02-14 16:07:06.712528] Running Score: 5/5

[2024-02-14 16:07:06.712553] Evaluating 103_redefinition_as_procedure.spl with the submitted solution.
[2024-02-14 16:07:07.092265] Test subject results match (Compiler Failure).
[2024-02-14 16:07:07.092301] Exit code matches the expected exit code (103).
[2024-02-14 16:07:07.092325] Test passed.
[2024-02-14 16:07:07.092341] Running Score: 6/6

[2024-02-14 16:07:07.092366] Evaluating 103_redefinition_as_type.spl with the submitted solution.
[2024-02-14 16:07:07.462175] Test subject results match (Compiler Failure).
[2024-02-14 16:07:07.462213] Exit code matches the expected exit code (103).
[2024-02-14 16:07:07.462237] Test passed.
[2024-02-14 16:07:07.462252] Running Score: 7/7

[2024-02-14 16:07:07.462277] Evaluating 103_redefinition_as_variable.spl with the submitted solution.
[2024-02-14 16:07:07.829767] Test subject results match (Compiler Failure).
[2024-02-14 16:07:07.829802] Exit code matches the expected exit code (103).
[2024-02-14 16:07:07.829826] Test passed.
[2024-02-14 16:07:07.829841] Running Score: 8/8

[2024-02-14 16:07:07.829866] Evaluating 104_must_be_reference_parameter.spl with the submitted solution.
[2024-02-14 16:07:08.260456] Test subject results match (Compiler Failure).
[2024-02-14 16:07:08.260492] Exit code matches the expected exit code (104).
[2024-02-14 16:07:08.260516] Test passed.
[2024-02-14 16:07:08.260532] Running Score: 9/9

[2024-02-14 16:07:08.260557] Evaluating 113_call_of_non_procedure.spl with the submitted solution.
[2024-02-14 16:07:08.654858] Test subject results match (Compiler Failure).
[2024-02-14 16:07:08.654894] Exit code matches the expected exit code (113).
[2024-02-14 16:07:08.654916] Test passed.
[2024-02-14 16:07:08.654930] Running Score: 10/10

[2024-02-14 16:07:08.654954] Evaluating 114_argument_type_mismatch.spl with the submitted solution.
[2024-02-14 16:07:09.069806] Test subject results match (Compiler Failure).
[2024-02-14 16:07:09.069841] Exit code matches the expected exit code (114).
[2024-02-14 16:07:09.069865] Test passed.
[2024-02-14 16:07:09.069898] Running Score: 11/11

[2024-02-14 16:07:09.069923] Evaluating 115_argument_must_be_variable.spl with the submitted solution.
[2024-02-14 16:07:09.473610] Test subject results match (Compiler Failure).
[2024-02-14 16:07:09.473645] Exit code matches the expected exit code (115).
[2024-02-14 16:07:09.473670] Test passed.
[2024-02-14 16:07:09.473686] Running Score: 12/12

[2024-02-14 16:07:09.473711] Evaluating 116_procedure_too_few_arguments.spl with the submitted solution.
[2024-02-14 16:07:09.868489] Test subject results match (Compiler Failure).
[2024-02-14 16:07:09.868523] Exit code matches the expected exit code (116).
[2024-02-14 16:07:09.868546] Test passed.
[2024-02-14 16:07:09.868562] Running Score: 13/13

[2024-02-14 16:07:09.868586] Evaluating 116_procedure_too_many_arguments.spl with the submitted solution.
[2024-02-14 16:07:10.265532] Test subject results match (Compiler Failure).
[2024-02-14 16:07:10.265567] Exit code matches the expected exit code (116).
[2024-02-14 16:07:10.265591] Test passed.
[2024-02-14 16:07:10.265607] Running Score: 14/14

[2024-02-14 16:07:10.265632] Evaluating 122_not_a_variable.spl with the submitted solution.
[2024-02-14 16:07:10.613305] Submission exited with exit code 1, which is not allowed. Allowed: [0, 99, 140, 100, 101, 102, 103, 104, 105, 106, 107, 108, 109, 110, 111, 112, 113, 114, 115, 116, 117, 118, 119, 120, 121, 122, 123, 124, 125, 126, 127]
[2024-02-14 16:07:10.613355] Output (stdout + stderr) of 'java -jar /home/solution/java/target/spl.jar /home/tests/122_not_a_variable.spl /home/temp/122_not_a_variable.spl.s' (Limited to 50 lines/10000 characters):
An error occurred: class de.thm.mni.compilerbau.table.ProcedureEntry cannot be cast to class de.thm.mni.compilerbau.table.VariableEntry (de.thm.mni.compilerbau.table.ProcedureEntry and de.thm.mni.compilerbau.table.VariableEntry are in unnamed module of loader 'app')
java.lang.ClassCastException: class de.thm.mni.compilerbau.table.ProcedureEntry cannot be cast to class de.thm.mni.compilerbau.table.VariableEntry (de.thm.mni.compilerbau.table.ProcedureEntry and de.thm.mni.compilerbau.table.VariableEntry are in unnamed module of loader 'app')
	at de.thm.mni.compilerbau.phases._04b_semant.ProcedureBodyChecker.checkStatement(ProcedureBodyChecker.java:109)
	at de.thm.mni.compilerbau.phases._04b_semant.ProcedureBodyChecker.checkStatement(ProcedureBodyChecker.java:78)
	at de.thm.mni.compilerbau.phases._04b_semant.ProcedureBodyChecker.checkProcedures(ProcedureBodyChecker.java:64)
	at de.thm.mni.compilerbau.Main.main(Main.java:85)
[2024-02-14 16:07:10.613428] Test not passed.
[2024-02-14 16:07:10.613443] Running Score: 14/15

[2024-02-14 16:07:10.613466] Evaluating 123_indexing_non_array.spl with the submitted solution.
[2024-02-14 16:07:11.055072] Submission exited with exit code 1, which is not allowed. Allowed: [0, 99, 140, 100, 101, 102, 103, 104, 105, 106, 107, 108, 109, 110, 111, 112, 113, 114, 115, 116, 117, 118, 119, 120, 121, 122, 123, 124, 125, 126, 127]
[2024-02-14 16:07:11.055121] Output (stdout + stderr) of 'java -jar /home/solution/java/target/spl.jar /home/tests/123_indexing_non_array.spl /home/temp/123_indexing_non_array.spl.s' (Limited to 50 lines/10000 characters):
An error occurred: class de.thm.mni.compilerbau.types.PrimitiveType cannot be cast to class de.thm.mni.compilerbau.types.ArrayType (de.thm.mni.compilerbau.types.PrimitiveType and de.thm.mni.compilerbau.types.ArrayType are in unnamed module of loader 'app')
java.lang.ClassCastException: class de.thm.mni.compilerbau.types.PrimitiveType cannot be cast to class de.thm.mni.compilerbau.types.ArrayType (de.thm.mni.compilerbau.types.PrimitiveType and de.thm.mni.compilerbau.types.ArrayType are in unnamed module of loader 'app')
	at de.thm.mni.compilerbau.phases._06_codegen.CodeGenerator.genStatement(CodeGenerator.java:114)
	at de.thm.mni.compilerbau.phases._06_codegen.CodeGenerator.generateCode(CodeGenerator.java:59)
	at de.thm.mni.compilerbau.Main.main(Main.java:95)
[2024-02-14 16:07:11.055186] Test not passed.
[2024-02-14 16:07:11.055202] Running Score: 14/16

[2024-02-14 16:07:11.055227] Evaluating 124_indexing_with_non_integer.spl with the submitted solution.
[2024-02-14 16:07:12.753700] Results do not match. Expected Compiler Failure(124), but got Success(0).
[2024-02-14 16:07:12.753750] Output (stdout) of 'xvfb-run -a /home/tools/sim -x -l /home/temp/124_indexing_with_non_integer.spl.bin -s 1 -t 0' (Limited to 50 lines/10000 characters):
SPL/RTS: main() started

SPL/RTS: index out of bounds
[2024-02-14 16:07:12.753792] Test not passed.
[2024-02-14 16:07:12.753808] Running Score: 14/17

[2024-02-14 16:07:12.753832] Evaluating 126_main_not_a_procedure.spl with the submitted solution.
[2024-02-14 16:07:13.096338] Test subject results match (Compiler Failure).
[2024-02-14 16:07:13.096372] Exit code matches the expected exit code (126).
[2024-02-14 16:07:13.096394] Test passed.
[2024-02-14 16:07:13.096410] Running Score: 15/18

[2024-02-14 16:07:13.096434] Evaluating 127_main_must_not_have_parameters.spl with the submitted solution.
[2024-02-14 16:07:13.436025] Test subject results match (Compiler Failure).
[2024-02-14 16:07:13.436060] Exit code matches the expected exit code (127).
[2024-02-14 16:07:13.436083] Test passed.
[2024-02-14 16:07:13.436099] Running Score: 16/19

[2024-02-14 16:07:13.436124] Evaluating acker.spl with the submitted solution.
[2024-02-14 16:07:15.083743] Test subject results match (Success).
[2024-02-14 16:07:15.088296] Outputs match.
[2024-02-14 16:07:15.088326] Test passed.
[2024-02-14 16:07:15.088343] Running Score: 17/20

[2024-02-14 16:07:15.088368] Evaluating bigtest.spl with the submitted solution.
[2024-02-14 16:07:15.906420] Submission exited with exit code 1, which is not allowed. Allowed: [0, 99, 140, 100, 101, 102, 103, 104, 105, 106, 107, 108, 109, 110, 111, 112, 113, 114, 115, 116, 117, 118, 119, 120, 121, 122, 123, 124, 125, 126, 127]
[2024-02-14 16:07:15.906620] Output (stdout + stderr) of 'java -jar /home/solution/java/target/spl.jar /home/tests/bigtest.spl /home/temp/bigtest.spl.s' (Limited to 50 lines/10000 characters):
Exception in thread "main" java.lang.StackOverflowError
	at de.thm.mni.compilerbau.phases._06_codegen.CodeGenerator.genStatement(CodeGenerator.java:82)
	at de.thm.mni.compilerbau.phases._06_codegen.CodeGenerator.genStatement(CodeGenerator.java:185)
	at de.thm.mni.compilerbau.phases._06_codegen.CodeGenerator.genStatement(CodeGenerator.java:185)
	at de.thm.mni.compilerbau.phases._06_codegen.CodeGenerator.genStatement(CodeGenerator.java:185)
	at de.thm.mni.compilerbau.phases._06_codegen.CodeGenerator.genStatement(CodeGenerator.java:185)
	at de.thm.mni.compilerbau.phases._06_codegen.CodeGenerator.genStatement(CodeGenerator.java:185)
	at de.thm.mni.compilerbau.phases._06_codegen.CodeGenerator.genStatement(CodeGenerator.java:185)
	at de.thm.mni.compilerbau.phases._06_codegen.CodeGenerator.genStatement(CodeGenerator.java:185)
	at de.thm.mni.compilerbau.phases._06_codegen.CodeGenerator.genStatement(CodeGenerator.java:185)
	at de.thm.mni.compilerbau.phases._06_codegen.CodeGenerator.genStatement(CodeGenerator.java:185)
	at de.thm.mni.compilerbau.phases._06_codegen.CodeGenerator.genStatement(CodeGenerator.java:185)
	at de.thm.mni.compilerbau.phases._06_codegen.CodeGenerator.genStatement(CodeGenerator.java:185)
	at de.thm.mni.compilerbau.phases._06_codegen.CodeGenerator.genStatement(CodeGenerator.java:185)
	at de.thm.mni.compilerbau.phases._06_codegen.CodeGenerator.genStatement(CodeGenerator.java:185)
	at de.thm.mni.compilerbau.phases._06_codegen.CodeGenerator.genStatement(CodeGenerator.java:185)
	at de.thm.mni.compilerbau.phases._06_codegen.CodeGenerator.genStatement(CodeGenerator.java:185)
	at de.thm.mni.compilerbau.phases._06_codegen.CodeGenerator.genStatement(CodeGenerator.java:185)
	at de.thm.mni.compilerbau.phases._06_codegen.CodeGenerator.genStatement(CodeGenerator.java:185)
	at de.thm.mni.compilerbau.phases._06_codegen.CodeGenerator.genStatement(CodeGenerator.java:185)
	at de.thm.mni.compilerbau.phases._06_codegen.CodeGenerator.genStatement(CodeGenerator.java:185)
	at de.thm.mni.compilerbau.phases._06_codegen.CodeGenerator.genStatement(CodeGenerator.java:185)
	at de.thm.mni.compilerbau.phases._06_codegen.CodeGenerator.genStatement(CodeGenerator.java:185)
	at de.thm.mni.compilerbau.phases._06_codegen.CodeGenerator.genStatement(CodeGenerator.java:185)
	at de.thm.mni.compilerbau.phases._06_codegen.CodeGenerator.genStatement(CodeGenerator.java:185)
	at de.thm.mni.compilerbau.phases._06_codegen.CodeGenerator.genStatement(CodeGenerator.java:185)
	at de.thm.mni.compilerbau.phases._06_codegen.CodeGenerator.genStatement(CodeGenerator.java:185)
	at de.thm.mni.compilerbau.phases._06_codegen.CodeGenerator.genStatement(CodeGenerator.java:185)
	at de.thm.mni.compilerbau.phases._06_codegen.CodeGenerator.genStatement(CodeGenerator.java:185)
	at de.thm.mni.compilerbau.phases._06_codegen.CodeGenerator.genStatement(CodeGenerator.java:185)
	at de.thm.mni.compilerbau.phases._06_codegen.CodeGenerator.genStatement(CodeGenerator.java:185)
	at de.thm.mni.compilerbau.phases._06_codegen.CodeGenerator.genStatement(CodeGenerator.java:185)
	at de.thm.mni.compilerbau.phases._06_codegen.CodeGenerator.genStatement(CodeGenerator.java:185)
	at de.thm.mni.compilerbau.phases._06_codegen.CodeGenerator.genStatement(CodeGenerator.java:185)
	at de.thm.mni.compilerbau.phases._06_codegen.CodeGenerator.genStatement(CodeGenerator.java:185)
	at de.thm.mni.compilerbau.phases._06_codegen.CodeGenerator.genStatement(CodeGenerator.java:185)
	at de.thm.mni.compilerbau.phases._06_codegen.CodeGenerator.genStatement(CodeGenerator.java:185)
	at de.thm.mni.compilerbau.phases._06_codegen.CodeGenerator.genStatement(CodeGenerator.java:185)
	at de.thm.mni.compilerbau.phases._06_codegen.CodeGenerator.genStatement(CodeGenerator.java:185)
	at de.thm.mni.compilerbau.phases._06_codegen.CodeGenerator.genStatement(CodeGenerator.java:185)
	at de.thm.mni.compilerbau.phases._06_codegen.CodeGenerator.genStatement(CodeGenerator.java:185)
	at de.thm.mni.compilerbau.phases._06_codegen.CodeGenerator.genStatement(CodeGenerator.java:185)
	at de.thm.mni.compilerbau.phases._06_codegen.CodeGenerator.genStatement(CodeGenerator.java:185)
	at de.thm.mni.compilerbau.phases._06_codegen.CodeGenerator.genStatement(CodeGenerator.java:185)
	at de.thm.mni.compilerbau.phases._06_codegen.CodeGenerator.genStatement(CodeGenerator.java:185)
	at de.thm.mni.compilerbau.phases._06_codegen.CodeGenerator.genStatement(CodeGenerator.java:185)
	at de.thm.mni.compilerbau.phases._06_codegen.CodeGenerator.genStatement(CodeGenerator.java:185)
	at de.thm.mni.compilerbau.phases._06_codegen.CodeGenerator.genStatement(CodeGenerator.java:185)
	at de.thm.mni.compilerbau.phases._06_codegen.CodeGenerator.genStatement(CodeGenerator.java:185)
	at de.thm.mni.compilerbau.phases._06_codegen.CodeGenerator.genStatement(CodeGenerator.java:185)
[2024-02-14 16:07:15.907037] Test not passed.
[2024-02-14 16:07:15.907053] Running Score: 17/21

[2024-02-14 16:07:15.907076] Evaluating bits.spl with the submitted solution.
[2024-02-14 16:07:17.224528] Test subject results match (Success).
[2024-02-14 16:07:17.227814] Outputs match.
[2024-02-14 16:07:17.228038] Test passed.
[2024-02-14 16:07:17.228253] Running Score: 18/22

[2024-02-14 16:07:17.228444] Evaluating gcd.spl with the submitted solution.
[2024-02-14 16:07:18.522521] Test subject results match (Success).
[2024-02-14 16:07:18.526438] Outputs match.
[2024-02-14 16:07:18.526471] Test passed.
[2024-02-14 16:07:18.526489] Running Score: 19/23

[2024-02-14 16:07:18.526514] Evaluating inttest.spl with the submitted solution.
[2024-02-14 16:07:19.799780] Test subject results match (Success).
[2024-02-14 16:07:19.803189] Outputs match.
[2024-02-14 16:07:19.803415] Test passed.
[2024-02-14 16:07:19.803616] Running Score: 20/24

[2024-02-14 16:07:19.803903] Evaluating multiply.spl with the submitted solution.
[2024-02-14 16:07:21.197667] Test subject results match (Success).
[2024-02-14 16:07:21.200319] Outputs match.
[2024-02-14 16:07:21.200551] Test passed.
[2024-02-14 16:07:21.200765] Running Score: 21/25

[2024-02-14 16:07:21.201097] Evaluating partind1.spl with the submitted solution.
[2024-02-14 16:07:21.624323] Results do not match. Expected Success(0), but got Compiler Failure(114).
[2024-02-14 16:07:21.624371] Output (stdout + stderr) of 'java -jar /home/solution/java/target/spl.jar /home/tests/partind1.spl /home/temp/partind1.spl.s' (Limited to 50 lines/10000 characters):
An error occurred at Line 32, Column 8:
Argument type mismatch in call of procedure 'p'. Argument 1 is expected to have type 'array [7] of int', but has type 'int'.
[2024-02-14 16:07:21.624409] Test not passed.
[2024-02-14 16:07:21.624425] Running Score: 21/26

[2024-02-14 16:07:21.624450] Evaluating partind2.spl with the submitted solution.
[2024-02-14 16:07:22.052621] Results do not match. Expected Success(0), but got Compiler Failure(114).
[2024-02-14 16:07:22.052667] Output (stdout + stderr) of 'java -jar /home/solution/java/target/spl.jar /home/tests/partind2.spl /home/temp/partind2.spl.s' (Limited to 50 lines/10000 characters):
An error occurred at Line 43, Column 8:
Argument type mismatch in call of procedure 'p'. Argument 1 is expected to have type 'array [5] of array [7] of int', but has type 'int'.
[2024-02-14 16:07:22.052705] Test not passed.
[2024-02-14 16:07:22.052720] Running Score: 21/27

[2024-02-14 16:07:22.052745] Evaluating swap.spl with the submitted solution.
[2024-02-14 16:07:23.360750] Test subject results match (Success).
[2024-02-14 16:07:23.366479] Outputs match.
[2024-02-14 16:07:23.366680] Test passed.
[2024-02-14 16:07:23.366868] Running Score: 22/28

[2024-02-14 16:07:23.367163] Evaluating test1.spl with the submitted solution.
[2024-02-14 16:07:24.688607] Test subject results match (Success).
[2024-02-14 16:07:24.694704] Outputs match.
[2024-02-14 16:07:24.694725] Test passed.
[2024-02-14 16:07:24.694734] Running Score: 23/29

[2024-02-14 16:07:24.694749] Evaluating test2.spl with the submitted solution.
[2024-02-14 16:07:25.990284] Test subject results match (Success).
[2024-02-14 16:07:25.992910] Outputs match.
[2024-02-14 16:07:25.993157] Test passed.
[2024-02-14 16:07:25.993370] Running Score: 24/30

[2024-02-14 16:07:25.993544] Evaluating test3.spl with the submitted solution.
[2024-02-14 16:07:27.335399] Test subject results match (Success).
[2024-02-14 16:07:27.338268] Outputs differ. 'diff'-log (Expected output first, Limited to 50 lines/10000 characters):
4d3
< 1
6d4
< 3
8d5
< 5
10d6
< 7
12a9,12
> 7
> 5
> 3
> 1
[2024-02-14 16:07:27.339222] Test not passed.
[2024-02-14 16:07:27.339248] Running Score: 24/31

[2024-02-14 16:07:27.339279] Evaluating test4.spl with the submitted solution.
[2024-02-14 16:07:28.678016] Test subject results match (Success).
[2024-02-14 16:07:28.681302] Outputs match.
[2024-02-14 16:07:28.681519] Test passed.
[2024-02-14 16:07:28.681707] Running Score: 25/32

[2024-02-14 16:07:28.682023] Evaluating test5.spl with the submitted solution.
[2024-02-14 16:07:29.957048] Test subject results match (Success).
[2024-02-14 16:07:29.959652] Outputs match.
[2024-02-14 16:07:29.959904] Test passed.
[2024-02-14 16:07:29.959995] Running Score: 26/33

[2024-02-14 16:07:29.960036] Evaluating test7.spl with the submitted solution.
[2024-02-14 16:07:31.237230] Test subject results match (Success).
[2024-02-14 16:07:31.239836] Outputs match.
[2024-02-14 16:07:31.240038] Test passed.
[2024-02-14 16:07:31.240228] Running Score: 27/34

[2024-02-14 16:07:31.240446] Evaluating test8.spl with the submitted solution.
[2024-02-14 16:07:32.516933] Test subject results match (Success).
[2024-02-14 16:07:32.519631] Outputs match.
[2024-02-14 16:07:32.519852] Test passed.
[2024-02-14 16:07:32.520080] Running Score: 28/35

[2024-02-14 16:07:32.520362] Evaluating test9.spl with the submitted solution.
[2024-02-14 16:07:33.848511] Test subject results match (Success).
[2024-02-14 16:07:33.851071] Outputs match.
[2024-02-14 16:07:33.851272] Test passed.
[2024-02-14 16:07:33.851503] Running Score: 29/36

[2024-02-14 16:07:33.851790] Evaluating threedim.spl with the submitted solution.
[2024-02-14 16:07:35.166836] Test subject results match (Success).
[2024-02-14 16:07:35.172645] Outputs differ. 'diff'-log (Expected output first, Limited to 50 lines/10000 characters):
3,33c3
< 10000
< 00000
< 00000
< 00000
< 00000
< 
< 00000
< 01000
< 00000
< 00000
< 00000
< 
< 00000
< 00000
< 00100
< 00000
< 00000
< 
< 00000
< 00000
< 00000
< 00010
< 00000
< 
< 00000
< 00000
< 00000
< 00000
< 00001
< 
< SPL/RTS: main() finished
---
> SPL/RTS: TLB miss exception
[2024-02-14 16:07:35.175462] Test not passed.
[2024-02-14 16:07:35.175487] Running Score: 29/37

[2024-02-14 16:07:35.175726] Evaluating twodim.spl with the submitted solution.
[2024-02-14 16:07:36.488071] Test subject results match (Success).
[2024-02-14 16:07:36.491575] Outputs match.
[2024-02-14 16:07:36.491812] Test passed.
[2024-02-14 16:07:36.492020] Running Score: 30/38

[2024-02-14 16:07:36.492382] Final score: 30/38 (78%). 
[2024-02-14 16:07:36.492768] 80% are needed to pass.
[2024-02-14 16:07:46.721729] You have NOT PASSED this assignment.
[2024-02-14 16:07:46.722003] You can try again. Deadline: 16.02.2024 23:59

=== END Evaluation Log
NOTE: This evaluation log is also available at '/home/yranandika/Documents/Semester7/Compilerbau/cb-wise-2324/Skeleton Java/.submitscript/data/assignments/Aufgabe-2/submissions/[evaluated] c49028df-2969-4b1a-b0dc-bc64abebabf8/evaluation.log'

Do you want to submit another solution? [Y/n] 
=== Submitting ===
Please choose the assignment you want to submit. 
 1 - Aufgabe-1
 2 - Aufgabe-2
Please enter the id of your selection: 

Selected variant 'Java SPL Compiler' for assignment 'Aufgabe-2'.
=== Building submission ===
Running 'mvn clean compile'.
=== Building submission finished ===
Building your solution failed!
Do you want to view the build log? [Y/n] === BEGIN Build Log ===
[[1;34mINFO[m] Scanning for projects...
[[1;34mINFO[m] 
[[1;34mINFO[m] [1m--------------< [0;36mde.thm.mni.compilerbau.spl-reference:spl[0;1m >--------------[m
[[1;34mINFO[m] [1mBuilding spl 0.1[m
[[1;34mINFO[m] [1m--------------------------------[ jar ]---------------------------------[m
[[1;34mINFO[m] 
[[1;34mINFO[m] [1m--- [0;32mmaven-clean-plugin:2.5:clean[m [1m(default-clean)[m @ [36mspl[0;1m ---[m
[[1;34mINFO[m] Deleting /tmp/tmp483v7pkp/java/target
[[1;34mINFO[m] 
[[1;34mINFO[m] [1m--- [0;32mjflex-maven-plugin:1.7.0:generate[m [1m(default)[m @ [36mspl[0;1m ---[m
[[1;34mINFO[m]   generated /tmp/tmp483v7pkp/java/target/generated-sources/jflex/de/thm/mni/compilerbau/phases/_01_scanner/Scanner.java
[[1;34mINFO[m] 
[[1;34mINFO[m] [1m--- [0;32mcup-maven-plugin:11b-20160615:generate[m [1m(default)[m @ [36mspl[0;1m ---[m
Warning : Non terminal "EmptyStmt" was declared but never used
Warning : *** Shift/Reduce conflict found in state #94
  between IfStmt ::= IF LPAREN Expr RPAREN Statement (*) 
  and     IfStmt ::= IF LPAREN Expr RPAREN Statement (*) ELSE Statement 
  under symbol ELSE
  Resolved in favor of shifting.

[[1;34mINFO[m]   generated /tmp/tmp483v7pkp/java/target/generated-sources/cup/de/thm/mni/compilerbau/phases/_02_03_parser/Parser.java
[[1;34mINFO[m]   generated /tmp/tmp483v7pkp/java/target/generated-sources/cup/de/thm/mni/compilerbau/phases/_02_03_parser/Sym.java
[[1;34mINFO[m] 
[[1;34mINFO[m] [1m--- [0;32mmaven-resources-plugin:2.6:resources[m [1m(default-resources)[m @ [36mspl[0;1m ---[m
[[1;34mINFO[m] Using 'UTF-8' encoding to copy filtered resources.
[[1;34mINFO[m] skip non existing resourceDirectory /tmp/tmp483v7pkp/java/src/main/resources
[[1;34mINFO[m] 
[[1;34mINFO[m] [1m--- [0;32mmaven-compiler-plugin:3.10.1:compile[m [1m(default-compile)[m @ [36mspl[0;1m ---[m
[[1;34mINFO[m] Changes detected - recompiling the module!
[[1;34mINFO[m] Compiling 57 source files to /tmp/tmp483v7pkp/java/target/classes
[[1;34mINFO[m] [1m------------------------------------------------------------------------[m
[[1;34mINFO[m] [1;31mBUILD FAILURE[m
[[1;34mINFO[m] [1m------------------------------------------------------------------------[m
[[1;34mINFO[m] Total time:  0.645 s
[[1;34mINFO[m] Finished at: 2024-02-14T16:25:01+01:00
[[1;34mINFO[m] [1m------------------------------------------------------------------------[m
[[1;31mERROR[m] Failed to execute goal [32morg.apache.maven.plugins:maven-compiler-plugin:3.10.1:compile[m [1m(default-compile)[m on project [36mspl[m: [1;31mFatal error compiling[m: error: invalid target release: 21 -> [1m[Help 1][m
[[1;31mERROR[m] 
[[1;31mERROR[m] To see the full stack trace of the errors, re-run Maven with the [1m-e[m switch.
[[1;31mERROR[m] Re-run Maven using the [1m-X[m switch to enable full debug logging.
[[1;31mERROR[m] 
[[1;31mERROR[m] For more information about the errors and possible solutions, please read the following articles:
[[1;31mERROR[m] [1m[Help 1][m http://cwiki.apache.org/confluence/display/MAVEN/MojoExecutionException
=== END Build Log ===
Do you want to submit your solution anyway, despite the failing build? [y/N] === Cleaning directory for submission ===
=== Cleaning directory finished ===
=== Starting Upload ===
=== Upload finished ===
=== BEGIN Upload Log
[2024-02-14 16:25:05.348120] Received submission 70864986-22bf-46c5-907b-3cc538845f03
[2024-02-14 16:25:05.349089] Ip: 10.196.117.75
[2024-02-14 16:25:05.349356] Team members: [('Andryani', 'Linda Septira', '5345375'), ('Kirana', 'Yohanes Ranandika', '5310931')]
[2024-02-14 16:25:05.545762] Your submission was ACCEPTED for course 'Compilerbau-ws23', assignment 'Aufgabe-2'.
[2024-02-14 16:25:05.546119] Your submission has the id 70864986-22bf-46c5-907b-3cc538845f03.
[2024-02-14 16:25:05.546602] It will be evaluated shortly. Please check back soon for your results.

=== END Upload Log
Successfully submitted your solution. Please see the upload log above for more details.
Polling for results (Press CTRL + C to abort)..............................................
=== Evaluation results for submission '70864986-22bf-46c5-907b-3cc538845f03' retrieved. ===
You achieved the score 28/38 (73%).
You have NOT PASSED this assignment.
Do you want to view the evaluation log now? [Y/n] === BEGIN Evaluation Log
[2024-02-14 16:25:05.547592] Start of evaluation log for submission '70864986-22bf-46c5-907b-3cc538845f03'.
[2024-02-14 16:25:05.547901] Team member: ('Andryani', 'Linda Septira', '5345375')
[2024-02-14 16:25:05.548090] Team member: ('Kirana', 'Yohanes Ranandika', '5310931')
[2024-02-14 16:25:05.567010] Preparing the sandbox
[2024-02-14 16:25:06.303699] Unpacking submission in sandbox
[2024-02-14 16:25:06.726740] Building the test subject
[2024-02-14 16:25:06.727010] Identified the Java variant.
[2024-02-14 16:25:06.870088] Building Java solution with maven.
[2024-02-14 16:25:17.698632] Maven log:
[INFO] Scanning for projects...
[INFO] 
[INFO] --------------< de.thm.mni.compilerbau.spl-reference:spl >--------------
[INFO] Building spl 0.1
[INFO] --------------------------------[ jar ]---------------------------------
[INFO] 
[INFO] --- jflex-maven-plugin:1.7.0:generate (default) @ spl ---
[INFO]   generated /home/solution/java/target/generated-sources/jflex/de/thm/mni/compilerbau/phases/_01_scanner/Scanner.java
[INFO] 
[INFO] --- cup-maven-plugin:11b-20160615:generate (default) @ spl ---
Warning : Non terminal "EmptyStmt" was declared but never used
Warning : *** Shift/Reduce conflict found in state #94
  between IfStmt ::= IF LPAREN Expr RPAREN Statement (*) 
  and     IfStmt ::= IF LPAREN Expr RPAREN Statement (*) ELSE Statement 
  under symbol ELSE
  Resolved in favor of shifting.

[INFO]   generated /home/solution/java/target/generated-sources/cup/de/thm/mni/compilerbau/phases/_02_03_parser/Parser.java
[INFO]   generated /home/solution/java/target/generated-sources/cup/de/thm/mni/compilerbau/phases/_02_03_parser/Sym.java
[INFO] 
[INFO] --- maven-resources-plugin:2.6:resources (default-resources) @ spl ---
[INFO] Using 'UTF-8' encoding to copy filtered resources.
[INFO] skip non existing resourceDirectory /home/solution/java/src/main/resources
[INFO] 
[INFO] --- maven-compiler-plugin:3.10.1:compile (default-compile) @ spl ---
[INFO] Changes detected - recompiling the module!
[INFO] Compiling 57 source files to /home/solution/java/target/classes
[INFO] /home/solution/java/target/generated-sources/jflex/de/thm/mni/compilerbau/phases/_01_scanner/Scanner.java: /home/solution/java/target/generated-sources/jflex/de/thm/mni/compilerbau/phases/_01_scanner/Scanner.java uses or overrides a deprecated API that is marked for removal.
[INFO] /home/solution/java/target/generated-sources/jflex/de/thm/mni/compilerbau/phases/_01_scanner/Scanner.java: Recompile with -Xlint:removal for details.
[INFO] /home/solution/java/target/generated-sources/cup/de/thm/mni/compilerbau/phases/_02_03_parser/Parser.java: /home/solution/java/target/generated-sources/cup/de/thm/mni/compilerbau/phases/_02_03_parser/Parser.java uses unchecked or unsafe operations.
[INFO] /home/solution/java/target/generated-sources/cup/de/thm/mni/compilerbau/phases/_02_03_parser/Parser.java: Recompile with -Xlint:unchecked for details.
[INFO] 
[INFO] --- maven-resources-plugin:2.6:testResources (default-testResources) @ spl ---
[INFO] Using 'UTF-8' encoding to copy filtered resources.
[INFO] skip non existing resourceDirectory /home/solution/java/src/test/resources
[INFO] 
[INFO] --- maven-compiler-plugin:3.10.1:testCompile (default-testCompile) @ spl ---
[INFO] No sources to compile
[INFO] 
[INFO] --- maven-surefire-plugin:2.12.4:test (default-test) @ spl ---
[INFO] No tests to run.
[INFO] 
[INFO] --- maven-jar-plugin:2.4:jar (default-jar) @ spl ---
[INFO] Building jar: /home/solution/java/target/spl.jar
[INFO] 
[INFO] --- maven-shade-plugin:3.1.0:shade (default) @ spl ---
[INFO] Including com.github.vbmacher:java-cup-runtime:jar:11b-20160615 in the shaded jar.
[INFO] Replacing original artifact with shaded artifact.
[INFO] Replacing /home/solution/java/target/spl.jar with /home/solution/java/target/spl-0.1-shaded.jar
[INFO] Dependency-reduced POM written at: /home/solution/java/dependency-reduced-pom.xml
[INFO] ------------------------------------------------------------------------
[INFO] BUILD SUCCESS
[INFO] ------------------------------------------------------------------------
[INFO] Total time:  8.195 s
[INFO] Finished at: 2024-02-14T15:25:17Z
[INFO] ------------------------------------------------------------------------
[2024-02-14 16:25:17.844360] Beginning evaluation.
[2024-02-14 16:25:17.844538] Evaluating 101_undefined_procedure.spl with the submitted solution.
[2024-02-14 16:25:18.231411] Test subject results match (Compiler Failure).
[2024-02-14 16:25:18.231446] Exit code matches the expected exit code (101).
[2024-02-14 16:25:18.231474] Test passed.
[2024-02-14 16:25:18.231489] Running Score: 1/1

[2024-02-14 16:25:18.231511] Evaluating 101_undefined_type.spl with the submitted solution.
[2024-02-14 16:25:18.594437] Test subject results match (Compiler Failure).
[2024-02-14 16:25:18.594471] Exit code matches the expected exit code (101).
[2024-02-14 16:25:18.594492] Test passed.
[2024-02-14 16:25:18.594506] Running Score: 2/2

[2024-02-14 16:25:18.594527] Evaluating 101_undefined_variable.spl with the submitted solution.
[2024-02-14 16:25:18.995124] Test subject results match (Compiler Failure).
[2024-02-14 16:25:18.995157] Exit code matches the expected exit code (101).
[2024-02-14 16:25:18.995180] Test passed.
[2024-02-14 16:25:18.995195] Running Score: 3/3

[2024-02-14 16:25:18.995219] Evaluating 102_not_a_type.spl with the submitted solution.
[2024-02-14 16:25:19.379126] Test subject results match (Compiler Failure).
[2024-02-14 16:25:19.379159] Exit code matches the expected exit code (102).
[2024-02-14 16:25:19.379181] Test passed.
[2024-02-14 16:25:19.379196] Running Score: 4/4

[2024-02-14 16:25:19.379219] Evaluating 103_redefinition_as_parameter.spl with the submitted solution.
[2024-02-14 16:25:19.743087] Test subject results match (Compiler Failure).
[2024-02-14 16:25:19.743119] Exit code matches the expected exit code (103).
[2024-02-14 16:25:19.743142] Test passed.
[2024-02-14 16:25:19.743157] Running Score: 5/5

[2024-02-14 16:25:19.743181] Evaluating 103_redefinition_as_procedure.spl with the submitted solution.
[2024-02-14 16:25:20.124017] Test subject results match (Compiler Failure).
[2024-02-14 16:25:20.124054] Exit code matches the expected exit code (103).
[2024-02-14 16:25:20.124077] Test passed.
[2024-02-14 16:25:20.124091] Running Score: 6/6

[2024-02-14 16:25:20.124116] Evaluating 103_redefinition_as_type.spl with the submitted solution.
[2024-02-14 16:25:20.488237] Test subject results match (Compiler Failure).
[2024-02-14 16:25:20.488275] Exit code matches the expected exit code (103).
[2024-02-14 16:25:20.488297] Test passed.
[2024-02-14 16:25:20.488311] Running Score: 7/7

[2024-02-14 16:25:20.488333] Evaluating 103_redefinition_as_variable.spl with the submitted solution.
[2024-02-14 16:25:20.859985] Test subject results match (Compiler Failure).
[2024-02-14 16:25:20.860019] Exit code matches the expected exit code (103).
[2024-02-14 16:25:20.860041] Test passed.
[2024-02-14 16:25:20.860057] Running Score: 8/8

[2024-02-14 16:25:20.860079] Evaluating 104_must_be_reference_parameter.spl with the submitted solution.
[2024-02-14 16:25:21.244528] Test subject results match (Compiler Failure).
[2024-02-14 16:25:21.244560] Exit code matches the expected exit code (104).
[2024-02-14 16:25:21.244583] Test passed.
[2024-02-14 16:25:21.244599] Running Score: 9/9

[2024-02-14 16:25:21.244622] Evaluating 113_call_of_non_procedure.spl with the submitted solution.
[2024-02-14 16:25:21.649769] Test subject results match (Compiler Failure).
[2024-02-14 16:25:21.649801] Exit code matches the expected exit code (113).
[2024-02-14 16:25:21.649824] Test passed.
[2024-02-14 16:25:21.649839] Running Score: 10/10

[2024-02-14 16:25:21.649863] Evaluating 114_argument_type_mismatch.spl with the submitted solution.
[2024-02-14 16:25:22.033851] Test subject results match (Compiler Failure).
[2024-02-14 16:25:22.033907] Exit code matches the expected exit code (114).
[2024-02-14 16:25:22.033930] Test passed.
[2024-02-14 16:25:22.033944] Running Score: 11/11

[2024-02-14 16:25:22.033966] Evaluating 115_argument_must_be_variable.spl with the submitted solution.
[2024-02-14 16:25:22.438330] Test subject results match (Compiler Failure).
[2024-02-14 16:25:22.438363] Exit code matches the expected exit code (115).
[2024-02-14 16:25:22.438386] Test passed.
[2024-02-14 16:25:22.438401] Running Score: 12/12

[2024-02-14 16:25:22.438424] Evaluating 116_procedure_too_few_arguments.spl with the submitted solution.
[2024-02-14 16:25:22.849780] Test subject results match (Compiler Failure).
[2024-02-14 16:25:22.849814] Exit code matches the expected exit code (116).
[2024-02-14 16:25:22.849838] Test passed.
[2024-02-14 16:25:22.849853] Running Score: 13/13

[2024-02-14 16:25:22.849876] Evaluating 116_procedure_too_many_arguments.spl with the submitted solution.
[2024-02-14 16:25:23.246390] Test subject results match (Compiler Failure).
[2024-02-14 16:25:23.246422] Exit code matches the expected exit code (116).
[2024-02-14 16:25:23.246445] Test passed.
[2024-02-14 16:25:23.246460] Running Score: 14/14

[2024-02-14 16:25:23.246484] Evaluating 122_not_a_variable.spl with the submitted solution.
[2024-02-14 16:25:23.584969] Submission exited with exit code 1, which is not allowed. Allowed: [0, 99, 140, 100, 101, 102, 103, 104, 105, 106, 107, 108, 109, 110, 111, 112, 113, 114, 115, 116, 117, 118, 119, 120, 121, 122, 123, 124, 125, 126, 127]
[2024-02-14 16:25:23.585039] Output (stdout + stderr) of 'java -jar /home/solution/java/target/spl.jar /home/tests/122_not_a_variable.spl /home/temp/122_not_a_variable.spl.s' (Limited to 50 lines/10000 characters):
An error occurred: class de.thm.mni.compilerbau.table.ProcedureEntry cannot be cast to class de.thm.mni.compilerbau.table.VariableEntry (de.thm.mni.compilerbau.table.ProcedureEntry and de.thm.mni.compilerbau.table.VariableEntry are in unnamed module of loader 'app')
java.lang.ClassCastException: class de.thm.mni.compilerbau.table.ProcedureEntry cannot be cast to class de.thm.mni.compilerbau.table.VariableEntry (de.thm.mni.compilerbau.table.ProcedureEntry and de.thm.mni.compilerbau.table.VariableEntry are in unnamed module of loader 'app')
	at de.thm.mni.compilerbau.phases._04b_semant.ProcedureBodyChecker.checkStatement(ProcedureBodyChecker.java:112)
	at de.thm.mni.compilerbau.phases._04b_semant.ProcedureBodyChecker.checkStatement(ProcedureBodyChecker.java:78)
	at de.thm.mni.compilerbau.phases._04b_semant.ProcedureBodyChecker.checkProcedures(ProcedureBodyChecker.java:64)
	at de.thm.mni.compilerbau.Main.main(Main.java:85)
[2024-02-14 16:25:23.585111] Test not passed.
[2024-02-14 16:25:23.585125] Running Score: 14/15

[2024-02-14 16:25:23.585148] Evaluating 123_indexing_non_array.spl with the submitted solution.
[2024-02-14 16:25:23.972535] Test subject results match (Compiler Failure).
[2024-02-14 16:25:23.972567] Exit code matches the expected exit code (123).
[2024-02-14 16:25:23.972589] Test passed.
[2024-02-14 16:25:23.972604] Running Score: 15/16

[2024-02-14 16:25:23.972627] Evaluating 124_indexing_with_non_integer.spl with the submitted solution.
[2024-02-14 16:25:24.369621] Test subject results match (Compiler Failure).
[2024-02-14 16:25:24.369653] Exit codes do not match. Expected '124', but got '123'.
[2024-02-14 16:25:24.369687] Output (stdout + stderr) of 'java -jar /home/solution/java/target/spl.jar /home/tests/124_indexing_with_non_integer.spl /home/temp/124_indexing_with_non_integer.spl.s' (Limited to 50 lines/10000 characters):
An error occurred at Line 3, Column 3:
Type mismatch: Invalid array access operation on non-array variable of type 'array [3] of int'.
[2024-02-14 16:25:24.369723] Test not passed.
[2024-02-14 16:25:24.369738] Running Score: 15/17

[2024-02-14 16:25:24.369760] Evaluating 126_main_not_a_procedure.spl with the submitted solution.
[2024-02-14 16:25:24.705939] Test subject results match (Compiler Failure).
[2024-02-14 16:25:24.705973] Exit code matches the expected exit code (126).
[2024-02-14 16:25:24.705996] Test passed.
[2024-02-14 16:25:24.706011] Running Score: 16/18

[2024-02-14 16:25:24.706034] Evaluating 127_main_must_not_have_parameters.spl with the submitted solution.
[2024-02-14 16:25:25.042193] Test subject results match (Compiler Failure).
[2024-02-14 16:25:25.042227] Exit code matches the expected exit code (127).
[2024-02-14 16:25:25.042250] Test passed.
[2024-02-14 16:25:25.042265] Running Score: 17/19

[2024-02-14 16:25:25.042288] Evaluating acker.spl with the submitted solution.
[2024-02-14 16:25:27.145965] Test subject results match (Success).
[2024-02-14 16:25:27.152651] Outputs match.
[2024-02-14 16:25:27.153444] Test passed.
[2024-02-14 16:25:27.153496] Running Score: 18/20

[2024-02-14 16:25:27.153523] Evaluating bigtest.spl with the submitted solution.
[2024-02-14 16:25:27.603276] Results do not match. Expected Success(0), but got Compiler Failure(123).
[2024-02-14 16:25:27.603319] Output (stdout + stderr) of 'java -jar /home/solution/java/target/spl.jar /home/tests/bigtest.spl /home/temp/bigtest.spl.s' (Limited to 50 lines/10000 characters):
An error occurred at Line 28, Column 2:
Type mismatch: Invalid array access operation on non-array variable of type 'array [10] of int'.
[2024-02-14 16:25:27.603355] Test not passed.
[2024-02-14 16:25:27.603370] Running Score: 18/21

[2024-02-14 16:25:27.603393] Evaluating bits.spl with the submitted solution.
[2024-02-14 16:25:28.910833] Test subject results match (Success).
[2024-02-14 16:25:28.914092] Outputs match.
[2024-02-14 16:25:28.914312] Test passed.
[2024-02-14 16:25:28.914554] Running Score: 19/22

[2024-02-14 16:25:28.914824] Evaluating gcd.spl with the submitted solution.
[2024-02-14 16:25:30.207759] Test subject results match (Success).
[2024-02-14 16:25:30.210314] Outputs match.
[2024-02-14 16:25:30.210509] Test passed.
[2024-02-14 16:25:30.210666] Running Score: 20/23

[2024-02-14 16:25:30.210710] Evaluating inttest.spl with the submitted solution.
[2024-02-14 16:25:31.495883] Test subject results match (Success).
[2024-02-14 16:25:31.500058] Outputs match.
[2024-02-14 16:25:31.500299] Test passed.
[2024-02-14 16:25:31.500478] Running Score: 21/24

[2024-02-14 16:25:31.500795] Evaluating multiply.spl with the submitted solution.
[2024-02-14 16:25:32.880365] Test subject results match (Success).
[2024-02-14 16:25:32.882700] Outputs match.
[2024-02-14 16:25:32.882730] Test passed.
[2024-02-14 16:25:32.882746] Running Score: 22/25

[2024-02-14 16:25:32.882770] Evaluating partind1.spl with the submitted solution.
[2024-02-14 16:25:33.301653] Results do not match. Expected Success(0), but got Compiler Failure(114).
[2024-02-14 16:25:33.301701] Output (stdout + stderr) of 'java -jar /home/solution/java/target/spl.jar /home/tests/partind1.spl /home/temp/partind1.spl.s' (Limited to 50 lines/10000 characters):
An error occurred at Line 32, Column 8:
Argument type mismatch in call of procedure 'p'. Argument 1 is expected to have type 'array [7] of int', but has type 'int'.
[2024-02-14 16:25:33.301753] Test not passed.
[2024-02-14 16:25:33.301767] Running Score: 22/26

[2024-02-14 16:25:33.301790] Evaluating partind2.spl with the submitted solution.
[2024-02-14 16:25:33.718934] Results do not match. Expected Success(0), but got Compiler Failure(114).
[2024-02-14 16:25:33.718983] Output (stdout + stderr) of 'java -jar /home/solution/java/target/spl.jar /home/tests/partind2.spl /home/temp/partind2.spl.s' (Limited to 50 lines/10000 characters):
An error occurred at Line 43, Column 8:
Argument type mismatch in call of procedure 'p'. Argument 1 is expected to have type 'array [5] of array [7] of int', but has type 'int'.
[2024-02-14 16:25:33.719019] Test not passed.
[2024-02-14 16:25:33.719033] Running Score: 22/27

[2024-02-14 16:25:33.719066] Evaluating swap.spl with the submitted solution.
[2024-02-14 16:25:35.008559] Test subject results match (Success).
[2024-02-14 16:25:35.012075] Outputs match.
[2024-02-14 16:25:35.012264] Test passed.
[2024-02-14 16:25:35.012439] Running Score: 23/28

[2024-02-14 16:25:35.012699] Evaluating test1.spl with the submitted solution.
[2024-02-14 16:25:36.336732] Test subject results match (Success).
[2024-02-14 16:25:36.339925] Outputs match.
[2024-02-14 16:25:36.340154] Test passed.
[2024-02-14 16:25:36.340334] Running Score: 24/29

[2024-02-14 16:25:36.340518] Evaluating test2.spl with the submitted solution.
[2024-02-14 16:25:37.616004] Test subject results match (Success).
[2024-02-14 16:25:37.619387] Outputs match.
[2024-02-14 16:25:37.619625] Test passed.
[2024-02-14 16:25:37.619790] Running Score: 25/30

[2024-02-14 16:25:37.620074] Evaluating test3.spl with the submitted solution.
[2024-02-14 16:25:38.030347] Results do not match. Expected Success(0), but got Compiler Failure(123).
[2024-02-14 16:25:38.030394] Output (stdout + stderr) of 'java -jar /home/solution/java/target/spl.jar /home/tests/test3.spl /home/temp/test3.spl.s' (Limited to 50 lines/10000 characters):
An error occurred at Line 39, Column 3:
Type mismatch: Invalid array access operation on non-array variable of type 'array [10] of int'.
[2024-02-14 16:25:38.030445] Test not passed.
[2024-02-14 16:25:38.030459] Running Score: 25/31

[2024-02-14 16:25:38.030481] Evaluating test4.spl with the submitted solution.
[2024-02-14 16:25:39.336758] Test subject results match (Success).
[2024-02-14 16:25:39.346977] Outputs match.
[2024-02-14 16:25:39.347007] Test passed.
[2024-02-14 16:25:39.347025] Running Score: 26/32

[2024-02-14 16:25:39.347048] Evaluating test5.spl with the submitted solution.
[2024-02-14 16:25:40.620032] Test subject results match (Success).
[2024-02-14 16:25:40.623294] Outputs match.
[2024-02-14 16:25:40.623524] Test passed.
[2024-02-14 16:25:40.623695] Running Score: 27/33

[2024-02-14 16:25:40.623954] Evaluating test7.spl with the submitted solution.
[2024-02-14 16:25:41.035179] Results do not match. Expected Success(0), but got Compiler Failure(123).
[2024-02-14 16:25:41.035226] Output (stdout + stderr) of 'java -jar /home/solution/java/target/spl.jar /home/tests/test7.spl /home/temp/test7.spl.s' (Limited to 50 lines/10000 characters):
An error occurred at Line 9, Column 3:
Type mismatch: Invalid array access operation on non-array variable of type 'array [3] of int'.
[2024-02-14 16:25:41.035263] Test not passed.
[2024-02-14 16:25:41.035278] Running Score: 27/34

[2024-02-14 16:25:41.035301] Evaluating test8.spl with the submitted solution.
[2024-02-14 16:25:41.438177] Results do not match. Expected Success(0), but got Compiler Failure(123).
[2024-02-14 16:25:41.438222] Output (stdout + stderr) of 'java -jar /home/solution/java/target/spl.jar /home/tests/test8.spl /home/temp/test8.spl.s' (Limited to 50 lines/10000 characters):
An error occurred at Line 9, Column 3:
Type mismatch: Invalid array access operation on non-array variable of type 'array [3] of int'.
[2024-02-14 16:25:41.438259] Test not passed.
[2024-02-14 16:25:41.438274] Running Score: 27/35

[2024-02-14 16:25:41.438297] Evaluating test9.spl with the submitted solution.
[2024-02-14 16:25:41.861772] Results do not match. Expected Success(0), but got Compiler Failure(123).
[2024-02-14 16:25:41.861819] Output (stdout + stderr) of 'java -jar /home/solution/java/target/spl.jar /home/tests/test9.spl /home/temp/test9.spl.s' (Limited to 50 lines/10000 characters):
An error occurred at Line 9, Column 3:
Type mismatch: Invalid array access operation on non-array variable of type 'array [3] of int'.
[2024-02-14 16:25:41.861857] Test not passed.
[2024-02-14 16:25:41.861872] Running Score: 27/36

[2024-02-14 16:25:41.861916] Evaluating threedim.spl with the submitted solution.
[2024-02-14 16:25:43.170530] Test subject results match (Success).
[2024-02-14 16:25:43.172801] Outputs differ. 'diff'-log (Expected output first, Limited to 50 lines/10000 characters):
3,33c3
< 10000
< 00000
< 00000
< 00000
< 00000
< 
< 00000
< 01000
< 00000
< 00000
< 00000
< 
< 00000
< 00000
< 00100
< 00000
< 00000
< 
< 00000
< 00000
< 00000
< 00010
< 00000
< 
< 00000
< 00000
< 00000
< 00000
< 00001
< 
< SPL/RTS: main() finished
---
> SPL/RTS: TLB miss exception
[2024-02-14 16:25:43.174233] Test not passed.
[2024-02-14 16:25:43.174259] Running Score: 27/37

[2024-02-14 16:25:43.174286] Evaluating twodim.spl with the submitted solution.
[2024-02-14 16:25:44.476089] Test subject results match (Success).
[2024-02-14 16:25:44.479297] Outputs match.
[2024-02-14 16:25:44.479519] Test passed.
[2024-02-14 16:25:44.479758] Running Score: 28/38

[2024-02-14 16:25:44.480025] Final score: 28/38 (73%). 
[2024-02-14 16:25:44.480378] 80% are needed to pass.
[2024-02-14 16:25:54.709965] You have NOT PASSED this assignment.
[2024-02-14 16:25:54.710241] You can try again. Deadline: 16.02.2024 23:59

=== END Evaluation Log
NOTE: This evaluation log is also available at '/home/yranandika/Documents/Semester7/Compilerbau/cb-wise-2324/Skeleton Java/.submitscript/data/assignments/Aufgabe-2/submissions/[evaluated] 70864986-22bf-46c5-907b-3cc538845f03/evaluation.log'

Do you want to submit another solution? [Y/n] 
=== Submitting ===
Please choose the assignment you want to submit. 
 1 - Aufgabe-1
 2 - Aufgabe-2
Please enter the id of your selection: 

Selected variant 'Java SPL Compiler' for assignment 'Aufgabe-2'.
=== Building submission ===
Running 'mvn clean compile'.
=== Building submission finished ===
Building your solution failed!
Do you want to view the build log? [Y/n] === BEGIN Build Log ===
[[1;34mINFO[m] Scanning for projects...
[[1;34mINFO[m] 
[[1;34mINFO[m] [1m--------------< [0;36mde.thm.mni.compilerbau.spl-reference:spl[0;1m >--------------[m
[[1;34mINFO[m] [1mBuilding spl 0.1[m
[[1;34mINFO[m] [1m--------------------------------[ jar ]---------------------------------[m
[[1;34mINFO[m] 
[[1;34mINFO[m] [1m--- [0;32mmaven-clean-plugin:2.5:clean[m [1m(default-clean)[m @ [36mspl[0;1m ---[m
[[1;34mINFO[m] Deleting /tmp/tmp2kezejtz/java/target
[[1;34mINFO[m] 
[[1;34mINFO[m] [1m--- [0;32mjflex-maven-plugin:1.7.0:generate[m [1m(default)[m @ [36mspl[0;1m ---[m
[[1;34mINFO[m]   generated /tmp/tmp2kezejtz/java/target/generated-sources/jflex/de/thm/mni/compilerbau/phases/_01_scanner/Scanner.java
[[1;34mINFO[m] 
[[1;34mINFO[m] [1m--- [0;32mcup-maven-plugin:11b-20160615:generate[m [1m(default)[m @ [36mspl[0;1m ---[m
Warning : Non terminal "EmptyStmt" was declared but never used
Warning : *** Shift/Reduce conflict found in state #94
  between IfStmt ::= IF LPAREN Expr RPAREN Statement (*) 
  and     IfStmt ::= IF LPAREN Expr RPAREN Statement (*) ELSE Statement 
  under symbol ELSE
  Resolved in favor of shifting.

[[1;34mINFO[m]   generated /tmp/tmp2kezejtz/java/target/generated-sources/cup/de/thm/mni/compilerbau/phases/_02_03_parser/Parser.java
[[1;34mINFO[m]   generated /tmp/tmp2kezejtz/java/target/generated-sources/cup/de/thm/mni/compilerbau/phases/_02_03_parser/Sym.java
[[1;34mINFO[m] 
[[1;34mINFO[m] [1m--- [0;32mmaven-resources-plugin:2.6:resources[m [1m(default-resources)[m @ [36mspl[0;1m ---[m
[[1;34mINFO[m] Using 'UTF-8' encoding to copy filtered resources.
[[1;34mINFO[m] skip non existing resourceDirectory /tmp/tmp2kezejtz/java/src/main/resources
[[1;34mINFO[m] 
[[1;34mINFO[m] [1m--- [0;32mmaven-compiler-plugin:3.10.1:compile[m [1m(default-compile)[m @ [36mspl[0;1m ---[m
[[1;34mINFO[m] Changes detected - recompiling the module!
[[1;34mINFO[m] Compiling 57 source files to /tmp/tmp2kezejtz/java/target/classes
[[1;34mINFO[m] [1m------------------------------------------------------------------------[m
[[1;34mINFO[m] [1;31mBUILD FAILURE[m
[[1;34mINFO[m] [1m------------------------------------------------------------------------[m
[[1;34mINFO[m] Total time:  0.608 s
[[1;34mINFO[m] Finished at: 2024-02-14T16:30:00+01:00
[[1;34mINFO[m] [1m------------------------------------------------------------------------[m
[[1;31mERROR[m] Failed to execute goal [32morg.apache.maven.plugins:maven-compiler-plugin:3.10.1:compile[m [1m(default-compile)[m on project [36mspl[m: [1;31mFatal error compiling[m: error: invalid target release: 21 -> [1m[Help 1][m
[[1;31mERROR[m] 
[[1;31mERROR[m] To see the full stack trace of the errors, re-run Maven with the [1m-e[m switch.
[[1;31mERROR[m] Re-run Maven using the [1m-X[m switch to enable full debug logging.
[[1;31mERROR[m] 
[[1;31mERROR[m] For more information about the errors and possible solutions, please read the following articles:
[[1;31mERROR[m] [1m[Help 1][m http://cwiki.apache.org/confluence/display/MAVEN/MojoExecutionException
=== END Build Log ===
Do you want to submit your solution anyway, despite the failing build? [y/N] === Cleaning directory for submission ===
=== Cleaning directory finished ===
=== Starting Upload ===
=== Upload finished ===
=== BEGIN Upload Log
[2024-02-14 16:30:05.380445] Received submission 61875b84-726d-4d14-b4d2-16412d39f78d
[2024-02-14 16:30:05.381125] Ip: 10.196.117.75
[2024-02-14 16:30:05.381369] Team members: [('Andryani', 'Linda Septira', '5345375'), ('Kirana', 'Yohanes Ranandika', '5310931')]
[2024-02-14 16:30:05.566017] Your submission was ACCEPTED for course 'Compilerbau-ws23', assignment 'Aufgabe-2'.
[2024-02-14 16:30:05.566359] Your submission has the id 61875b84-726d-4d14-b4d2-16412d39f78d.
[2024-02-14 16:30:05.566874] It will be evaluated shortly. Please check back soon for your results.

=== END Upload Log
Successfully submitted your solution. Please see the upload log above for more details.
Polling for results (Press CTRL + C to abort)...................................................
=== Evaluation results for submission '61875b84-726d-4d14-b4d2-16412d39f78d' retrieved. ===
You achieved the score 30/38 (78%).
You have NOT PASSED this assignment.
Do you want to view the evaluation log now? [Y/n] === BEGIN Evaluation Log
[2024-02-14 16:30:05.567842] Start of evaluation log for submission '61875b84-726d-4d14-b4d2-16412d39f78d'.
[2024-02-14 16:30:05.568169] Team member: ('Andryani', 'Linda Septira', '5345375')
[2024-02-14 16:30:05.568353] Team member: ('Kirana', 'Yohanes Ranandika', '5310931')
[2024-02-14 16:30:05.587478] Preparing the sandbox
[2024-02-14 16:30:06.331881] Unpacking submission in sandbox
[2024-02-14 16:30:06.780768] Building the test subject
[2024-02-14 16:30:06.781048] Identified the Java variant.
[2024-02-14 16:30:06.919633] Building Java solution with maven.
[2024-02-14 16:30:18.118108] Maven log:
[INFO] Scanning for projects...
[INFO] 
[INFO] --------------< de.thm.mni.compilerbau.spl-reference:spl >--------------
[INFO] Building spl 0.1
[INFO] --------------------------------[ jar ]---------------------------------
[INFO] 
[INFO] --- jflex-maven-plugin:1.7.0:generate (default) @ spl ---
[INFO]   generated /home/solution/java/target/generated-sources/jflex/de/thm/mni/compilerbau/phases/_01_scanner/Scanner.java
[INFO] 
[INFO] --- cup-maven-plugin:11b-20160615:generate (default) @ spl ---
Warning : Non terminal "EmptyStmt" was declared but never used
Warning : *** Shift/Reduce conflict found in state #94
  between IfStmt ::= IF LPAREN Expr RPAREN Statement (*) 
  and     IfStmt ::= IF LPAREN Expr RPAREN Statement (*) ELSE Statement 
  under symbol ELSE
  Resolved in favor of shifting.

[INFO]   generated /home/solution/java/target/generated-sources/cup/de/thm/mni/compilerbau/phases/_02_03_parser/Parser.java
[INFO]   generated /home/solution/java/target/generated-sources/cup/de/thm/mni/compilerbau/phases/_02_03_parser/Sym.java
[INFO] 
[INFO] --- maven-resources-plugin:2.6:resources (default-resources) @ spl ---
[INFO] Using 'UTF-8' encoding to copy filtered resources.
[INFO] skip non existing resourceDirectory /home/solution/java/src/main/resources
[INFO] 
[INFO] --- maven-compiler-plugin:3.10.1:compile (default-compile) @ spl ---
[INFO] Changes detected - recompiling the module!
[INFO] Compiling 57 source files to /home/solution/java/target/classes
[INFO] /home/solution/java/target/generated-sources/jflex/de/thm/mni/compilerbau/phases/_01_scanner/Scanner.java: /home/solution/java/target/generated-sources/jflex/de/thm/mni/compilerbau/phases/_01_scanner/Scanner.java uses or overrides a deprecated API that is marked for removal.
[INFO] /home/solution/java/target/generated-sources/jflex/de/thm/mni/compilerbau/phases/_01_scanner/Scanner.java: Recompile with -Xlint:removal for details.
[INFO] /home/solution/java/target/generated-sources/cup/de/thm/mni/compilerbau/phases/_02_03_parser/Parser.java: /home/solution/java/target/generated-sources/cup/de/thm/mni/compilerbau/phases/_02_03_parser/Parser.java uses unchecked or unsafe operations.
[INFO] /home/solution/java/target/generated-sources/cup/de/thm/mni/compilerbau/phases/_02_03_parser/Parser.java: Recompile with -Xlint:unchecked for details.
[INFO] 
[INFO] --- maven-resources-plugin:2.6:testResources (default-testResources) @ spl ---
[INFO] Using 'UTF-8' encoding to copy filtered resources.
[INFO] skip non existing resourceDirectory /home/solution/java/src/test/resources
[INFO] 
[INFO] --- maven-compiler-plugin:3.10.1:testCompile (default-testCompile) @ spl ---
[INFO] No sources to compile
[INFO] 
[INFO] --- maven-surefire-plugin:2.12.4:test (default-test) @ spl ---
[INFO] No tests to run.
[INFO] 
[INFO] --- maven-jar-plugin:2.4:jar (default-jar) @ spl ---
[INFO] Building jar: /home/solution/java/target/spl.jar
[INFO] 
[INFO] --- maven-shade-plugin:3.1.0:shade (default) @ spl ---
[INFO] Including com.github.vbmacher:java-cup-runtime:jar:11b-20160615 in the shaded jar.
[INFO] Replacing original artifact with shaded artifact.
[INFO] Replacing /home/solution/java/target/spl.jar with /home/solution/java/target/spl-0.1-shaded.jar
[INFO] Dependency-reduced POM written at: /home/solution/java/dependency-reduced-pom.xml
[INFO] ------------------------------------------------------------------------
[INFO] BUILD SUCCESS
[INFO] ------------------------------------------------------------------------
[INFO] Total time:  8.571 s
[INFO] Finished at: 2024-02-14T15:30:18Z
[INFO] ------------------------------------------------------------------------
[2024-02-14 16:30:18.260198] Beginning evaluation.
[2024-02-14 16:30:18.260376] Evaluating 101_undefined_procedure.spl with the submitted solution.
[2024-02-14 16:30:18.666203] Test subject results match (Compiler Failure).
[2024-02-14 16:30:18.666239] Exit code matches the expected exit code (101).
[2024-02-14 16:30:18.666261] Test passed.
[2024-02-14 16:30:18.666275] Running Score: 1/1

[2024-02-14 16:30:18.666296] Evaluating 101_undefined_type.spl with the submitted solution.
[2024-02-14 16:30:19.041338] Test subject results match (Compiler Failure).
[2024-02-14 16:30:19.041373] Exit code matches the expected exit code (101).
[2024-02-14 16:30:19.041396] Test passed.
[2024-02-14 16:30:19.041411] Running Score: 2/2

[2024-02-14 16:30:19.041434] Evaluating 101_undefined_variable.spl with the submitted solution.
[2024-02-14 16:30:19.436019] Test subject results match (Compiler Failure).
[2024-02-14 16:30:19.436055] Exit code matches the expected exit code (101).
[2024-02-14 16:30:19.436077] Test passed.
[2024-02-14 16:30:19.436091] Running Score: 3/3

[2024-02-14 16:30:19.436112] Evaluating 102_not_a_type.spl with the submitted solution.
[2024-02-14 16:30:19.825501] Test subject results match (Compiler Failure).
[2024-02-14 16:30:19.825534] Exit code matches the expected exit code (102).
[2024-02-14 16:30:19.825556] Test passed.
[2024-02-14 16:30:19.825571] Running Score: 4/4

[2024-02-14 16:30:19.825595] Evaluating 103_redefinition_as_parameter.spl with the submitted solution.
[2024-02-14 16:30:20.193487] Test subject results match (Compiler Failure).
[2024-02-14 16:30:20.193521] Exit code matches the expected exit code (103).
[2024-02-14 16:30:20.193544] Test passed.
[2024-02-14 16:30:20.193559] Running Score: 5/5

[2024-02-14 16:30:20.193583] Evaluating 103_redefinition_as_procedure.spl with the submitted solution.
[2024-02-14 16:30:20.558435] Test subject results match (Compiler Failure).
[2024-02-14 16:30:20.558468] Exit code matches the expected exit code (103).
[2024-02-14 16:30:20.558489] Test passed.
[2024-02-14 16:30:20.558504] Running Score: 6/6

[2024-02-14 16:30:20.558527] Evaluating 103_redefinition_as_type.spl with the submitted solution.
[2024-02-14 16:30:20.923983] Test subject results match (Compiler Failure).
[2024-02-14 16:30:20.924018] Exit code matches the expected exit code (103).
[2024-02-14 16:30:20.924038] Test passed.
[2024-02-14 16:30:20.924053] Running Score: 7/7

[2024-02-14 16:30:20.924074] Evaluating 103_redefinition_as_variable.spl with the submitted solution.
[2024-02-14 16:30:21.300052] Test subject results match (Compiler Failure).
[2024-02-14 16:30:21.300093] Exit code matches the expected exit code (103).
[2024-02-14 16:30:21.300116] Test passed.
[2024-02-14 16:30:21.300130] Running Score: 8/8

[2024-02-14 16:30:21.300152] Evaluating 104_must_be_reference_parameter.spl with the submitted solution.
[2024-02-14 16:30:21.696287] Test subject results match (Compiler Failure).
[2024-02-14 16:30:21.696319] Exit code matches the expected exit code (104).
[2024-02-14 16:30:21.696342] Test passed.
[2024-02-14 16:30:21.696357] Running Score: 9/9

[2024-02-14 16:30:21.696379] Evaluating 113_call_of_non_procedure.spl with the submitted solution.
[2024-02-14 16:30:22.097989] Test subject results match (Compiler Failure).
[2024-02-14 16:30:22.098022] Exit code matches the expected exit code (113).
[2024-02-14 16:30:22.098043] Test passed.
[2024-02-14 16:30:22.098057] Running Score: 10/10

[2024-02-14 16:30:22.098079] Evaluating 114_argument_type_mismatch.spl with the submitted solution.
[2024-02-14 16:30:22.514011] Test subject results match (Compiler Failure).
[2024-02-14 16:30:22.514045] Exit code matches the expected exit code (114).
[2024-02-14 16:30:22.514069] Test passed.
[2024-02-14 16:30:22.514084] Running Score: 11/11

[2024-02-14 16:30:22.514106] Evaluating 115_argument_must_be_variable.spl with the submitted solution.
[2024-02-14 16:30:22.952300] Test subject results match (Compiler Failure).
[2024-02-14 16:30:22.952334] Exit code matches the expected exit code (115).
[2024-02-14 16:30:22.952356] Test passed.
[2024-02-14 16:30:22.952370] Running Score: 12/12

[2024-02-14 16:30:22.952393] Evaluating 116_procedure_too_few_arguments.spl with the submitted solution.
[2024-02-14 16:30:23.343252] Test subject results match (Compiler Failure).
[2024-02-14 16:30:23.343288] Exit code matches the expected exit code (116).
[2024-02-14 16:30:23.343310] Test passed.
[2024-02-14 16:30:23.343326] Running Score: 13/13

[2024-02-14 16:30:23.343349] Evaluating 116_procedure_too_many_arguments.spl with the submitted solution.
[2024-02-14 16:30:23.742055] Test subject results match (Compiler Failure).
[2024-02-14 16:30:23.742088] Exit code matches the expected exit code (116).
[2024-02-14 16:30:23.742112] Test passed.
[2024-02-14 16:30:23.742136] Running Score: 14/14

[2024-02-14 16:30:23.742159] Evaluating 122_not_a_variable.spl with the submitted solution.
[2024-02-14 16:30:24.090202] Submission exited with exit code 1, which is not allowed. Allowed: [0, 99, 140, 100, 101, 102, 103, 104, 105, 106, 107, 108, 109, 110, 111, 112, 113, 114, 115, 116, 117, 118, 119, 120, 121, 122, 123, 124, 125, 126, 127]
[2024-02-14 16:30:24.090260] Output (stdout + stderr) of 'java -jar /home/solution/java/target/spl.jar /home/tests/122_not_a_variable.spl /home/temp/122_not_a_variable.spl.s' (Limited to 50 lines/10000 characters):
An error occurred: class de.thm.mni.compilerbau.table.ProcedureEntry cannot be cast to class de.thm.mni.compilerbau.table.VariableEntry (de.thm.mni.compilerbau.table.ProcedureEntry and de.thm.mni.compilerbau.table.VariableEntry are in unnamed module of loader 'app')
java.lang.ClassCastException: class de.thm.mni.compilerbau.table.ProcedureEntry cannot be cast to class de.thm.mni.compilerbau.table.VariableEntry (de.thm.mni.compilerbau.table.ProcedureEntry and de.thm.mni.compilerbau.table.VariableEntry are in unnamed module of loader 'app')
	at de.thm.mni.compilerbau.phases._04b_semant.ProcedureBodyChecker.checkStatement(ProcedureBodyChecker.java:109)
	at de.thm.mni.compilerbau.phases._04b_semant.ProcedureBodyChecker.checkStatement(ProcedureBodyChecker.java:78)
	at de.thm.mni.compilerbau.phases._04b_semant.ProcedureBodyChecker.checkProcedures(ProcedureBodyChecker.java:64)
	at de.thm.mni.compilerbau.Main.main(Main.java:85)
[2024-02-14 16:30:24.090336] Test not passed.
[2024-02-14 16:30:24.090351] Running Score: 14/15

[2024-02-14 16:30:24.090373] Evaluating 123_indexing_non_array.spl with the submitted solution.
[2024-02-14 16:30:24.523040] Submission exited with exit code 1, which is not allowed. Allowed: [0, 99, 140, 100, 101, 102, 103, 104, 105, 106, 107, 108, 109, 110, 111, 112, 113, 114, 115, 116, 117, 118, 119, 120, 121, 122, 123, 124, 125, 126, 127]
[2024-02-14 16:30:24.523088] Output (stdout + stderr) of 'java -jar /home/solution/java/target/spl.jar /home/tests/123_indexing_non_array.spl /home/temp/123_indexing_non_array.spl.s' (Limited to 50 lines/10000 characters):
An error occurred: class de.thm.mni.compilerbau.types.PrimitiveType cannot be cast to class de.thm.mni.compilerbau.types.ArrayType (de.thm.mni.compilerbau.types.PrimitiveType and de.thm.mni.compilerbau.types.ArrayType are in unnamed module of loader 'app')
java.lang.ClassCastException: class de.thm.mni.compilerbau.types.PrimitiveType cannot be cast to class de.thm.mni.compilerbau.types.ArrayType (de.thm.mni.compilerbau.types.PrimitiveType and de.thm.mni.compilerbau.types.ArrayType are in unnamed module of loader 'app')
	at de.thm.mni.compilerbau.phases._06_codegen.CodeGenerator.genStatement(CodeGenerator.java:114)
	at de.thm.mni.compilerbau.phases._06_codegen.CodeGenerator.generateCode(CodeGenerator.java:59)
	at de.thm.mni.compilerbau.Main.main(Main.java:95)
[2024-02-14 16:30:24.523152] Test not passed.
[2024-02-14 16:30:24.523167] Running Score: 14/16

[2024-02-14 16:30:24.523191] Evaluating 124_indexing_with_non_integer.spl with the submitted solution.
[2024-02-14 16:30:26.224554] Results do not match. Expected Compiler Failure(124), but got Success(0).
[2024-02-14 16:30:26.224610] Output (stdout) of 'xvfb-run -a /home/tools/sim -x -l /home/temp/124_indexing_with_non_integer.spl.bin -s 1 -t 0' (Limited to 50 lines/10000 characters):
SPL/RTS: main() started

SPL/RTS: index out of bounds
[2024-02-14 16:30:26.224788] Test not passed.
[2024-02-14 16:30:26.224810] Running Score: 14/17

[2024-02-14 16:30:26.224835] Evaluating 126_main_not_a_procedure.spl with the submitted solution.
[2024-02-14 16:30:26.642179] Test subject results match (Compiler Failure).
[2024-02-14 16:30:26.642219] Exit code matches the expected exit code (126).
[2024-02-14 16:30:26.642245] Test passed.
[2024-02-14 16:30:26.642260] Running Score: 15/18

[2024-02-14 16:30:26.642282] Evaluating 127_main_must_not_have_parameters.spl with the submitted solution.
[2024-02-14 16:30:27.006428] Test subject results match (Compiler Failure).
[2024-02-14 16:30:27.006460] Exit code matches the expected exit code (127).
[2024-02-14 16:30:27.006482] Test passed.
[2024-02-14 16:30:27.006497] Running Score: 16/19

[2024-02-14 16:30:27.006519] Evaluating acker.spl with the submitted solution.
[2024-02-14 16:30:28.607449] Test subject results match (Success).
[2024-02-14 16:30:28.611092] Outputs match.
[2024-02-14 16:30:28.611372] Test passed.
[2024-02-14 16:30:28.611552] Running Score: 17/20

[2024-02-14 16:30:28.611739] Evaluating bigtest.spl with the submitted solution.
[2024-02-14 16:30:29.403322] Submission exited with exit code 1, which is not allowed. Allowed: [0, 99, 140, 100, 101, 102, 103, 104, 105, 106, 107, 108, 109, 110, 111, 112, 113, 114, 115, 116, 117, 118, 119, 120, 121, 122, 123, 124, 125, 126, 127]
[2024-02-14 16:30:29.403575] Output (stdout + stderr) of 'java -jar /home/solution/java/target/spl.jar /home/tests/bigtest.spl /home/temp/bigtest.spl.s' (Limited to 50 lines/10000 characters):
Exception in thread "main" java.lang.StackOverflowError
	at de.thm.mni.compilerbau.phases._06_codegen.CodeGenerator.genStatement(CodeGenerator.java:82)
	at de.thm.mni.compilerbau.phases._06_codegen.CodeGenerator.genStatement(CodeGenerator.java:185)
	at de.thm.mni.compilerbau.phases._06_codegen.CodeGenerator.genStatement(CodeGenerator.java:185)
	at de.thm.mni.compilerbau.phases._06_codegen.CodeGenerator.genStatement(CodeGenerator.java:185)
	at de.thm.mni.compilerbau.phases._06_codegen.CodeGenerator.genStatement(CodeGenerator.java:185)
	at de.thm.mni.compilerbau.phases._06_codegen.CodeGenerator.genStatement(CodeGenerator.java:185)
	at de.thm.mni.compilerbau.phases._06_codegen.CodeGenerator.genStatement(CodeGenerator.java:185)
	at de.thm.mni.compilerbau.phases._06_codegen.CodeGenerator.genStatement(CodeGenerator.java:185)
	at de.thm.mni.compilerbau.phases._06_codegen.CodeGenerator.genStatement(CodeGenerator.java:185)
	at de.thm.mni.compilerbau.phases._06_codegen.CodeGenerator.genStatement(CodeGenerator.java:185)
	at de.thm.mni.compilerbau.phases._06_codegen.CodeGenerator.genStatement(CodeGenerator.java:185)
	at de.thm.mni.compilerbau.phases._06_codegen.CodeGenerator.genStatement(CodeGenerator.java:185)
	at de.thm.mni.compilerbau.phases._06_codegen.CodeGenerator.genStatement(CodeGenerator.java:185)
	at de.thm.mni.compilerbau.phases._06_codegen.CodeGenerator.genStatement(CodeGenerator.java:185)
	at de.thm.mni.compilerbau.phases._06_codegen.CodeGenerator.genStatement(CodeGenerator.java:185)
	at de.thm.mni.compilerbau.phases._06_codegen.CodeGenerator.genStatement(CodeGenerator.java:185)
	at de.thm.mni.compilerbau.phases._06_codegen.CodeGenerator.genStatement(CodeGenerator.java:185)
	at de.thm.mni.compilerbau.phases._06_codegen.CodeGenerator.genStatement(CodeGenerator.java:185)
	at de.thm.mni.compilerbau.phases._06_codegen.CodeGenerator.genStatement(CodeGenerator.java:185)
	at de.thm.mni.compilerbau.phases._06_codegen.CodeGenerator.genStatement(CodeGenerator.java:185)
	at de.thm.mni.compilerbau.phases._06_codegen.CodeGenerator.genStatement(CodeGenerator.java:185)
	at de.thm.mni.compilerbau.phases._06_codegen.CodeGenerator.genStatement(CodeGenerator.java:185)
	at de.thm.mni.compilerbau.phases._06_codegen.CodeGenerator.genStatement(CodeGenerator.java:185)
	at de.thm.mni.compilerbau.phases._06_codegen.CodeGenerator.genStatement(CodeGenerator.java:185)
	at de.thm.mni.compilerbau.phases._06_codegen.CodeGenerator.genStatement(CodeGenerator.java:185)
	at de.thm.mni.compilerbau.phases._06_codegen.CodeGenerator.genStatement(CodeGenerator.java:185)
	at de.thm.mni.compilerbau.phases._06_codegen.CodeGenerator.genStatement(CodeGenerator.java:185)
	at de.thm.mni.compilerbau.phases._06_codegen.CodeGenerator.genStatement(CodeGenerator.java:185)
	at de.thm.mni.compilerbau.phases._06_codegen.CodeGenerator.genStatement(CodeGenerator.java:185)
	at de.thm.mni.compilerbau.phases._06_codegen.CodeGenerator.genStatement(CodeGenerator.java:185)
	at de.thm.mni.compilerbau.phases._06_codegen.CodeGenerator.genStatement(CodeGenerator.java:185)
	at de.thm.mni.compilerbau.phases._06_codegen.CodeGenerator.genStatement(CodeGenerator.java:185)
	at de.thm.mni.compilerbau.phases._06_codegen.CodeGenerator.genStatement(CodeGenerator.java:185)
	at de.thm.mni.compilerbau.phases._06_codegen.CodeGenerator.genStatement(CodeGenerator.java:185)
	at de.thm.mni.compilerbau.phases._06_codegen.CodeGenerator.genStatement(CodeGenerator.java:185)
	at de.thm.mni.compilerbau.phases._06_codegen.CodeGenerator.genStatement(CodeGenerator.java:185)
	at de.thm.mni.compilerbau.phases._06_codegen.CodeGenerator.genStatement(CodeGenerator.java:185)
	at de.thm.mni.compilerbau.phases._06_codegen.CodeGenerator.genStatement(CodeGenerator.java:185)
	at de.thm.mni.compilerbau.phases._06_codegen.CodeGenerator.genStatement(CodeGenerator.java:185)
	at de.thm.mni.compilerbau.phases._06_codegen.CodeGenerator.genStatement(CodeGenerator.java:185)
	at de.thm.mni.compilerbau.phases._06_codegen.CodeGenerator.genStatement(CodeGenerator.java:185)
	at de.thm.mni.compilerbau.phases._06_codegen.CodeGenerator.genStatement(CodeGenerator.java:185)
	at de.thm.mni.compilerbau.phases._06_codegen.CodeGenerator.genStatement(CodeGenerator.java:185)
	at de.thm.mni.compilerbau.phases._06_codegen.CodeGenerator.genStatement(CodeGenerator.java:185)
	at de.thm.mni.compilerbau.phases._06_codegen.CodeGenerator.genStatement(CodeGenerator.java:185)
	at de.thm.mni.compilerbau.phases._06_codegen.CodeGenerator.genStatement(CodeGenerator.java:185)
	at de.thm.mni.compilerbau.phases._06_codegen.CodeGenerator.genStatement(CodeGenerator.java:185)
	at de.thm.mni.compilerbau.phases._06_codegen.CodeGenerator.genStatement(CodeGenerator.java:185)
	at de.thm.mni.compilerbau.phases._06_codegen.CodeGenerator.genStatement(CodeGenerator.java:185)
[2024-02-14 16:30:29.404027] Test not passed.
[2024-02-14 16:30:29.404048] Running Score: 17/21

[2024-02-14 16:30:29.404070] Evaluating bits.spl with the submitted solution.
[2024-02-14 16:30:30.715586] Test subject results match (Success).
[2024-02-14 16:30:30.718878] Outputs match.
[2024-02-14 16:30:30.719107] Test passed.
[2024-02-14 16:30:30.719275] Running Score: 18/22

[2024-02-14 16:30:30.719532] Evaluating gcd.spl with the submitted solution.
[2024-02-14 16:30:32.020198] Test subject results match (Success).
[2024-02-14 16:30:32.023218] Outputs match.
[2024-02-14 16:30:32.023248] Test passed.
[2024-02-14 16:30:32.023263] Running Score: 19/23

[2024-02-14 16:30:32.023439] Evaluating inttest.spl with the submitted solution.
[2024-02-14 16:30:33.275610] Test subject results match (Success).
[2024-02-14 16:30:33.278142] Outputs match.
[2024-02-14 16:30:33.278336] Test passed.
[2024-02-14 16:30:33.278475] Running Score: 20/24

[2024-02-14 16:30:33.278645] Evaluating multiply.spl with the submitted solution.
[2024-02-14 16:30:34.671722] Test subject results match (Success).
[2024-02-14 16:30:34.674279] Outputs match.
[2024-02-14 16:30:34.674472] Test passed.
[2024-02-14 16:30:34.674615] Running Score: 21/25

[2024-02-14 16:30:34.674858] Evaluating partind1.spl with the submitted solution.
[2024-02-14 16:30:35.079113] Results do not match. Expected Success(0), but got Compiler Failure(114).
[2024-02-14 16:30:35.079158] Output (stdout + stderr) of 'java -jar /home/solution/java/target/spl.jar /home/tests/partind1.spl /home/temp/partind1.spl.s' (Limited to 50 lines/10000 characters):
An error occurred at Line 32, Column 8:
Argument type mismatch in call of procedure 'p'. Argument 1 is expected to have type 'array [7] of int', but has type 'int'.
[2024-02-14 16:30:35.079194] Test not passed.
[2024-02-14 16:30:35.079209] Running Score: 21/26

[2024-02-14 16:30:35.079231] Evaluating partind2.spl with the submitted solution.
[2024-02-14 16:30:35.500763] Results do not match. Expected Success(0), but got Compiler Failure(114).
[2024-02-14 16:30:35.500807] Output (stdout + stderr) of 'java -jar /home/solution/java/target/spl.jar /home/tests/partind2.spl /home/temp/partind2.spl.s' (Limited to 50 lines/10000 characters):
An error occurred at Line 43, Column 8:
Argument type mismatch in call of procedure 'p'. Argument 1 is expected to have type 'array [5] of array [7] of int', but has type 'int'.
[2024-02-14 16:30:35.500842] Test not passed.
[2024-02-14 16:30:35.500856] Running Score: 21/27

[2024-02-14 16:30:35.500879] Evaluating swap.spl with the submitted solution.
[2024-02-14 16:30:36.839292] Test subject results match (Success).
[2024-02-14 16:30:36.843885] Outputs match.
[2024-02-14 16:30:36.843920] Test passed.
[2024-02-14 16:30:36.843936] Running Score: 22/28

[2024-02-14 16:30:36.843960] Evaluating test1.spl with the submitted solution.
[2024-02-14 16:30:38.108314] Test subject results match (Success).
[2024-02-14 16:30:38.111016] Outputs match.
[2024-02-14 16:30:38.111297] Test passed.
[2024-02-14 16:30:38.111478] Running Score: 23/29

[2024-02-14 16:30:38.111795] Evaluating test2.spl with the submitted solution.
[2024-02-14 16:30:39.371216] Test subject results match (Success).
[2024-02-14 16:30:39.374577] Outputs match.
[2024-02-14 16:30:39.374771] Test passed.
[2024-02-14 16:30:39.374952] Running Score: 24/30

[2024-02-14 16:30:39.375214] Evaluating test3.spl with the submitted solution.
[2024-02-14 16:30:40.696002] Test subject results match (Success).
[2024-02-14 16:30:40.698560] Outputs differ. 'diff'-log (Expected output first, Limited to 50 lines/10000 characters):
4d3
< 1
6d4
< 3
8d5
< 5
10d6
< 7
12a9,12
> 7
> 5
> 3
> 1
[2024-02-14 16:30:40.698978] Test not passed.
[2024-02-14 16:30:40.699001] Running Score: 24/31

[2024-02-14 16:30:40.699026] Evaluating test4.spl with the submitted solution.
[2024-02-14 16:30:41.991106] Test subject results match (Success).
[2024-02-14 16:30:41.994138] Outputs match.
[2024-02-14 16:30:41.994335] Test passed.
[2024-02-14 16:30:41.994517] Running Score: 25/32

[2024-02-14 16:30:41.994785] Evaluating test5.spl with the submitted solution.
[2024-02-14 16:30:43.259160] Test subject results match (Success).
[2024-02-14 16:30:43.262398] Outputs match.
[2024-02-14 16:30:43.262606] Test passed.
[2024-02-14 16:30:43.262786] Running Score: 26/33

[2024-02-14 16:30:43.263058] Evaluating test7.spl with the submitted solution.
[2024-02-14 16:30:44.508254] Test subject results match (Success).
[2024-02-14 16:30:44.511447] Outputs match.
[2024-02-14 16:30:44.511656] Test passed.
[2024-02-14 16:30:44.511860] Running Score: 27/34

[2024-02-14 16:30:44.512133] Evaluating test8.spl with the submitted solution.
[2024-02-14 16:30:45.823204] Test subject results match (Success).
[2024-02-14 16:30:45.826287] Outputs match.
[2024-02-14 16:30:45.826322] Test passed.
[2024-02-14 16:30:45.826337] Running Score: 28/35

[2024-02-14 16:30:45.826760] Evaluating test9.spl with the submitted solution.
[2024-02-14 16:30:47.095452] Test subject results match (Success).
[2024-02-14 16:30:47.100062] Outputs match.
[2024-02-14 16:30:47.100098] Test passed.
[2024-02-14 16:30:47.100114] Running Score: 29/36

[2024-02-14 16:30:47.100138] Evaluating threedim.spl with the submitted solution.
[2024-02-14 16:30:48.409770] Test subject results match (Success).
[2024-02-14 16:30:48.413180] Outputs differ. 'diff'-log (Expected output first, Limited to 50 lines/10000 characters):
3,33c3
< 10000
< 00000
< 00000
< 00000
< 00000
< 
< 00000
< 01000
< 00000
< 00000
< 00000
< 
< 00000
< 00000
< 00100
< 00000
< 00000
< 
< 00000
< 00000
< 00000
< 00010
< 00000
< 
< 00000
< 00000
< 00000
< 00000
< 00001
< 
< SPL/RTS: main() finished
---
> SPL/RTS: TLB miss exception
[2024-02-14 16:30:48.416221] Test not passed.
[2024-02-14 16:30:48.416246] Running Score: 29/37

[2024-02-14 16:30:48.416272] Evaluating twodim.spl with the submitted solution.
[2024-02-14 16:30:49.718604] Test subject results match (Success).
[2024-02-14 16:30:49.721719] Outputs match.
[2024-02-14 16:30:49.722023] Test passed.
[2024-02-14 16:30:49.722251] Running Score: 30/38

[2024-02-14 16:30:49.722570] Final score: 30/38 (78%). 
[2024-02-14 16:30:49.722979] 80% are needed to pass.
[2024-02-14 16:30:59.959486] You have NOT PASSED this assignment.
[2024-02-14 16:30:59.959757] You can try again. Deadline: 16.02.2024 23:59

=== END Evaluation Log
NOTE: This evaluation log is also available at '/home/yranandika/Documents/Semester7/Compilerbau/cb-wise-2324/Skeleton Java/.submitscript/data/assignments/Aufgabe-2/submissions/[evaluated] 61875b84-726d-4d14-b4d2-16412d39f78d/evaluation.log'

Do you want to submit another solution? [Y/n] 
=== Submitting ===
Please choose the assignment you want to submit. 
 1 - Aufgabe-1
 2 - Aufgabe-2
Please enter the id of your selection: 

Selected variant 'Java SPL Compiler' for assignment 'Aufgabe-2'.
=== Building submission ===
Running 'mvn clean compile'.
=== Building submission finished ===
Building your solution failed!
Do you want to view the build log? [Y/n] === BEGIN Build Log ===
[[1;34mINFO[m] Scanning for projects...
[[1;34mINFO[m] 
[[1;34mINFO[m] [1m--------------< [0;36mde.thm.mni.compilerbau.spl-reference:spl[0;1m >--------------[m
[[1;34mINFO[m] [1mBuilding spl 0.1[m
[[1;34mINFO[m] [1m--------------------------------[ jar ]---------------------------------[m
[[1;34mINFO[m] 
[[1;34mINFO[m] [1m--- [0;32mmaven-clean-plugin:2.5:clean[m [1m(default-clean)[m @ [36mspl[0;1m ---[m
[[1;34mINFO[m] Deleting /tmp/tmpsej5tzrt/java/target
[[1;34mINFO[m] 
[[1;34mINFO[m] [1m--- [0;32mjflex-maven-plugin:1.7.0:generate[m [1m(default)[m @ [36mspl[0;1m ---[m
[[1;34mINFO[m]   generated /tmp/tmpsej5tzrt/java/target/generated-sources/jflex/de/thm/mni/compilerbau/phases/_01_scanner/Scanner.java
[[1;34mINFO[m] 
[[1;34mINFO[m] [1m--- [0;32mcup-maven-plugin:11b-20160615:generate[m [1m(default)[m @ [36mspl[0;1m ---[m
Warning : Non terminal "EmptyStmt" was declared but never used
Warning : *** Shift/Reduce conflict found in state #94
  between IfStmt ::= IF LPAREN Expr RPAREN Statement (*) 
  and     IfStmt ::= IF LPAREN Expr RPAREN Statement (*) ELSE Statement 
  under symbol ELSE
  Resolved in favor of shifting.

[[1;34mINFO[m]   generated /tmp/tmpsej5tzrt/java/target/generated-sources/cup/de/thm/mni/compilerbau/phases/_02_03_parser/Parser.java
[[1;34mINFO[m]   generated /tmp/tmpsej5tzrt/java/target/generated-sources/cup/de/thm/mni/compilerbau/phases/_02_03_parser/Sym.java
[[1;34mINFO[m] 
[[1;34mINFO[m] [1m--- [0;32mmaven-resources-plugin:2.6:resources[m [1m(default-resources)[m @ [36mspl[0;1m ---[m
[[1;34mINFO[m] Using 'UTF-8' encoding to copy filtered resources.
[[1;34mINFO[m] skip non existing resourceDirectory /tmp/tmpsej5tzrt/java/src/main/resources
[[1;34mINFO[m] 
[[1;34mINFO[m] [1m--- [0;32mmaven-compiler-plugin:3.10.1:compile[m [1m(default-compile)[m @ [36mspl[0;1m ---[m
[[1;34mINFO[m] Changes detected - recompiling the module!
[[1;34mINFO[m] Compiling 57 source files to /tmp/tmpsej5tzrt/java/target/classes
[[1;34mINFO[m] [1m------------------------------------------------------------------------[m
[[1;34mINFO[m] [1;31mBUILD FAILURE[m
[[1;34mINFO[m] [1m------------------------------------------------------------------------[m
[[1;34mINFO[m] Total time:  0.611 s
[[1;34mINFO[m] Finished at: 2024-02-14T16:42:29+01:00
[[1;34mINFO[m] [1m------------------------------------------------------------------------[m
[[1;31mERROR[m] Failed to execute goal [32morg.apache.maven.plugins:maven-compiler-plugin:3.10.1:compile[m [1m(default-compile)[m on project [36mspl[m: [1;31mFatal error compiling[m: error: invalid target release: 21 -> [1m[Help 1][m
[[1;31mERROR[m] 
[[1;31mERROR[m] To see the full stack trace of the errors, re-run Maven with the [1m-e[m switch.
[[1;31mERROR[m] Re-run Maven using the [1m-X[m switch to enable full debug logging.
[[1;31mERROR[m] 
[[1;31mERROR[m] For more information about the errors and possible solutions, please read the following articles:
[[1;31mERROR[m] [1m[Help 1][m http://cwiki.apache.org/confluence/display/MAVEN/MojoExecutionException
=== END Build Log ===
Do you want to submit your solution anyway, despite the failing build? [y/N] === Cleaning directory for submission ===
=== Cleaning directory finished ===
=== Starting Upload ===
=== Upload finished ===
=== BEGIN Upload Log
[2024-02-14 16:42:33.666276] Received submission d1dc76b6-4eaf-4848-878d-025cc09c8de9
[2024-02-14 16:42:33.667203] Ip: 10.196.117.75
[2024-02-14 16:42:33.667450] Team members: [('Andryani', 'Linda Septira', '5345375'), ('Kirana', 'Yohanes Ranandika', '5310931')]
[2024-02-14 16:42:33.900326] Your submission was ACCEPTED for course 'Compilerbau-ws23', assignment 'Aufgabe-2'.
[2024-02-14 16:42:33.900684] Your submission has the id d1dc76b6-4eaf-4848-878d-025cc09c8de9.
[2024-02-14 16:42:33.901175] It will be evaluated shortly. Please check back soon for your results.

=== END Upload Log
Successfully submitted your solution. Please see the upload log above for more details.
Polling for results (Press CTRL + C to abort)...................................................
=== Evaluation results for submission 'd1dc76b6-4eaf-4848-878d-025cc09c8de9' retrieved. ===
You achieved the score 31/38 (81%).
You have PASSED this assignment.
Do you want to view the evaluation log now? [Y/n] === BEGIN Evaluation Log
[2024-02-14 16:42:33.902131] Start of evaluation log for submission 'd1dc76b6-4eaf-4848-878d-025cc09c8de9'.
[2024-02-14 16:42:33.902454] Team member: ('Andryani', 'Linda Septira', '5345375')
[2024-02-14 16:42:33.902645] Team member: ('Kirana', 'Yohanes Ranandika', '5310931')
[2024-02-14 16:42:33.921621] Preparing the sandbox
[2024-02-14 16:42:34.674052] Unpacking submission in sandbox
[2024-02-14 16:42:35.103245] Building the test subject
[2024-02-14 16:42:35.103552] Identified the Java variant.
[2024-02-14 16:42:35.240291] Building Java solution with maven.
[2024-02-14 16:42:46.275748] Maven log:
[INFO] Scanning for projects...
[INFO] 
[INFO] --------------< de.thm.mni.compilerbau.spl-reference:spl >--------------
[INFO] Building spl 0.1
[INFO] --------------------------------[ jar ]---------------------------------
[INFO] 
[INFO] --- jflex-maven-plugin:1.7.0:generate (default) @ spl ---
[INFO]   generated /home/solution/java/target/generated-sources/jflex/de/thm/mni/compilerbau/phases/_01_scanner/Scanner.java
[INFO] 
[INFO] --- cup-maven-plugin:11b-20160615:generate (default) @ spl ---
Warning : Non terminal "EmptyStmt" was declared but never used
Warning : *** Shift/Reduce conflict found in state #94
  between IfStmt ::= IF LPAREN Expr RPAREN Statement (*) 
  and     IfStmt ::= IF LPAREN Expr RPAREN Statement (*) ELSE Statement 
  under symbol ELSE
  Resolved in favor of shifting.

[INFO]   generated /home/solution/java/target/generated-sources/cup/de/thm/mni/compilerbau/phases/_02_03_parser/Parser.java
[INFO]   generated /home/solution/java/target/generated-sources/cup/de/thm/mni/compilerbau/phases/_02_03_parser/Sym.java
[INFO] 
[INFO] --- maven-resources-plugin:2.6:resources (default-resources) @ spl ---
[INFO] Using 'UTF-8' encoding to copy filtered resources.
[INFO] skip non existing resourceDirectory /home/solution/java/src/main/resources
[INFO] 
[INFO] --- maven-compiler-plugin:3.10.1:compile (default-compile) @ spl ---
[INFO] Changes detected - recompiling the module!
[INFO] Compiling 57 source files to /home/solution/java/target/classes
[INFO] /home/solution/java/target/generated-sources/jflex/de/thm/mni/compilerbau/phases/_01_scanner/Scanner.java: /home/solution/java/target/generated-sources/jflex/de/thm/mni/compilerbau/phases/_01_scanner/Scanner.java uses or overrides a deprecated API that is marked for removal.
[INFO] /home/solution/java/target/generated-sources/jflex/de/thm/mni/compilerbau/phases/_01_scanner/Scanner.java: Recompile with -Xlint:removal for details.
[INFO] /home/solution/java/target/generated-sources/cup/de/thm/mni/compilerbau/phases/_02_03_parser/Parser.java: /home/solution/java/target/generated-sources/cup/de/thm/mni/compilerbau/phases/_02_03_parser/Parser.java uses unchecked or unsafe operations.
[INFO] /home/solution/java/target/generated-sources/cup/de/thm/mni/compilerbau/phases/_02_03_parser/Parser.java: Recompile with -Xlint:unchecked for details.
[INFO] 
[INFO] --- maven-resources-plugin:2.6:testResources (default-testResources) @ spl ---
[INFO] Using 'UTF-8' encoding to copy filtered resources.
[INFO] skip non existing resourceDirectory /home/solution/java/src/test/resources
[INFO] 
[INFO] --- maven-compiler-plugin:3.10.1:testCompile (default-testCompile) @ spl ---
[INFO] No sources to compile
[INFO] 
[INFO] --- maven-surefire-plugin:2.12.4:test (default-test) @ spl ---
[INFO] No tests to run.
[INFO] 
[INFO] --- maven-jar-plugin:2.4:jar (default-jar) @ spl ---
[INFO] Building jar: /home/solution/java/target/spl.jar
[INFO] 
[INFO] --- maven-shade-plugin:3.1.0:shade (default) @ spl ---
[INFO] Including com.github.vbmacher:java-cup-runtime:jar:11b-20160615 in the shaded jar.
[INFO] Replacing original artifact with shaded artifact.
[INFO] Replacing /home/solution/java/target/spl.jar with /home/solution/java/target/spl-0.1-shaded.jar
[INFO] Dependency-reduced POM written at: /home/solution/java/dependency-reduced-pom.xml
[INFO] ------------------------------------------------------------------------
[INFO] BUILD SUCCESS
[INFO] ------------------------------------------------------------------------
[INFO] Total time:  8.410 s
[INFO] Finished at: 2024-02-14T15:42:46Z
[INFO] ------------------------------------------------------------------------
[2024-02-14 16:42:46.423791] Beginning evaluation.
[2024-02-14 16:42:46.423984] Evaluating 101_undefined_procedure.spl with the submitted solution.
[2024-02-14 16:42:46.838452] Test subject results match (Compiler Failure).
[2024-02-14 16:42:46.838487] Exit code matches the expected exit code (101).
[2024-02-14 16:42:46.838511] Test passed.
[2024-02-14 16:42:46.838527] Running Score: 1/1

[2024-02-14 16:42:46.838555] Evaluating 101_undefined_type.spl with the submitted solution.
[2024-02-14 16:42:47.212895] Test subject results match (Compiler Failure).
[2024-02-14 16:42:47.212931] Exit code matches the expected exit code (101).
[2024-02-14 16:42:47.212953] Test passed.
[2024-02-14 16:42:47.212969] Running Score: 2/2

[2024-02-14 16:42:47.212992] Evaluating 101_undefined_variable.spl with the submitted solution.
[2024-02-14 16:42:47.624768] Test subject results match (Compiler Failure).
[2024-02-14 16:42:47.624803] Exit code matches the expected exit code (101).
[2024-02-14 16:42:47.624826] Test passed.
[2024-02-14 16:42:47.624842] Running Score: 3/3

[2024-02-14 16:42:47.624867] Evaluating 102_not_a_type.spl with the submitted solution.
[2024-02-14 16:42:48.006227] Test subject results match (Compiler Failure).
[2024-02-14 16:42:48.006264] Exit code matches the expected exit code (102).
[2024-02-14 16:42:48.006287] Test passed.
[2024-02-14 16:42:48.006303] Running Score: 4/4

[2024-02-14 16:42:48.006328] Evaluating 103_redefinition_as_parameter.spl with the submitted solution.
[2024-02-14 16:42:48.383965] Test subject results match (Compiler Failure).
[2024-02-14 16:42:48.384002] Exit code matches the expected exit code (103).
[2024-02-14 16:42:48.384024] Test passed.
[2024-02-14 16:42:48.384039] Running Score: 5/5

[2024-02-14 16:42:48.384062] Evaluating 103_redefinition_as_procedure.spl with the submitted solution.
[2024-02-14 16:42:48.767057] Test subject results match (Compiler Failure).
[2024-02-14 16:42:48.767091] Exit code matches the expected exit code (103).
[2024-02-14 16:42:48.767114] Test passed.
[2024-02-14 16:42:48.767130] Running Score: 6/6

[2024-02-14 16:42:48.767154] Evaluating 103_redefinition_as_type.spl with the submitted solution.
[2024-02-14 16:42:49.159356] Test subject results match (Compiler Failure).
[2024-02-14 16:42:49.159392] Exit code matches the expected exit code (103).
[2024-02-14 16:42:49.159415] Test passed.
[2024-02-14 16:42:49.159431] Running Score: 7/7

[2024-02-14 16:42:49.159455] Evaluating 103_redefinition_as_variable.spl with the submitted solution.
[2024-02-14 16:42:49.525865] Test subject results match (Compiler Failure).
[2024-02-14 16:42:49.525922] Exit code matches the expected exit code (103).
[2024-02-14 16:42:49.525947] Test passed.
[2024-02-14 16:42:49.525963] Running Score: 8/8

[2024-02-14 16:42:49.525986] Evaluating 104_must_be_reference_parameter.spl with the submitted solution.
[2024-02-14 16:42:49.951152] Test subject results match (Compiler Failure).
[2024-02-14 16:42:49.951187] Exit code matches the expected exit code (104).
[2024-02-14 16:42:49.951210] Test passed.
[2024-02-14 16:42:49.951225] Running Score: 9/9

[2024-02-14 16:42:49.951248] Evaluating 113_call_of_non_procedure.spl with the submitted solution.
[2024-02-14 16:42:50.359335] Test subject results match (Compiler Failure).
[2024-02-14 16:42:50.359370] Exit code matches the expected exit code (113).
[2024-02-14 16:42:50.359392] Test passed.
[2024-02-14 16:42:50.359408] Running Score: 10/10

[2024-02-14 16:42:50.359431] Evaluating 114_argument_type_mismatch.spl with the submitted solution.
[2024-02-14 16:42:50.770060] Test subject results match (Compiler Failure).
[2024-02-14 16:42:50.770097] Exit code matches the expected exit code (114).
[2024-02-14 16:42:50.770120] Test passed.
[2024-02-14 16:42:50.770137] Running Score: 11/11

[2024-02-14 16:42:50.770161] Evaluating 115_argument_must_be_variable.spl with the submitted solution.
[2024-02-14 16:42:51.170388] Test subject results match (Compiler Failure).
[2024-02-14 16:42:51.170421] Exit code matches the expected exit code (115).
[2024-02-14 16:42:51.170443] Test passed.
[2024-02-14 16:42:51.170457] Running Score: 12/12

[2024-02-14 16:42:51.170480] Evaluating 116_procedure_too_few_arguments.spl with the submitted solution.
[2024-02-14 16:42:51.563855] Test subject results match (Compiler Failure).
[2024-02-14 16:42:51.563891] Exit code matches the expected exit code (116).
[2024-02-14 16:42:51.563914] Test passed.
[2024-02-14 16:42:51.563929] Running Score: 13/13

[2024-02-14 16:42:51.563953] Evaluating 116_procedure_too_many_arguments.spl with the submitted solution.
[2024-02-14 16:42:51.964114] Test subject results match (Compiler Failure).
[2024-02-14 16:42:51.964149] Exit code matches the expected exit code (116).
[2024-02-14 16:42:51.964172] Test passed.
[2024-02-14 16:42:51.964188] Running Score: 14/14

[2024-02-14 16:42:51.964212] Evaluating 122_not_a_variable.spl with the submitted solution.
[2024-02-14 16:42:52.363442] Test subject results match (Compiler Failure).
[2024-02-14 16:42:52.363479] Exit code matches the expected exit code (122).
[2024-02-14 16:42:52.363501] Test passed.
[2024-02-14 16:42:52.363516] Running Score: 15/15

[2024-02-14 16:42:52.363539] Evaluating 123_indexing_non_array.spl with the submitted solution.
[2024-02-14 16:42:52.799342] Submission exited with exit code 1, which is not allowed. Allowed: [0, 99, 140, 100, 101, 102, 103, 104, 105, 106, 107, 108, 109, 110, 111, 112, 113, 114, 115, 116, 117, 118, 119, 120, 121, 122, 123, 124, 125, 126, 127]
[2024-02-14 16:42:52.799391] Output (stdout + stderr) of 'java -jar /home/solution/java/target/spl.jar /home/tests/123_indexing_non_array.spl /home/temp/123_indexing_non_array.spl.s' (Limited to 50 lines/10000 characters):
An error occurred: class de.thm.mni.compilerbau.types.PrimitiveType cannot be cast to class de.thm.mni.compilerbau.types.ArrayType (de.thm.mni.compilerbau.types.PrimitiveType and de.thm.mni.compilerbau.types.ArrayType are in unnamed module of loader 'app')
java.lang.ClassCastException: class de.thm.mni.compilerbau.types.PrimitiveType cannot be cast to class de.thm.mni.compilerbau.types.ArrayType (de.thm.mni.compilerbau.types.PrimitiveType and de.thm.mni.compilerbau.types.ArrayType are in unnamed module of loader 'app')
	at de.thm.mni.compilerbau.phases._06_codegen.CodeGenerator.genStatement(CodeGenerator.java:114)
	at de.thm.mni.compilerbau.phases._06_codegen.CodeGenerator.generateCode(CodeGenerator.java:59)
	at de.thm.mni.compilerbau.Main.main(Main.java:95)
[2024-02-14 16:42:52.799457] Test not passed.
[2024-02-14 16:42:52.799473] Running Score: 15/16

[2024-02-14 16:42:52.799497] Evaluating 124_indexing_with_non_integer.spl with the submitted solution.
[2024-02-14 16:42:54.490733] Results do not match. Expected Compiler Failure(124), but got Success(0).
[2024-02-14 16:42:54.490904] Output (stdout) of 'xvfb-run -a /home/tools/sim -x -l /home/temp/124_indexing_with_non_integer.spl.bin -s 1 -t 0' (Limited to 50 lines/10000 characters):
SPL/RTS: main() started

SPL/RTS: index out of bounds
[2024-02-14 16:42:54.490956] Test not passed.
[2024-02-14 16:42:54.490972] Running Score: 15/17

[2024-02-14 16:42:54.490997] Evaluating 126_main_not_a_procedure.spl with the submitted solution.
[2024-02-14 16:42:54.835825] Test subject results match (Compiler Failure).
[2024-02-14 16:42:54.835860] Exit code matches the expected exit code (126).
[2024-02-14 16:42:54.835883] Test passed.
[2024-02-14 16:42:54.835899] Running Score: 16/18

[2024-02-14 16:42:54.835922] Evaluating 127_main_must_not_have_parameters.spl with the submitted solution.
[2024-02-14 16:42:55.185537] Test subject results match (Compiler Failure).
[2024-02-14 16:42:55.185598] Exit code matches the expected exit code (127).
[2024-02-14 16:42:55.185640] Test passed.
[2024-02-14 16:42:55.185665] Running Score: 17/19

[2024-02-14 16:42:55.185699] Evaluating acker.spl with the submitted solution.
[2024-02-14 16:42:56.777276] Test subject results match (Success).
[2024-02-14 16:42:56.781230] Outputs match.
[2024-02-14 16:42:56.781260] Test passed.
[2024-02-14 16:42:56.781276] Running Score: 18/20

[2024-02-14 16:42:56.781302] Evaluating bigtest.spl with the submitted solution.
[2024-02-14 16:42:57.566448] Submission exited with exit code 1, which is not allowed. Allowed: [0, 99, 140, 100, 101, 102, 103, 104, 105, 106, 107, 108, 109, 110, 111, 112, 113, 114, 115, 116, 117, 118, 119, 120, 121, 122, 123, 124, 125, 126, 127]
[2024-02-14 16:42:57.566661] Output (stdout + stderr) of 'java -jar /home/solution/java/target/spl.jar /home/tests/bigtest.spl /home/temp/bigtest.spl.s' (Limited to 50 lines/10000 characters):
Exception in thread "main" java.lang.StackOverflowError
	at de.thm.mni.compilerbau.phases._06_codegen.CodeGenerator.genStatement(CodeGenerator.java:82)
	at de.thm.mni.compilerbau.phases._06_codegen.CodeGenerator.genStatement(CodeGenerator.java:185)
	at de.thm.mni.compilerbau.phases._06_codegen.CodeGenerator.genStatement(CodeGenerator.java:185)
	at de.thm.mni.compilerbau.phases._06_codegen.CodeGenerator.genStatement(CodeGenerator.java:185)
	at de.thm.mni.compilerbau.phases._06_codegen.CodeGenerator.genStatement(CodeGenerator.java:185)
	at de.thm.mni.compilerbau.phases._06_codegen.CodeGenerator.genStatement(CodeGenerator.java:185)
	at de.thm.mni.compilerbau.phases._06_codegen.CodeGenerator.genStatement(CodeGenerator.java:185)
	at de.thm.mni.compilerbau.phases._06_codegen.CodeGenerator.genStatement(CodeGenerator.java:185)
	at de.thm.mni.compilerbau.phases._06_codegen.CodeGenerator.genStatement(CodeGenerator.java:185)
	at de.thm.mni.compilerbau.phases._06_codegen.CodeGenerator.genStatement(CodeGenerator.java:185)
	at de.thm.mni.compilerbau.phases._06_codegen.CodeGenerator.genStatement(CodeGenerator.java:185)
	at de.thm.mni.compilerbau.phases._06_codegen.CodeGenerator.genStatement(CodeGenerator.java:185)
	at de.thm.mni.compilerbau.phases._06_codegen.CodeGenerator.genStatement(CodeGenerator.java:185)
	at de.thm.mni.compilerbau.phases._06_codegen.CodeGenerator.genStatement(CodeGenerator.java:185)
	at de.thm.mni.compilerbau.phases._06_codegen.CodeGenerator.genStatement(CodeGenerator.java:185)
	at de.thm.mni.compilerbau.phases._06_codegen.CodeGenerator.genStatement(CodeGenerator.java:185)
	at de.thm.mni.compilerbau.phases._06_codegen.CodeGenerator.genStatement(CodeGenerator.java:185)
	at de.thm.mni.compilerbau.phases._06_codegen.CodeGenerator.genStatement(CodeGenerator.java:185)
	at de.thm.mni.compilerbau.phases._06_codegen.CodeGenerator.genStatement(CodeGenerator.java:185)
	at de.thm.mni.compilerbau.phases._06_codegen.CodeGenerator.genStatement(CodeGenerator.java:185)
	at de.thm.mni.compilerbau.phases._06_codegen.CodeGenerator.genStatement(CodeGenerator.java:185)
	at de.thm.mni.compilerbau.phases._06_codegen.CodeGenerator.genStatement(CodeGenerator.java:185)
	at de.thm.mni.compilerbau.phases._06_codegen.CodeGenerator.genStatement(CodeGenerator.java:185)
	at de.thm.mni.compilerbau.phases._06_codegen.CodeGenerator.genStatement(CodeGenerator.java:185)
	at de.thm.mni.compilerbau.phases._06_codegen.CodeGenerator.genStatement(CodeGenerator.java:185)
	at de.thm.mni.compilerbau.phases._06_codegen.CodeGenerator.genStatement(CodeGenerator.java:185)
	at de.thm.mni.compilerbau.phases._06_codegen.CodeGenerator.genStatement(CodeGenerator.java:185)
	at de.thm.mni.compilerbau.phases._06_codegen.CodeGenerator.genStatement(CodeGenerator.java:185)
	at de.thm.mni.compilerbau.phases._06_codegen.CodeGenerator.genStatement(CodeGenerator.java:185)
	at de.thm.mni.compilerbau.phases._06_codegen.CodeGenerator.genStatement(CodeGenerator.java:185)
	at de.thm.mni.compilerbau.phases._06_codegen.CodeGenerator.genStatement(CodeGenerator.java:185)
	at de.thm.mni.compilerbau.phases._06_codegen.CodeGenerator.genStatement(CodeGenerator.java:185)
	at de.thm.mni.compilerbau.phases._06_codegen.CodeGenerator.genStatement(CodeGenerator.java:185)
	at de.thm.mni.compilerbau.phases._06_codegen.CodeGenerator.genStatement(CodeGenerator.java:185)
	at de.thm.mni.compilerbau.phases._06_codegen.CodeGenerator.genStatement(CodeGenerator.java:185)
	at de.thm.mni.compilerbau.phases._06_codegen.CodeGenerator.genStatement(CodeGenerator.java:185)
	at de.thm.mni.compilerbau.phases._06_codegen.CodeGenerator.genStatement(CodeGenerator.java:185)
	at de.thm.mni.compilerbau.phases._06_codegen.CodeGenerator.genStatement(CodeGenerator.java:185)
	at de.thm.mni.compilerbau.phases._06_codegen.CodeGenerator.genStatement(CodeGenerator.java:185)
	at de.thm.mni.compilerbau.phases._06_codegen.CodeGenerator.genStatement(CodeGenerator.java:185)
	at de.thm.mni.compilerbau.phases._06_codegen.CodeGenerator.genStatement(CodeGenerator.java:185)
	at de.thm.mni.compilerbau.phases._06_codegen.CodeGenerator.genStatement(CodeGenerator.java:185)
	at de.thm.mni.compilerbau.phases._06_codegen.CodeGenerator.genStatement(CodeGenerator.java:185)
	at de.thm.mni.compilerbau.phases._06_codegen.CodeGenerator.genStatement(CodeGenerator.java:185)
	at de.thm.mni.compilerbau.phases._06_codegen.CodeGenerator.genStatement(CodeGenerator.java:185)
	at de.thm.mni.compilerbau.phases._06_codegen.CodeGenerator.genStatement(CodeGenerator.java:185)
	at de.thm.mni.compilerbau.phases._06_codegen.CodeGenerator.genStatement(CodeGenerator.java:185)
	at de.thm.mni.compilerbau.phases._06_codegen.CodeGenerator.genStatement(CodeGenerator.java:185)
	at de.thm.mni.compilerbau.phases._06_codegen.CodeGenerator.genStatement(CodeGenerator.java:185)
[2024-02-14 16:42:57.567069] Test not passed.
[2024-02-14 16:42:57.567085] Running Score: 18/21

[2024-02-14 16:42:57.567108] Evaluating bits.spl with the submitted solution.
[2024-02-14 16:42:58.880993] Test subject results match (Success).
[2024-02-14 16:42:58.884589] Outputs match.
[2024-02-14 16:42:58.884624] Test passed.
[2024-02-14 16:42:58.884639] Running Score: 19/22

[2024-02-14 16:42:58.884663] Evaluating gcd.spl with the submitted solution.
[2024-02-14 16:43:00.199590] Test subject results match (Success).
[2024-02-14 16:43:00.203084] Outputs match.
[2024-02-14 16:43:00.203276] Test passed.
[2024-02-14 16:43:00.203461] Running Score: 20/23

[2024-02-14 16:43:00.203739] Evaluating inttest.spl with the submitted solution.
[2024-02-14 16:43:01.545608] Test subject results match (Success).
[2024-02-14 16:43:01.548899] Outputs match.
[2024-02-14 16:43:01.549119] Test passed.
[2024-02-14 16:43:01.549346] Running Score: 21/24

[2024-02-14 16:43:01.549679] Evaluating multiply.spl with the submitted solution.
[2024-02-14 16:43:02.952209] Test subject results match (Success).
[2024-02-14 16:43:02.958889] Outputs match.
[2024-02-14 16:43:02.958925] Test passed.
[2024-02-14 16:43:02.958941] Running Score: 22/25

[2024-02-14 16:43:02.958966] Evaluating partind1.spl with the submitted solution.
[2024-02-14 16:43:03.376730] Results do not match. Expected Success(0), but got Compiler Failure(114).
[2024-02-14 16:43:03.376777] Output (stdout + stderr) of 'java -jar /home/solution/java/target/spl.jar /home/tests/partind1.spl /home/temp/partind1.spl.s' (Limited to 50 lines/10000 characters):
An error occurred at Line 32, Column 8:
Argument type mismatch in call of procedure 'p'. Argument 1 is expected to have type 'array [7] of int', but has type 'int'.
[2024-02-14 16:43:03.376813] Test not passed.
[2024-02-14 16:43:03.376828] Running Score: 22/26

[2024-02-14 16:43:03.376851] Evaluating partind2.spl with the submitted solution.
[2024-02-14 16:43:03.792016] Results do not match. Expected Success(0), but got Compiler Failure(114).
[2024-02-14 16:43:03.792063] Output (stdout + stderr) of 'java -jar /home/solution/java/target/spl.jar /home/tests/partind2.spl /home/temp/partind2.spl.s' (Limited to 50 lines/10000 characters):
An error occurred at Line 43, Column 8:
Argument type mismatch in call of procedure 'p'. Argument 1 is expected to have type 'array [5] of array [7] of int', but has type 'int'.
[2024-02-14 16:43:03.792101] Test not passed.
[2024-02-14 16:43:03.792116] Running Score: 22/27

[2024-02-14 16:43:03.792140] Evaluating swap.spl with the submitted solution.
[2024-02-14 16:43:05.093766] Test subject results match (Success).
[2024-02-14 16:43:05.097224] Outputs match.
[2024-02-14 16:43:05.097255] Test passed.
[2024-02-14 16:43:05.097272] Running Score: 23/28

[2024-02-14 16:43:05.097297] Evaluating test1.spl with the submitted solution.
[2024-02-14 16:43:06.371411] Test subject results match (Success).
[2024-02-14 16:43:06.376984] Outputs match.
[2024-02-14 16:43:06.377024] Test passed.
[2024-02-14 16:43:06.377040] Running Score: 24/29

[2024-02-14 16:43:06.377064] Evaluating test2.spl with the submitted solution.
[2024-02-14 16:43:07.645759] Test subject results match (Success).
[2024-02-14 16:43:07.649070] Outputs match.
[2024-02-14 16:43:07.649270] Test passed.
[2024-02-14 16:43:07.649498] Running Score: 25/30

[2024-02-14 16:43:07.649776] Evaluating test3.spl with the submitted solution.
[2024-02-14 16:43:08.972286] Test subject results match (Success).
[2024-02-14 16:43:08.975778] Outputs differ. 'diff'-log (Expected output first, Limited to 50 lines/10000 characters):
4d3
< 1
6d4
< 3
8d5
< 5
10d6
< 7
12a9,12
> 7
> 5
> 3
> 1
[2024-02-14 16:43:08.977909] Test not passed.
[2024-02-14 16:43:08.978088] Running Score: 25/31

[2024-02-14 16:43:08.978360] Evaluating test4.spl with the submitted solution.
[2024-02-14 16:43:10.323164] Test subject results match (Success).
[2024-02-14 16:43:10.326485] Outputs match.
[2024-02-14 16:43:10.326712] Test passed.
[2024-02-14 16:43:10.326925] Running Score: 26/32

[2024-02-14 16:43:10.327269] Evaluating test5.spl with the submitted solution.
[2024-02-14 16:43:11.600995] Test subject results match (Success).
[2024-02-14 16:43:11.605234] Outputs match.
[2024-02-14 16:43:11.605266] Test passed.
[2024-02-14 16:43:11.605282] Running Score: 27/33

[2024-02-14 16:43:11.605307] Evaluating test7.spl with the submitted solution.
[2024-02-14 16:43:12.890901] Test subject results match (Success).
[2024-02-14 16:43:12.893616] Outputs match.
[2024-02-14 16:43:12.893837] Test passed.
[2024-02-14 16:43:12.894131] Running Score: 28/34

[2024-02-14 16:43:12.894420] Evaluating test8.spl with the submitted solution.
[2024-02-14 16:43:14.155421] Test subject results match (Success).
[2024-02-14 16:43:14.159849] Outputs match.
[2024-02-14 16:43:14.159879] Test passed.
[2024-02-14 16:43:14.159895] Running Score: 29/35

[2024-02-14 16:43:14.159919] Evaluating test9.spl with the submitted solution.
[2024-02-14 16:43:15.425233] Test subject results match (Success).
[2024-02-14 16:43:15.428473] Outputs match.
[2024-02-14 16:43:15.428672] Test passed.
[2024-02-14 16:43:15.428861] Running Score: 30/36

[2024-02-14 16:43:15.429185] Evaluating threedim.spl with the submitted solution.
[2024-02-14 16:43:16.753574] Test subject results match (Success).
[2024-02-14 16:43:16.756903] Outputs differ. 'diff'-log (Expected output first, Limited to 50 lines/10000 characters):
3,33c3
< 10000
< 00000
< 00000
< 00000
< 00000
< 
< 00000
< 01000
< 00000
< 00000
< 00000
< 
< 00000
< 00000
< 00100
< 00000
< 00000
< 
< 00000
< 00000
< 00000
< 00010
< 00000
< 
< 00000
< 00000
< 00000
< 00000
< 00001
< 
< SPL/RTS: main() finished
---
> SPL/RTS: TLB miss exception
[2024-02-14 16:43:16.759797] Test not passed.
[2024-02-14 16:43:16.759823] Running Score: 30/37

[2024-02-14 16:43:16.759850] Evaluating twodim.spl with the submitted solution.
[2024-02-14 16:43:18.087771] Test subject results match (Success).
[2024-02-14 16:43:18.092716] Outputs match.
[2024-02-14 16:43:18.092747] Test passed.
[2024-02-14 16:43:18.092763] Running Score: 31/38

[2024-02-14 16:43:18.092813] Final score: 31/38 (81%). 
[2024-02-14 16:43:18.092986] 80% are needed to pass.
[2024-02-14 16:43:28.318792] You have PASSED this assignment.

=== END Evaluation Log
NOTE: This evaluation log is also available at '/home/yranandika/Documents/Semester7/Compilerbau/cb-wise-2324/Skeleton Java/.submitscript/data/assignments/Aufgabe-2/submissions/[evaluated] d1dc76b6-4eaf-4848-878d-025cc09c8de9/evaluation.log'

Do you want to submit another solution? [Y/n] 
=== Submitting ===
Please choose the assignment you want to submit. 
 1 - Aufgabe-1
 2 - Aufgabe-2
Please enter the id of your selection: 

Selected variant 'Java SPL Compiler' for assignment 'Aufgabe-2'.
=== Building submission ===
Running 'mvn clean compile'.
=== Building submission finished ===
Building your solution failed!
Do you want to view the build log? [Y/n] === BEGIN Build Log ===
[[1;34mINFO[m] Scanning for projects...
[[1;34mINFO[m] 
[[1;34mINFO[m] [1m--------------< [0;36mde.thm.mni.compilerbau.spl-reference:spl[0;1m >--------------[m
[[1;34mINFO[m] [1mBuilding spl 0.1[m
[[1;34mINFO[m] [1m--------------------------------[ jar ]---------------------------------[m
[[1;34mINFO[m] 
[[1;34mINFO[m] [1m--- [0;32mmaven-clean-plugin:2.5:clean[m [1m(default-clean)[m @ [36mspl[0;1m ---[m
[[1;34mINFO[m] Deleting /tmp/tmph1vv622k/java/target
[[1;34mINFO[m] 
[[1;34mINFO[m] [1m--- [0;32mjflex-maven-plugin:1.7.0:generate[m [1m(default)[m @ [36mspl[0;1m ---[m
[[1;34mINFO[m]   generated /tmp/tmph1vv622k/java/target/generated-sources/jflex/de/thm/mni/compilerbau/phases/_01_scanner/Scanner.java
[[1;34mINFO[m] 
[[1;34mINFO[m] [1m--- [0;32mcup-maven-plugin:11b-20160615:generate[m [1m(default)[m @ [36mspl[0;1m ---[m
Warning : Non terminal "EmptyStmt" was declared but never used
Warning : *** Shift/Reduce conflict found in state #94
  between IfStmt ::= IF LPAREN Expr RPAREN Statement (*) 
  and     IfStmt ::= IF LPAREN Expr RPAREN Statement (*) ELSE Statement 
  under symbol ELSE
  Resolved in favor of shifting.

[[1;34mINFO[m]   generated /tmp/tmph1vv622k/java/target/generated-sources/cup/de/thm/mni/compilerbau/phases/_02_03_parser/Parser.java
[[1;34mINFO[m]   generated /tmp/tmph1vv622k/java/target/generated-sources/cup/de/thm/mni/compilerbau/phases/_02_03_parser/Sym.java
[[1;34mINFO[m] 
[[1;34mINFO[m] [1m--- [0;32mmaven-resources-plugin:2.6:resources[m [1m(default-resources)[m @ [36mspl[0;1m ---[m
[[1;34mINFO[m] Using 'UTF-8' encoding to copy filtered resources.
[[1;34mINFO[m] skip non existing resourceDirectory /tmp/tmph1vv622k/java/src/main/resources
[[1;34mINFO[m] 
[[1;34mINFO[m] [1m--- [0;32mmaven-compiler-plugin:3.10.1:compile[m [1m(default-compile)[m @ [36mspl[0;1m ---[m
[[1;34mINFO[m] Changes detected - recompiling the module!
[[1;34mINFO[m] Compiling 57 source files to /tmp/tmph1vv622k/java/target/classes
[[1;34mINFO[m] [1m------------------------------------------------------------------------[m
[[1;34mINFO[m] [1;31mBUILD FAILURE[m
[[1;34mINFO[m] [1m------------------------------------------------------------------------[m
[[1;34mINFO[m] Total time:  0.660 s
[[1;34mINFO[m] Finished at: 2024-02-14T16:43:50+01:00
[[1;34mINFO[m] [1m------------------------------------------------------------------------[m
[[1;31mERROR[m] Failed to execute goal [32morg.apache.maven.plugins:maven-compiler-plugin:3.10.1:compile[m [1m(default-compile)[m on project [36mspl[m: [1;31mFatal error compiling[m: error: invalid target release: 21 -> [1m[Help 1][m
[[1;31mERROR[m] 
[[1;31mERROR[m] To see the full stack trace of the errors, re-run Maven with the [1m-e[m switch.
[[1;31mERROR[m] Re-run Maven using the [1m-X[m switch to enable full debug logging.
[[1;31mERROR[m] 
[[1;31mERROR[m] For more information about the errors and possible solutions, please read the following articles:
[[1;31mERROR[m] [1m[Help 1][m http://cwiki.apache.org/confluence/display/MAVEN/MojoExecutionException
=== END Build Log ===
Do you want to submit your solution anyway, despite the failing build? [y/N] === Cleaning directory for submission ===
=== Cleaning directory finished ===
=== Starting Upload ===
=== Upload finished ===
=== BEGIN Upload Log
[2024-02-14 16:43:54.253763] Received submission 0c047c8d-bdb8-4d3b-bb56-c87e73a7605a
[2024-02-14 16:43:54.254178] Ip: 10.196.117.75
[2024-02-14 16:43:54.254410] Team members: [('Andryani', 'Linda Septira', '5345375'), ('Kirana', 'Yohanes Ranandika', '5310931')]
[2024-02-14 16:43:54.429738] Your submission was ACCEPTED for course 'Compilerbau-ws23', assignment 'Aufgabe-2'.
[2024-02-14 16:43:54.430111] Your submission has the id 0c047c8d-bdb8-4d3b-bb56-c87e73a7605a.
[2024-02-14 16:43:54.430596] It will be evaluated shortly. Please check back soon for your results.

=== END Upload Log
Successfully submitted your solution. Please see the upload log above for more details.
Polling for results (Press CTRL + C to abort)...................................................
=== Evaluation results for submission '0c047c8d-bdb8-4d3b-bb56-c87e73a7605a' retrieved. ===
You achieved the score 31/38 (81%).
You have PASSED this assignment.
Do you want to view the evaluation log now? [Y/n] NOTE: This evaluation log is also available at '/home/yranandika/Documents/Semester7/Compilerbau/cb-wise-2324/Skeleton Java/.submitscript/data/assignments/Aufgabe-2/submissions/[evaluated] 0c047c8d-bdb8-4d3b-bb56-c87e73a7605a/evaluation.log'

Do you want to submit another solution? [Y/n] 