{
    "authors": [
        {
            "first_name": "Linda Septira",
            "last_name": "Andryani",
            "matriculation_number": "5345375"
        },
        {
            "first_name": "Yohanes Ranandika",
            "last_name": "Kirana",
            "matriculation_number": "5310931"
        }
    ],
    "evaluation_result": {
        "comment": null,
        "fixed": false,
        "log": "[2024-02-13 05:40:51.231253] Start of evaluation log for submission '884835ce-4efb-4f8b-884b-48f2770a1dc4'.\n[2024-02-13 05:40:51.231805] Team member: ('Andryani', 'Linda Septira', '5345375')\n[2024-02-13 05:40:51.232115] Team member: ('Kirana', 'Yohanes Ranandika', '5310931')\n[2024-02-13 05:40:51.261626] Preparing the sandbox\n[2024-02-13 05:40:52.163034] Unpacking submission in sandbox\n[2024-02-13 05:40:52.627593] Building the test subject\n[2024-02-13 05:40:52.627893] Identified the Java variant.\n[2024-02-13 05:40:52.779496] Building Java solution with maven.\n[2024-02-13 05:41:05.813180] Maven log:\n[INFO] Scanning for projects...\n[INFO] \n[INFO] --------------< de.thm.mni.compilerbau.spl-reference:spl >--------------\n[INFO] Building spl 0.1\n[INFO] --------------------------------[ jar ]---------------------------------\n[INFO] \n[INFO] --- jflex-maven-plugin:1.7.0:generate (default) @ spl ---\n[INFO]   generated /home/solution/java/target/generated-sources/jflex/de/thm/mni/compilerbau/phases/_01_scanner/Scanner.java\n[INFO] \n[INFO] --- cup-maven-plugin:11b-20160615:generate (default) @ spl ---\nWarning : Non terminal \"EmptyStmt\" was declared but never used\nWarning : *** Shift/Reduce conflict found in state #94\n  between IfStmt ::= IF LPAREN Expr RPAREN Statement (*) \n  and     IfStmt ::= IF LPAREN Expr RPAREN Statement (*) ELSE Statement \n  under symbol ELSE\n  Resolved in favor of shifting.\n\n[INFO]   generated /home/solution/java/target/generated-sources/cup/de/thm/mni/compilerbau/phases/_02_03_parser/Parser.java\n[INFO]   generated /home/solution/java/target/generated-sources/cup/de/thm/mni/compilerbau/phases/_02_03_parser/Sym.java\n[INFO] \n[INFO] --- maven-resources-plugin:2.6:resources (default-resources) @ spl ---\n[INFO] Using 'UTF-8' encoding to copy filtered resources.\n[INFO] skip non existing resourceDirectory /home/solution/java/src/main/resources\n[INFO] \n[INFO] --- maven-compiler-plugin:3.10.1:compile (default-compile) @ spl ---\n[INFO] Changes detected - recompiling the module!\n[INFO] Compiling 57 source files to /home/solution/java/target/classes\n[INFO] /home/solution/java/target/generated-sources/jflex/de/thm/mni/compilerbau/phases/_01_scanner/Scanner.java: /home/solution/java/target/generated-sources/jflex/de/thm/mni/compilerbau/phases/_01_scanner/Scanner.java uses or overrides a deprecated API that is marked for removal.\n[INFO] /home/solution/java/target/generated-sources/jflex/de/thm/mni/compilerbau/phases/_01_scanner/Scanner.java: Recompile with -Xlint:removal for details.\n[INFO] /home/solution/java/target/generated-sources/cup/de/thm/mni/compilerbau/phases/_02_03_parser/Parser.java: /home/solution/java/target/generated-sources/cup/de/thm/mni/compilerbau/phases/_02_03_parser/Parser.java uses unchecked or unsafe operations.\n[INFO] /home/solution/java/target/generated-sources/cup/de/thm/mni/compilerbau/phases/_02_03_parser/Parser.java: Recompile with -Xlint:unchecked for details.\n[INFO] \n[INFO] --- maven-resources-plugin:2.6:testResources (default-testResources) @ spl ---\n[INFO] Using 'UTF-8' encoding to copy filtered resources.\n[INFO] skip non existing resourceDirectory /home/solution/java/src/test/resources\n[INFO] \n[INFO] --- maven-compiler-plugin:3.10.1:testCompile (default-testCompile) @ spl ---\n[INFO] No sources to compile\n[INFO] \n[INFO] --- maven-surefire-plugin:2.12.4:test (default-test) @ spl ---\n[INFO] No tests to run.\n[INFO] \n[INFO] --- maven-jar-plugin:2.4:jar (default-jar) @ spl ---\n[INFO] Building jar: /home/solution/java/target/spl.jar\n[INFO] \n[INFO] --- maven-shade-plugin:3.1.0:shade (default) @ spl ---\n[INFO] Including com.github.vbmacher:java-cup-runtime:jar:11b-20160615 in the shaded jar.\n[INFO] Replacing original artifact with shaded artifact.\n[INFO] Replacing /home/solution/java/target/spl.jar with /home/solution/java/target/spl-0.1-shaded.jar\n[INFO] Dependency-reduced POM written at: /home/solution/java/dependency-reduced-pom.xml\n[INFO] ------------------------------------------------------------------------\n[INFO] BUILD SUCCESS\n[INFO] ------------------------------------------------------------------------\n[INFO] Total time:  10.022 s\n[INFO] Finished at: 2024-02-13T04:41:05Z\n[INFO] ------------------------------------------------------------------------\n[2024-02-13 05:41:05.970917] Beginning evaluation.\n[2024-02-13 05:41:05.972247] Evaluating 101_undefined_procedure.spl with the submitted solution.\n[2024-02-13 05:41:06.351447] Submission exited with exit code 1, which is not allowed. Allowed: [0, 99, 140, 100, 101, 102, 103, 104, 105, 106, 107, 108, 109, 110, 111, 112, 113, 114, 115, 116, 117, 118, 119, 120, 121, 122, 123, 124, 125, 126, 127]\n[2024-02-13 05:41:06.351510] Output (stdout + stderr) of 'java -jar /home/solution/java/target/spl.jar /home/tests/101_undefined_procedure.spl /home/temp/101_undefined_procedure.spl.s' (Limited to 50 lines/10000 characters):\nAn error occurred: Cannot read field \"parameterTypes\" because \"global\" is null\njava.lang.NullPointerException: Cannot read field \"parameterTypes\" because \"global\" is null\n\tat de.thm.mni.compilerbau.phases._04b_semant.ProcedureBodyChecker.checkStatement(ProcedureBodyChecker.java:191)\n\tat de.thm.mni.compilerbau.phases._04b_semant.ProcedureBodyChecker.checkStatement(ProcedureBodyChecker.java:81)\n\tat de.thm.mni.compilerbau.phases._04b_semant.ProcedureBodyChecker.checkProcedures(ProcedureBodyChecker.java:64)\n\tat de.thm.mni.compilerbau.Main.main(Main.java:85)\n[2024-02-13 05:41:06.351582] Test not passed.\n[2024-02-13 05:41:06.351600] Running Score: 0/1\n\n[2024-02-13 05:41:06.351625] Evaluating 101_undefined_type.spl with the submitted solution.\n[2024-02-13 05:41:06.778455] Test subject results match (Compiler Failure).\n[2024-02-13 05:41:06.778492] Exit code matches the expected exit code (101).\n[2024-02-13 05:41:06.778515] Test passed.\n[2024-02-13 05:41:06.778531] Running Score: 1/2\n\n[2024-02-13 05:41:06.778557] Evaluating 101_undefined_variable.spl with the submitted solution.\n[2024-02-13 05:41:07.208842] Test subject results match (Compiler Failure).\n[2024-02-13 05:41:07.208881] Exit code matches the expected exit code (101).\n[2024-02-13 05:41:07.208903] Test passed.\n[2024-02-13 05:41:07.208921] Running Score: 2/3\n\n[2024-02-13 05:41:07.208946] Evaluating 102_not_a_type.spl with the submitted solution.\n[2024-02-13 05:41:07.639400] Test subject results match (Compiler Failure).\n[2024-02-13 05:41:07.639442] Exit codes do not match. Expected '102', but got '101'.\n[2024-02-13 05:41:07.639478] Output (stdout + stderr) of 'java -jar /home/solution/java/target/spl.jar /home/tests/102_not_a_type.spl /home/temp/102_not_a_type.spl.s' (Limited to 50 lines/10000 characters):\nAn error occurred at Line 2, Column 10:\nIdentifier 'A' is not defined.\n[2024-02-13 05:41:07.639519] Test not passed.\n[2024-02-13 05:41:07.639538] Running Score: 2/4\n\n[2024-02-13 05:41:07.639561] Evaluating 103_redefinition_as_parameter.spl with the submitted solution.\n[2024-02-13 05:41:09.451618] Results do not match. Expected Compiler Failure(103), but got Success(0).\n[2024-02-13 05:41:09.452006] Output (stdout) of 'xvfb-run -a /home/tools/sim -x -l /home/temp/103_redefinition_as_parameter.spl.bin -s 1 -t 0' (Limited to 50 lines/10000 characters):\nSPL/RTS: main() started\n\nSPL/RTS: main() finished\n[2024-02-13 05:41:09.452079] Test not passed.\n[2024-02-13 05:41:09.452102] Running Score: 2/5\n\n[2024-02-13 05:41:09.452134] Evaluating 103_redefinition_as_procedure.spl with the submitted solution.\n[2024-02-13 05:41:10.052875] Toolchain resulted in 'Assembler Failure', which is not supposed to happen for working solutions. The associated log is listed below.\n[2024-02-13 05:41:10.052923] Output (stdout + stderr) of '/home/tools/as -o /home/temp/103_redefinition_as_procedure.spl.o /home/temp/103_redefinition_as_procedure.spl.s' (Limited to 50 lines/10000 characters):\nError: exported symbol 'f' multiply defined in line 27\n[2024-02-13 05:41:10.052951] Test not passed.\n[2024-02-13 05:41:10.052966] Running Score: 2/6\n\n[2024-02-13 05:41:10.052990] Evaluating 103_redefinition_as_type.spl with the submitted solution.\n[2024-02-13 05:41:11.400340] Results do not match. Expected Compiler Failure(103), but got Success(0).\n[2024-02-13 05:41:11.400987] Output (stdout) of 'xvfb-run -a /home/tools/sim -x -l /home/temp/103_redefinition_as_type.spl.bin -s 1 -t 0' (Limited to 50 lines/10000 characters):\nSPL/RTS: main() started\n\nSPL/RTS: main() finished\n[2024-02-13 05:41:11.401049] Test not passed.\n[2024-02-13 05:41:11.401066] Running Score: 2/7\n\n[2024-02-13 05:41:11.401092] Evaluating 103_redefinition_as_variable.spl with the submitted solution.\n[2024-02-13 05:41:11.805189] Test subject results match (Compiler Failure).\n[2024-02-13 05:41:11.805229] Exit code matches the expected exit code (103).\n[2024-02-13 05:41:11.805253] Test passed.\n[2024-02-13 05:41:11.805268] Running Score: 3/8\n\n[2024-02-13 05:41:11.805290] Evaluating 104_must_be_reference_parameter.spl with the submitted solution.\n[2024-02-13 05:41:12.231483] Test subject results match (Compiler Failure).\n[2024-02-13 05:41:12.231527] Exit code matches the expected exit code (104).\n[2024-02-13 05:41:12.231552] Test passed.\n[2024-02-13 05:41:12.231570] Running Score: 4/9\n\n[2024-02-13 05:41:12.231596] Evaluating 113_call_of_non_procedure.spl with the submitted solution.\n[2024-02-13 05:41:12.635742] Submission exited with exit code 1, which is not allowed. Allowed: [0, 99, 140, 100, 101, 102, 103, 104, 105, 106, 107, 108, 109, 110, 111, 112, 113, 114, 115, 116, 117, 118, 119, 120, 121, 122, 123, 124, 125, 126, 127]\n[2024-02-13 05:41:12.635813] Output (stdout + stderr) of 'java -jar /home/solution/java/target/spl.jar /home/tests/113_call_of_non_procedure.spl /home/temp/113_call_of_non_procedure.spl.s' (Limited to 50 lines/10000 characters):\nAn error occurred: class de.thm.mni.compilerbau.table.TypeEntry cannot be cast to class de.thm.mni.compilerbau.table.ProcedureEntry (de.thm.mni.compilerbau.table.TypeEntry and de.thm.mni.compilerbau.table.ProcedureEntry are in unnamed module of loader 'app')\njava.lang.ClassCastException: class de.thm.mni.compilerbau.table.TypeEntry cannot be cast to class de.thm.mni.compilerbau.table.ProcedureEntry (de.thm.mni.compilerbau.table.TypeEntry and de.thm.mni.compilerbau.table.ProcedureEntry are in unnamed module of loader 'app')\n\tat de.thm.mni.compilerbau.phases._04b_semant.ProcedureBodyChecker.checkStatement(ProcedureBodyChecker.java:191)\n\tat de.thm.mni.compilerbau.phases._04b_semant.ProcedureBodyChecker.checkStatement(ProcedureBodyChecker.java:81)\n\tat de.thm.mni.compilerbau.phases._04b_semant.ProcedureBodyChecker.checkProcedures(ProcedureBodyChecker.java:64)\n\tat de.thm.mni.compilerbau.Main.main(Main.java:85)\n[2024-02-13 05:41:12.635911] Test not passed.\n[2024-02-13 05:41:12.635930] Running Score: 4/10\n\n[2024-02-13 05:41:12.635957] Evaluating 114_argument_type_mismatch.spl with the submitted solution.\n[2024-02-13 05:41:13.167392] Test subject results match (Compiler Failure).\n[2024-02-13 05:41:13.167430] Exit code matches the expected exit code (114).\n[2024-02-13 05:41:13.167454] Test passed.\n[2024-02-13 05:41:13.167470] Running Score: 5/11\n\n[2024-02-13 05:41:13.167496] Evaluating 115_argument_must_be_variable.spl with the submitted solution.\n[2024-02-13 05:41:13.681177] Test subject results match (Compiler Failure).\n[2024-02-13 05:41:13.681210] Exit code matches the expected exit code (115).\n[2024-02-13 05:41:13.681233] Test passed.\n[2024-02-13 05:41:13.681248] Running Score: 6/12\n\n[2024-02-13 05:41:13.681272] Evaluating 116_procedure_too_few_arguments.spl with the submitted solution.\n[2024-02-13 05:41:14.084036] Test subject results match (Compiler Failure).\n[2024-02-13 05:41:14.084071] Exit code matches the expected exit code (116).\n[2024-02-13 05:41:14.084094] Test passed.\n[2024-02-13 05:41:14.084111] Running Score: 7/13\n\n[2024-02-13 05:41:14.084135] Evaluating 116_procedure_too_many_arguments.spl with the submitted solution.\n[2024-02-13 05:41:14.562775] Test subject results match (Compiler Failure).\n[2024-02-13 05:41:14.562809] Exit code matches the expected exit code (116).\n[2024-02-13 05:41:14.562832] Test passed.\n[2024-02-13 05:41:14.562849] Running Score: 8/14\n\n[2024-02-13 05:41:14.562873] Evaluating 122_not_a_variable.spl with the submitted solution.\n[2024-02-13 05:41:14.924988] Submission exited with exit code 1, which is not allowed. Allowed: [0, 99, 140, 100, 101, 102, 103, 104, 105, 106, 107, 108, 109, 110, 111, 112, 113, 114, 115, 116, 117, 118, 119, 120, 121, 122, 123, 124, 125, 126, 127]\n[2024-02-13 05:41:14.925037] Output (stdout + stderr) of 'java -jar /home/solution/java/target/spl.jar /home/tests/122_not_a_variable.spl /home/temp/122_not_a_variable.spl.s' (Limited to 50 lines/10000 characters):\nAn error occurred: class de.thm.mni.compilerbau.table.ProcedureEntry cannot be cast to class de.thm.mni.compilerbau.table.VariableEntry (de.thm.mni.compilerbau.table.ProcedureEntry and de.thm.mni.compilerbau.table.VariableEntry are in unnamed module of loader 'app')\njava.lang.ClassCastException: class de.thm.mni.compilerbau.table.ProcedureEntry cannot be cast to class de.thm.mni.compilerbau.table.VariableEntry (de.thm.mni.compilerbau.table.ProcedureEntry and de.thm.mni.compilerbau.table.VariableEntry are in unnamed module of loader 'app')\n\tat de.thm.mni.compilerbau.phases._04b_semant.ProcedureBodyChecker.checkStatement(ProcedureBodyChecker.java:108)\n\tat de.thm.mni.compilerbau.phases._04b_semant.ProcedureBodyChecker.checkStatement(ProcedureBodyChecker.java:78)\n\tat de.thm.mni.compilerbau.phases._04b_semant.ProcedureBodyChecker.checkProcedures(ProcedureBodyChecker.java:64)\n\tat de.thm.mni.compilerbau.Main.main(Main.java:85)\n[2024-02-13 05:41:14.925112] Test not passed.\n[2024-02-13 05:41:14.925128] Running Score: 8/15\n\n[2024-02-13 05:41:14.925153] Evaluating 123_indexing_non_array.spl with the submitted solution.\n[2024-02-13 05:41:15.387986] Submission exited with exit code 1, which is not allowed. Allowed: [0, 99, 140, 100, 101, 102, 103, 104, 105, 106, 107, 108, 109, 110, 111, 112, 113, 114, 115, 116, 117, 118, 119, 120, 121, 122, 123, 124, 125, 126, 127]\n[2024-02-13 05:41:15.388036] Output (stdout + stderr) of 'java -jar /home/solution/java/target/spl.jar /home/tests/123_indexing_non_array.spl /home/temp/123_indexing_non_array.spl.s' (Limited to 50 lines/10000 characters):\nAn error occurred: class de.thm.mni.compilerbau.types.PrimitiveType cannot be cast to class de.thm.mni.compilerbau.types.ArrayType (de.thm.mni.compilerbau.types.PrimitiveType and de.thm.mni.compilerbau.types.ArrayType are in unnamed module of loader 'app')\njava.lang.ClassCastException: class de.thm.mni.compilerbau.types.PrimitiveType cannot be cast to class de.thm.mni.compilerbau.types.ArrayType (de.thm.mni.compilerbau.types.PrimitiveType and de.thm.mni.compilerbau.types.ArrayType are in unnamed module of loader 'app')\n\tat de.thm.mni.compilerbau.phases._06_codegen.CodeGenerator.genStatement(CodeGenerator.java:114)\n\tat de.thm.mni.compilerbau.phases._06_codegen.CodeGenerator.generateCode(CodeGenerator.java:59)\n\tat de.thm.mni.compilerbau.Main.main(Main.java:95)\n[2024-02-13 05:41:15.388102] Test not passed.\n[2024-02-13 05:41:15.388118] Running Score: 8/16\n\n[2024-02-13 05:41:15.388143] Evaluating 124_indexing_with_non_integer.spl with the submitted solution.\n[2024-02-13 05:41:16.815266] Results do not match. Expected Compiler Failure(124), but got Success(0).\n[2024-02-13 05:41:16.815621] Output (stdout) of 'xvfb-run -a /home/tools/sim -x -l /home/temp/124_indexing_with_non_integer.spl.bin -s 1 -t 0' (Limited to 50 lines/10000 characters):\nSPL/RTS: main() started\n\nSPL/RTS: index out of bounds\n[2024-02-13 05:41:16.815941] Test not passed.\n[2024-02-13 05:41:16.815973] Running Score: 8/17\n\n[2024-02-13 05:41:16.815999] Evaluating 126_main_not_a_procedure.spl with the submitted solution.\n[2024-02-13 05:41:17.181778] Test subject results match (Compiler Failure).\n[2024-02-13 05:41:17.181815] Exit code matches the expected exit code (126).\n[2024-02-13 05:41:17.181837] Test passed.\n[2024-02-13 05:41:17.181851] Running Score: 9/18\n\n[2024-02-13 05:41:17.181875] Evaluating 127_main_must_not_have_parameters.spl with the submitted solution.\n[2024-02-13 05:41:17.564645] Test subject results match (Compiler Failure).\n[2024-02-13 05:41:17.564679] Exit code matches the expected exit code (127).\n[2024-02-13 05:41:17.564702] Test passed.\n[2024-02-13 05:41:17.564717] Running Score: 10/19\n\n[2024-02-13 05:41:17.564741] Evaluating acker.spl with the submitted solution.\n[2024-02-13 05:41:19.289513] Test subject results match (Success).\n[2024-02-13 05:41:19.294762] Outputs match.\n[2024-02-13 05:41:19.295023] Test passed.\n[2024-02-13 05:41:19.295265] Running Score: 11/20\n\n[2024-02-13 05:41:19.295617] Evaluating bigtest.spl with the submitted solution.\n[2024-02-13 05:41:20.158898] Submission exited with exit code 1, which is not allowed. Allowed: [0, 99, 140, 100, 101, 102, 103, 104, 105, 106, 107, 108, 109, 110, 111, 112, 113, 114, 115, 116, 117, 118, 119, 120, 121, 122, 123, 124, 125, 126, 127]\n[2024-02-13 05:41:20.159099] Output (stdout + stderr) of 'java -jar /home/solution/java/target/spl.jar /home/tests/bigtest.spl /home/temp/bigtest.spl.s' (Limited to 50 lines/10000 characters):\nException in thread \"main\" java.lang.StackOverflowError\n\tat de.thm.mni.compilerbau.phases._06_codegen.CodeGenerator.genStatement(CodeGenerator.java:82)\n\tat de.thm.mni.compilerbau.phases._06_codegen.CodeGenerator.genStatement(CodeGenerator.java:185)\n\tat de.thm.mni.compilerbau.phases._06_codegen.CodeGenerator.genStatement(CodeGenerator.java:185)\n\tat de.thm.mni.compilerbau.phases._06_codegen.CodeGenerator.genStatement(CodeGenerator.java:185)\n\tat de.thm.mni.compilerbau.phases._06_codegen.CodeGenerator.genStatement(CodeGenerator.java:185)\n\tat de.thm.mni.compilerbau.phases._06_codegen.CodeGenerator.genStatement(CodeGenerator.java:185)\n\tat de.thm.mni.compilerbau.phases._06_codegen.CodeGenerator.genStatement(CodeGenerator.java:185)\n\tat de.thm.mni.compilerbau.phases._06_codegen.CodeGenerator.genStatement(CodeGenerator.java:185)\n\tat de.thm.mni.compilerbau.phases._06_codegen.CodeGenerator.genStatement(CodeGenerator.java:185)\n\tat de.thm.mni.compilerbau.phases._06_codegen.CodeGenerator.genStatement(CodeGenerator.java:185)\n\tat de.thm.mni.compilerbau.phases._06_codegen.CodeGenerator.genStatement(CodeGenerator.java:185)\n\tat de.thm.mni.compilerbau.phases._06_codegen.CodeGenerator.genStatement(CodeGenerator.java:185)\n\tat de.thm.mni.compilerbau.phases._06_codegen.CodeGenerator.genStatement(CodeGenerator.java:185)\n\tat de.thm.mni.compilerbau.phases._06_codegen.CodeGenerator.genStatement(CodeGenerator.java:185)\n\tat de.thm.mni.compilerbau.phases._06_codegen.CodeGenerator.genStatement(CodeGenerator.java:185)\n\tat de.thm.mni.compilerbau.phases._06_codegen.CodeGenerator.genStatement(CodeGenerator.java:185)\n\tat de.thm.mni.compilerbau.phases._06_codegen.CodeGenerator.genStatement(CodeGenerator.java:185)\n\tat de.thm.mni.compilerbau.phases._06_codegen.CodeGenerator.genStatement(CodeGenerator.java:185)\n\tat de.thm.mni.compilerbau.phases._06_codegen.CodeGenerator.genStatement(CodeGenerator.java:185)\n\tat de.thm.mni.compilerbau.phases._06_codegen.CodeGenerator.genStatement(CodeGenerator.java:185)\n\tat de.thm.mni.compilerbau.phases._06_codegen.CodeGenerator.genStatement(CodeGenerator.java:185)\n\tat de.thm.mni.compilerbau.phases._06_codegen.CodeGenerator.genStatement(CodeGenerator.java:185)\n\tat de.thm.mni.compilerbau.phases._06_codegen.CodeGenerator.genStatement(CodeGenerator.java:185)\n\tat de.thm.mni.compilerbau.phases._06_codegen.CodeGenerator.genStatement(CodeGenerator.java:185)\n\tat de.thm.mni.compilerbau.phases._06_codegen.CodeGenerator.genStatement(CodeGenerator.java:185)\n\tat de.thm.mni.compilerbau.phases._06_codegen.CodeGenerator.genStatement(CodeGenerator.java:185)\n\tat de.thm.mni.compilerbau.phases._06_codegen.CodeGenerator.genStatement(CodeGenerator.java:185)\n\tat de.thm.mni.compilerbau.phases._06_codegen.CodeGenerator.genStatement(CodeGenerator.java:185)\n\tat de.thm.mni.compilerbau.phases._06_codegen.CodeGenerator.genStatement(CodeGenerator.java:185)\n\tat de.thm.mni.compilerbau.phases._06_codegen.CodeGenerator.genStatement(CodeGenerator.java:185)\n\tat de.thm.mni.compilerbau.phases._06_codegen.CodeGenerator.genStatement(CodeGenerator.java:185)\n\tat de.thm.mni.compilerbau.phases._06_codegen.CodeGenerator.genStatement(CodeGenerator.java:185)\n\tat de.thm.mni.compilerbau.phases._06_codegen.CodeGenerator.genStatement(CodeGenerator.java:185)\n\tat de.thm.mni.compilerbau.phases._06_codegen.CodeGenerator.genStatement(CodeGenerator.java:185)\n\tat de.thm.mni.compilerbau.phases._06_codegen.CodeGenerator.genStatement(CodeGenerator.java:185)\n\tat de.thm.mni.compilerbau.phases._06_codegen.CodeGenerator.genStatement(CodeGenerator.java:185)\n\tat de.thm.mni.compilerbau.phases._06_codegen.CodeGenerator.genStatement(CodeGenerator.java:185)\n\tat de.thm.mni.compilerbau.phases._06_codegen.CodeGenerator.genStatement(CodeGenerator.java:185)\n\tat de.thm.mni.compilerbau.phases._06_codegen.CodeGenerator.genStatement(CodeGenerator.java:185)\n\tat de.thm.mni.compilerbau.phases._06_codegen.CodeGenerator.genStatement(CodeGenerator.java:185)\n\tat de.thm.mni.compilerbau.phases._06_codegen.CodeGenerator.genStatement(CodeGenerator.java:185)\n\tat de.thm.mni.compilerbau.phases._06_codegen.CodeGenerator.genStatement(CodeGenerator.java:185)\n\tat de.thm.mni.compilerbau.phases._06_codegen.CodeGenerator.genStatement(CodeGenerator.java:185)\n\tat de.thm.mni.compilerbau.phases._06_codegen.CodeGenerator.genStatement(CodeGenerator.java:185)\n\tat de.thm.mni.compilerbau.phases._06_codegen.CodeGenerator.genStatement(CodeGenerator.java:185)\n\tat de.thm.mni.compilerbau.phases._06_codegen.CodeGenerator.genStatement(CodeGenerator.java:185)\n\tat de.thm.mni.compilerbau.phases._06_codegen.CodeGenerator.genStatement(CodeGenerator.java:185)\n\tat de.thm.mni.compilerbau.phases._06_codegen.CodeGenerator.genStatement(CodeGenerator.java:185)\n\tat de.thm.mni.compilerbau.phases._06_codegen.CodeGenerator.genStatement(CodeGenerator.java:185)\n[2024-02-13 05:41:20.159529] Test not passed.\n[2024-02-13 05:41:20.159545] Running Score: 11/21\n\n[2024-02-13 05:41:20.159569] Evaluating bits.spl with the submitted solution.\n[2024-02-13 05:41:21.576784] Test subject results match (Success).\n[2024-02-13 05:41:21.582777] Outputs differ. 'diff'-log (Expected output first, Limited to 50 lines/10000 characters):\n3c3\n< 0000 0111 0101 1011 1100 1101 0001 0101\n---\n> 125121117113 10910510197 93898581 77736965 61575349 45413733 29252117 13951\n[2024-02-13 05:41:21.583581] Test not passed.\n[2024-02-13 05:41:21.583791] Running Score: 11/22\n\n[2024-02-13 05:41:21.584058] Evaluating gcd.spl with the submitted solution.\n[2024-02-13 05:41:22.978937] Test subject results match (Success).\n[2024-02-13 05:41:22.984387] Outputs match.\n[2024-02-13 05:41:22.984419] Test passed.\n[2024-02-13 05:41:22.984434] Running Score: 12/23\n\n[2024-02-13 05:41:22.984460] Evaluating inttest.spl with the submitted solution.\n[2024-02-13 05:41:24.356860] Test subject results match (Success).\n[2024-02-13 05:41:24.360442] Outputs match.\n[2024-02-13 05:41:24.360644] Test passed.\n[2024-02-13 05:41:24.360834] Running Score: 13/24\n\n[2024-02-13 05:41:24.361025] Evaluating multiply.spl with the submitted solution.\n[2024-02-13 05:41:25.863077] Test subject results match (Success).\n[2024-02-13 05:41:25.866073] Outputs match.\n[2024-02-13 05:41:25.866328] Test passed.\n[2024-02-13 05:41:25.866552] Running Score: 14/25\n\n[2024-02-13 05:41:25.866832] Evaluating partind1.spl with the submitted solution.\n[2024-02-13 05:41:26.303338] Results do not match. Expected Success(0), but got Compiler Failure(114).\n[2024-02-13 05:41:26.303387] Output (stdout + stderr) of 'java -jar /home/solution/java/target/spl.jar /home/tests/partind1.spl /home/temp/partind1.spl.s' (Limited to 50 lines/10000 characters):\nAn error occurred at Line 32, Column 8:\nArgument type mismatch in call of procedure 'p'. Argument 1 is expected to have type 'array [7] of int', but has type 'int'.\n[2024-02-13 05:41:26.303425] Test not passed.\n[2024-02-13 05:41:26.303440] Running Score: 14/26\n\n[2024-02-13 05:41:26.303464] Evaluating partind2.spl with the submitted solution.\n[2024-02-13 05:41:26.750775] Results do not match. Expected Success(0), but got Compiler Failure(114).\n[2024-02-13 05:41:26.750828] Output (stdout + stderr) of 'java -jar /home/solution/java/target/spl.jar /home/tests/partind2.spl /home/temp/partind2.spl.s' (Limited to 50 lines/10000 characters):\nAn error occurred at Line 43, Column 8:\nArgument type mismatch in call of procedure 'p'. Argument 1 is expected to have type 'array [5] of array [7] of int', but has type 'int'.\n[2024-02-13 05:41:26.750865] Test not passed.\n[2024-02-13 05:41:26.750880] Running Score: 14/27\n\n[2024-02-13 05:41:26.750905] Evaluating swap.spl with the submitted solution.\n[2024-02-13 05:41:28.200034] Test subject results match (Success).\n[2024-02-13 05:41:28.202879] Outputs differ. 'diff'-log (Expected output first, Limited to 50 lines/10000 characters):\n4c4\n< 3 2\n---\n> -1072693260 -1072693256\n[2024-02-13 05:41:28.203797] Test not passed.\n[2024-02-13 05:41:28.203988] Running Score: 14/28\n\n[2024-02-13 05:41:28.204162] Evaluating test1.spl with the submitted solution.\n[2024-02-13 05:41:29.530653] Test subject results match (Success).\n[2024-02-13 05:41:29.534058] Outputs match.\n[2024-02-13 05:41:29.534267] Test passed.\n[2024-02-13 05:41:29.534498] Running Score: 15/29\n\n[2024-02-13 05:41:29.534802] Evaluating test2.spl with the submitted solution.\n[2024-02-13 05:41:30.854068] Test subject results match (Success).\n[2024-02-13 05:41:30.857425] Outputs match.\n[2024-02-13 05:41:30.857703] Test passed.\n[2024-02-13 05:41:30.858038] Running Score: 16/30\n\n[2024-02-13 05:41:30.858363] Evaluating test3.spl with the submitted solution.\n[2024-02-13 05:41:32.242511] Test subject results match (Success).\n[2024-02-13 05:41:32.244723] Outputs differ. 'diff'-log (Expected output first, Limited to 50 lines/10000 characters):\n4,6d3\n< 1\n< 2\n< 3\n8,10d4\n< 5\n< 6\n< 7\n12c6,12\n< 9\n---\n> 12\n> 16\n> 20\n> 24\n> 28\n> 32\n> 36\n[2024-02-13 05:41:32.244890] Test not passed.\n[2024-02-13 05:41:32.244909] Running Score: 16/31\n\n[2024-02-13 05:41:32.244934] Evaluating test4.spl with the submitted solution.\n[2024-02-13 05:41:33.692567] Test subject results match (Success).\n[2024-02-13 05:41:33.695296] Outputs differ. 'diff'-log (Expected output first, Limited to 50 lines/10000 characters):\n3,4c3,4\n< 3628800\n< 3628800\n---\n> -1072693260\n> -2136998008\n[2024-02-13 05:41:33.695370] Test not passed.\n[2024-02-13 05:41:33.695386] Running Score: 16/32\n\n[2024-02-13 05:41:33.695660] Evaluating test5.spl with the submitted solution.\n[2024-02-13 05:41:35.045444] Test subject results match (Success).\n[2024-02-13 05:41:35.049021] Outputs match.\n[2024-02-13 05:41:35.049230] Test passed.\n[2024-02-13 05:41:35.049458] Running Score: 17/33\n\n[2024-02-13 05:41:35.049745] Evaluating test7.spl with the submitted solution.\n[2024-02-13 05:41:36.452309] Test subject results match (Success).\n[2024-02-13 05:41:36.456007] Outputs match.\n[2024-02-13 05:41:36.456277] Test passed.\n[2024-02-13 05:41:36.456477] Running Score: 18/34\n\n[2024-02-13 05:41:36.456804] Evaluating test8.spl with the submitted solution.\n[2024-02-13 05:41:37.815661] Test subject results match (Success).\n[2024-02-13 05:41:37.818035] Outputs match.\n[2024-02-13 05:41:37.818075] Test passed.\n[2024-02-13 05:41:37.818788] Running Score: 19/35\n\n[2024-02-13 05:41:37.818832] Evaluating test9.spl with the submitted solution.\n[2024-02-13 05:41:39.196279] Test subject results match (Success).\n[2024-02-13 05:41:39.202838] Outputs match.\n[2024-02-13 05:41:39.203044] Test passed.\n[2024-02-13 05:41:39.203258] Running Score: 20/36\n\n[2024-02-13 05:41:39.203529] Evaluating threedim.spl with the submitted solution.\n[2024-02-13 05:41:39.879928] Toolchain resulted in 'Assembler Failure', which is not supposed to happen for working solutions. The associated log is listed below.\n[2024-02-13 05:41:39.879975] Output (stdout + stderr) of '/home/tools/as -o /home/temp/threedim.spl.o /home/temp/threedim.spl.s' (Limited to 50 lines/10000 characters):\nError: garbage in line 65\n[2024-02-13 05:41:39.880002] Test not passed.\n[2024-02-13 05:41:39.880019] Running Score: 20/37\n\n[2024-02-13 05:41:39.880047] Evaluating twodim.spl with the submitted solution.\n[2024-02-13 05:41:40.574809] Toolchain resulted in 'Assembler Failure', which is not supposed to happen for working solutions. The associated log is listed below.\n[2024-02-13 05:41:40.574853] Output (stdout + stderr) of '/home/tools/as -o /home/temp/twodim.spl.o /home/temp/twodim.spl.s' (Limited to 50 lines/10000 characters):\nError: garbage in line 119\n[2024-02-13 05:41:40.574881] Test not passed.\n[2024-02-13 05:41:40.574897] Running Score: 20/38\n\n[2024-02-13 05:41:40.574937] Final score: 20/38 (52%). \n[2024-02-13 05:41:40.575055] 80% are needed to pass.\n[2024-02-13 05:41:50.841240] You have NOT PASSED this assignment.\n[2024-02-13 05:41:50.841568] You can try again. Deadline: 16.02.2024 23:59\n",
        "max_score": 38,
        "passed": false,
        "score": 20
    },
    "id": "884835ce-4efb-4f8b-884b-48f2770a1dc4",
    "timestamp_ns": 1707799251228383359,
    "upload_log": "[2024-02-13 05:40:51.020523] Received submission 884835ce-4efb-4f8b-884b-48f2770a1dc4\n[2024-02-13 05:40:51.021416] Ip: 10.196.116.32\n[2024-02-13 05:40:51.021677] Team members: [('Andryani', 'Linda Septira', '5345375'), ('Kirana', 'Yohanes Ranandika', '5310931')]\n[2024-02-13 05:40:51.228680] Your submission was ACCEPTED for course 'Compilerbau-ss23', assignment 'Aufgabe-2'.\n[2024-02-13 05:40:51.229101] Your submission has the id 884835ce-4efb-4f8b-884b-48f2770a1dc4.\n[2024-02-13 05:40:51.229742] It will be evaluated shortly. Please check back soon for your results.\n\n"
}
