{
    "authors": [
        {
            "first_name": "Linda Septira",
            "last_name": "Andryani",
            "matriculation_number": "5345375"
        },
        {
            "first_name": "Yohanes Ranandika",
            "last_name": "Kirana",
            "matriculation_number": "5310931"
        }
    ],
    "evaluation_result": {
        "comment": null,
        "fixed": false,
        "log": "[2024-02-14 15:16:51.719381] Start of evaluation log for submission 'e01f42d3-5483-4549-971f-03fb4484d9fe'.\n[2024-02-14 15:16:51.719772] Team member: ('Andryani', 'Linda Septira', '5345375')\n[2024-02-14 15:16:51.720013] Team member: ('Kirana', 'Yohanes Ranandika', '5310931')\n[2024-02-14 15:16:51.739093] Preparing the sandbox\n[2024-02-14 15:16:52.503241] Unpacking submission in sandbox\n[2024-02-14 15:16:52.939742] Building the test subject\n[2024-02-14 15:16:52.940023] Identified the Java variant.\n[2024-02-14 15:16:53.086101] Building Java solution with maven.\n[2024-02-14 15:17:04.851175] Maven log:\n[INFO] Scanning for projects...\n[INFO] \n[INFO] --------------< de.thm.mni.compilerbau.spl-reference:spl >--------------\n[INFO] Building spl 0.1\n[INFO] --------------------------------[ jar ]---------------------------------\n[INFO] \n[INFO] --- jflex-maven-plugin:1.7.0:generate (default) @ spl ---\n[INFO]   generated /home/solution/java/target/generated-sources/jflex/de/thm/mni/compilerbau/phases/_01_scanner/Scanner.java\n[INFO] \n[INFO] --- cup-maven-plugin:11b-20160615:generate (default) @ spl ---\nWarning : Non terminal \"EmptyStmt\" was declared but never used\nWarning : *** Shift/Reduce conflict found in state #94\n  between IfStmt ::= IF LPAREN Expr RPAREN Statement (*) \n  and     IfStmt ::= IF LPAREN Expr RPAREN Statement (*) ELSE Statement \n  under symbol ELSE\n  Resolved in favor of shifting.\n\n[INFO]   generated /home/solution/java/target/generated-sources/cup/de/thm/mni/compilerbau/phases/_02_03_parser/Parser.java\n[INFO]   generated /home/solution/java/target/generated-sources/cup/de/thm/mni/compilerbau/phases/_02_03_parser/Sym.java\n[INFO] \n[INFO] --- maven-resources-plugin:2.6:resources (default-resources) @ spl ---\n[INFO] Using 'UTF-8' encoding to copy filtered resources.\n[INFO] skip non existing resourceDirectory /home/solution/java/src/main/resources\n[INFO] \n[INFO] --- maven-compiler-plugin:3.10.1:compile (default-compile) @ spl ---\n[INFO] Changes detected - recompiling the module!\n[INFO] Compiling 57 source files to /home/solution/java/target/classes\n[INFO] /home/solution/java/target/generated-sources/jflex/de/thm/mni/compilerbau/phases/_01_scanner/Scanner.java: /home/solution/java/target/generated-sources/jflex/de/thm/mni/compilerbau/phases/_01_scanner/Scanner.java uses or overrides a deprecated API that is marked for removal.\n[INFO] /home/solution/java/target/generated-sources/jflex/de/thm/mni/compilerbau/phases/_01_scanner/Scanner.java: Recompile with -Xlint:removal for details.\n[INFO] /home/solution/java/target/generated-sources/cup/de/thm/mni/compilerbau/phases/_02_03_parser/Parser.java: /home/solution/java/target/generated-sources/cup/de/thm/mni/compilerbau/phases/_02_03_parser/Parser.java uses unchecked or unsafe operations.\n[INFO] /home/solution/java/target/generated-sources/cup/de/thm/mni/compilerbau/phases/_02_03_parser/Parser.java: Recompile with -Xlint:unchecked for details.\n[INFO] \n[INFO] --- maven-resources-plugin:2.6:testResources (default-testResources) @ spl ---\n[INFO] Using 'UTF-8' encoding to copy filtered resources.\n[INFO] skip non existing resourceDirectory /home/solution/java/src/test/resources\n[INFO] \n[INFO] --- maven-compiler-plugin:3.10.1:testCompile (default-testCompile) @ spl ---\n[INFO] No sources to compile\n[INFO] \n[INFO] --- maven-surefire-plugin:2.12.4:test (default-test) @ spl ---\n[INFO] No tests to run.\n[INFO] \n[INFO] --- maven-jar-plugin:2.4:jar (default-jar) @ spl ---\n[INFO] Building jar: /home/solution/java/target/spl.jar\n[INFO] \n[INFO] --- maven-shade-plugin:3.1.0:shade (default) @ spl ---\n[INFO] Including com.github.vbmacher:java-cup-runtime:jar:11b-20160615 in the shaded jar.\n[INFO] Replacing original artifact with shaded artifact.\n[INFO] Replacing /home/solution/java/target/spl.jar with /home/solution/java/target/spl-0.1-shaded.jar\n[INFO] Dependency-reduced POM written at: /home/solution/java/dependency-reduced-pom.xml\n[INFO] ------------------------------------------------------------------------\n[INFO] BUILD SUCCESS\n[INFO] ------------------------------------------------------------------------\n[INFO] Total time:  8.948 s\n[INFO] Finished at: 2024-02-14T14:17:04Z\n[INFO] ------------------------------------------------------------------------\n[2024-02-14 15:17:05.002222] Beginning evaluation.\n[2024-02-14 15:17:05.002412] Evaluating 101_undefined_procedure.spl with the submitted solution.\n[2024-02-14 15:17:05.425081] Test subject results match (Compiler Failure).\n[2024-02-14 15:17:05.425118] Exit code matches the expected exit code (101).\n[2024-02-14 15:17:05.425141] Test passed.\n[2024-02-14 15:17:05.425156] Running Score: 1/1\n\n[2024-02-14 15:17:05.425179] Evaluating 101_undefined_type.spl with the submitted solution.\n[2024-02-14 15:17:05.818753] Test subject results match (Compiler Failure).\n[2024-02-14 15:17:05.818788] Exit code matches the expected exit code (101).\n[2024-02-14 15:17:05.818809] Test passed.\n[2024-02-14 15:17:05.818823] Running Score: 2/2\n\n[2024-02-14 15:17:05.818845] Evaluating 101_undefined_variable.spl with the submitted solution.\n[2024-02-14 15:17:06.246519] Test subject results match (Compiler Failure).\n[2024-02-14 15:17:06.246553] Exit code matches the expected exit code (101).\n[2024-02-14 15:17:06.246575] Test passed.\n[2024-02-14 15:17:06.246590] Running Score: 3/3\n\n[2024-02-14 15:17:06.246612] Evaluating 102_not_a_type.spl with the submitted solution.\n[2024-02-14 15:17:06.645834] Test subject results match (Compiler Failure).\n[2024-02-14 15:17:06.645912] Exit codes do not match. Expected '102', but got '101'.\n[2024-02-14 15:17:06.645972] Output (stdout + stderr) of 'java -jar /home/solution/java/target/spl.jar /home/tests/102_not_a_type.spl /home/temp/102_not_a_type.spl.s' (Limited to 50 lines/10000 characters):\nAn error occurred at Line 2, Column 10:\nIdentifier 'A' is not defined.\n[2024-02-14 15:17:06.646020] Test not passed.\n[2024-02-14 15:17:06.646036] Running Score: 3/4\n\n[2024-02-14 15:17:06.646059] Evaluating 103_redefinition_as_parameter.spl with the submitted solution.\n[2024-02-14 15:17:07.035924] Test subject results match (Compiler Failure).\n[2024-02-14 15:17:07.035959] Exit code matches the expected exit code (103).\n[2024-02-14 15:17:07.035980] Test passed.\n[2024-02-14 15:17:07.035994] Running Score: 4/5\n\n[2024-02-14 15:17:07.036016] Evaluating 103_redefinition_as_procedure.spl with the submitted solution.\n[2024-02-14 15:17:07.422923] Test subject results match (Compiler Failure).\n[2024-02-14 15:17:07.422958] Exit code matches the expected exit code (103).\n[2024-02-14 15:17:07.422979] Test passed.\n[2024-02-14 15:17:07.422994] Running Score: 5/6\n\n[2024-02-14 15:17:07.423015] Evaluating 103_redefinition_as_type.spl with the submitted solution.\n[2024-02-14 15:17:07.815749] Test subject results match (Compiler Failure).\n[2024-02-14 15:17:07.815782] Exit code matches the expected exit code (103).\n[2024-02-14 15:17:07.815803] Test passed.\n[2024-02-14 15:17:07.815817] Running Score: 6/7\n\n[2024-02-14 15:17:07.815839] Evaluating 103_redefinition_as_variable.spl with the submitted solution.\n[2024-02-14 15:17:08.209845] Test subject results match (Compiler Failure).\n[2024-02-14 15:17:08.209905] Exit code matches the expected exit code (103).\n[2024-02-14 15:17:08.209929] Test passed.\n[2024-02-14 15:17:08.209944] Running Score: 7/8\n\n[2024-02-14 15:17:08.209966] Evaluating 104_must_be_reference_parameter.spl with the submitted solution.\n[2024-02-14 15:17:08.619969] Test subject results match (Compiler Failure).\n[2024-02-14 15:17:08.620007] Exit code matches the expected exit code (104).\n[2024-02-14 15:17:08.620028] Test passed.\n[2024-02-14 15:17:08.620043] Running Score: 8/9\n\n[2024-02-14 15:17:08.620066] Evaluating 113_call_of_non_procedure.spl with the submitted solution.\n[2024-02-14 15:17:09.041544] Test subject results match (Compiler Failure).\n[2024-02-14 15:17:09.041581] Exit code matches the expected exit code (113).\n[2024-02-14 15:17:09.041603] Test passed.\n[2024-02-14 15:17:09.041618] Running Score: 9/10\n\n[2024-02-14 15:17:09.041639] Evaluating 114_argument_type_mismatch.spl with the submitted solution.\n[2024-02-14 15:17:09.462147] Test subject results match (Compiler Failure).\n[2024-02-14 15:17:09.462184] Exit code matches the expected exit code (114).\n[2024-02-14 15:17:09.462207] Test passed.\n[2024-02-14 15:17:09.462222] Running Score: 10/11\n\n[2024-02-14 15:17:09.462246] Evaluating 115_argument_must_be_variable.spl with the submitted solution.\n[2024-02-14 15:17:09.880566] Test subject results match (Compiler Failure).\n[2024-02-14 15:17:09.880609] Exit code matches the expected exit code (115).\n[2024-02-14 15:17:09.880630] Test passed.\n[2024-02-14 15:17:09.880644] Running Score: 11/12\n\n[2024-02-14 15:17:09.880666] Evaluating 116_procedure_too_few_arguments.spl with the submitted solution.\n[2024-02-14 15:17:10.315907] Test subject results match (Compiler Failure).\n[2024-02-14 15:17:10.315943] Exit code matches the expected exit code (116).\n[2024-02-14 15:17:10.315964] Test passed.\n[2024-02-14 15:17:10.315979] Running Score: 12/13\n\n[2024-02-14 15:17:10.316001] Evaluating 116_procedure_too_many_arguments.spl with the submitted solution.\n[2024-02-14 15:17:10.735821] Test subject results match (Compiler Failure).\n[2024-02-14 15:17:10.735856] Exit code matches the expected exit code (116).\n[2024-02-14 15:17:10.735879] Test passed.\n[2024-02-14 15:17:10.735895] Running Score: 13/14\n\n[2024-02-14 15:17:10.735918] Evaluating 122_not_a_variable.spl with the submitted solution.\n[2024-02-14 15:17:11.104953] Submission exited with exit code 1, which is not allowed. Allowed: [0, 99, 140, 100, 101, 102, 103, 104, 105, 106, 107, 108, 109, 110, 111, 112, 113, 114, 115, 116, 117, 118, 119, 120, 121, 122, 123, 124, 125, 126, 127]\n[2024-02-14 15:17:11.105001] Output (stdout + stderr) of 'java -jar /home/solution/java/target/spl.jar /home/tests/122_not_a_variable.spl /home/temp/122_not_a_variable.spl.s' (Limited to 50 lines/10000 characters):\nAn error occurred: class de.thm.mni.compilerbau.table.ProcedureEntry cannot be cast to class de.thm.mni.compilerbau.table.VariableEntry (de.thm.mni.compilerbau.table.ProcedureEntry and de.thm.mni.compilerbau.table.VariableEntry are in unnamed module of loader 'app')\njava.lang.ClassCastException: class de.thm.mni.compilerbau.table.ProcedureEntry cannot be cast to class de.thm.mni.compilerbau.table.VariableEntry (de.thm.mni.compilerbau.table.ProcedureEntry and de.thm.mni.compilerbau.table.VariableEntry are in unnamed module of loader 'app')\n\tat de.thm.mni.compilerbau.phases._04b_semant.ProcedureBodyChecker.checkStatement(ProcedureBodyChecker.java:108)\n\tat de.thm.mni.compilerbau.phases._04b_semant.ProcedureBodyChecker.checkStatement(ProcedureBodyChecker.java:78)\n\tat de.thm.mni.compilerbau.phases._04b_semant.ProcedureBodyChecker.checkProcedures(ProcedureBodyChecker.java:64)\n\tat de.thm.mni.compilerbau.Main.main(Main.java:85)\n[2024-02-14 15:17:11.105082] Test not passed.\n[2024-02-14 15:17:11.105097] Running Score: 13/15\n\n[2024-02-14 15:17:11.105119] Evaluating 123_indexing_non_array.spl with the submitted solution.\n[2024-02-14 15:17:11.634221] Submission exited with exit code 1, which is not allowed. Allowed: [0, 99, 140, 100, 101, 102, 103, 104, 105, 106, 107, 108, 109, 110, 111, 112, 113, 114, 115, 116, 117, 118, 119, 120, 121, 122, 123, 124, 125, 126, 127]\n[2024-02-14 15:17:11.634529] Output (stdout + stderr) of 'java -jar /home/solution/java/target/spl.jar /home/tests/123_indexing_non_array.spl /home/temp/123_indexing_non_array.spl.s' (Limited to 50 lines/10000 characters):\nAn error occurred: class de.thm.mni.compilerbau.types.PrimitiveType cannot be cast to class de.thm.mni.compilerbau.types.ArrayType (de.thm.mni.compilerbau.types.PrimitiveType and de.thm.mni.compilerbau.types.ArrayType are in unnamed module of loader 'app')\njava.lang.ClassCastException: class de.thm.mni.compilerbau.types.PrimitiveType cannot be cast to class de.thm.mni.compilerbau.types.ArrayType (de.thm.mni.compilerbau.types.PrimitiveType and de.thm.mni.compilerbau.types.ArrayType are in unnamed module of loader 'app')\n\tat de.thm.mni.compilerbau.phases._06_codegen.CodeGenerator.genStatement(CodeGenerator.java:114)\n\tat de.thm.mni.compilerbau.phases._06_codegen.CodeGenerator.generateCode(CodeGenerator.java:59)\n\tat de.thm.mni.compilerbau.Main.main(Main.java:95)\n[2024-02-14 15:17:11.635890] Test not passed.\n[2024-02-14 15:17:11.636084] Running Score: 13/16\n\n[2024-02-14 15:17:11.636423] Evaluating 124_indexing_with_non_integer.spl with the submitted solution.\n[2024-02-14 15:17:13.388251] Results do not match. Expected Compiler Failure(124), but got Success(0).\n[2024-02-14 15:17:13.388302] Output (stdout) of 'xvfb-run -a /home/tools/sim -x -l /home/temp/124_indexing_with_non_integer.spl.bin -s 1 -t 0' (Limited to 50 lines/10000 characters):\nSPL/RTS: main() started\n\nSPL/RTS: index out of bounds\n[2024-02-14 15:17:13.388341] Test not passed.\n[2024-02-14 15:17:13.388355] Running Score: 13/17\n\n[2024-02-14 15:17:13.388377] Evaluating 126_main_not_a_procedure.spl with the submitted solution.\n[2024-02-14 15:17:13.812271] Test subject results match (Compiler Failure).\n[2024-02-14 15:17:13.812310] Exit code matches the expected exit code (126).\n[2024-02-14 15:17:13.812333] Test passed.\n[2024-02-14 15:17:13.812348] Running Score: 14/18\n\n[2024-02-14 15:17:13.812369] Evaluating 127_main_must_not_have_parameters.spl with the submitted solution.\n[2024-02-14 15:17:14.166162] Test subject results match (Compiler Failure).\n[2024-02-14 15:17:14.166203] Exit code matches the expected exit code (127).\n[2024-02-14 15:17:14.166224] Test passed.\n[2024-02-14 15:17:14.166238] Running Score: 15/19\n\n[2024-02-14 15:17:14.166260] Evaluating acker.spl with the submitted solution.\n[2024-02-14 15:17:15.837105] Test subject results match (Success).\n[2024-02-14 15:17:15.839985] Outputs match.\n[2024-02-14 15:17:15.840241] Test passed.\n[2024-02-14 15:17:15.840460] Running Score: 16/20\n\n[2024-02-14 15:17:15.840739] Evaluating bigtest.spl with the submitted solution.\n[2024-02-14 15:17:16.709676] Submission exited with exit code 1, which is not allowed. Allowed: [0, 99, 140, 100, 101, 102, 103, 104, 105, 106, 107, 108, 109, 110, 111, 112, 113, 114, 115, 116, 117, 118, 119, 120, 121, 122, 123, 124, 125, 126, 127]\n[2024-02-14 15:17:16.709875] Output (stdout + stderr) of 'java -jar /home/solution/java/target/spl.jar /home/tests/bigtest.spl /home/temp/bigtest.spl.s' (Limited to 50 lines/10000 characters):\nException in thread \"main\" java.lang.StackOverflowError\n\tat de.thm.mni.compilerbau.phases._06_codegen.CodeGenerator.genStatement(CodeGenerator.java:82)\n\tat de.thm.mni.compilerbau.phases._06_codegen.CodeGenerator.genStatement(CodeGenerator.java:185)\n\tat de.thm.mni.compilerbau.phases._06_codegen.CodeGenerator.genStatement(CodeGenerator.java:185)\n\tat de.thm.mni.compilerbau.phases._06_codegen.CodeGenerator.genStatement(CodeGenerator.java:185)\n\tat de.thm.mni.compilerbau.phases._06_codegen.CodeGenerator.genStatement(CodeGenerator.java:185)\n\tat de.thm.mni.compilerbau.phases._06_codegen.CodeGenerator.genStatement(CodeGenerator.java:185)\n\tat de.thm.mni.compilerbau.phases._06_codegen.CodeGenerator.genStatement(CodeGenerator.java:185)\n\tat de.thm.mni.compilerbau.phases._06_codegen.CodeGenerator.genStatement(CodeGenerator.java:185)\n\tat de.thm.mni.compilerbau.phases._06_codegen.CodeGenerator.genStatement(CodeGenerator.java:185)\n\tat de.thm.mni.compilerbau.phases._06_codegen.CodeGenerator.genStatement(CodeGenerator.java:185)\n\tat de.thm.mni.compilerbau.phases._06_codegen.CodeGenerator.genStatement(CodeGenerator.java:185)\n\tat de.thm.mni.compilerbau.phases._06_codegen.CodeGenerator.genStatement(CodeGenerator.java:185)\n\tat de.thm.mni.compilerbau.phases._06_codegen.CodeGenerator.genStatement(CodeGenerator.java:185)\n\tat de.thm.mni.compilerbau.phases._06_codegen.CodeGenerator.genStatement(CodeGenerator.java:185)\n\tat de.thm.mni.compilerbau.phases._06_codegen.CodeGenerator.genStatement(CodeGenerator.java:185)\n\tat de.thm.mni.compilerbau.phases._06_codegen.CodeGenerator.genStatement(CodeGenerator.java:185)\n\tat de.thm.mni.compilerbau.phases._06_codegen.CodeGenerator.genStatement(CodeGenerator.java:185)\n\tat de.thm.mni.compilerbau.phases._06_codegen.CodeGenerator.genStatement(CodeGenerator.java:185)\n\tat de.thm.mni.compilerbau.phases._06_codegen.CodeGenerator.genStatement(CodeGenerator.java:185)\n\tat de.thm.mni.compilerbau.phases._06_codegen.CodeGenerator.genStatement(CodeGenerator.java:185)\n\tat de.thm.mni.compilerbau.phases._06_codegen.CodeGenerator.genStatement(CodeGenerator.java:185)\n\tat de.thm.mni.compilerbau.phases._06_codegen.CodeGenerator.genStatement(CodeGenerator.java:185)\n\tat de.thm.mni.compilerbau.phases._06_codegen.CodeGenerator.genStatement(CodeGenerator.java:185)\n\tat de.thm.mni.compilerbau.phases._06_codegen.CodeGenerator.genStatement(CodeGenerator.java:185)\n\tat de.thm.mni.compilerbau.phases._06_codegen.CodeGenerator.genStatement(CodeGenerator.java:185)\n\tat de.thm.mni.compilerbau.phases._06_codegen.CodeGenerator.genStatement(CodeGenerator.java:185)\n\tat de.thm.mni.compilerbau.phases._06_codegen.CodeGenerator.genStatement(CodeGenerator.java:185)\n\tat de.thm.mni.compilerbau.phases._06_codegen.CodeGenerator.genStatement(CodeGenerator.java:185)\n\tat de.thm.mni.compilerbau.phases._06_codegen.CodeGenerator.genStatement(CodeGenerator.java:185)\n\tat de.thm.mni.compilerbau.phases._06_codegen.CodeGenerator.genStatement(CodeGenerator.java:185)\n\tat de.thm.mni.compilerbau.phases._06_codegen.CodeGenerator.genStatement(CodeGenerator.java:185)\n\tat de.thm.mni.compilerbau.phases._06_codegen.CodeGenerator.genStatement(CodeGenerator.java:185)\n\tat de.thm.mni.compilerbau.phases._06_codegen.CodeGenerator.genStatement(CodeGenerator.java:185)\n\tat de.thm.mni.compilerbau.phases._06_codegen.CodeGenerator.genStatement(CodeGenerator.java:185)\n\tat de.thm.mni.compilerbau.phases._06_codegen.CodeGenerator.genStatement(CodeGenerator.java:185)\n\tat de.thm.mni.compilerbau.phases._06_codegen.CodeGenerator.genStatement(CodeGenerator.java:185)\n\tat de.thm.mni.compilerbau.phases._06_codegen.CodeGenerator.genStatement(CodeGenerator.java:185)\n\tat de.thm.mni.compilerbau.phases._06_codegen.CodeGenerator.genStatement(CodeGenerator.java:185)\n\tat de.thm.mni.compilerbau.phases._06_codegen.CodeGenerator.genStatement(CodeGenerator.java:185)\n\tat de.thm.mni.compilerbau.phases._06_codegen.CodeGenerator.genStatement(CodeGenerator.java:185)\n\tat de.thm.mni.compilerbau.phases._06_codegen.CodeGenerator.genStatement(CodeGenerator.java:185)\n\tat de.thm.mni.compilerbau.phases._06_codegen.CodeGenerator.genStatement(CodeGenerator.java:185)\n\tat de.thm.mni.compilerbau.phases._06_codegen.CodeGenerator.genStatement(CodeGenerator.java:185)\n\tat de.thm.mni.compilerbau.phases._06_codegen.CodeGenerator.genStatement(CodeGenerator.java:185)\n\tat de.thm.mni.compilerbau.phases._06_codegen.CodeGenerator.genStatement(CodeGenerator.java:185)\n\tat de.thm.mni.compilerbau.phases._06_codegen.CodeGenerator.genStatement(CodeGenerator.java:185)\n\tat de.thm.mni.compilerbau.phases._06_codegen.CodeGenerator.genStatement(CodeGenerator.java:185)\n\tat de.thm.mni.compilerbau.phases._06_codegen.CodeGenerator.genStatement(CodeGenerator.java:185)\n\tat de.thm.mni.compilerbau.phases._06_codegen.CodeGenerator.genStatement(CodeGenerator.java:185)\n[2024-02-14 15:17:16.710343] Test not passed.\n[2024-02-14 15:17:16.710364] Running Score: 16/21\n\n[2024-02-14 15:17:16.710388] Evaluating bits.spl with the submitted solution.\n[2024-02-14 15:17:18.095510] Test subject results match (Success).\n[2024-02-14 15:17:18.100531] Outputs match.\n[2024-02-14 15:17:18.100566] Test passed.\n[2024-02-14 15:17:18.100583] Running Score: 17/22\n\n[2024-02-14 15:17:18.100607] Evaluating gcd.spl with the submitted solution.\n[2024-02-14 15:17:19.464567] Test subject results match (Success).\n[2024-02-14 15:17:19.467941] Outputs match.\n[2024-02-14 15:17:19.468172] Test passed.\n[2024-02-14 15:17:19.468341] Running Score: 18/23\n\n[2024-02-14 15:17:19.468614] Evaluating inttest.spl with the submitted solution.\n[2024-02-14 15:17:20.839766] Test subject results match (Success).\n[2024-02-14 15:17:20.843170] Outputs match.\n[2024-02-14 15:17:20.843366] Test passed.\n[2024-02-14 15:17:20.843598] Running Score: 19/24\n\n[2024-02-14 15:17:20.843907] Evaluating multiply.spl with the submitted solution.\n[2024-02-14 15:17:22.324517] Test subject results match (Success).\n[2024-02-14 15:17:22.328378] Outputs match.\n[2024-02-14 15:17:22.328605] Test passed.\n[2024-02-14 15:17:22.328820] Running Score: 20/25\n\n[2024-02-14 15:17:22.329168] Evaluating partind1.spl with the submitted solution.\n[2024-02-14 15:17:22.770731] Results do not match. Expected Success(0), but got Compiler Failure(114).\n[2024-02-14 15:17:22.770796] Output (stdout + stderr) of 'java -jar /home/solution/java/target/spl.jar /home/tests/partind1.spl /home/temp/partind1.spl.s' (Limited to 50 lines/10000 characters):\nAn error occurred at Line 32, Column 8:\nArgument type mismatch in call of procedure 'p'. Argument 1 is expected to have type 'array [7] of int', but has type 'int'.\n[2024-02-14 15:17:22.770833] Test not passed.\n[2024-02-14 15:17:22.770848] Running Score: 20/26\n\n[2024-02-14 15:17:22.770872] Evaluating partind2.spl with the submitted solution.\n[2024-02-14 15:17:23.217060] Results do not match. Expected Success(0), but got Compiler Failure(114).\n[2024-02-14 15:17:23.217117] Output (stdout + stderr) of 'java -jar /home/solution/java/target/spl.jar /home/tests/partind2.spl /home/temp/partind2.spl.s' (Limited to 50 lines/10000 characters):\nAn error occurred at Line 43, Column 8:\nArgument type mismatch in call of procedure 'p'. Argument 1 is expected to have type 'array [5] of array [7] of int', but has type 'int'.\n[2024-02-14 15:17:23.217154] Test not passed.\n[2024-02-14 15:17:23.217170] Running Score: 20/27\n\n[2024-02-14 15:17:23.217194] Evaluating swap.spl with the submitted solution.\n[2024-02-14 15:17:24.612924] Test subject results match (Success).\n[2024-02-14 15:17:24.617957] Outputs match.\n[2024-02-14 15:17:24.618187] Test passed.\n[2024-02-14 15:17:24.618484] Running Score: 21/28\n\n[2024-02-14 15:17:24.618831] Evaluating test1.spl with the submitted solution.\n[2024-02-14 15:17:25.968425] Test subject results match (Success).\n[2024-02-14 15:17:25.973152] Outputs match.\n[2024-02-14 15:17:25.973353] Test passed.\n[2024-02-14 15:17:25.973539] Running Score: 22/29\n\n[2024-02-14 15:17:25.973811] Evaluating test2.spl with the submitted solution.\n[2024-02-14 15:17:27.296546] Test subject results match (Success).\n[2024-02-14 15:17:27.299234] Outputs match.\n[2024-02-14 15:17:27.299455] Test passed.\n[2024-02-14 15:17:27.299694] Running Score: 23/30\n\n[2024-02-14 15:17:27.300028] Evaluating test3.spl with the submitted solution.\n[2024-02-14 15:17:28.684152] Test subject results match (Success).\n[2024-02-14 15:17:28.687080] Outputs differ. 'diff'-log (Expected output first, Limited to 50 lines/10000 characters):\n4d3\n< 1\n6d4\n< 3\n8d5\n< 5\n10d6\n< 7\n12a9,12\n> 7\n> 5\n> 3\n> 1\n[2024-02-14 15:17:28.688693] Test not passed.\n[2024-02-14 15:17:28.688728] Running Score: 23/31\n\n[2024-02-14 15:17:28.688760] Evaluating test4.spl with the submitted solution.\n[2024-02-14 15:17:30.065200] Test subject results match (Success).\n[2024-02-14 15:17:30.070725] Outputs match.\n[2024-02-14 15:17:30.070974] Test passed.\n[2024-02-14 15:17:30.071055] Running Score: 24/32\n\n[2024-02-14 15:17:30.071392] Evaluating test5.spl with the submitted solution.\n[2024-02-14 15:17:31.430839] Test subject results match (Success).\n[2024-02-14 15:17:31.432910] Outputs match.\n[2024-02-14 15:17:31.433086] Test passed.\n[2024-02-14 15:17:31.433116] Running Score: 25/33\n\n[2024-02-14 15:17:31.433142] Evaluating test7.spl with the submitted solution.\n[2024-02-14 15:17:32.771752] Test subject results match (Success).\n[2024-02-14 15:17:32.775708] Outputs match.\n[2024-02-14 15:17:32.775952] Test passed.\n[2024-02-14 15:17:32.776184] Running Score: 26/34\n\n[2024-02-14 15:17:32.776514] Evaluating test8.spl with the submitted solution.\n[2024-02-14 15:17:34.167312] Test subject results match (Success).\n[2024-02-14 15:17:34.170858] Outputs match.\n[2024-02-14 15:17:34.171015] Test passed.\n[2024-02-14 15:17:34.171055] Running Score: 27/35\n\n[2024-02-14 15:17:34.171089] Evaluating test9.spl with the submitted solution.\n[2024-02-14 15:17:35.474288] Test subject results match (Success).\n[2024-02-14 15:17:35.478596] Outputs match.\n[2024-02-14 15:17:35.478630] Test passed.\n[2024-02-14 15:17:35.478646] Running Score: 28/36\n\n[2024-02-14 15:17:35.478671] Evaluating threedim.spl with the submitted solution.\n[2024-02-14 15:17:36.814688] Test subject results match (Success).\n[2024-02-14 15:17:36.824610] Outputs differ. 'diff'-log (Expected output first, Limited to 50 lines/10000 characters):\n3,33c3\n< 10000\n< 00000\n< 00000\n< 00000\n< 00000\n< \n< 00000\n< 01000\n< 00000\n< 00000\n< 00000\n< \n< 00000\n< 00000\n< 00100\n< 00000\n< 00000\n< \n< 00000\n< 00000\n< 00000\n< 00010\n< 00000\n< \n< 00000\n< 00000\n< 00000\n< 00000\n< 00001\n< \n< SPL/RTS: main() finished\n---\n> SPL/RTS: TLB miss exception\n[2024-02-14 15:17:36.824888] Test not passed.\n[2024-02-14 15:17:36.824922] Running Score: 28/37\n\n[2024-02-14 15:17:36.824953] Evaluating twodim.spl with the submitted solution.\n[2024-02-14 15:17:38.191410] Test subject results match (Success).\n[2024-02-14 15:17:38.197021] Outputs match.\n[2024-02-14 15:17:38.197210] Test passed.\n[2024-02-14 15:17:38.197394] Running Score: 29/38\n\n[2024-02-14 15:17:38.197731] Final score: 29/38 (76%). \n[2024-02-14 15:17:38.198117] 80% are needed to pass.\n[2024-02-14 15:17:48.420774] You have NOT PASSED this assignment.\n[2024-02-14 15:17:48.421055] You can try again. Deadline: 16.02.2024 23:59\n",
        "max_score": 38,
        "passed": false,
        "score": 29
    },
    "id": "e01f42d3-5483-4549-971f-03fb4484d9fe",
    "timestamp_ns": 1707920211716918273,
    "upload_log": "[2024-02-14 15:16:51.523182] Received submission e01f42d3-5483-4549-971f-03fb4484d9fe\n[2024-02-14 15:16:51.523988] Ip: 10.196.117.75\n[2024-02-14 15:16:51.524268] Team members: [('Andryani', 'Linda Septira', '5345375'), ('Kirana', 'Yohanes Ranandika', '5310931')]\n[2024-02-14 15:16:51.717214] Your submission was ACCEPTED for course 'Compilerbau-ws23', assignment 'Aufgabe-2'.\n[2024-02-14 15:16:51.717613] Your submission has the id e01f42d3-5483-4549-971f-03fb4484d9fe.\n[2024-02-14 15:16:51.718196] It will be evaluated shortly. Please check back soon for your results.\n\n"
}
