{
    "authors": [
        {
            "first_name": "Linda Septira",
            "last_name": "Andryani",
            "matriculation_number": "5345375"
        },
        {
            "first_name": "Yohanes Ranandika",
            "last_name": "Kirana",
            "matriculation_number": "5310931"
        }
    ],
    "evaluation_result": {
        "comment": null,
        "fixed": false,
        "log": "[2024-02-14 16:30:05.567842] Start of evaluation log for submission '61875b84-726d-4d14-b4d2-16412d39f78d'.\n[2024-02-14 16:30:05.568169] Team member: ('Andryani', 'Linda Septira', '5345375')\n[2024-02-14 16:30:05.568353] Team member: ('Kirana', 'Yohanes Ranandika', '5310931')\n[2024-02-14 16:30:05.587478] Preparing the sandbox\n[2024-02-14 16:30:06.331881] Unpacking submission in sandbox\n[2024-02-14 16:30:06.780768] Building the test subject\n[2024-02-14 16:30:06.781048] Identified the Java variant.\n[2024-02-14 16:30:06.919633] Building Java solution with maven.\n[2024-02-14 16:30:18.118108] Maven log:\n[INFO] Scanning for projects...\n[INFO] \n[INFO] --------------< de.thm.mni.compilerbau.spl-reference:spl >--------------\n[INFO] Building spl 0.1\n[INFO] --------------------------------[ jar ]---------------------------------\n[INFO] \n[INFO] --- jflex-maven-plugin:1.7.0:generate (default) @ spl ---\n[INFO]   generated /home/solution/java/target/generated-sources/jflex/de/thm/mni/compilerbau/phases/_01_scanner/Scanner.java\n[INFO] \n[INFO] --- cup-maven-plugin:11b-20160615:generate (default) @ spl ---\nWarning : Non terminal \"EmptyStmt\" was declared but never used\nWarning : *** Shift/Reduce conflict found in state #94\n  between IfStmt ::= IF LPAREN Expr RPAREN Statement (*) \n  and     IfStmt ::= IF LPAREN Expr RPAREN Statement (*) ELSE Statement \n  under symbol ELSE\n  Resolved in favor of shifting.\n\n[INFO]   generated /home/solution/java/target/generated-sources/cup/de/thm/mni/compilerbau/phases/_02_03_parser/Parser.java\n[INFO]   generated /home/solution/java/target/generated-sources/cup/de/thm/mni/compilerbau/phases/_02_03_parser/Sym.java\n[INFO] \n[INFO] --- maven-resources-plugin:2.6:resources (default-resources) @ spl ---\n[INFO] Using 'UTF-8' encoding to copy filtered resources.\n[INFO] skip non existing resourceDirectory /home/solution/java/src/main/resources\n[INFO] \n[INFO] --- maven-compiler-plugin:3.10.1:compile (default-compile) @ spl ---\n[INFO] Changes detected - recompiling the module!\n[INFO] Compiling 57 source files to /home/solution/java/target/classes\n[INFO] /home/solution/java/target/generated-sources/jflex/de/thm/mni/compilerbau/phases/_01_scanner/Scanner.java: /home/solution/java/target/generated-sources/jflex/de/thm/mni/compilerbau/phases/_01_scanner/Scanner.java uses or overrides a deprecated API that is marked for removal.\n[INFO] /home/solution/java/target/generated-sources/jflex/de/thm/mni/compilerbau/phases/_01_scanner/Scanner.java: Recompile with -Xlint:removal for details.\n[INFO] /home/solution/java/target/generated-sources/cup/de/thm/mni/compilerbau/phases/_02_03_parser/Parser.java: /home/solution/java/target/generated-sources/cup/de/thm/mni/compilerbau/phases/_02_03_parser/Parser.java uses unchecked or unsafe operations.\n[INFO] /home/solution/java/target/generated-sources/cup/de/thm/mni/compilerbau/phases/_02_03_parser/Parser.java: Recompile with -Xlint:unchecked for details.\n[INFO] \n[INFO] --- maven-resources-plugin:2.6:testResources (default-testResources) @ spl ---\n[INFO] Using 'UTF-8' encoding to copy filtered resources.\n[INFO] skip non existing resourceDirectory /home/solution/java/src/test/resources\n[INFO] \n[INFO] --- maven-compiler-plugin:3.10.1:testCompile (default-testCompile) @ spl ---\n[INFO] No sources to compile\n[INFO] \n[INFO] --- maven-surefire-plugin:2.12.4:test (default-test) @ spl ---\n[INFO] No tests to run.\n[INFO] \n[INFO] --- maven-jar-plugin:2.4:jar (default-jar) @ spl ---\n[INFO] Building jar: /home/solution/java/target/spl.jar\n[INFO] \n[INFO] --- maven-shade-plugin:3.1.0:shade (default) @ spl ---\n[INFO] Including com.github.vbmacher:java-cup-runtime:jar:11b-20160615 in the shaded jar.\n[INFO] Replacing original artifact with shaded artifact.\n[INFO] Replacing /home/solution/java/target/spl.jar with /home/solution/java/target/spl-0.1-shaded.jar\n[INFO] Dependency-reduced POM written at: /home/solution/java/dependency-reduced-pom.xml\n[INFO] ------------------------------------------------------------------------\n[INFO] BUILD SUCCESS\n[INFO] ------------------------------------------------------------------------\n[INFO] Total time:  8.571 s\n[INFO] Finished at: 2024-02-14T15:30:18Z\n[INFO] ------------------------------------------------------------------------\n[2024-02-14 16:30:18.260198] Beginning evaluation.\n[2024-02-14 16:30:18.260376] Evaluating 101_undefined_procedure.spl with the submitted solution.\n[2024-02-14 16:30:18.666203] Test subject results match (Compiler Failure).\n[2024-02-14 16:30:18.666239] Exit code matches the expected exit code (101).\n[2024-02-14 16:30:18.666261] Test passed.\n[2024-02-14 16:30:18.666275] Running Score: 1/1\n\n[2024-02-14 16:30:18.666296] Evaluating 101_undefined_type.spl with the submitted solution.\n[2024-02-14 16:30:19.041338] Test subject results match (Compiler Failure).\n[2024-02-14 16:30:19.041373] Exit code matches the expected exit code (101).\n[2024-02-14 16:30:19.041396] Test passed.\n[2024-02-14 16:30:19.041411] Running Score: 2/2\n\n[2024-02-14 16:30:19.041434] Evaluating 101_undefined_variable.spl with the submitted solution.\n[2024-02-14 16:30:19.436019] Test subject results match (Compiler Failure).\n[2024-02-14 16:30:19.436055] Exit code matches the expected exit code (101).\n[2024-02-14 16:30:19.436077] Test passed.\n[2024-02-14 16:30:19.436091] Running Score: 3/3\n\n[2024-02-14 16:30:19.436112] Evaluating 102_not_a_type.spl with the submitted solution.\n[2024-02-14 16:30:19.825501] Test subject results match (Compiler Failure).\n[2024-02-14 16:30:19.825534] Exit code matches the expected exit code (102).\n[2024-02-14 16:30:19.825556] Test passed.\n[2024-02-14 16:30:19.825571] Running Score: 4/4\n\n[2024-02-14 16:30:19.825595] Evaluating 103_redefinition_as_parameter.spl with the submitted solution.\n[2024-02-14 16:30:20.193487] Test subject results match (Compiler Failure).\n[2024-02-14 16:30:20.193521] Exit code matches the expected exit code (103).\n[2024-02-14 16:30:20.193544] Test passed.\n[2024-02-14 16:30:20.193559] Running Score: 5/5\n\n[2024-02-14 16:30:20.193583] Evaluating 103_redefinition_as_procedure.spl with the submitted solution.\n[2024-02-14 16:30:20.558435] Test subject results match (Compiler Failure).\n[2024-02-14 16:30:20.558468] Exit code matches the expected exit code (103).\n[2024-02-14 16:30:20.558489] Test passed.\n[2024-02-14 16:30:20.558504] Running Score: 6/6\n\n[2024-02-14 16:30:20.558527] Evaluating 103_redefinition_as_type.spl with the submitted solution.\n[2024-02-14 16:30:20.923983] Test subject results match (Compiler Failure).\n[2024-02-14 16:30:20.924018] Exit code matches the expected exit code (103).\n[2024-02-14 16:30:20.924038] Test passed.\n[2024-02-14 16:30:20.924053] Running Score: 7/7\n\n[2024-02-14 16:30:20.924074] Evaluating 103_redefinition_as_variable.spl with the submitted solution.\n[2024-02-14 16:30:21.300052] Test subject results match (Compiler Failure).\n[2024-02-14 16:30:21.300093] Exit code matches the expected exit code (103).\n[2024-02-14 16:30:21.300116] Test passed.\n[2024-02-14 16:30:21.300130] Running Score: 8/8\n\n[2024-02-14 16:30:21.300152] Evaluating 104_must_be_reference_parameter.spl with the submitted solution.\n[2024-02-14 16:30:21.696287] Test subject results match (Compiler Failure).\n[2024-02-14 16:30:21.696319] Exit code matches the expected exit code (104).\n[2024-02-14 16:30:21.696342] Test passed.\n[2024-02-14 16:30:21.696357] Running Score: 9/9\n\n[2024-02-14 16:30:21.696379] Evaluating 113_call_of_non_procedure.spl with the submitted solution.\n[2024-02-14 16:30:22.097989] Test subject results match (Compiler Failure).\n[2024-02-14 16:30:22.098022] Exit code matches the expected exit code (113).\n[2024-02-14 16:30:22.098043] Test passed.\n[2024-02-14 16:30:22.098057] Running Score: 10/10\n\n[2024-02-14 16:30:22.098079] Evaluating 114_argument_type_mismatch.spl with the submitted solution.\n[2024-02-14 16:30:22.514011] Test subject results match (Compiler Failure).\n[2024-02-14 16:30:22.514045] Exit code matches the expected exit code (114).\n[2024-02-14 16:30:22.514069] Test passed.\n[2024-02-14 16:30:22.514084] Running Score: 11/11\n\n[2024-02-14 16:30:22.514106] Evaluating 115_argument_must_be_variable.spl with the submitted solution.\n[2024-02-14 16:30:22.952300] Test subject results match (Compiler Failure).\n[2024-02-14 16:30:22.952334] Exit code matches the expected exit code (115).\n[2024-02-14 16:30:22.952356] Test passed.\n[2024-02-14 16:30:22.952370] Running Score: 12/12\n\n[2024-02-14 16:30:22.952393] Evaluating 116_procedure_too_few_arguments.spl with the submitted solution.\n[2024-02-14 16:30:23.343252] Test subject results match (Compiler Failure).\n[2024-02-14 16:30:23.343288] Exit code matches the expected exit code (116).\n[2024-02-14 16:30:23.343310] Test passed.\n[2024-02-14 16:30:23.343326] Running Score: 13/13\n\n[2024-02-14 16:30:23.343349] Evaluating 116_procedure_too_many_arguments.spl with the submitted solution.\n[2024-02-14 16:30:23.742055] Test subject results match (Compiler Failure).\n[2024-02-14 16:30:23.742088] Exit code matches the expected exit code (116).\n[2024-02-14 16:30:23.742112] Test passed.\n[2024-02-14 16:30:23.742136] Running Score: 14/14\n\n[2024-02-14 16:30:23.742159] Evaluating 122_not_a_variable.spl with the submitted solution.\n[2024-02-14 16:30:24.090202] Submission exited with exit code 1, which is not allowed. Allowed: [0, 99, 140, 100, 101, 102, 103, 104, 105, 106, 107, 108, 109, 110, 111, 112, 113, 114, 115, 116, 117, 118, 119, 120, 121, 122, 123, 124, 125, 126, 127]\n[2024-02-14 16:30:24.090260] Output (stdout + stderr) of 'java -jar /home/solution/java/target/spl.jar /home/tests/122_not_a_variable.spl /home/temp/122_not_a_variable.spl.s' (Limited to 50 lines/10000 characters):\nAn error occurred: class de.thm.mni.compilerbau.table.ProcedureEntry cannot be cast to class de.thm.mni.compilerbau.table.VariableEntry (de.thm.mni.compilerbau.table.ProcedureEntry and de.thm.mni.compilerbau.table.VariableEntry are in unnamed module of loader 'app')\njava.lang.ClassCastException: class de.thm.mni.compilerbau.table.ProcedureEntry cannot be cast to class de.thm.mni.compilerbau.table.VariableEntry (de.thm.mni.compilerbau.table.ProcedureEntry and de.thm.mni.compilerbau.table.VariableEntry are in unnamed module of loader 'app')\n\tat de.thm.mni.compilerbau.phases._04b_semant.ProcedureBodyChecker.checkStatement(ProcedureBodyChecker.java:109)\n\tat de.thm.mni.compilerbau.phases._04b_semant.ProcedureBodyChecker.checkStatement(ProcedureBodyChecker.java:78)\n\tat de.thm.mni.compilerbau.phases._04b_semant.ProcedureBodyChecker.checkProcedures(ProcedureBodyChecker.java:64)\n\tat de.thm.mni.compilerbau.Main.main(Main.java:85)\n[2024-02-14 16:30:24.090336] Test not passed.\n[2024-02-14 16:30:24.090351] Running Score: 14/15\n\n[2024-02-14 16:30:24.090373] Evaluating 123_indexing_non_array.spl with the submitted solution.\n[2024-02-14 16:30:24.523040] Submission exited with exit code 1, which is not allowed. Allowed: [0, 99, 140, 100, 101, 102, 103, 104, 105, 106, 107, 108, 109, 110, 111, 112, 113, 114, 115, 116, 117, 118, 119, 120, 121, 122, 123, 124, 125, 126, 127]\n[2024-02-14 16:30:24.523088] Output (stdout + stderr) of 'java -jar /home/solution/java/target/spl.jar /home/tests/123_indexing_non_array.spl /home/temp/123_indexing_non_array.spl.s' (Limited to 50 lines/10000 characters):\nAn error occurred: class de.thm.mni.compilerbau.types.PrimitiveType cannot be cast to class de.thm.mni.compilerbau.types.ArrayType (de.thm.mni.compilerbau.types.PrimitiveType and de.thm.mni.compilerbau.types.ArrayType are in unnamed module of loader 'app')\njava.lang.ClassCastException: class de.thm.mni.compilerbau.types.PrimitiveType cannot be cast to class de.thm.mni.compilerbau.types.ArrayType (de.thm.mni.compilerbau.types.PrimitiveType and de.thm.mni.compilerbau.types.ArrayType are in unnamed module of loader 'app')\n\tat de.thm.mni.compilerbau.phases._06_codegen.CodeGenerator.genStatement(CodeGenerator.java:114)\n\tat de.thm.mni.compilerbau.phases._06_codegen.CodeGenerator.generateCode(CodeGenerator.java:59)\n\tat de.thm.mni.compilerbau.Main.main(Main.java:95)\n[2024-02-14 16:30:24.523152] Test not passed.\n[2024-02-14 16:30:24.523167] Running Score: 14/16\n\n[2024-02-14 16:30:24.523191] Evaluating 124_indexing_with_non_integer.spl with the submitted solution.\n[2024-02-14 16:30:26.224554] Results do not match. Expected Compiler Failure(124), but got Success(0).\n[2024-02-14 16:30:26.224610] Output (stdout) of 'xvfb-run -a /home/tools/sim -x -l /home/temp/124_indexing_with_non_integer.spl.bin -s 1 -t 0' (Limited to 50 lines/10000 characters):\nSPL/RTS: main() started\n\nSPL/RTS: index out of bounds\n[2024-02-14 16:30:26.224788] Test not passed.\n[2024-02-14 16:30:26.224810] Running Score: 14/17\n\n[2024-02-14 16:30:26.224835] Evaluating 126_main_not_a_procedure.spl with the submitted solution.\n[2024-02-14 16:30:26.642179] Test subject results match (Compiler Failure).\n[2024-02-14 16:30:26.642219] Exit code matches the expected exit code (126).\n[2024-02-14 16:30:26.642245] Test passed.\n[2024-02-14 16:30:26.642260] Running Score: 15/18\n\n[2024-02-14 16:30:26.642282] Evaluating 127_main_must_not_have_parameters.spl with the submitted solution.\n[2024-02-14 16:30:27.006428] Test subject results match (Compiler Failure).\n[2024-02-14 16:30:27.006460] Exit code matches the expected exit code (127).\n[2024-02-14 16:30:27.006482] Test passed.\n[2024-02-14 16:30:27.006497] Running Score: 16/19\n\n[2024-02-14 16:30:27.006519] Evaluating acker.spl with the submitted solution.\n[2024-02-14 16:30:28.607449] Test subject results match (Success).\n[2024-02-14 16:30:28.611092] Outputs match.\n[2024-02-14 16:30:28.611372] Test passed.\n[2024-02-14 16:30:28.611552] Running Score: 17/20\n\n[2024-02-14 16:30:28.611739] Evaluating bigtest.spl with the submitted solution.\n[2024-02-14 16:30:29.403322] Submission exited with exit code 1, which is not allowed. Allowed: [0, 99, 140, 100, 101, 102, 103, 104, 105, 106, 107, 108, 109, 110, 111, 112, 113, 114, 115, 116, 117, 118, 119, 120, 121, 122, 123, 124, 125, 126, 127]\n[2024-02-14 16:30:29.403575] Output (stdout + stderr) of 'java -jar /home/solution/java/target/spl.jar /home/tests/bigtest.spl /home/temp/bigtest.spl.s' (Limited to 50 lines/10000 characters):\nException in thread \"main\" java.lang.StackOverflowError\n\tat de.thm.mni.compilerbau.phases._06_codegen.CodeGenerator.genStatement(CodeGenerator.java:82)\n\tat de.thm.mni.compilerbau.phases._06_codegen.CodeGenerator.genStatement(CodeGenerator.java:185)\n\tat de.thm.mni.compilerbau.phases._06_codegen.CodeGenerator.genStatement(CodeGenerator.java:185)\n\tat de.thm.mni.compilerbau.phases._06_codegen.CodeGenerator.genStatement(CodeGenerator.java:185)\n\tat de.thm.mni.compilerbau.phases._06_codegen.CodeGenerator.genStatement(CodeGenerator.java:185)\n\tat de.thm.mni.compilerbau.phases._06_codegen.CodeGenerator.genStatement(CodeGenerator.java:185)\n\tat de.thm.mni.compilerbau.phases._06_codegen.CodeGenerator.genStatement(CodeGenerator.java:185)\n\tat de.thm.mni.compilerbau.phases._06_codegen.CodeGenerator.genStatement(CodeGenerator.java:185)\n\tat de.thm.mni.compilerbau.phases._06_codegen.CodeGenerator.genStatement(CodeGenerator.java:185)\n\tat de.thm.mni.compilerbau.phases._06_codegen.CodeGenerator.genStatement(CodeGenerator.java:185)\n\tat de.thm.mni.compilerbau.phases._06_codegen.CodeGenerator.genStatement(CodeGenerator.java:185)\n\tat de.thm.mni.compilerbau.phases._06_codegen.CodeGenerator.genStatement(CodeGenerator.java:185)\n\tat de.thm.mni.compilerbau.phases._06_codegen.CodeGenerator.genStatement(CodeGenerator.java:185)\n\tat de.thm.mni.compilerbau.phases._06_codegen.CodeGenerator.genStatement(CodeGenerator.java:185)\n\tat de.thm.mni.compilerbau.phases._06_codegen.CodeGenerator.genStatement(CodeGenerator.java:185)\n\tat de.thm.mni.compilerbau.phases._06_codegen.CodeGenerator.genStatement(CodeGenerator.java:185)\n\tat de.thm.mni.compilerbau.phases._06_codegen.CodeGenerator.genStatement(CodeGenerator.java:185)\n\tat de.thm.mni.compilerbau.phases._06_codegen.CodeGenerator.genStatement(CodeGenerator.java:185)\n\tat de.thm.mni.compilerbau.phases._06_codegen.CodeGenerator.genStatement(CodeGenerator.java:185)\n\tat de.thm.mni.compilerbau.phases._06_codegen.CodeGenerator.genStatement(CodeGenerator.java:185)\n\tat de.thm.mni.compilerbau.phases._06_codegen.CodeGenerator.genStatement(CodeGenerator.java:185)\n\tat de.thm.mni.compilerbau.phases._06_codegen.CodeGenerator.genStatement(CodeGenerator.java:185)\n\tat de.thm.mni.compilerbau.phases._06_codegen.CodeGenerator.genStatement(CodeGenerator.java:185)\n\tat de.thm.mni.compilerbau.phases._06_codegen.CodeGenerator.genStatement(CodeGenerator.java:185)\n\tat de.thm.mni.compilerbau.phases._06_codegen.CodeGenerator.genStatement(CodeGenerator.java:185)\n\tat de.thm.mni.compilerbau.phases._06_codegen.CodeGenerator.genStatement(CodeGenerator.java:185)\n\tat de.thm.mni.compilerbau.phases._06_codegen.CodeGenerator.genStatement(CodeGenerator.java:185)\n\tat de.thm.mni.compilerbau.phases._06_codegen.CodeGenerator.genStatement(CodeGenerator.java:185)\n\tat de.thm.mni.compilerbau.phases._06_codegen.CodeGenerator.genStatement(CodeGenerator.java:185)\n\tat de.thm.mni.compilerbau.phases._06_codegen.CodeGenerator.genStatement(CodeGenerator.java:185)\n\tat de.thm.mni.compilerbau.phases._06_codegen.CodeGenerator.genStatement(CodeGenerator.java:185)\n\tat de.thm.mni.compilerbau.phases._06_codegen.CodeGenerator.genStatement(CodeGenerator.java:185)\n\tat de.thm.mni.compilerbau.phases._06_codegen.CodeGenerator.genStatement(CodeGenerator.java:185)\n\tat de.thm.mni.compilerbau.phases._06_codegen.CodeGenerator.genStatement(CodeGenerator.java:185)\n\tat de.thm.mni.compilerbau.phases._06_codegen.CodeGenerator.genStatement(CodeGenerator.java:185)\n\tat de.thm.mni.compilerbau.phases._06_codegen.CodeGenerator.genStatement(CodeGenerator.java:185)\n\tat de.thm.mni.compilerbau.phases._06_codegen.CodeGenerator.genStatement(CodeGenerator.java:185)\n\tat de.thm.mni.compilerbau.phases._06_codegen.CodeGenerator.genStatement(CodeGenerator.java:185)\n\tat de.thm.mni.compilerbau.phases._06_codegen.CodeGenerator.genStatement(CodeGenerator.java:185)\n\tat de.thm.mni.compilerbau.phases._06_codegen.CodeGenerator.genStatement(CodeGenerator.java:185)\n\tat de.thm.mni.compilerbau.phases._06_codegen.CodeGenerator.genStatement(CodeGenerator.java:185)\n\tat de.thm.mni.compilerbau.phases._06_codegen.CodeGenerator.genStatement(CodeGenerator.java:185)\n\tat de.thm.mni.compilerbau.phases._06_codegen.CodeGenerator.genStatement(CodeGenerator.java:185)\n\tat de.thm.mni.compilerbau.phases._06_codegen.CodeGenerator.genStatement(CodeGenerator.java:185)\n\tat de.thm.mni.compilerbau.phases._06_codegen.CodeGenerator.genStatement(CodeGenerator.java:185)\n\tat de.thm.mni.compilerbau.phases._06_codegen.CodeGenerator.genStatement(CodeGenerator.java:185)\n\tat de.thm.mni.compilerbau.phases._06_codegen.CodeGenerator.genStatement(CodeGenerator.java:185)\n\tat de.thm.mni.compilerbau.phases._06_codegen.CodeGenerator.genStatement(CodeGenerator.java:185)\n\tat de.thm.mni.compilerbau.phases._06_codegen.CodeGenerator.genStatement(CodeGenerator.java:185)\n[2024-02-14 16:30:29.404027] Test not passed.\n[2024-02-14 16:30:29.404048] Running Score: 17/21\n\n[2024-02-14 16:30:29.404070] Evaluating bits.spl with the submitted solution.\n[2024-02-14 16:30:30.715586] Test subject results match (Success).\n[2024-02-14 16:30:30.718878] Outputs match.\n[2024-02-14 16:30:30.719107] Test passed.\n[2024-02-14 16:30:30.719275] Running Score: 18/22\n\n[2024-02-14 16:30:30.719532] Evaluating gcd.spl with the submitted solution.\n[2024-02-14 16:30:32.020198] Test subject results match (Success).\n[2024-02-14 16:30:32.023218] Outputs match.\n[2024-02-14 16:30:32.023248] Test passed.\n[2024-02-14 16:30:32.023263] Running Score: 19/23\n\n[2024-02-14 16:30:32.023439] Evaluating inttest.spl with the submitted solution.\n[2024-02-14 16:30:33.275610] Test subject results match (Success).\n[2024-02-14 16:30:33.278142] Outputs match.\n[2024-02-14 16:30:33.278336] Test passed.\n[2024-02-14 16:30:33.278475] Running Score: 20/24\n\n[2024-02-14 16:30:33.278645] Evaluating multiply.spl with the submitted solution.\n[2024-02-14 16:30:34.671722] Test subject results match (Success).\n[2024-02-14 16:30:34.674279] Outputs match.\n[2024-02-14 16:30:34.674472] Test passed.\n[2024-02-14 16:30:34.674615] Running Score: 21/25\n\n[2024-02-14 16:30:34.674858] Evaluating partind1.spl with the submitted solution.\n[2024-02-14 16:30:35.079113] Results do not match. Expected Success(0), but got Compiler Failure(114).\n[2024-02-14 16:30:35.079158] Output (stdout + stderr) of 'java -jar /home/solution/java/target/spl.jar /home/tests/partind1.spl /home/temp/partind1.spl.s' (Limited to 50 lines/10000 characters):\nAn error occurred at Line 32, Column 8:\nArgument type mismatch in call of procedure 'p'. Argument 1 is expected to have type 'array [7] of int', but has type 'int'.\n[2024-02-14 16:30:35.079194] Test not passed.\n[2024-02-14 16:30:35.079209] Running Score: 21/26\n\n[2024-02-14 16:30:35.079231] Evaluating partind2.spl with the submitted solution.\n[2024-02-14 16:30:35.500763] Results do not match. Expected Success(0), but got Compiler Failure(114).\n[2024-02-14 16:30:35.500807] Output (stdout + stderr) of 'java -jar /home/solution/java/target/spl.jar /home/tests/partind2.spl /home/temp/partind2.spl.s' (Limited to 50 lines/10000 characters):\nAn error occurred at Line 43, Column 8:\nArgument type mismatch in call of procedure 'p'. Argument 1 is expected to have type 'array [5] of array [7] of int', but has type 'int'.\n[2024-02-14 16:30:35.500842] Test not passed.\n[2024-02-14 16:30:35.500856] Running Score: 21/27\n\n[2024-02-14 16:30:35.500879] Evaluating swap.spl with the submitted solution.\n[2024-02-14 16:30:36.839292] Test subject results match (Success).\n[2024-02-14 16:30:36.843885] Outputs match.\n[2024-02-14 16:30:36.843920] Test passed.\n[2024-02-14 16:30:36.843936] Running Score: 22/28\n\n[2024-02-14 16:30:36.843960] Evaluating test1.spl with the submitted solution.\n[2024-02-14 16:30:38.108314] Test subject results match (Success).\n[2024-02-14 16:30:38.111016] Outputs match.\n[2024-02-14 16:30:38.111297] Test passed.\n[2024-02-14 16:30:38.111478] Running Score: 23/29\n\n[2024-02-14 16:30:38.111795] Evaluating test2.spl with the submitted solution.\n[2024-02-14 16:30:39.371216] Test subject results match (Success).\n[2024-02-14 16:30:39.374577] Outputs match.\n[2024-02-14 16:30:39.374771] Test passed.\n[2024-02-14 16:30:39.374952] Running Score: 24/30\n\n[2024-02-14 16:30:39.375214] Evaluating test3.spl with the submitted solution.\n[2024-02-14 16:30:40.696002] Test subject results match (Success).\n[2024-02-14 16:30:40.698560] Outputs differ. 'diff'-log (Expected output first, Limited to 50 lines/10000 characters):\n4d3\n< 1\n6d4\n< 3\n8d5\n< 5\n10d6\n< 7\n12a9,12\n> 7\n> 5\n> 3\n> 1\n[2024-02-14 16:30:40.698978] Test not passed.\n[2024-02-14 16:30:40.699001] Running Score: 24/31\n\n[2024-02-14 16:30:40.699026] Evaluating test4.spl with the submitted solution.\n[2024-02-14 16:30:41.991106] Test subject results match (Success).\n[2024-02-14 16:30:41.994138] Outputs match.\n[2024-02-14 16:30:41.994335] Test passed.\n[2024-02-14 16:30:41.994517] Running Score: 25/32\n\n[2024-02-14 16:30:41.994785] Evaluating test5.spl with the submitted solution.\n[2024-02-14 16:30:43.259160] Test subject results match (Success).\n[2024-02-14 16:30:43.262398] Outputs match.\n[2024-02-14 16:30:43.262606] Test passed.\n[2024-02-14 16:30:43.262786] Running Score: 26/33\n\n[2024-02-14 16:30:43.263058] Evaluating test7.spl with the submitted solution.\n[2024-02-14 16:30:44.508254] Test subject results match (Success).\n[2024-02-14 16:30:44.511447] Outputs match.\n[2024-02-14 16:30:44.511656] Test passed.\n[2024-02-14 16:30:44.511860] Running Score: 27/34\n\n[2024-02-14 16:30:44.512133] Evaluating test8.spl with the submitted solution.\n[2024-02-14 16:30:45.823204] Test subject results match (Success).\n[2024-02-14 16:30:45.826287] Outputs match.\n[2024-02-14 16:30:45.826322] Test passed.\n[2024-02-14 16:30:45.826337] Running Score: 28/35\n\n[2024-02-14 16:30:45.826760] Evaluating test9.spl with the submitted solution.\n[2024-02-14 16:30:47.095452] Test subject results match (Success).\n[2024-02-14 16:30:47.100062] Outputs match.\n[2024-02-14 16:30:47.100098] Test passed.\n[2024-02-14 16:30:47.100114] Running Score: 29/36\n\n[2024-02-14 16:30:47.100138] Evaluating threedim.spl with the submitted solution.\n[2024-02-14 16:30:48.409770] Test subject results match (Success).\n[2024-02-14 16:30:48.413180] Outputs differ. 'diff'-log (Expected output first, Limited to 50 lines/10000 characters):\n3,33c3\n< 10000\n< 00000\n< 00000\n< 00000\n< 00000\n< \n< 00000\n< 01000\n< 00000\n< 00000\n< 00000\n< \n< 00000\n< 00000\n< 00100\n< 00000\n< 00000\n< \n< 00000\n< 00000\n< 00000\n< 00010\n< 00000\n< \n< 00000\n< 00000\n< 00000\n< 00000\n< 00001\n< \n< SPL/RTS: main() finished\n---\n> SPL/RTS: TLB miss exception\n[2024-02-14 16:30:48.416221] Test not passed.\n[2024-02-14 16:30:48.416246] Running Score: 29/37\n\n[2024-02-14 16:30:48.416272] Evaluating twodim.spl with the submitted solution.\n[2024-02-14 16:30:49.718604] Test subject results match (Success).\n[2024-02-14 16:30:49.721719] Outputs match.\n[2024-02-14 16:30:49.722023] Test passed.\n[2024-02-14 16:30:49.722251] Running Score: 30/38\n\n[2024-02-14 16:30:49.722570] Final score: 30/38 (78%). \n[2024-02-14 16:30:49.722979] 80% are needed to pass.\n[2024-02-14 16:30:59.959486] You have NOT PASSED this assignment.\n[2024-02-14 16:30:59.959757] You can try again. Deadline: 16.02.2024 23:59\n",
        "max_score": 38,
        "passed": false,
        "score": 30
    },
    "id": "61875b84-726d-4d14-b4d2-16412d39f78d",
    "timestamp_ns": 1707924605565764574,
    "upload_log": "[2024-02-14 16:30:05.380445] Received submission 61875b84-726d-4d14-b4d2-16412d39f78d\n[2024-02-14 16:30:05.381125] Ip: 10.196.117.75\n[2024-02-14 16:30:05.381369] Team members: [('Andryani', 'Linda Septira', '5345375'), ('Kirana', 'Yohanes Ranandika', '5310931')]\n[2024-02-14 16:30:05.566017] Your submission was ACCEPTED for course 'Compilerbau-ws23', assignment 'Aufgabe-2'.\n[2024-02-14 16:30:05.566359] Your submission has the id 61875b84-726d-4d14-b4d2-16412d39f78d.\n[2024-02-14 16:30:05.566874] It will be evaluated shortly. Please check back soon for your results.\n\n"
}
