[2023-11-27 10:29:29.702887] Bootstrap log:
Identified Python 3.10.12 at /usr/bin/python3.10
[Bootstrap] Identified pip 22.0.2 from /usr/lib/python3/dist-packages/pip (python 3.10)' at /usr/bin/python3.10 -m pip
[Bootstrap] Identified 'pipenv, version 2023.5.19' at /usr/bin/python3.10 -m pipenv
[Bootstrap] Running '/usr/bin/python3.10 -m pipenv install --python 3.10' to ensure the existence of a virtual environment.
[Bootstrap] This may take a moment.
Installing dependencies from Pipfile.lock (df9bb1)...
To activate this project's virtualenv, run pipenv shell.
Alternatively, run a command inside the virtualenv with pipenv run.
[Bootstrap] Running the script in a virtual environment.
/usr/bin/python3.10 -m pipenv run python3 ./main.py

[2023-11-27 10:29:29.703019] === Welcome ===
[2023-11-27 10:29:29.788104] Please review the currently saved information about your team:
[2023-11-27 10:29:29.788233]  1 - First name: Linda Septira; Last name: Andryani; Matriculation number: 5345375
[2023-11-27 10:29:29.788256]  2 - First name: Yohanes Ranandika; Last name: Kirana; Matriculation number: 5310931
[2023-11-27 10:29:31.979239] 
[2023-11-27 10:29:33.978247] 
[2023-11-27 10:29:33.978311] === Submitting ===
[2023-11-27 10:29:37.105094] 
[2023-11-27 10:29:37.105590] 
[2023-11-27 10:29:37.105627] Selected variant 'Java SPL Compiler' for assignment 'Aufgabe-1'.
[2023-11-27 10:29:37.162513] === Building submission ===
[2023-11-27 10:29:37.162569] Running 'mvn clean compile'.
[2023-11-27 10:29:37.162592] === Building submission finished ===
[2023-11-27 10:29:41.065070] Building your solution failed!
[2023-11-27 10:29:43.087250] === BEGIN Build Log ===
[2023-11-27 10:29:43.087353] [[1;34mINFO[m] Scanning for projects...
[[1;34mINFO[m] 
[[1;34mINFO[m] [1m--------------< [0;36mde.thm.mni.compilerbau.spl-reference:spl[0;1m >--------------[m
[[1;34mINFO[m] [1mBuilding spl 0.1[m
[[1;34mINFO[m] [1m--------------------------------[ jar ]---------------------------------[m
[[1;34mINFO[m] 
[[1;34mINFO[m] [1m--- [0;32mmaven-clean-plugin:2.5:clean[m [1m(default-clean)[m @ [36mspl[0;1m ---[m
[[1;34mINFO[m] Deleting /tmp/tmpnltn40cm/java/target
[[1;34mINFO[m] 
[[1;34mINFO[m] [1m--- [0;32mjflex-maven-plugin:1.7.0:generate[m [1m(default)[m @ [36mspl[0;1m ---[m
[[1;34mINFO[m]   generated /tmp/tmpnltn40cm/java/target/generated-sources/jflex/de/thm/mni/compilerbau/phases/_01_scanner/Scanner.java
[[1;34mINFO[m] 
[[1;34mINFO[m] [1m--- [0;32mcup-maven-plugin:11b-20160615:generate[m [1m(default)[m @ [36mspl[0;1m ---[m
Warning : Non terminal "EmptyStmt" was declared but never used
Warning : *** Shift/Reduce conflict found in state #94
  between IfStmt ::= IF LPAREN Expr RPAREN Statement (*) 
  and     IfStmt ::= IF LPAREN Expr RPAREN Statement (*) ELSE Statement 
  under symbol ELSE
  Resolved in favor of shifting.

[[1;34mINFO[m]   generated /tmp/tmpnltn40cm/java/target/generated-sources/cup/de/thm/mni/compilerbau/phases/_02_03_parser/Parser.java
[[1;34mINFO[m]   generated /tmp/tmpnltn40cm/java/target/generated-sources/cup/de/thm/mni/compilerbau/phases/_02_03_parser/Sym.java
[[1;34mINFO[m] 
[[1;34mINFO[m] [1m--- [0;32mmaven-resources-plugin:2.6:resources[m [1m(default-resources)[m @ [36mspl[0;1m ---[m
[[1;34mINFO[m] Using 'UTF-8' encoding to copy filtered resources.
[[1;34mINFO[m] skip non existing resourceDirectory /tmp/tmpnltn40cm/java/src/main/resources
[[1;34mINFO[m] 
[[1;34mINFO[m] [1m--- [0;32mmaven-compiler-plugin:3.10.1:compile[m [1m(default-compile)[m @ [36mspl[0;1m ---[m
[[1;34mINFO[m] Changes detected - recompiling the module!
[[1;34mINFO[m] Compiling 57 source files to /tmp/tmpnltn40cm/java/target/classes
[[1;34mINFO[m] [1m------------------------------------------------------------------------[m
[[1;34mINFO[m] [1;31mBUILD FAILURE[m
[[1;34mINFO[m] [1m------------------------------------------------------------------------[m
[[1;34mINFO[m] Total time:  2.061 s
[[1;34mINFO[m] Finished at: 2023-11-27T10:29:41+01:00
[[1;34mINFO[m] [1m------------------------------------------------------------------------[m
[[1;31mERROR[m] Failed to execute goal [32morg.apache.maven.plugins:maven-compiler-plugin:3.10.1:compile[m [1m(default-compile)[m on project [36mspl[m: [1;31mFatal error compiling[m: error: invalid target release: 21 -> [1m[Help 1][m
[[1;31mERROR[m] 
[[1;31mERROR[m] To see the full stack trace of the errors, re-run Maven with the [1m-e[m switch.
[[1;31mERROR[m] Re-run Maven using the [1m-X[m switch to enable full debug logging.
[[1;31mERROR[m] 
[[1;31mERROR[m] For more information about the errors and possible solutions, please read the following articles:
[[1;31mERROR[m] [1m[Help 1][m http://cwiki.apache.org/confluence/display/MAVEN/MojoExecutionException

[2023-11-27 10:29:43.087439] === END Build Log ===
[2023-11-27 10:30:55.932292] Aborting submission.
[2023-11-27 10:30:55.943904] 
