[2024-02-14 02:23:33.042693] Bootstrap log:
Identified Python 3.10.12 at /usr/bin/python3.10
[Bootstrap] Identified pip 22.0.2 from /usr/lib/python3/dist-packages/pip (python 3.10)' at /usr/bin/python3.10 -m pip
[Bootstrap] Identified 'pipenv, version 2023.4.29' at /usr/bin/python3.10 -m pipenv
[Bootstrap] Running '/usr/bin/python3.10 -m pipenv install --python 3.10' to ensure the existence of a virtual environment.
[Bootstrap] This may take a moment.
Installing dependencies from Pipfile.lock (df9bb1)...
To activate this project's virtualenv, run pipenv shell.
Alternatively, run a command inside the virtualenv with pipenv run.
[Bootstrap] Running the script in a virtual environment.
/usr/bin/python3.10 -m pipenv run python3 ./main.py

[2024-02-14 02:23:33.042718] === Welcome ===
[2024-02-14 02:23:33.126975] Please review the currently saved information about your team:
[2024-02-14 02:23:33.127028]  1 - First name: Linda Septira; Last name: Andryani; Matriculation number: 5345375
[2024-02-14 02:23:33.127039]  2 - First name: Yohanes Ranandika; Last name: Kirana; Matriculation number: 5310931
[2024-02-14 02:23:34.736693] 
[2024-02-14 02:23:37.890960] 
[2024-02-14 02:23:37.891102] === Submitting ===
[2024-02-14 02:23:39.257548] 
[2024-02-14 02:23:39.258264] 
[2024-02-14 02:23:39.258329] Selected variant 'Java SPL Compiler' for assignment 'Aufgabe-2'.
[2024-02-14 02:23:39.333631] === Building submission ===
[2024-02-14 02:23:39.333711] Running 'mvn clean compile'.
[2024-02-14 02:23:39.333744] === Building submission finished ===
[2024-02-14 02:23:40.963040] Building your solution failed!
[2024-02-14 02:23:45.264361] === BEGIN Build Log ===
[2024-02-14 02:23:45.264399] [[1;34mINFO[m] Scanning for projects...
[[1;34mINFO[m] 
[[1;34mINFO[m] [1m--------------< [0;36mde.thm.mni.compilerbau.spl-reference:spl[0;1m >--------------[m
[[1;34mINFO[m] [1mBuilding spl 0.1[m
[[1;34mINFO[m] [1m--------------------------------[ jar ]---------------------------------[m
[[1;34mINFO[m] 
[[1;34mINFO[m] [1m--- [0;32mmaven-clean-plugin:2.5:clean[m [1m(default-clean)[m @ [36mspl[0;1m ---[m
[[1;34mINFO[m] Deleting /tmp/tmpxnmqykws/java/target
[[1;34mINFO[m] 
[[1;34mINFO[m] [1m--- [0;32mjflex-maven-plugin:1.7.0:generate[m [1m(default)[m @ [36mspl[0;1m ---[m
[[1;34mINFO[m]   generated /tmp/tmpxnmqykws/java/target/generated-sources/jflex/de/thm/mni/compilerbau/phases/_01_scanner/Scanner.java
[[1;34mINFO[m] 
[[1;34mINFO[m] [1m--- [0;32mcup-maven-plugin:11b-20160615:generate[m [1m(default)[m @ [36mspl[0;1m ---[m
Warning : Non terminal "EmptyStmt" was declared but never used
Warning : *** Shift/Reduce conflict found in state #94
  between IfStmt ::= IF LPAREN Expr RPAREN Statement (*) 
  and     IfStmt ::= IF LPAREN Expr RPAREN Statement (*) ELSE Statement 
  under symbol ELSE
  Resolved in favor of shifting.

[[1;34mINFO[m]   generated /tmp/tmpxnmqykws/java/target/generated-sources/cup/de/thm/mni/compilerbau/phases/_02_03_parser/Parser.java
[[1;34mINFO[m]   generated /tmp/tmpxnmqykws/java/target/generated-sources/cup/de/thm/mni/compilerbau/phases/_02_03_parser/Sym.java
[[1;34mINFO[m] 
[[1;34mINFO[m] [1m--- [0;32mmaven-resources-plugin:2.6:resources[m [1m(default-resources)[m @ [36mspl[0;1m ---[m
[[1;34mINFO[m] Using 'UTF-8' encoding to copy filtered resources.
[[1;34mINFO[m] skip non existing resourceDirectory /tmp/tmpxnmqykws/java/src/main/resources
[[1;34mINFO[m] 
[[1;34mINFO[m] [1m--- [0;32mmaven-compiler-plugin:3.10.1:compile[m [1m(default-compile)[m @ [36mspl[0;1m ---[m
[[1;34mINFO[m] Changes detected - recompiling the module!
[[1;34mINFO[m] Compiling 57 source files to /tmp/tmpxnmqykws/java/target/classes
[[1;34mINFO[m] [1m------------------------------------------------------------------------[m
[[1;34mINFO[m] [1;31mBUILD FAILURE[m
[[1;34mINFO[m] [1m------------------------------------------------------------------------[m
[[1;34mINFO[m] Total time:  0.789 s
[[1;34mINFO[m] Finished at: 2024-02-14T02:23:40+01:00
[[1;34mINFO[m] [1m------------------------------------------------------------------------[m
[[1;31mERROR[m] Failed to execute goal [32morg.apache.maven.plugins:maven-compiler-plugin:3.10.1:compile[m [1m(default-compile)[m on project [36mspl[m: [1;31mFatal error compiling[m: error: invalid target release: 21 -> [1m[Help 1][m
[[1;31mERROR[m] 
[[1;31mERROR[m] To see the full stack trace of the errors, re-run Maven with the [1m-e[m switch.
[[1;31mERROR[m] Re-run Maven using the [1m-X[m switch to enable full debug logging.
[[1;31mERROR[m] 
[[1;31mERROR[m] For more information about the errors and possible solutions, please read the following articles:
[[1;31mERROR[m] [1m[Help 1][m http://cwiki.apache.org/confluence/display/MAVEN/MojoExecutionException

[2024-02-14 02:23:45.264421] === END Build Log ===
[2024-02-14 02:23:46.783347] === Cleaning directory for submission ===
[2024-02-14 02:23:46.798913] === Cleaning directory finished ===
[2024-02-14 02:23:46.896053] === Starting Upload ===
[2024-02-14 02:23:47.216200] === Upload finished ===
[2024-02-14 02:23:47.216215] === BEGIN Upload Log
[2024-02-14 02:23:47.216221] [2024-02-14 02:23:49.170787] Received submission c3d8e568-edf4-41b5-b333-ae09005db717
[2024-02-14 02:23:49.171294] Ip: 10.196.116.88
[2024-02-14 02:23:49.171562] Team members: [('Andryani', 'Linda Septira', '5345375'), ('Kirana', 'Yohanes Ranandika', '5310931')]
[2024-02-14 02:23:49.351347] Your submission was ACCEPTED for course 'Compilerbau-ws23', assignment 'Aufgabe-2'.
[2024-02-14 02:23:49.351702] Your submission has the id c3d8e568-edf4-41b5-b333-ae09005db717.
[2024-02-14 02:23:49.352184] It will be evaluated shortly. Please check back soon for your results.

[2024-02-14 02:23:47.216226] === END Upload Log
[2024-02-14 02:23:47.216231] Successfully submitted your solution. Please see the upload log above for more details.
[2024-02-14 02:23:47.216495] Polling for results (Press CTRL + C to abort).
[2024-02-14 02:23:47.297795] .
[2024-02-14 02:23:48.386738] .
[2024-02-14 02:23:49.478677] .
[2024-02-14 02:23:50.569391] .
[2024-02-14 02:23:51.660826] .
[2024-02-14 02:23:52.750899] .
[2024-02-14 02:23:53.841566] .
[2024-02-14 02:23:54.928573] .
[2024-02-14 02:23:56.010662] .
[2024-02-14 02:23:57.095464] .
[2024-02-14 02:23:58.228076] .
[2024-02-14 02:23:59.316768] .
[2024-02-14 02:24:00.404563] .
[2024-02-14 02:24:01.489291] .
[2024-02-14 02:24:02.572721] .
[2024-02-14 02:24:03.657890] .
[2024-02-14 02:24:04.742221] .
[2024-02-14 02:24:05.909798] 
=== Evaluation results for submission 'c3d8e568-edf4-41b5-b333-ae09005db717' retrieved. ===
[2024-02-14 02:24:05.909817] You achieved the score 0/0 (0%).
[2024-02-14 02:24:05.909823] You have NOT PASSED this assignment.
[2024-02-14 02:25:22.284370] NOTE: This evaluation log is also available at '/home/yranandika/Documents/Semester7/Compilerbau/cb-wise-2324/Skeleton Java/.submitscript/data/assignments/Aufgabe-2/submissions/[evaluated] c3d8e568-edf4-41b5-b333-ae09005db717/evaluation.log'
[2024-02-14 02:25:22.284533] 
[2024-02-14 02:25:23.795916] 
[2024-02-14 02:25:23.795947] === Submitting ===
[2024-02-14 02:25:25.800087] 
[2024-02-14 02:25:25.800787] 
[2024-02-14 02:25:25.800853] Selected variant 'Java SPL Compiler' for assignment 'Aufgabe-2'.
[2024-02-14 02:25:25.856636] === Building submission ===
[2024-02-14 02:25:25.856717] Running 'mvn clean compile'.
[2024-02-14 02:25:25.856749] === Building submission finished ===
[2024-02-14 02:25:27.539996] Building your solution failed!
[2024-02-14 02:25:33.863946] === BEGIN Build Log ===
[2024-02-14 02:25:33.864093] [[1;34mINFO[m] Scanning for projects...
[[1;34mINFO[m] 
[[1;34mINFO[m] [1m--------------< [0;36mde.thm.mni.compilerbau.spl-reference:spl[0;1m >--------------[m
[[1;34mINFO[m] [1mBuilding spl 0.1[m
[[1;34mINFO[m] [1m--------------------------------[ jar ]---------------------------------[m
[[1;34mINFO[m] 
[[1;34mINFO[m] [1m--- [0;32mmaven-clean-plugin:2.5:clean[m [1m(default-clean)[m @ [36mspl[0;1m ---[m
[[1;34mINFO[m] Deleting /tmp/tmpy99msczw/java/target
[[1;34mINFO[m] 
[[1;34mINFO[m] [1m--- [0;32mjflex-maven-plugin:1.7.0:generate[m [1m(default)[m @ [36mspl[0;1m ---[m
[[1;34mINFO[m]   generated /tmp/tmpy99msczw/java/target/generated-sources/jflex/de/thm/mni/compilerbau/phases/_01_scanner/Scanner.java
[[1;34mINFO[m] 
[[1;34mINFO[m] [1m--- [0;32mcup-maven-plugin:11b-20160615:generate[m [1m(default)[m @ [36mspl[0;1m ---[m
Warning : Non terminal "EmptyStmt" was declared but never used
Warning : *** Shift/Reduce conflict found in state #94
  between IfStmt ::= IF LPAREN Expr RPAREN Statement (*) 
  and     IfStmt ::= IF LPAREN Expr RPAREN Statement (*) ELSE Statement 
  under symbol ELSE
  Resolved in favor of shifting.

[[1;34mINFO[m]   generated /tmp/tmpy99msczw/java/target/generated-sources/cup/de/thm/mni/compilerbau/phases/_02_03_parser/Parser.java
[[1;34mINFO[m]   generated /tmp/tmpy99msczw/java/target/generated-sources/cup/de/thm/mni/compilerbau/phases/_02_03_parser/Sym.java
[[1;34mINFO[m] 
[[1;34mINFO[m] [1m--- [0;32mmaven-resources-plugin:2.6:resources[m [1m(default-resources)[m @ [36mspl[0;1m ---[m
[[1;34mINFO[m] Using 'UTF-8' encoding to copy filtered resources.
[[1;34mINFO[m] skip non existing resourceDirectory /tmp/tmpy99msczw/java/src/main/resources
[[1;34mINFO[m] 
[[1;34mINFO[m] [1m--- [0;32mmaven-compiler-plugin:3.10.1:compile[m [1m(default-compile)[m @ [36mspl[0;1m ---[m
[[1;34mINFO[m] Changes detected - recompiling the module!
[[1;34mINFO[m] Compiling 57 source files to /tmp/tmpy99msczw/java/target/classes
[[1;34mINFO[m] [1m------------------------------------------------------------------------[m
[[1;34mINFO[m] [1;31mBUILD FAILURE[m
[[1;34mINFO[m] [1m------------------------------------------------------------------------[m
[[1;34mINFO[m] Total time:  0.831 s
[[1;34mINFO[m] Finished at: 2024-02-14T02:25:27+01:00
[[1;34mINFO[m] [1m------------------------------------------------------------------------[m
[[1;31mERROR[m] Failed to execute goal [32morg.apache.maven.plugins:maven-compiler-plugin:3.10.1:compile[m [1m(default-compile)[m on project [36mspl[m: [1;31mFatal error compiling[m: error: invalid target release: 21 -> [1m[Help 1][m
[[1;31mERROR[m] 
[[1;31mERROR[m] To see the full stack trace of the errors, re-run Maven with the [1m-e[m switch.
[[1;31mERROR[m] Re-run Maven using the [1m-X[m switch to enable full debug logging.
[[1;31mERROR[m] 
[[1;31mERROR[m] For more information about the errors and possible solutions, please read the following articles:
[[1;31mERROR[m] [1m[Help 1][m http://cwiki.apache.org/confluence/display/MAVEN/MojoExecutionException

[2024-02-14 02:25:33.864172] === END Build Log ===
[2024-02-14 02:25:36.955210] === Cleaning directory for submission ===
[2024-02-14 02:25:36.968213] === Cleaning directory finished ===
[2024-02-14 02:25:37.060341] === Starting Upload ===
[2024-02-14 02:25:37.504753] === Upload finished ===
[2024-02-14 02:25:37.504821] === BEGIN Upload Log
[2024-02-14 02:25:37.504856] [2024-02-14 02:25:39.336871] Received submission 28889ea4-b894-4590-8982-62647e5786e3
[2024-02-14 02:25:39.337381] Ip: 10.196.116.88
[2024-02-14 02:25:39.337635] Team members: [('Andryani', 'Linda Septira', '5345375'), ('Kirana', 'Yohanes Ranandika', '5310931')]
[2024-02-14 02:25:39.573742] Your submission was ACCEPTED for course 'Compilerbau-ws23', assignment 'Aufgabe-2'.
[2024-02-14 02:25:39.574172] Your submission has the id 28889ea4-b894-4590-8982-62647e5786e3.
[2024-02-14 02:25:39.574747] It will be evaluated shortly. Please check back soon for your results.

[2024-02-14 02:25:37.504885] === END Upload Log
[2024-02-14 02:25:37.504911] Successfully submitted your solution. Please see the upload log above for more details.
[2024-02-14 02:25:37.506625] Polling for results (Press CTRL + C to abort).
[2024-02-14 02:25:37.592321] .
[2024-02-14 02:25:38.685188] .
[2024-02-14 02:25:39.777293] .
[2024-02-14 02:25:40.868827] .
[2024-02-14 02:25:41.958764] .
[2024-02-14 02:25:43.057974] .
[2024-02-14 02:25:44.153272] .
[2024-02-14 02:25:45.243225] .
[2024-02-14 02:25:46.335466] .
[2024-02-14 02:25:47.425162] .
[2024-02-14 02:25:48.518655] .
[2024-02-14 02:25:49.609088] .
[2024-02-14 02:25:50.699723] .
[2024-02-14 02:25:51.789742] .
[2024-02-14 02:25:52.882607] .
[2024-02-14 02:25:53.972295] .
[2024-02-14 02:25:55.070560] .
[2024-02-14 02:25:56.249402] 
=== Evaluation results for submission '28889ea4-b894-4590-8982-62647e5786e3' retrieved. ===
[2024-02-14 02:25:56.249492] You achieved the score 0/0 (0%).
[2024-02-14 02:25:56.249531] You have NOT PASSED this assignment.
[2024-02-14 02:26:02.692946] === BEGIN Evaluation Log
[2024-02-14 02:26:02.693058] [2024-02-14 02:25:39.575919] Start of evaluation log for submission '28889ea4-b894-4590-8982-62647e5786e3'.
[2024-02-14 02:25:39.576270] Team member: ('Andryani', 'Linda Septira', '5345375')
[2024-02-14 02:25:39.576496] Team member: ('Kirana', 'Yohanes Ranandika', '5310931')
[2024-02-14 02:25:39.595591] Preparing the sandbox
[2024-02-14 02:25:40.291493] Unpacking submission in sandbox
[2024-02-14 02:25:40.720619] Building the test subject
[2024-02-14 02:25:40.720895] Identified the Java variant.
[2024-02-14 02:25:40.862066] Building Java solution with maven.
[2024-02-14 02:25:47.044001] Maven log:
[INFO] Scanning for projects...
[INFO] 
[INFO] --------------< de.thm.mni.compilerbau.spl-reference:spl >--------------
[INFO] Building spl 0.1
[INFO] --------------------------------[ jar ]---------------------------------
[INFO] 
[INFO] --- jflex-maven-plugin:1.7.0:generate (default) @ spl ---
[INFO]   generated /home/solution/java/target/generated-sources/jflex/de/thm/mni/compilerbau/phases/_01_scanner/Scanner.java
[INFO] 
[INFO] --- cup-maven-plugin:11b-20160615:generate (default) @ spl ---
Warning : Non terminal "EmptyStmt" was declared but never used
Warning : *** Shift/Reduce conflict found in state #94
  between IfStmt ::= IF LPAREN Expr RPAREN Statement (*) 
  and     IfStmt ::= IF LPAREN Expr RPAREN Statement (*) ELSE Statement 
  under symbol ELSE
  Resolved in favor of shifting.

[INFO]   generated /home/solution/java/target/generated-sources/cup/de/thm/mni/compilerbau/phases/_02_03_parser/Parser.java
[INFO]   generated /home/solution/java/target/generated-sources/cup/de/thm/mni/compilerbau/phases/_02_03_parser/Sym.java
[INFO] 
[INFO] --- maven-resources-plugin:2.6:resources (default-resources) @ spl ---
[INFO] Using 'UTF-8' encoding to copy filtered resources.
[INFO] skip non existing resourceDirectory /home/solution/java/src/main/resources
[INFO] 
[INFO] --- maven-compiler-plugin:3.10.1:compile (default-compile) @ spl ---
[INFO] Changes detected - recompiling the module!
[INFO] Compiling 57 source files to /home/solution/java/target/classes
[INFO] -------------------------------------------------------------
[ERROR] COMPILATION ERROR : 
[INFO] -------------------------------------------------------------
[ERROR] /home/solution/java/src/main/java/de/thm/mni/compilerbau/phases/_06_codegen/CodeGenerator.java:[143,34] ';' expected
[ERROR] /home/solution/java/src/main/java/de/thm/mni/compilerbau/phases/_06_codegen/CodeGenerator.java:[143,51] not a statement
[ERROR] /home/solution/java/src/main/java/de/thm/mni/compilerbau/phases/_06_codegen/CodeGenerator.java:[143,60] ';' expected
[ERROR] /home/solution/java/src/main/java/de/thm/mni/compilerbau/phases/_06_codegen/CodeGenerator.java:[143,62] not a statement
[ERROR] /home/solution/java/src/main/java/de/thm/mni/compilerbau/phases/_06_codegen/CodeGenerator.java:[143,70] ';' expected
[INFO] 5 errors 
[INFO] -------------------------------------------------------------
[INFO] ------------------------------------------------------------------------
[INFO] BUILD FAILURE
[INFO] ------------------------------------------------------------------------
[INFO] Total time:  3.530 s
[INFO] Finished at: 2024-02-14T01:25:46Z
[INFO] ------------------------------------------------------------------------
[ERROR] Failed to execute goal org.apache.maven.plugins:maven-compiler-plugin:3.10.1:compile (default-compile) on project spl: Compilation failure: Compilation failure: 
[ERROR] /home/solution/java/src/main/java/de/thm/mni/compilerbau/phases/_06_codegen/CodeGenerator.java:[143,34] ';' expected
[ERROR] /home/solution/java/src/main/java/de/thm/mni/compilerbau/phases/_06_codegen/CodeGenerator.java:[143,51] not a statement
[ERROR] /home/solution/java/src/main/java/de/thm/mni/compilerbau/phases/_06_codegen/CodeGenerator.java:[143,60] ';' expected
[ERROR] /home/solution/java/src/main/java/de/thm/mni/compilerbau/phases/_06_codegen/CodeGenerator.java:[143,62] not a statement
[ERROR] /home/solution/java/src/main/java/de/thm/mni/compilerbau/phases/_06_codegen/CodeGenerator.java:[143,70] ';' expected
[ERROR] -> [Help 1]
[ERROR] 
[ERROR] To see the full stack trace of the errors, re-run Maven with the -e switch.
[ERROR] Re-run Maven using the -X switch to enable full debug logging.
[ERROR] 
[ERROR] For more information about the errors and possible solutions, please read the following articles:
[ERROR] [Help 1] http://cwiki.apache.org/confluence/display/MAVEN/MojoFailureException
[2024-02-14 02:25:47.044328] Error: 'mvn -B -Djar.finalName=spl -Dstyle.color=never package' failed (Exit code 1)!'
[2024-02-14 02:25:47.044344] Error: Building the solution failed.
[2024-02-14 02:25:47.044375] Building the test subject failed.
[2024-02-14 02:25:57.280358] You have NOT PASSED this assignment.
[2024-02-14 02:25:57.280667] You can try again. Deadline: 16.02.2024 23:59

[2024-02-14 02:26:02.693138] === END Evaluation Log
[2024-02-14 02:26:02.693213] NOTE: This evaluation log is also available at '/home/yranandika/Documents/Semester7/Compilerbau/cb-wise-2324/Skeleton Java/.submitscript/data/assignments/Aufgabe-2/submissions/[evaluated] 28889ea4-b894-4590-8982-62647e5786e3/evaluation.log'
[2024-02-14 02:26:02.693291] 
