[2023-11-27 10:26:23.129949] Bootstrap log:
Identified Python 3.10.12 at /usr/bin/python3.10
[Bootstrap] Identified pip 22.0.2 from /usr/lib/python3/dist-packages/pip (python 3.10)' at /usr/bin/python3.10 -m pip
[Bootstrap] Identified 'pipenv, version 2023.5.19' at /usr/bin/python3.10 -m pipenv
[Bootstrap] Running '/usr/bin/python3.10 -m pipenv install --python 3.10' to ensure the existence of a virtual environment.
[Bootstrap] This may take a moment.
Creating a virtualenv for this project...
Pipfile: /home/lindandryn/Documents/THM/6. Sem/cb-wise-2324/Skeleton Java/.submitscript/src/Pipfile
Using /usr/bin/python3 (3.10.12) to create virtualenv...
created virtual environment CPython3.10.12.final.0-64 in 1558ms
  creator CPython3Posix(dest=/home/lindandryn/.local/share/virtualenvs/src-apUphK9D, clear=False, no_vcs_ignore=False, global=False)
  seeder FromAppData(download=False, pip=bundle, setuptools=bundle, wheel=bundle, via=copy, app_data_dir=/home/lindandryn/.local/share/virtualenv)
    added seed packages: pip==23.3.1, setuptools==68.2.2, wheel==0.41.3
  activators BashActivator,CShellActivator,FishActivator,NushellActivator,PowerShellActivator,PythonActivator

âœ” Successfully created virtual environment!
Virtualenv location: /home/lindandryn/.local/share/virtualenvs/src-apUphK9D
Installing dependencies from Pipfile.lock (df9bb1)...
To activate this project's virtualenv, run pipenv shell.
Alternatively, run a command inside the virtualenv with pipenv run.
[Bootstrap] Running the script in a virtual environment.
/usr/bin/python3.10 -m pipenv run python3 ./main.py

[2023-11-27 10:26:23.130010] === Welcome ===
[2023-11-27 10:26:23.237206] There is no team.json saved yet. You will need to provide information about your team before you can submit solutions.
[2023-11-27 10:26:23.237260] A new team.json will now be created.

[2023-11-27 10:26:23.237290] Please enter details of team member 1.
[2023-11-27 10:26:40.687592] 
[2023-11-27 10:26:40.687699] First name: Linda Septira; Last name: Andryani; Matriculation number: 5345375
[2023-11-27 10:26:57.174051] Please enter details of team member 2.
[2023-11-27 10:27:25.406959] 
[2023-11-27 10:27:25.407066] First name: Yohanes Ranandika; Last name: Kirana; Matriculation number: 5310931
[2023-11-27 10:27:33.326828] team.json successfully created.

[2023-11-27 10:27:36.183385] 
[2023-11-27 10:27:36.183492] === Submitting ===
[2023-11-27 10:27:39.053923] 
[2023-11-27 10:27:39.054683] 
[2023-11-27 10:27:39.054748] Selected variant 'Java SPL Compiler' for assignment 'Aufgabe-1'.
[2023-11-27 10:27:39.427220] === Building submission ===
[2023-11-27 10:27:39.427307] Running 'mvn clean compile'.
[2023-11-27 10:27:39.427340] === Building submission finished ===
[2023-11-27 10:27:50.323441] Building your solution failed!
[2023-11-27 10:28:03.269968] === BEGIN Build Log ===
[2023-11-27 10:28:03.270040] [[1;34mINFO[m] Scanning for projects...
[[1;34mINFO[m] 
[[1;34mINFO[m] [1m--------------< [0;36mde.thm.mni.compilerbau.spl-reference:spl[0;1m >--------------[m
[[1;34mINFO[m] [1mBuilding spl 0.1[m
[[1;34mINFO[m] [1m--------------------------------[ jar ]---------------------------------[m
[[1;34mINFO[m] 
[[1;34mINFO[m] [1m--- [0;32mmaven-clean-plugin:2.5:clean[m [1m(default-clean)[m @ [36mspl[0;1m ---[m
[[1;34mINFO[m] Deleting /tmp/tmpjpw48_em/java/target
[[1;34mINFO[m] 
[[1;34mINFO[m] [1m--- [0;32mjflex-maven-plugin:1.7.0:generate[m [1m(default)[m @ [36mspl[0;1m ---[m
[[1;34mINFO[m]   generated /tmp/tmpjpw48_em/java/target/generated-sources/jflex/de/thm/mni/compilerbau/phases/_01_scanner/Scanner.java
[[1;34mINFO[m] 
[[1;34mINFO[m] [1m--- [0;32mcup-maven-plugin:11b-20160615:generate[m [1m(default)[m @ [36mspl[0;1m ---[m
Warning : Non terminal "EmptyStmt" was declared but never used
Warning : *** Shift/Reduce conflict found in state #94
  between IfStmt ::= IF LPAREN Expr RPAREN Statement (*) 
  and     IfStmt ::= IF LPAREN Expr RPAREN Statement (*) ELSE Statement 
  under symbol ELSE
  Resolved in favor of shifting.

[[1;34mINFO[m]   generated /tmp/tmpjpw48_em/java/target/generated-sources/cup/de/thm/mni/compilerbau/phases/_02_03_parser/Parser.java
[[1;34mINFO[m]   generated /tmp/tmpjpw48_em/java/target/generated-sources/cup/de/thm/mni/compilerbau/phases/_02_03_parser/Sym.java
[[1;34mINFO[m] 
[[1;34mINFO[m] [1m--- [0;32mmaven-resources-plugin:2.6:resources[m [1m(default-resources)[m @ [36mspl[0;1m ---[m
[[1;34mINFO[m] Using 'UTF-8' encoding to copy filtered resources.
[[1;34mINFO[m] skip non existing resourceDirectory /tmp/tmpjpw48_em/java/src/main/resources
[[1;34mINFO[m] 
[[1;34mINFO[m] [1m--- [0;32mmaven-compiler-plugin:3.10.1:compile[m [1m(default-compile)[m @ [36mspl[0;1m ---[m
[[1;34mINFO[m] Changes detected - recompiling the module!
[[1;34mINFO[m] Compiling 57 source files to /tmp/tmpjpw48_em/java/target/classes
[[1;34mINFO[m] [1m------------------------------------------------------------------------[m
[[1;34mINFO[m] [1;31mBUILD FAILURE[m
[[1;34mINFO[m] [1m------------------------------------------------------------------------[m
[[1;34mINFO[m] Total time:  4.767 s
[[1;34mINFO[m] Finished at: 2023-11-27T10:27:50+01:00
[[1;34mINFO[m] [1m------------------------------------------------------------------------[m
[[1;31mERROR[m] Failed to execute goal [32morg.apache.maven.plugins:maven-compiler-plugin:3.10.1:compile[m [1m(default-compile)[m on project [36mspl[m: [1;31mFatal error compiling[m: error: invalid target release: 21 -> [1m[Help 1][m
[[1;31mERROR[m] 
[[1;31mERROR[m] To see the full stack trace of the errors, re-run Maven with the [1m-e[m switch.
[[1;31mERROR[m] Re-run Maven using the [1m-X[m switch to enable full debug logging.
[[1;31mERROR[m] 
[[1;31mERROR[m] For more information about the errors and possible solutions, please read the following articles:
[[1;31mERROR[m] [1m[Help 1][m http://cwiki.apache.org/confluence/display/MAVEN/MojoExecutionException

[2023-11-27 10:28:03.270101] === END Build Log ===
[2023-11-27 10:28:10.219507] Aborting submission.
[2023-11-27 10:28:10.229878] 
[2023-11-27 10:28:13.252411] 
[2023-11-27 10:28:13.252509] === Submitting ===
[2023-11-27 10:28:15.218572] 
[2023-11-27 10:28:15.219314] 
[2023-11-27 10:28:15.219378] Selected variant 'Java SPL Compiler' for assignment 'Aufgabe-1'.
[2023-11-27 10:28:15.284452] === Building submission ===
[2023-11-27 10:28:15.284516] Running 'mvn clean compile'.
[2023-11-27 10:28:15.284541] === Building submission finished ===
[2023-11-27 10:28:19.201977] Building your solution failed!
[2023-11-27 10:28:33.143776] Aborting submission.
[2023-11-27 10:28:33.154026] 
