[2023-11-27 11:02:43.596535] Bootstrap log:
Identified Python 3.10.12 at /usr/bin/python3.10
[Bootstrap] Identified pip 22.0.2 from /usr/lib/python3/dist-packages/pip (python 3.10)' at /usr/bin/python3.10 -m pip
[Bootstrap] Identified 'pipenv, version 2023.4.29' at /usr/bin/python3.10 -m pipenv
[Bootstrap] Running '/usr/bin/python3.10 -m pipenv install --python 3.10' to ensure the existence of a virtual environment.
[Bootstrap] This may take a moment.
Creating a virtualenv for this project...
Pipfile: /home/yranandika/Documents/Semester7/Compilerbau/cb-wise-2324/Skeleton Java/.submitscript/src/Pipfile
Using /usr/bin/python3 (3.10.12) to create virtualenv...
created virtual environment CPython3.10.12.final.0-64 in 495ms
  creator CPython3Posix(dest=/home/yranandika/.local/share/virtualenvs/src-rLvRMfgZ, clear=False, no_vcs_ignore=False, global=False)
  seeder FromAppData(download=False, pip=bundle, setuptools=bundle, wheel=bundle, via=copy, app_data_dir=/home/yranandika/.local/share/virtualenv)
    added seed packages: pip==23.1.2, setuptools==68.0.0, wheel==0.40.0
  activators BashActivator,CShellActivator,FishActivator,NushellActivator,PowerShellActivator,PythonActivator

âœ” Successfully created virtual environment!
Virtualenv location: /home/yranandika/.local/share/virtualenvs/src-rLvRMfgZ
Installing dependencies from Pipfile.lock (df9bb1)...
To activate this project's virtualenv, run pipenv shell.
Alternatively, run a command inside the virtualenv with pipenv run.
[Bootstrap] Running the script in a virtual environment.
/usr/bin/python3.10 -m pipenv run python3 ./main.py

[2023-11-27 11:02:43.596598] === Welcome ===
[2023-11-27 11:02:43.679565] There is no team.json saved yet. You will need to provide information about your team before you can submit solutions.
[2023-11-27 11:02:43.679598] A new team.json will now be created.

[2023-11-27 11:02:43.679612] Please enter details of team member 1.
[2023-11-27 11:03:20.462387] 
[2023-11-27 11:03:20.462508] First name: Linda Andryani; Last name: Septira; Matriculation number: 5345375
[2023-11-27 11:03:25.899293] Please enter details of team member 2.
[2023-11-27 11:03:37.230134] 
[2023-11-27 11:03:37.230250] First name: Yohanes Ranandika; Last name: Kirana; Matriculation number: 5310931
[2023-11-27 11:03:39.136985] team.json successfully created.

[2023-11-27 11:03:41.029162] 
[2023-11-27 11:03:41.029275] === Submitting ===
[2023-11-27 11:03:42.468615] 
[2023-11-27 11:03:42.468818] 
[2023-11-27 11:03:42.468832] Selected variant 'Java SPL Compiler' for assignment 'Aufgabe-1'.
[2023-11-27 11:03:42.503270] === Building submission ===
[2023-11-27 11:03:42.503300] Running 'mvn clean compile'.
[2023-11-27 11:03:42.503311] === Building submission finished ===
[2023-11-27 11:03:45.041917] Building your solution failed!
[2023-11-27 11:03:48.376291] === BEGIN Build Log ===
[2023-11-27 11:03:48.376402] [[1;34mINFO[m] Scanning for projects...
[[1;34mINFO[m] 
[[1;34mINFO[m] [1m--------------< [0;36mde.thm.mni.compilerbau.spl-reference:spl[0;1m >--------------[m
[[1;34mINFO[m] [1mBuilding spl 0.1[m
[[1;34mINFO[m] [1m--------------------------------[ jar ]---------------------------------[m
[[1;34mINFO[m] 
[[1;34mINFO[m] [1m--- [0;32mmaven-clean-plugin:2.5:clean[m [1m(default-clean)[m @ [36mspl[0;1m ---[m
[[1;34mINFO[m] Deleting /tmp/tmpcbw8szg_/java/target
[[1;34mINFO[m] 
[[1;34mINFO[m] [1m--- [0;32mjflex-maven-plugin:1.7.0:generate[m [1m(default)[m @ [36mspl[0;1m ---[m
[[1;34mINFO[m]   generated /tmp/tmpcbw8szg_/java/target/generated-sources/jflex/de/thm/mni/compilerbau/phases/_01_scanner/Scanner.java
[[1;34mINFO[m] 
[[1;34mINFO[m] [1m--- [0;32mcup-maven-plugin:11b-20160615:generate[m [1m(default)[m @ [36mspl[0;1m ---[m
Warning : Non terminal "EmptyStmt" was declared but never used
Warning : *** Shift/Reduce conflict found in state #94
  between IfStmt ::= IF LPAREN Expr RPAREN Statement (*) 
  and     IfStmt ::= IF LPAREN Expr RPAREN Statement (*) ELSE Statement 
  under symbol ELSE
  Resolved in favor of shifting.

[[1;34mINFO[m]   generated /tmp/tmpcbw8szg_/java/target/generated-sources/cup/de/thm/mni/compilerbau/phases/_02_03_parser/Parser.java
[[1;34mINFO[m]   generated /tmp/tmpcbw8szg_/java/target/generated-sources/cup/de/thm/mni/compilerbau/phases/_02_03_parser/Sym.java
[[1;34mINFO[m] 
[[1;34mINFO[m] [1m--- [0;32mmaven-resources-plugin:2.6:resources[m [1m(default-resources)[m @ [36mspl[0;1m ---[m
[[1;34mINFO[m] Using 'UTF-8' encoding to copy filtered resources.
[[1;34mINFO[m] skip non existing resourceDirectory /tmp/tmpcbw8szg_/java/src/main/resources
[[1;34mINFO[m] 
[[1;34mINFO[m] [1m--- [0;32mmaven-compiler-plugin:3.10.1:compile[m [1m(default-compile)[m @ [36mspl[0;1m ---[m
[[1;34mINFO[m] Changes detected - recompiling the module!
[[1;34mINFO[m] Compiling 57 source files to /tmp/tmpcbw8szg_/java/target/classes
[[1;34mINFO[m] [1m------------------------------------------------------------------------[m
[[1;34mINFO[m] [1;31mBUILD FAILURE[m
[[1;34mINFO[m] [1m------------------------------------------------------------------------[m
[[1;34mINFO[m] Total time:  1.114 s
[[1;34mINFO[m] Finished at: 2023-11-27T11:03:44+01:00
[[1;34mINFO[m] [1m------------------------------------------------------------------------[m
[[1;31mERROR[m] Failed to execute goal [32morg.apache.maven.plugins:maven-compiler-plugin:3.10.1:compile[m [1m(default-compile)[m on project [36mspl[m: [1;31mFatal error compiling[m: error: invalid target release: 21 -> [1m[Help 1][m
[[1;31mERROR[m] 
[[1;31mERROR[m] To see the full stack trace of the errors, re-run Maven with the [1m-e[m switch.
[[1;31mERROR[m] Re-run Maven using the [1m-X[m switch to enable full debug logging.
[[1;31mERROR[m] 
[[1;31mERROR[m] For more information about the errors and possible solutions, please read the following articles:
[[1;31mERROR[m] [1m[Help 1][m http://cwiki.apache.org/confluence/display/MAVEN/MojoExecutionException

[2023-11-27 11:03:48.376481] === END Build Log ===
