{
    "authors": [
        {
            "first_name": "Linda Septira",
            "last_name": "Andryani",
            "matriculation_number": "5345375"
        },
        {
            "first_name": "Yohanes Ranandika",
            "last_name": "Kirana",
            "matriculation_number": "5310931"
        }
    ],
    "evaluation_result": {
        "comment": null,
        "fixed": false,
        "log": "[2024-02-14 01:58:26.216003] Start of evaluation log for submission 'd9d538b3-f689-4f5c-b547-f0f7b6d30759'.\n[2024-02-14 01:58:26.216322] Team member: ('Andryani', 'Linda Septira', '5345375')\n[2024-02-14 01:58:26.216519] Team member: ('Kirana', 'Yohanes Ranandika', '5310931')\n[2024-02-14 01:58:26.238704] Preparing the sandbox\n[2024-02-14 01:58:26.993844] Unpacking submission in sandbox\n[2024-02-14 01:58:27.435559] Building the test subject\n[2024-02-14 01:58:27.435843] Identified the Java variant.\n[2024-02-14 01:58:27.578074] Building Java solution with maven.\n[2024-02-14 01:58:38.647708] Maven log:\n[INFO] Scanning for projects...\n[INFO] \n[INFO] --------------< de.thm.mni.compilerbau.spl-reference:spl >--------------\n[INFO] Building spl 0.1\n[INFO] --------------------------------[ jar ]---------------------------------\n[INFO] \n[INFO] --- jflex-maven-plugin:1.7.0:generate (default) @ spl ---\n[INFO]   generated /home/solution/java/target/generated-sources/jflex/de/thm/mni/compilerbau/phases/_01_scanner/Scanner.java\n[INFO] \n[INFO] --- cup-maven-plugin:11b-20160615:generate (default) @ spl ---\nWarning : Non terminal \"EmptyStmt\" was declared but never used\nWarning : *** Shift/Reduce conflict found in state #94\n  between IfStmt ::= IF LPAREN Expr RPAREN Statement (*) \n  and     IfStmt ::= IF LPAREN Expr RPAREN Statement (*) ELSE Statement \n  under symbol ELSE\n  Resolved in favor of shifting.\n\n[INFO]   generated /home/solution/java/target/generated-sources/cup/de/thm/mni/compilerbau/phases/_02_03_parser/Parser.java\n[INFO]   generated /home/solution/java/target/generated-sources/cup/de/thm/mni/compilerbau/phases/_02_03_parser/Sym.java\n[INFO] \n[INFO] --- maven-resources-plugin:2.6:resources (default-resources) @ spl ---\n[INFO] Using 'UTF-8' encoding to copy filtered resources.\n[INFO] skip non existing resourceDirectory /home/solution/java/src/main/resources\n[INFO] \n[INFO] --- maven-compiler-plugin:3.10.1:compile (default-compile) @ spl ---\n[INFO] Changes detected - recompiling the module!\n[INFO] Compiling 57 source files to /home/solution/java/target/classes\n[INFO] /home/solution/java/target/generated-sources/jflex/de/thm/mni/compilerbau/phases/_01_scanner/Scanner.java: /home/solution/java/target/generated-sources/jflex/de/thm/mni/compilerbau/phases/_01_scanner/Scanner.java uses or overrides a deprecated API that is marked for removal.\n[INFO] /home/solution/java/target/generated-sources/jflex/de/thm/mni/compilerbau/phases/_01_scanner/Scanner.java: Recompile with -Xlint:removal for details.\n[INFO] /home/solution/java/target/generated-sources/cup/de/thm/mni/compilerbau/phases/_02_03_parser/Parser.java: /home/solution/java/target/generated-sources/cup/de/thm/mni/compilerbau/phases/_02_03_parser/Parser.java uses unchecked or unsafe operations.\n[INFO] /home/solution/java/target/generated-sources/cup/de/thm/mni/compilerbau/phases/_02_03_parser/Parser.java: Recompile with -Xlint:unchecked for details.\n[INFO] \n[INFO] --- maven-resources-plugin:2.6:testResources (default-testResources) @ spl ---\n[INFO] Using 'UTF-8' encoding to copy filtered resources.\n[INFO] skip non existing resourceDirectory /home/solution/java/src/test/resources\n[INFO] \n[INFO] --- maven-compiler-plugin:3.10.1:testCompile (default-testCompile) @ spl ---\n[INFO] No sources to compile\n[INFO] \n[INFO] --- maven-surefire-plugin:2.12.4:test (default-test) @ spl ---\n[INFO] No tests to run.\n[INFO] \n[INFO] --- maven-jar-plugin:2.4:jar (default-jar) @ spl ---\n[INFO] Building jar: /home/solution/java/target/spl.jar\n[INFO] \n[INFO] --- maven-shade-plugin:3.1.0:shade (default) @ spl ---\n[INFO] Including com.github.vbmacher:java-cup-runtime:jar:11b-20160615 in the shaded jar.\n[INFO] Replacing original artifact with shaded artifact.\n[INFO] Replacing /home/solution/java/target/spl.jar with /home/solution/java/target/spl-0.1-shaded.jar\n[INFO] Dependency-reduced POM written at: /home/solution/java/dependency-reduced-pom.xml\n[INFO] ------------------------------------------------------------------------\n[INFO] BUILD SUCCESS\n[INFO] ------------------------------------------------------------------------\n[INFO] Total time:  8.328 s\n[INFO] Finished at: 2024-02-14T00:58:38Z\n[INFO] ------------------------------------------------------------------------\n[2024-02-14 01:58:38.785790] Beginning evaluation.\n[2024-02-14 01:58:38.785984] Evaluating 101_undefined_procedure.spl with the submitted solution.\n[2024-02-14 01:58:39.126366] Submission exited with exit code 1, which is not allowed. Allowed: [0, 99, 140, 100, 101, 102, 103, 104, 105, 106, 107, 108, 109, 110, 111, 112, 113, 114, 115, 116, 117, 118, 119, 120, 121, 122, 123, 124, 125, 126, 127]\n[2024-02-14 01:58:39.126423] Output (stdout + stderr) of 'java -jar /home/solution/java/target/spl.jar /home/tests/101_undefined_procedure.spl /home/temp/101_undefined_procedure.spl.s' (Limited to 50 lines/10000 characters):\nAn error occurred: Cannot read field \"parameterTypes\" because \"global\" is null\njava.lang.NullPointerException: Cannot read field \"parameterTypes\" because \"global\" is null\n\tat de.thm.mni.compilerbau.phases._04b_semant.ProcedureBodyChecker.checkStatement(ProcedureBodyChecker.java:191)\n\tat de.thm.mni.compilerbau.phases._04b_semant.ProcedureBodyChecker.checkStatement(ProcedureBodyChecker.java:81)\n\tat de.thm.mni.compilerbau.phases._04b_semant.ProcedureBodyChecker.checkProcedures(ProcedureBodyChecker.java:64)\n\tat de.thm.mni.compilerbau.Main.main(Main.java:85)\n[2024-02-14 01:58:39.126495] Test not passed.\n[2024-02-14 01:58:39.126510] Running Score: 0/1\n\n[2024-02-14 01:58:39.126533] Evaluating 101_undefined_type.spl with the submitted solution.\n[2024-02-14 01:58:39.514438] Test subject results match (Compiler Failure).\n[2024-02-14 01:58:39.514473] Exit code matches the expected exit code (101).\n[2024-02-14 01:58:39.514496] Test passed.\n[2024-02-14 01:58:39.514511] Running Score: 1/2\n\n[2024-02-14 01:58:39.514535] Evaluating 101_undefined_variable.spl with the submitted solution.\n[2024-02-14 01:58:39.924330] Test subject results match (Compiler Failure).\n[2024-02-14 01:58:39.924364] Exit code matches the expected exit code (101).\n[2024-02-14 01:58:39.924386] Test passed.\n[2024-02-14 01:58:39.924402] Running Score: 2/3\n\n[2024-02-14 01:58:39.924426] Evaluating 102_not_a_type.spl with the submitted solution.\n[2024-02-14 01:58:40.299645] Test subject results match (Compiler Failure).\n[2024-02-14 01:58:40.299679] Exit codes do not match. Expected '102', but got '101'.\n[2024-02-14 01:58:40.299712] Output (stdout + stderr) of 'java -jar /home/solution/java/target/spl.jar /home/tests/102_not_a_type.spl /home/temp/102_not_a_type.spl.s' (Limited to 50 lines/10000 characters):\nAn error occurred at Line 2, Column 10:\nIdentifier 'A' is not defined.\n[2024-02-14 01:58:40.299747] Test not passed.\n[2024-02-14 01:58:40.299762] Running Score: 2/4\n\n[2024-02-14 01:58:40.299786] Evaluating 103_redefinition_as_parameter.spl with the submitted solution.\n[2024-02-14 01:58:42.039339] Results do not match. Expected Compiler Failure(103), but got Success(0).\n[2024-02-14 01:58:42.039413] Output (stdout) of 'xvfb-run -a /home/tools/sim -x -l /home/temp/103_redefinition_as_parameter.spl.bin -s 1 -t 0' (Limited to 50 lines/10000 characters):\nSPL/RTS: main() started\n\nSPL/RTS: main() finished\n[2024-02-14 01:58:42.039457] Test not passed.\n[2024-02-14 01:58:42.039473] Running Score: 2/5\n\n[2024-02-14 01:58:42.039498] Evaluating 103_redefinition_as_procedure.spl with the submitted solution.\n[2024-02-14 01:58:42.629790] Toolchain resulted in 'Assembler Failure', which is not supposed to happen for working solutions. The associated log is listed below.\n[2024-02-14 01:58:42.629833] Output (stdout + stderr) of '/home/tools/as -o /home/temp/103_redefinition_as_procedure.spl.o /home/temp/103_redefinition_as_procedure.spl.s' (Limited to 50 lines/10000 characters):\nError: exported symbol 'f' multiply defined in line 27\n[2024-02-14 01:58:42.629865] Test not passed.\n[2024-02-14 01:58:42.629913] Running Score: 2/6\n\n[2024-02-14 01:58:42.629954] Evaluating 103_redefinition_as_type.spl with the submitted solution.\n[2024-02-14 01:58:43.897112] Results do not match. Expected Compiler Failure(103), but got Success(0).\n[2024-02-14 01:58:43.897149] Output (stdout) of 'xvfb-run -a /home/tools/sim -x -l /home/temp/103_redefinition_as_type.spl.bin -s 1 -t 0' (Limited to 50 lines/10000 characters):\nSPL/RTS: main() started\n\nSPL/RTS: main() finished\n[2024-02-14 01:58:43.897178] Test not passed.\n[2024-02-14 01:58:43.897187] Running Score: 2/7\n\n[2024-02-14 01:58:43.897201] Evaluating 103_redefinition_as_variable.spl with the submitted solution.\n[2024-02-14 01:58:44.277497] Test subject results match (Compiler Failure).\n[2024-02-14 01:58:44.277540] Exit code matches the expected exit code (103).\n[2024-02-14 01:58:44.277562] Test passed.\n[2024-02-14 01:58:44.277577] Running Score: 3/8\n\n[2024-02-14 01:58:44.277599] Evaluating 104_must_be_reference_parameter.spl with the submitted solution.\n[2024-02-14 01:58:44.659013] Test subject results match (Compiler Failure).\n[2024-02-14 01:58:44.659060] Exit code matches the expected exit code (104).\n[2024-02-14 01:58:44.659084] Test passed.\n[2024-02-14 01:58:44.659099] Running Score: 4/9\n\n[2024-02-14 01:58:44.659124] Evaluating 113_call_of_non_procedure.spl with the submitted solution.\n[2024-02-14 01:58:45.005901] Submission exited with exit code 1, which is not allowed. Allowed: [0, 99, 140, 100, 101, 102, 103, 104, 105, 106, 107, 108, 109, 110, 111, 112, 113, 114, 115, 116, 117, 118, 119, 120, 121, 122, 123, 124, 125, 126, 127]\n[2024-02-14 01:58:45.005950] Output (stdout + stderr) of 'java -jar /home/solution/java/target/spl.jar /home/tests/113_call_of_non_procedure.spl /home/temp/113_call_of_non_procedure.spl.s' (Limited to 50 lines/10000 characters):\nAn error occurred: class de.thm.mni.compilerbau.table.TypeEntry cannot be cast to class de.thm.mni.compilerbau.table.ProcedureEntry (de.thm.mni.compilerbau.table.TypeEntry and de.thm.mni.compilerbau.table.ProcedureEntry are in unnamed module of loader 'app')\njava.lang.ClassCastException: class de.thm.mni.compilerbau.table.TypeEntry cannot be cast to class de.thm.mni.compilerbau.table.ProcedureEntry (de.thm.mni.compilerbau.table.TypeEntry and de.thm.mni.compilerbau.table.ProcedureEntry are in unnamed module of loader 'app')\n\tat de.thm.mni.compilerbau.phases._04b_semant.ProcedureBodyChecker.checkStatement(ProcedureBodyChecker.java:191)\n\tat de.thm.mni.compilerbau.phases._04b_semant.ProcedureBodyChecker.checkStatement(ProcedureBodyChecker.java:81)\n\tat de.thm.mni.compilerbau.phases._04b_semant.ProcedureBodyChecker.checkProcedures(ProcedureBodyChecker.java:64)\n\tat de.thm.mni.compilerbau.Main.main(Main.java:85)\n[2024-02-14 01:58:45.006024] Test not passed.\n[2024-02-14 01:58:45.006040] Running Score: 4/10\n\n[2024-02-14 01:58:45.006064] Evaluating 114_argument_type_mismatch.spl with the submitted solution.\n[2024-02-14 01:58:45.405612] Test subject results match (Compiler Failure).\n[2024-02-14 01:58:45.405650] Exit code matches the expected exit code (114).\n[2024-02-14 01:58:45.405672] Test passed.\n[2024-02-14 01:58:45.405686] Running Score: 5/11\n\n[2024-02-14 01:58:45.405710] Evaluating 115_argument_must_be_variable.spl with the submitted solution.\n[2024-02-14 01:58:45.810428] Test subject results match (Compiler Failure).\n[2024-02-14 01:58:45.810463] Exit code matches the expected exit code (115).\n[2024-02-14 01:58:45.810485] Test passed.\n[2024-02-14 01:58:45.810501] Running Score: 6/12\n\n[2024-02-14 01:58:45.810526] Evaluating 116_procedure_too_few_arguments.spl with the submitted solution.\n[2024-02-14 01:58:46.276436] Test subject results match (Compiler Failure).\n[2024-02-14 01:58:46.276470] Exit code matches the expected exit code (116).\n[2024-02-14 01:58:46.276494] Test passed.\n[2024-02-14 01:58:46.276510] Running Score: 7/13\n\n[2024-02-14 01:58:46.276534] Evaluating 116_procedure_too_many_arguments.spl with the submitted solution.\n[2024-02-14 01:58:46.674342] Test subject results match (Compiler Failure).\n[2024-02-14 01:58:46.674376] Exit code matches the expected exit code (116).\n[2024-02-14 01:58:46.674398] Test passed.\n[2024-02-14 01:58:46.674414] Running Score: 8/14\n\n[2024-02-14 01:58:46.674438] Evaluating 122_not_a_variable.spl with the submitted solution.\n[2024-02-14 01:58:47.022362] Submission exited with exit code 1, which is not allowed. Allowed: [0, 99, 140, 100, 101, 102, 103, 104, 105, 106, 107, 108, 109, 110, 111, 112, 113, 114, 115, 116, 117, 118, 119, 120, 121, 122, 123, 124, 125, 126, 127]\n[2024-02-14 01:58:47.022411] Output (stdout + stderr) of 'java -jar /home/solution/java/target/spl.jar /home/tests/122_not_a_variable.spl /home/temp/122_not_a_variable.spl.s' (Limited to 50 lines/10000 characters):\nAn error occurred: class de.thm.mni.compilerbau.table.ProcedureEntry cannot be cast to class de.thm.mni.compilerbau.table.VariableEntry (de.thm.mni.compilerbau.table.ProcedureEntry and de.thm.mni.compilerbau.table.VariableEntry are in unnamed module of loader 'app')\njava.lang.ClassCastException: class de.thm.mni.compilerbau.table.ProcedureEntry cannot be cast to class de.thm.mni.compilerbau.table.VariableEntry (de.thm.mni.compilerbau.table.ProcedureEntry and de.thm.mni.compilerbau.table.VariableEntry are in unnamed module of loader 'app')\n\tat de.thm.mni.compilerbau.phases._04b_semant.ProcedureBodyChecker.checkStatement(ProcedureBodyChecker.java:108)\n\tat de.thm.mni.compilerbau.phases._04b_semant.ProcedureBodyChecker.checkStatement(ProcedureBodyChecker.java:78)\n\tat de.thm.mni.compilerbau.phases._04b_semant.ProcedureBodyChecker.checkProcedures(ProcedureBodyChecker.java:64)\n\tat de.thm.mni.compilerbau.Main.main(Main.java:85)\n[2024-02-14 01:58:47.022484] Test not passed.\n[2024-02-14 01:58:47.022499] Running Score: 8/15\n\n[2024-02-14 01:58:47.022523] Evaluating 123_indexing_non_array.spl with the submitted solution.\n[2024-02-14 01:58:47.461547] Submission exited with exit code 1, which is not allowed. Allowed: [0, 99, 140, 100, 101, 102, 103, 104, 105, 106, 107, 108, 109, 110, 111, 112, 113, 114, 115, 116, 117, 118, 119, 120, 121, 122, 123, 124, 125, 126, 127]\n[2024-02-14 01:58:47.461620] Output (stdout + stderr) of 'java -jar /home/solution/java/target/spl.jar /home/tests/123_indexing_non_array.spl /home/temp/123_indexing_non_array.spl.s' (Limited to 50 lines/10000 characters):\nAn error occurred: class de.thm.mni.compilerbau.types.PrimitiveType cannot be cast to class de.thm.mni.compilerbau.types.ArrayType (de.thm.mni.compilerbau.types.PrimitiveType and de.thm.mni.compilerbau.types.ArrayType are in unnamed module of loader 'app')\njava.lang.ClassCastException: class de.thm.mni.compilerbau.types.PrimitiveType cannot be cast to class de.thm.mni.compilerbau.types.ArrayType (de.thm.mni.compilerbau.types.PrimitiveType and de.thm.mni.compilerbau.types.ArrayType are in unnamed module of loader 'app')\n\tat de.thm.mni.compilerbau.phases._06_codegen.CodeGenerator.genStatement(CodeGenerator.java:114)\n\tat de.thm.mni.compilerbau.phases._06_codegen.CodeGenerator.generateCode(CodeGenerator.java:59)\n\tat de.thm.mni.compilerbau.Main.main(Main.java:95)\n[2024-02-14 01:58:47.461706] Test not passed.\n[2024-02-14 01:58:47.461725] Running Score: 8/16\n\n[2024-02-14 01:58:47.461757] Evaluating 124_indexing_with_non_integer.spl with the submitted solution.\n[2024-02-14 01:58:48.811864] Results do not match. Expected Compiler Failure(124), but got Success(0).\n[2024-02-14 01:58:48.811912] Output (stdout) of 'xvfb-run -a /home/tools/sim -x -l /home/temp/124_indexing_with_non_integer.spl.bin -s 1 -t 0' (Limited to 50 lines/10000 characters):\nSPL/RTS: main() started\n\nSPL/RTS: index out of bounds\n[2024-02-14 01:58:48.811954] Test not passed.\n[2024-02-14 01:58:48.811970] Running Score: 8/17\n\n[2024-02-14 01:58:48.811995] Evaluating 126_main_not_a_procedure.spl with the submitted solution.\n[2024-02-14 01:58:49.142728] Test subject results match (Compiler Failure).\n[2024-02-14 01:58:49.142764] Exit code matches the expected exit code (126).\n[2024-02-14 01:58:49.142787] Test passed.\n[2024-02-14 01:58:49.142803] Running Score: 9/18\n\n[2024-02-14 01:58:49.142828] Evaluating 127_main_must_not_have_parameters.spl with the submitted solution.\n[2024-02-14 01:58:49.484844] Test subject results match (Compiler Failure).\n[2024-02-14 01:58:49.484879] Exit code matches the expected exit code (127).\n[2024-02-14 01:58:49.484903] Test passed.\n[2024-02-14 01:58:49.484919] Running Score: 10/19\n\n[2024-02-14 01:58:49.484944] Evaluating acker.spl with the submitted solution.\n[2024-02-14 01:58:51.075860] Test subject results match (Success).\n[2024-02-14 01:58:51.079042] Outputs match.\n[2024-02-14 01:58:51.079073] Test passed.\n[2024-02-14 01:58:51.079089] Running Score: 11/20\n\n[2024-02-14 01:58:51.079113] Evaluating bigtest.spl with the submitted solution.\n[2024-02-14 01:58:51.872153] Submission exited with exit code 1, which is not allowed. Allowed: [0, 99, 140, 100, 101, 102, 103, 104, 105, 106, 107, 108, 109, 110, 111, 112, 113, 114, 115, 116, 117, 118, 119, 120, 121, 122, 123, 124, 125, 126, 127]\n[2024-02-14 01:58:51.872354] Output (stdout + stderr) of 'java -jar /home/solution/java/target/spl.jar /home/tests/bigtest.spl /home/temp/bigtest.spl.s' (Limited to 50 lines/10000 characters):\nException in thread \"main\" java.lang.StackOverflowError\n\tat de.thm.mni.compilerbau.phases._06_codegen.CodeGenerator.genStatement(CodeGenerator.java:82)\n\tat de.thm.mni.compilerbau.phases._06_codegen.CodeGenerator.genStatement(CodeGenerator.java:185)\n\tat de.thm.mni.compilerbau.phases._06_codegen.CodeGenerator.genStatement(CodeGenerator.java:185)\n\tat de.thm.mni.compilerbau.phases._06_codegen.CodeGenerator.genStatement(CodeGenerator.java:185)\n\tat de.thm.mni.compilerbau.phases._06_codegen.CodeGenerator.genStatement(CodeGenerator.java:185)\n\tat de.thm.mni.compilerbau.phases._06_codegen.CodeGenerator.genStatement(CodeGenerator.java:185)\n\tat de.thm.mni.compilerbau.phases._06_codegen.CodeGenerator.genStatement(CodeGenerator.java:185)\n\tat de.thm.mni.compilerbau.phases._06_codegen.CodeGenerator.genStatement(CodeGenerator.java:185)\n\tat de.thm.mni.compilerbau.phases._06_codegen.CodeGenerator.genStatement(CodeGenerator.java:185)\n\tat de.thm.mni.compilerbau.phases._06_codegen.CodeGenerator.genStatement(CodeGenerator.java:185)\n\tat de.thm.mni.compilerbau.phases._06_codegen.CodeGenerator.genStatement(CodeGenerator.java:185)\n\tat de.thm.mni.compilerbau.phases._06_codegen.CodeGenerator.genStatement(CodeGenerator.java:185)\n\tat de.thm.mni.compilerbau.phases._06_codegen.CodeGenerator.genStatement(CodeGenerator.java:185)\n\tat de.thm.mni.compilerbau.phases._06_codegen.CodeGenerator.genStatement(CodeGenerator.java:185)\n\tat de.thm.mni.compilerbau.phases._06_codegen.CodeGenerator.genStatement(CodeGenerator.java:185)\n\tat de.thm.mni.compilerbau.phases._06_codegen.CodeGenerator.genStatement(CodeGenerator.java:185)\n\tat de.thm.mni.compilerbau.phases._06_codegen.CodeGenerator.genStatement(CodeGenerator.java:185)\n\tat de.thm.mni.compilerbau.phases._06_codegen.CodeGenerator.genStatement(CodeGenerator.java:185)\n\tat de.thm.mni.compilerbau.phases._06_codegen.CodeGenerator.genStatement(CodeGenerator.java:185)\n\tat de.thm.mni.compilerbau.phases._06_codegen.CodeGenerator.genStatement(CodeGenerator.java:185)\n\tat de.thm.mni.compilerbau.phases._06_codegen.CodeGenerator.genStatement(CodeGenerator.java:185)\n\tat de.thm.mni.compilerbau.phases._06_codegen.CodeGenerator.genStatement(CodeGenerator.java:185)\n\tat de.thm.mni.compilerbau.phases._06_codegen.CodeGenerator.genStatement(CodeGenerator.java:185)\n\tat de.thm.mni.compilerbau.phases._06_codegen.CodeGenerator.genStatement(CodeGenerator.java:185)\n\tat de.thm.mni.compilerbau.phases._06_codegen.CodeGenerator.genStatement(CodeGenerator.java:185)\n\tat de.thm.mni.compilerbau.phases._06_codegen.CodeGenerator.genStatement(CodeGenerator.java:185)\n\tat de.thm.mni.compilerbau.phases._06_codegen.CodeGenerator.genStatement(CodeGenerator.java:185)\n\tat de.thm.mni.compilerbau.phases._06_codegen.CodeGenerator.genStatement(CodeGenerator.java:185)\n\tat de.thm.mni.compilerbau.phases._06_codegen.CodeGenerator.genStatement(CodeGenerator.java:185)\n\tat de.thm.mni.compilerbau.phases._06_codegen.CodeGenerator.genStatement(CodeGenerator.java:185)\n\tat de.thm.mni.compilerbau.phases._06_codegen.CodeGenerator.genStatement(CodeGenerator.java:185)\n\tat de.thm.mni.compilerbau.phases._06_codegen.CodeGenerator.genStatement(CodeGenerator.java:185)\n\tat de.thm.mni.compilerbau.phases._06_codegen.CodeGenerator.genStatement(CodeGenerator.java:185)\n\tat de.thm.mni.compilerbau.phases._06_codegen.CodeGenerator.genStatement(CodeGenerator.java:185)\n\tat de.thm.mni.compilerbau.phases._06_codegen.CodeGenerator.genStatement(CodeGenerator.java:185)\n\tat de.thm.mni.compilerbau.phases._06_codegen.CodeGenerator.genStatement(CodeGenerator.java:185)\n\tat de.thm.mni.compilerbau.phases._06_codegen.CodeGenerator.genStatement(CodeGenerator.java:185)\n\tat de.thm.mni.compilerbau.phases._06_codegen.CodeGenerator.genStatement(CodeGenerator.java:185)\n\tat de.thm.mni.compilerbau.phases._06_codegen.CodeGenerator.genStatement(CodeGenerator.java:185)\n\tat de.thm.mni.compilerbau.phases._06_codegen.CodeGenerator.genStatement(CodeGenerator.java:185)\n\tat de.thm.mni.compilerbau.phases._06_codegen.CodeGenerator.genStatement(CodeGenerator.java:185)\n\tat de.thm.mni.compilerbau.phases._06_codegen.CodeGenerator.genStatement(CodeGenerator.java:185)\n\tat de.thm.mni.compilerbau.phases._06_codegen.CodeGenerator.genStatement(CodeGenerator.java:185)\n\tat de.thm.mni.compilerbau.phases._06_codegen.CodeGenerator.genStatement(CodeGenerator.java:185)\n\tat de.thm.mni.compilerbau.phases._06_codegen.CodeGenerator.genStatement(CodeGenerator.java:185)\n\tat de.thm.mni.compilerbau.phases._06_codegen.CodeGenerator.genStatement(CodeGenerator.java:185)\n\tat de.thm.mni.compilerbau.phases._06_codegen.CodeGenerator.genStatement(CodeGenerator.java:185)\n\tat de.thm.mni.compilerbau.phases._06_codegen.CodeGenerator.genStatement(CodeGenerator.java:185)\n\tat de.thm.mni.compilerbau.phases._06_codegen.CodeGenerator.genStatement(CodeGenerator.java:185)\n[2024-02-14 01:58:51.872775] Test not passed.\n[2024-02-14 01:58:51.872791] Running Score: 11/21\n\n[2024-02-14 01:58:51.872813] Evaluating bits.spl with the submitted solution.\n[2024-02-14 01:58:53.180590] Test subject results match (Success).\n[2024-02-14 01:58:53.184896] Outputs match.\n[2024-02-14 01:58:53.185104] Test passed.\n[2024-02-14 01:58:53.185290] Running Score: 12/22\n\n[2024-02-14 01:58:53.185570] Evaluating gcd.spl with the submitted solution.\n[2024-02-14 01:58:54.485262] Test subject results match (Success).\n[2024-02-14 01:58:54.489184] Outputs match.\n[2024-02-14 01:58:54.489222] Test passed.\n[2024-02-14 01:58:54.489239] Running Score: 13/23\n\n[2024-02-14 01:58:54.489266] Evaluating inttest.spl with the submitted solution.\n[2024-02-14 01:58:55.764878] Test subject results match (Success).\n[2024-02-14 01:58:55.768244] Outputs match.\n[2024-02-14 01:58:55.768504] Test passed.\n[2024-02-14 01:58:55.768686] Running Score: 14/24\n\n[2024-02-14 01:58:55.768978] Evaluating multiply.spl with the submitted solution.\n[2024-02-14 01:58:57.264529] Test subject results match (Success).\n[2024-02-14 01:58:57.268420] Outputs match.\n[2024-02-14 01:58:57.268620] Test passed.\n[2024-02-14 01:58:57.268803] Running Score: 15/25\n\n[2024-02-14 01:58:57.269099] Evaluating partind1.spl with the submitted solution.\n[2024-02-14 01:58:57.686238] Results do not match. Expected Success(0), but got Compiler Failure(114).\n[2024-02-14 01:58:57.686295] Output (stdout + stderr) of 'java -jar /home/solution/java/target/spl.jar /home/tests/partind1.spl /home/temp/partind1.spl.s' (Limited to 50 lines/10000 characters):\nAn error occurred at Line 32, Column 8:\nArgument type mismatch in call of procedure 'p'. Argument 1 is expected to have type 'array [7] of int', but has type 'int'.\n[2024-02-14 01:58:57.686342] Test not passed.\n[2024-02-14 01:58:57.686359] Running Score: 15/26\n\n[2024-02-14 01:58:57.686382] Evaluating partind2.spl with the submitted solution.\n[2024-02-14 01:58:58.103904] Results do not match. Expected Success(0), but got Compiler Failure(114).\n[2024-02-14 01:58:58.103962] Output (stdout + stderr) of 'java -jar /home/solution/java/target/spl.jar /home/tests/partind2.spl /home/temp/partind2.spl.s' (Limited to 50 lines/10000 characters):\nAn error occurred at Line 43, Column 8:\nArgument type mismatch in call of procedure 'p'. Argument 1 is expected to have type 'array [5] of array [7] of int', but has type 'int'.\n[2024-02-14 01:58:58.104001] Test not passed.\n[2024-02-14 01:58:58.104016] Running Score: 15/27\n\n[2024-02-14 01:58:58.104039] Evaluating swap.spl with the submitted solution.\n[2024-02-14 01:58:59.393313] Test subject results match (Success).\n[2024-02-14 01:58:59.398335] Outputs differ. 'diff'-log (Expected output first, Limited to 50 lines/10000 characters):\n4c4\n< 3 2\n---\n> -1072693260 -1072693256\n[2024-02-14 01:58:59.398389] Test not passed.\n[2024-02-14 01:58:59.398403] Running Score: 15/28\n\n[2024-02-14 01:58:59.398427] Evaluating test1.spl with the submitted solution.\n[2024-02-14 01:59:00.651268] Test subject results match (Success).\n[2024-02-14 01:59:00.654761] Outputs match.\n[2024-02-14 01:59:00.655000] Test passed.\n[2024-02-14 01:59:00.655173] Running Score: 16/29\n\n[2024-02-14 01:59:00.655453] Evaluating test2.spl with the submitted solution.\n[2024-02-14 01:59:01.921819] Test subject results match (Success).\n[2024-02-14 01:59:01.924523] Outputs match.\n[2024-02-14 01:59:01.924741] Test passed.\n[2024-02-14 01:59:01.924953] Running Score: 17/30\n\n[2024-02-14 01:59:01.925144] Evaluating test3.spl with the submitted solution.\n[2024-02-14 01:59:03.260783] Test subject results match (Success).\n[2024-02-14 01:59:03.265689] Outputs differ. 'diff'-log (Expected output first, Limited to 50 lines/10000 characters):\n4d3\n< 1\n6d4\n< 3\n8d5\n< 5\n10d6\n< 7\n12a9,12\n> 7\n> 5\n> 3\n> 1\n[2024-02-14 01:59:03.267467] Test not passed.\n[2024-02-14 01:59:03.267680] Running Score: 17/31\n\n[2024-02-14 01:59:03.267765] Evaluating test4.spl with the submitted solution.\n[2024-02-14 01:59:04.596145] Test subject results match (Success).\n[2024-02-14 01:59:04.601574] Outputs differ. 'diff'-log (Expected output first, Limited to 50 lines/10000 characters):\n3,4c3,4\n< 3628800\n< 3628800\n---\n> -1072693260\n> -2136998008\n[2024-02-14 01:59:04.602925] Test not passed.\n[2024-02-14 01:59:04.603779] Running Score: 17/32\n\n[2024-02-14 01:59:04.604057] Evaluating test5.spl with the submitted solution.\n[2024-02-14 01:59:05.937422] Test subject results match (Success).\n[2024-02-14 01:59:05.942113] Outputs match.\n[2024-02-14 01:59:05.942145] Test passed.\n[2024-02-14 01:59:05.942161] Running Score: 18/33\n\n[2024-02-14 01:59:05.942185] Evaluating test7.spl with the submitted solution.\n[2024-02-14 01:59:07.198419] Test subject results match (Success).\n[2024-02-14 01:59:07.201650] Outputs match.\n[2024-02-14 01:59:07.201865] Test passed.\n[2024-02-14 01:59:07.202241] Running Score: 19/34\n\n[2024-02-14 01:59:07.202534] Evaluating test8.spl with the submitted solution.\n[2024-02-14 01:59:08.479827] Test subject results match (Success).\n[2024-02-14 01:59:08.488894] Outputs match.\n[2024-02-14 01:59:08.488926] Test passed.\n[2024-02-14 01:59:08.488942] Running Score: 20/35\n\n[2024-02-14 01:59:08.488966] Evaluating test9.spl with the submitted solution.\n[2024-02-14 01:59:09.770005] Test subject results match (Success).\n[2024-02-14 01:59:09.773025] Outputs match.\n[2024-02-14 01:59:09.773320] Test passed.\n[2024-02-14 01:59:09.773505] Running Score: 21/36\n\n[2024-02-14 01:59:09.773551] Evaluating threedim.spl with the submitted solution.\n[2024-02-14 01:59:11.102457] Test subject results match (Success).\n[2024-02-14 01:59:11.105786] Outputs differ. 'diff'-log (Expected output first, Limited to 50 lines/10000 characters):\n3,33c3\n< 10000\n< 00000\n< 00000\n< 00000\n< 00000\n< \n< 00000\n< 01000\n< 00000\n< 00000\n< 00000\n< \n< 00000\n< 00000\n< 00100\n< 00000\n< 00000\n< \n< 00000\n< 00000\n< 00000\n< 00010\n< 00000\n< \n< 00000\n< 00000\n< 00000\n< 00000\n< 00001\n< \n< SPL/RTS: main() finished\n---\n> SPL/RTS: TLB miss exception\n[2024-02-14 01:59:11.108746] Test not passed.\n[2024-02-14 01:59:11.108774] Running Score: 21/37\n\n[2024-02-14 01:59:11.108803] Evaluating twodim.spl with the submitted solution.\n[2024-02-14 01:59:12.423829] Test subject results match (Success).\n[2024-02-14 01:59:12.427320] Outputs match.\n[2024-02-14 01:59:12.427560] Test passed.\n[2024-02-14 01:59:12.427732] Running Score: 22/38\n\n[2024-02-14 01:59:12.428062] Final score: 22/38 (57%). \n[2024-02-14 01:59:12.428420] 80% are needed to pass.\n[2024-02-14 01:59:22.651053] You have NOT PASSED this assignment.\n[2024-02-14 01:59:22.651318] You can try again. Deadline: 16.02.2024 23:59\n",
        "max_score": 38,
        "passed": false,
        "score": 22
    },
    "id": "d9d538b3-f689-4f5c-b547-f0f7b6d30759",
    "timestamp_ns": 1707872306214057520,
    "upload_log": "[2024-02-14 01:58:25.985369] Received submission d9d538b3-f689-4f5c-b547-f0f7b6d30759\n[2024-02-14 01:58:25.986159] Ip: 10.196.116.88\n[2024-02-14 01:58:25.986404] Team members: [('Andryani', 'Linda Septira', '5345375'), ('Kirana', 'Yohanes Ranandika', '5310931')]\n[2024-02-14 01:58:26.214266] Your submission was ACCEPTED for course 'Compilerbau-ws23', assignment 'Aufgabe-2'.\n[2024-02-14 01:58:26.214601] Your submission has the id d9d538b3-f689-4f5c-b547-f0f7b6d30759.\n[2024-02-14 01:58:26.215075] It will be evaluated shortly. Please check back soon for your results.\n\n"
}
