[2024-02-14 16:06:52.331033] Start of evaluation log for submission 'c49028df-2969-4b1a-b0dc-bc64abebabf8'.
[2024-02-14 16:06:52.331368] Team member: ('Andryani', 'Linda Septira', '5345375')
[2024-02-14 16:06:52.331614] Team member: ('Kirana', 'Yohanes Ranandika', '5310931')
[2024-02-14 16:06:52.349005] Preparing the sandbox
[2024-02-14 16:06:53.035440] Unpacking submission in sandbox
[2024-02-14 16:06:53.485110] Building the test subject
[2024-02-14 16:06:53.485394] Identified the Java variant.
[2024-02-14 16:06:53.627335] Building Java solution with maven.
[2024-02-14 16:07:04.588513] Maven log:
[INFO] Scanning for projects...
[INFO] 
[INFO] --------------< de.thm.mni.compilerbau.spl-reference:spl >--------------
[INFO] Building spl 0.1
[INFO] --------------------------------[ jar ]---------------------------------
[INFO] 
[INFO] --- jflex-maven-plugin:1.7.0:generate (default) @ spl ---
[INFO]   generated /home/solution/java/target/generated-sources/jflex/de/thm/mni/compilerbau/phases/_01_scanner/Scanner.java
[INFO] 
[INFO] --- cup-maven-plugin:11b-20160615:generate (default) @ spl ---
Warning : Non terminal "EmptyStmt" was declared but never used
Warning : *** Shift/Reduce conflict found in state #94
  between IfStmt ::= IF LPAREN Expr RPAREN Statement (*) 
  and     IfStmt ::= IF LPAREN Expr RPAREN Statement (*) ELSE Statement 
  under symbol ELSE
  Resolved in favor of shifting.

[INFO]   generated /home/solution/java/target/generated-sources/cup/de/thm/mni/compilerbau/phases/_02_03_parser/Parser.java
[INFO]   generated /home/solution/java/target/generated-sources/cup/de/thm/mni/compilerbau/phases/_02_03_parser/Sym.java
[INFO] 
[INFO] --- maven-resources-plugin:2.6:resources (default-resources) @ spl ---
[INFO] Using 'UTF-8' encoding to copy filtered resources.
[INFO] skip non existing resourceDirectory /home/solution/java/src/main/resources
[INFO] 
[INFO] --- maven-compiler-plugin:3.10.1:compile (default-compile) @ spl ---
[INFO] Changes detected - recompiling the module!
[INFO] Compiling 57 source files to /home/solution/java/target/classes
[INFO] /home/solution/java/target/generated-sources/jflex/de/thm/mni/compilerbau/phases/_01_scanner/Scanner.java: /home/solution/java/target/generated-sources/jflex/de/thm/mni/compilerbau/phases/_01_scanner/Scanner.java uses or overrides a deprecated API that is marked for removal.
[INFO] /home/solution/java/target/generated-sources/jflex/de/thm/mni/compilerbau/phases/_01_scanner/Scanner.java: Recompile with -Xlint:removal for details.
[INFO] /home/solution/java/target/generated-sources/cup/de/thm/mni/compilerbau/phases/_02_03_parser/Parser.java: /home/solution/java/target/generated-sources/cup/de/thm/mni/compilerbau/phases/_02_03_parser/Parser.java uses unchecked or unsafe operations.
[INFO] /home/solution/java/target/generated-sources/cup/de/thm/mni/compilerbau/phases/_02_03_parser/Parser.java: Recompile with -Xlint:unchecked for details.
[INFO] 
[INFO] --- maven-resources-plugin:2.6:testResources (default-testResources) @ spl ---
[INFO] Using 'UTF-8' encoding to copy filtered resources.
[INFO] skip non existing resourceDirectory /home/solution/java/src/test/resources
[INFO] 
[INFO] --- maven-compiler-plugin:3.10.1:testCompile (default-testCompile) @ spl ---
[INFO] No sources to compile
[INFO] 
[INFO] --- maven-surefire-plugin:2.12.4:test (default-test) @ spl ---
[INFO] No tests to run.
[INFO] 
[INFO] --- maven-jar-plugin:2.4:jar (default-jar) @ spl ---
[INFO] Building jar: /home/solution/java/target/spl.jar
[INFO] 
[INFO] --- maven-shade-plugin:3.1.0:shade (default) @ spl ---
[INFO] Including com.github.vbmacher:java-cup-runtime:jar:11b-20160615 in the shaded jar.
[INFO] Replacing original artifact with shaded artifact.
[INFO] Replacing /home/solution/java/target/spl.jar with /home/solution/java/target/spl-0.1-shaded.jar
[INFO] Dependency-reduced POM written at: /home/solution/java/dependency-reduced-pom.xml
[INFO] ------------------------------------------------------------------------
[INFO] BUILD SUCCESS
[INFO] ------------------------------------------------------------------------
[INFO] Total time:  8.361 s
[INFO] Finished at: 2024-02-14T15:07:04Z
[INFO] ------------------------------------------------------------------------
[2024-02-14 16:07:04.724400] Beginning evaluation.
[2024-02-14 16:07:04.724576] Evaluating 101_undefined_procedure.spl with the submitted solution.
[2024-02-14 16:07:05.121841] Test subject results match (Compiler Failure).
[2024-02-14 16:07:05.121900] Exit code matches the expected exit code (101).
[2024-02-14 16:07:05.121926] Test passed.
[2024-02-14 16:07:05.121941] Running Score: 1/1

[2024-02-14 16:07:05.121964] Evaluating 101_undefined_type.spl with the submitted solution.
[2024-02-14 16:07:05.517380] Test subject results match (Compiler Failure).
[2024-02-14 16:07:05.517424] Exit code matches the expected exit code (101).
[2024-02-14 16:07:05.517453] Test passed.
[2024-02-14 16:07:05.517469] Running Score: 2/2

[2024-02-14 16:07:05.517493] Evaluating 101_undefined_variable.spl with the submitted solution.
[2024-02-14 16:07:05.916003] Test subject results match (Compiler Failure).
[2024-02-14 16:07:05.916047] Exit code matches the expected exit code (101).
[2024-02-14 16:07:05.916077] Test passed.
[2024-02-14 16:07:05.916104] Running Score: 3/3

[2024-02-14 16:07:05.916138] Evaluating 102_not_a_type.spl with the submitted solution.
[2024-02-14 16:07:06.301329] Test subject results match (Compiler Failure).
[2024-02-14 16:07:06.301368] Exit code matches the expected exit code (102).
[2024-02-14 16:07:06.301390] Test passed.
[2024-02-14 16:07:06.301406] Running Score: 4/4

[2024-02-14 16:07:06.301430] Evaluating 103_redefinition_as_parameter.spl with the submitted solution.
[2024-02-14 16:07:06.712453] Test subject results match (Compiler Failure).
[2024-02-14 16:07:06.712488] Exit code matches the expected exit code (103).
[2024-02-14 16:07:06.712512] Test passed.
[2024-02-14 16:07:06.712528] Running Score: 5/5

[2024-02-14 16:07:06.712553] Evaluating 103_redefinition_as_procedure.spl with the submitted solution.
[2024-02-14 16:07:07.092265] Test subject results match (Compiler Failure).
[2024-02-14 16:07:07.092301] Exit code matches the expected exit code (103).
[2024-02-14 16:07:07.092325] Test passed.
[2024-02-14 16:07:07.092341] Running Score: 6/6

[2024-02-14 16:07:07.092366] Evaluating 103_redefinition_as_type.spl with the submitted solution.
[2024-02-14 16:07:07.462175] Test subject results match (Compiler Failure).
[2024-02-14 16:07:07.462213] Exit code matches the expected exit code (103).
[2024-02-14 16:07:07.462237] Test passed.
[2024-02-14 16:07:07.462252] Running Score: 7/7

[2024-02-14 16:07:07.462277] Evaluating 103_redefinition_as_variable.spl with the submitted solution.
[2024-02-14 16:07:07.829767] Test subject results match (Compiler Failure).
[2024-02-14 16:07:07.829802] Exit code matches the expected exit code (103).
[2024-02-14 16:07:07.829826] Test passed.
[2024-02-14 16:07:07.829841] Running Score: 8/8

[2024-02-14 16:07:07.829866] Evaluating 104_must_be_reference_parameter.spl with the submitted solution.
[2024-02-14 16:07:08.260456] Test subject results match (Compiler Failure).
[2024-02-14 16:07:08.260492] Exit code matches the expected exit code (104).
[2024-02-14 16:07:08.260516] Test passed.
[2024-02-14 16:07:08.260532] Running Score: 9/9

[2024-02-14 16:07:08.260557] Evaluating 113_call_of_non_procedure.spl with the submitted solution.
[2024-02-14 16:07:08.654858] Test subject results match (Compiler Failure).
[2024-02-14 16:07:08.654894] Exit code matches the expected exit code (113).
[2024-02-14 16:07:08.654916] Test passed.
[2024-02-14 16:07:08.654930] Running Score: 10/10

[2024-02-14 16:07:08.654954] Evaluating 114_argument_type_mismatch.spl with the submitted solution.
[2024-02-14 16:07:09.069806] Test subject results match (Compiler Failure).
[2024-02-14 16:07:09.069841] Exit code matches the expected exit code (114).
[2024-02-14 16:07:09.069865] Test passed.
[2024-02-14 16:07:09.069898] Running Score: 11/11

[2024-02-14 16:07:09.069923] Evaluating 115_argument_must_be_variable.spl with the submitted solution.
[2024-02-14 16:07:09.473610] Test subject results match (Compiler Failure).
[2024-02-14 16:07:09.473645] Exit code matches the expected exit code (115).
[2024-02-14 16:07:09.473670] Test passed.
[2024-02-14 16:07:09.473686] Running Score: 12/12

[2024-02-14 16:07:09.473711] Evaluating 116_procedure_too_few_arguments.spl with the submitted solution.
[2024-02-14 16:07:09.868489] Test subject results match (Compiler Failure).
[2024-02-14 16:07:09.868523] Exit code matches the expected exit code (116).
[2024-02-14 16:07:09.868546] Test passed.
[2024-02-14 16:07:09.868562] Running Score: 13/13

[2024-02-14 16:07:09.868586] Evaluating 116_procedure_too_many_arguments.spl with the submitted solution.
[2024-02-14 16:07:10.265532] Test subject results match (Compiler Failure).
[2024-02-14 16:07:10.265567] Exit code matches the expected exit code (116).
[2024-02-14 16:07:10.265591] Test passed.
[2024-02-14 16:07:10.265607] Running Score: 14/14

[2024-02-14 16:07:10.265632] Evaluating 122_not_a_variable.spl with the submitted solution.
[2024-02-14 16:07:10.613305] Submission exited with exit code 1, which is not allowed. Allowed: [0, 99, 140, 100, 101, 102, 103, 104, 105, 106, 107, 108, 109, 110, 111, 112, 113, 114, 115, 116, 117, 118, 119, 120, 121, 122, 123, 124, 125, 126, 127]
[2024-02-14 16:07:10.613355] Output (stdout + stderr) of 'java -jar /home/solution/java/target/spl.jar /home/tests/122_not_a_variable.spl /home/temp/122_not_a_variable.spl.s' (Limited to 50 lines/10000 characters):
An error occurred: class de.thm.mni.compilerbau.table.ProcedureEntry cannot be cast to class de.thm.mni.compilerbau.table.VariableEntry (de.thm.mni.compilerbau.table.ProcedureEntry and de.thm.mni.compilerbau.table.VariableEntry are in unnamed module of loader 'app')
java.lang.ClassCastException: class de.thm.mni.compilerbau.table.ProcedureEntry cannot be cast to class de.thm.mni.compilerbau.table.VariableEntry (de.thm.mni.compilerbau.table.ProcedureEntry and de.thm.mni.compilerbau.table.VariableEntry are in unnamed module of loader 'app')
	at de.thm.mni.compilerbau.phases._04b_semant.ProcedureBodyChecker.checkStatement(ProcedureBodyChecker.java:109)
	at de.thm.mni.compilerbau.phases._04b_semant.ProcedureBodyChecker.checkStatement(ProcedureBodyChecker.java:78)
	at de.thm.mni.compilerbau.phases._04b_semant.ProcedureBodyChecker.checkProcedures(ProcedureBodyChecker.java:64)
	at de.thm.mni.compilerbau.Main.main(Main.java:85)
[2024-02-14 16:07:10.613428] Test not passed.
[2024-02-14 16:07:10.613443] Running Score: 14/15

[2024-02-14 16:07:10.613466] Evaluating 123_indexing_non_array.spl with the submitted solution.
[2024-02-14 16:07:11.055072] Submission exited with exit code 1, which is not allowed. Allowed: [0, 99, 140, 100, 101, 102, 103, 104, 105, 106, 107, 108, 109, 110, 111, 112, 113, 114, 115, 116, 117, 118, 119, 120, 121, 122, 123, 124, 125, 126, 127]
[2024-02-14 16:07:11.055121] Output (stdout + stderr) of 'java -jar /home/solution/java/target/spl.jar /home/tests/123_indexing_non_array.spl /home/temp/123_indexing_non_array.spl.s' (Limited to 50 lines/10000 characters):
An error occurred: class de.thm.mni.compilerbau.types.PrimitiveType cannot be cast to class de.thm.mni.compilerbau.types.ArrayType (de.thm.mni.compilerbau.types.PrimitiveType and de.thm.mni.compilerbau.types.ArrayType are in unnamed module of loader 'app')
java.lang.ClassCastException: class de.thm.mni.compilerbau.types.PrimitiveType cannot be cast to class de.thm.mni.compilerbau.types.ArrayType (de.thm.mni.compilerbau.types.PrimitiveType and de.thm.mni.compilerbau.types.ArrayType are in unnamed module of loader 'app')
	at de.thm.mni.compilerbau.phases._06_codegen.CodeGenerator.genStatement(CodeGenerator.java:114)
	at de.thm.mni.compilerbau.phases._06_codegen.CodeGenerator.generateCode(CodeGenerator.java:59)
	at de.thm.mni.compilerbau.Main.main(Main.java:95)
[2024-02-14 16:07:11.055186] Test not passed.
[2024-02-14 16:07:11.055202] Running Score: 14/16

[2024-02-14 16:07:11.055227] Evaluating 124_indexing_with_non_integer.spl with the submitted solution.
[2024-02-14 16:07:12.753700] Results do not match. Expected Compiler Failure(124), but got Success(0).
[2024-02-14 16:07:12.753750] Output (stdout) of 'xvfb-run -a /home/tools/sim -x -l /home/temp/124_indexing_with_non_integer.spl.bin -s 1 -t 0' (Limited to 50 lines/10000 characters):
SPL/RTS: main() started

SPL/RTS: index out of bounds
[2024-02-14 16:07:12.753792] Test not passed.
[2024-02-14 16:07:12.753808] Running Score: 14/17

[2024-02-14 16:07:12.753832] Evaluating 126_main_not_a_procedure.spl with the submitted solution.
[2024-02-14 16:07:13.096338] Test subject results match (Compiler Failure).
[2024-02-14 16:07:13.096372] Exit code matches the expected exit code (126).
[2024-02-14 16:07:13.096394] Test passed.
[2024-02-14 16:07:13.096410] Running Score: 15/18

[2024-02-14 16:07:13.096434] Evaluating 127_main_must_not_have_parameters.spl with the submitted solution.
[2024-02-14 16:07:13.436025] Test subject results match (Compiler Failure).
[2024-02-14 16:07:13.436060] Exit code matches the expected exit code (127).
[2024-02-14 16:07:13.436083] Test passed.
[2024-02-14 16:07:13.436099] Running Score: 16/19

[2024-02-14 16:07:13.436124] Evaluating acker.spl with the submitted solution.
[2024-02-14 16:07:15.083743] Test subject results match (Success).
[2024-02-14 16:07:15.088296] Outputs match.
[2024-02-14 16:07:15.088326] Test passed.
[2024-02-14 16:07:15.088343] Running Score: 17/20

[2024-02-14 16:07:15.088368] Evaluating bigtest.spl with the submitted solution.
[2024-02-14 16:07:15.906420] Submission exited with exit code 1, which is not allowed. Allowed: [0, 99, 140, 100, 101, 102, 103, 104, 105, 106, 107, 108, 109, 110, 111, 112, 113, 114, 115, 116, 117, 118, 119, 120, 121, 122, 123, 124, 125, 126, 127]
[2024-02-14 16:07:15.906620] Output (stdout + stderr) of 'java -jar /home/solution/java/target/spl.jar /home/tests/bigtest.spl /home/temp/bigtest.spl.s' (Limited to 50 lines/10000 characters):
Exception in thread "main" java.lang.StackOverflowError
	at de.thm.mni.compilerbau.phases._06_codegen.CodeGenerator.genStatement(CodeGenerator.java:82)
	at de.thm.mni.compilerbau.phases._06_codegen.CodeGenerator.genStatement(CodeGenerator.java:185)
	at de.thm.mni.compilerbau.phases._06_codegen.CodeGenerator.genStatement(CodeGenerator.java:185)
	at de.thm.mni.compilerbau.phases._06_codegen.CodeGenerator.genStatement(CodeGenerator.java:185)
	at de.thm.mni.compilerbau.phases._06_codegen.CodeGenerator.genStatement(CodeGenerator.java:185)
	at de.thm.mni.compilerbau.phases._06_codegen.CodeGenerator.genStatement(CodeGenerator.java:185)
	at de.thm.mni.compilerbau.phases._06_codegen.CodeGenerator.genStatement(CodeGenerator.java:185)
	at de.thm.mni.compilerbau.phases._06_codegen.CodeGenerator.genStatement(CodeGenerator.java:185)
	at de.thm.mni.compilerbau.phases._06_codegen.CodeGenerator.genStatement(CodeGenerator.java:185)
	at de.thm.mni.compilerbau.phases._06_codegen.CodeGenerator.genStatement(CodeGenerator.java:185)
	at de.thm.mni.compilerbau.phases._06_codegen.CodeGenerator.genStatement(CodeGenerator.java:185)
	at de.thm.mni.compilerbau.phases._06_codegen.CodeGenerator.genStatement(CodeGenerator.java:185)
	at de.thm.mni.compilerbau.phases._06_codegen.CodeGenerator.genStatement(CodeGenerator.java:185)
	at de.thm.mni.compilerbau.phases._06_codegen.CodeGenerator.genStatement(CodeGenerator.java:185)
	at de.thm.mni.compilerbau.phases._06_codegen.CodeGenerator.genStatement(CodeGenerator.java:185)
	at de.thm.mni.compilerbau.phases._06_codegen.CodeGenerator.genStatement(CodeGenerator.java:185)
	at de.thm.mni.compilerbau.phases._06_codegen.CodeGenerator.genStatement(CodeGenerator.java:185)
	at de.thm.mni.compilerbau.phases._06_codegen.CodeGenerator.genStatement(CodeGenerator.java:185)
	at de.thm.mni.compilerbau.phases._06_codegen.CodeGenerator.genStatement(CodeGenerator.java:185)
	at de.thm.mni.compilerbau.phases._06_codegen.CodeGenerator.genStatement(CodeGenerator.java:185)
	at de.thm.mni.compilerbau.phases._06_codegen.CodeGenerator.genStatement(CodeGenerator.java:185)
	at de.thm.mni.compilerbau.phases._06_codegen.CodeGenerator.genStatement(CodeGenerator.java:185)
	at de.thm.mni.compilerbau.phases._06_codegen.CodeGenerator.genStatement(CodeGenerator.java:185)
	at de.thm.mni.compilerbau.phases._06_codegen.CodeGenerator.genStatement(CodeGenerator.java:185)
	at de.thm.mni.compilerbau.phases._06_codegen.CodeGenerator.genStatement(CodeGenerator.java:185)
	at de.thm.mni.compilerbau.phases._06_codegen.CodeGenerator.genStatement(CodeGenerator.java:185)
	at de.thm.mni.compilerbau.phases._06_codegen.CodeGenerator.genStatement(CodeGenerator.java:185)
	at de.thm.mni.compilerbau.phases._06_codegen.CodeGenerator.genStatement(CodeGenerator.java:185)
	at de.thm.mni.compilerbau.phases._06_codegen.CodeGenerator.genStatement(CodeGenerator.java:185)
	at de.thm.mni.compilerbau.phases._06_codegen.CodeGenerator.genStatement(CodeGenerator.java:185)
	at de.thm.mni.compilerbau.phases._06_codegen.CodeGenerator.genStatement(CodeGenerator.java:185)
	at de.thm.mni.compilerbau.phases._06_codegen.CodeGenerator.genStatement(CodeGenerator.java:185)
	at de.thm.mni.compilerbau.phases._06_codegen.CodeGenerator.genStatement(CodeGenerator.java:185)
	at de.thm.mni.compilerbau.phases._06_codegen.CodeGenerator.genStatement(CodeGenerator.java:185)
	at de.thm.mni.compilerbau.phases._06_codegen.CodeGenerator.genStatement(CodeGenerator.java:185)
	at de.thm.mni.compilerbau.phases._06_codegen.CodeGenerator.genStatement(CodeGenerator.java:185)
	at de.thm.mni.compilerbau.phases._06_codegen.CodeGenerator.genStatement(CodeGenerator.java:185)
	at de.thm.mni.compilerbau.phases._06_codegen.CodeGenerator.genStatement(CodeGenerator.java:185)
	at de.thm.mni.compilerbau.phases._06_codegen.CodeGenerator.genStatement(CodeGenerator.java:185)
	at de.thm.mni.compilerbau.phases._06_codegen.CodeGenerator.genStatement(CodeGenerator.java:185)
	at de.thm.mni.compilerbau.phases._06_codegen.CodeGenerator.genStatement(CodeGenerator.java:185)
	at de.thm.mni.compilerbau.phases._06_codegen.CodeGenerator.genStatement(CodeGenerator.java:185)
	at de.thm.mni.compilerbau.phases._06_codegen.CodeGenerator.genStatement(CodeGenerator.java:185)
	at de.thm.mni.compilerbau.phases._06_codegen.CodeGenerator.genStatement(CodeGenerator.java:185)
	at de.thm.mni.compilerbau.phases._06_codegen.CodeGenerator.genStatement(CodeGenerator.java:185)
	at de.thm.mni.compilerbau.phases._06_codegen.CodeGenerator.genStatement(CodeGenerator.java:185)
	at de.thm.mni.compilerbau.phases._06_codegen.CodeGenerator.genStatement(CodeGenerator.java:185)
	at de.thm.mni.compilerbau.phases._06_codegen.CodeGenerator.genStatement(CodeGenerator.java:185)
	at de.thm.mni.compilerbau.phases._06_codegen.CodeGenerator.genStatement(CodeGenerator.java:185)
[2024-02-14 16:07:15.907037] Test not passed.
[2024-02-14 16:07:15.907053] Running Score: 17/21

[2024-02-14 16:07:15.907076] Evaluating bits.spl with the submitted solution.
[2024-02-14 16:07:17.224528] Test subject results match (Success).
[2024-02-14 16:07:17.227814] Outputs match.
[2024-02-14 16:07:17.228038] Test passed.
[2024-02-14 16:07:17.228253] Running Score: 18/22

[2024-02-14 16:07:17.228444] Evaluating gcd.spl with the submitted solution.
[2024-02-14 16:07:18.522521] Test subject results match (Success).
[2024-02-14 16:07:18.526438] Outputs match.
[2024-02-14 16:07:18.526471] Test passed.
[2024-02-14 16:07:18.526489] Running Score: 19/23

[2024-02-14 16:07:18.526514] Evaluating inttest.spl with the submitted solution.
[2024-02-14 16:07:19.799780] Test subject results match (Success).
[2024-02-14 16:07:19.803189] Outputs match.
[2024-02-14 16:07:19.803415] Test passed.
[2024-02-14 16:07:19.803616] Running Score: 20/24

[2024-02-14 16:07:19.803903] Evaluating multiply.spl with the submitted solution.
[2024-02-14 16:07:21.197667] Test subject results match (Success).
[2024-02-14 16:07:21.200319] Outputs match.
[2024-02-14 16:07:21.200551] Test passed.
[2024-02-14 16:07:21.200765] Running Score: 21/25

[2024-02-14 16:07:21.201097] Evaluating partind1.spl with the submitted solution.
[2024-02-14 16:07:21.624323] Results do not match. Expected Success(0), but got Compiler Failure(114).
[2024-02-14 16:07:21.624371] Output (stdout + stderr) of 'java -jar /home/solution/java/target/spl.jar /home/tests/partind1.spl /home/temp/partind1.spl.s' (Limited to 50 lines/10000 characters):
An error occurred at Line 32, Column 8:
Argument type mismatch in call of procedure 'p'. Argument 1 is expected to have type 'array [7] of int', but has type 'int'.
[2024-02-14 16:07:21.624409] Test not passed.
[2024-02-14 16:07:21.624425] Running Score: 21/26

[2024-02-14 16:07:21.624450] Evaluating partind2.spl with the submitted solution.
[2024-02-14 16:07:22.052621] Results do not match. Expected Success(0), but got Compiler Failure(114).
[2024-02-14 16:07:22.052667] Output (stdout + stderr) of 'java -jar /home/solution/java/target/spl.jar /home/tests/partind2.spl /home/temp/partind2.spl.s' (Limited to 50 lines/10000 characters):
An error occurred at Line 43, Column 8:
Argument type mismatch in call of procedure 'p'. Argument 1 is expected to have type 'array [5] of array [7] of int', but has type 'int'.
[2024-02-14 16:07:22.052705] Test not passed.
[2024-02-14 16:07:22.052720] Running Score: 21/27

[2024-02-14 16:07:22.052745] Evaluating swap.spl with the submitted solution.
[2024-02-14 16:07:23.360750] Test subject results match (Success).
[2024-02-14 16:07:23.366479] Outputs match.
[2024-02-14 16:07:23.366680] Test passed.
[2024-02-14 16:07:23.366868] Running Score: 22/28

[2024-02-14 16:07:23.367163] Evaluating test1.spl with the submitted solution.
[2024-02-14 16:07:24.688607] Test subject results match (Success).
[2024-02-14 16:07:24.694704] Outputs match.
[2024-02-14 16:07:24.694725] Test passed.
[2024-02-14 16:07:24.694734] Running Score: 23/29

[2024-02-14 16:07:24.694749] Evaluating test2.spl with the submitted solution.
[2024-02-14 16:07:25.990284] Test subject results match (Success).
[2024-02-14 16:07:25.992910] Outputs match.
[2024-02-14 16:07:25.993157] Test passed.
[2024-02-14 16:07:25.993370] Running Score: 24/30

[2024-02-14 16:07:25.993544] Evaluating test3.spl with the submitted solution.
[2024-02-14 16:07:27.335399] Test subject results match (Success).
[2024-02-14 16:07:27.338268] Outputs differ. 'diff'-log (Expected output first, Limited to 50 lines/10000 characters):
4d3
< 1
6d4
< 3
8d5
< 5
10d6
< 7
12a9,12
> 7
> 5
> 3
> 1
[2024-02-14 16:07:27.339222] Test not passed.
[2024-02-14 16:07:27.339248] Running Score: 24/31

[2024-02-14 16:07:27.339279] Evaluating test4.spl with the submitted solution.
[2024-02-14 16:07:28.678016] Test subject results match (Success).
[2024-02-14 16:07:28.681302] Outputs match.
[2024-02-14 16:07:28.681519] Test passed.
[2024-02-14 16:07:28.681707] Running Score: 25/32

[2024-02-14 16:07:28.682023] Evaluating test5.spl with the submitted solution.
[2024-02-14 16:07:29.957048] Test subject results match (Success).
[2024-02-14 16:07:29.959652] Outputs match.
[2024-02-14 16:07:29.959904] Test passed.
[2024-02-14 16:07:29.959995] Running Score: 26/33

[2024-02-14 16:07:29.960036] Evaluating test7.spl with the submitted solution.
[2024-02-14 16:07:31.237230] Test subject results match (Success).
[2024-02-14 16:07:31.239836] Outputs match.
[2024-02-14 16:07:31.240038] Test passed.
[2024-02-14 16:07:31.240228] Running Score: 27/34

[2024-02-14 16:07:31.240446] Evaluating test8.spl with the submitted solution.
[2024-02-14 16:07:32.516933] Test subject results match (Success).
[2024-02-14 16:07:32.519631] Outputs match.
[2024-02-14 16:07:32.519852] Test passed.
[2024-02-14 16:07:32.520080] Running Score: 28/35

[2024-02-14 16:07:32.520362] Evaluating test9.spl with the submitted solution.
[2024-02-14 16:07:33.848511] Test subject results match (Success).
[2024-02-14 16:07:33.851071] Outputs match.
[2024-02-14 16:07:33.851272] Test passed.
[2024-02-14 16:07:33.851503] Running Score: 29/36

[2024-02-14 16:07:33.851790] Evaluating threedim.spl with the submitted solution.
[2024-02-14 16:07:35.166836] Test subject results match (Success).
[2024-02-14 16:07:35.172645] Outputs differ. 'diff'-log (Expected output first, Limited to 50 lines/10000 characters):
3,33c3
< 10000
< 00000
< 00000
< 00000
< 00000
< 
< 00000
< 01000
< 00000
< 00000
< 00000
< 
< 00000
< 00000
< 00100
< 00000
< 00000
< 
< 00000
< 00000
< 00000
< 00010
< 00000
< 
< 00000
< 00000
< 00000
< 00000
< 00001
< 
< SPL/RTS: main() finished
---
> SPL/RTS: TLB miss exception
[2024-02-14 16:07:35.175462] Test not passed.
[2024-02-14 16:07:35.175487] Running Score: 29/37

[2024-02-14 16:07:35.175726] Evaluating twodim.spl with the submitted solution.
[2024-02-14 16:07:36.488071] Test subject results match (Success).
[2024-02-14 16:07:36.491575] Outputs match.
[2024-02-14 16:07:36.491812] Test passed.
[2024-02-14 16:07:36.492020] Running Score: 30/38

[2024-02-14 16:07:36.492382] Final score: 30/38 (78%). 
[2024-02-14 16:07:36.492768] 80% are needed to pass.
[2024-02-14 16:07:46.721729] You have NOT PASSED this assignment.
[2024-02-14 16:07:46.722003] You can try again. Deadline: 16.02.2024 23:59

