{
    "authors": [
        {
            "first_name": "Linda Septira",
            "last_name": "Andryani",
            "matriculation_number": "5345375"
        },
        {
            "first_name": "Yohanes Ranandika",
            "last_name": "Kirana",
            "matriculation_number": "5310931"
        }
    ],
    "evaluation_result": {
        "comment": null,
        "fixed": false,
        "log": "[2024-02-14 16:06:52.331033] Start of evaluation log for submission 'c49028df-2969-4b1a-b0dc-bc64abebabf8'.\n[2024-02-14 16:06:52.331368] Team member: ('Andryani', 'Linda Septira', '5345375')\n[2024-02-14 16:06:52.331614] Team member: ('Kirana', 'Yohanes Ranandika', '5310931')\n[2024-02-14 16:06:52.349005] Preparing the sandbox\n[2024-02-14 16:06:53.035440] Unpacking submission in sandbox\n[2024-02-14 16:06:53.485110] Building the test subject\n[2024-02-14 16:06:53.485394] Identified the Java variant.\n[2024-02-14 16:06:53.627335] Building Java solution with maven.\n[2024-02-14 16:07:04.588513] Maven log:\n[INFO] Scanning for projects...\n[INFO] \n[INFO] --------------< de.thm.mni.compilerbau.spl-reference:spl >--------------\n[INFO] Building spl 0.1\n[INFO] --------------------------------[ jar ]---------------------------------\n[INFO] \n[INFO] --- jflex-maven-plugin:1.7.0:generate (default) @ spl ---\n[INFO]   generated /home/solution/java/target/generated-sources/jflex/de/thm/mni/compilerbau/phases/_01_scanner/Scanner.java\n[INFO] \n[INFO] --- cup-maven-plugin:11b-20160615:generate (default) @ spl ---\nWarning : Non terminal \"EmptyStmt\" was declared but never used\nWarning : *** Shift/Reduce conflict found in state #94\n  between IfStmt ::= IF LPAREN Expr RPAREN Statement (*) \n  and     IfStmt ::= IF LPAREN Expr RPAREN Statement (*) ELSE Statement \n  under symbol ELSE\n  Resolved in favor of shifting.\n\n[INFO]   generated /home/solution/java/target/generated-sources/cup/de/thm/mni/compilerbau/phases/_02_03_parser/Parser.java\n[INFO]   generated /home/solution/java/target/generated-sources/cup/de/thm/mni/compilerbau/phases/_02_03_parser/Sym.java\n[INFO] \n[INFO] --- maven-resources-plugin:2.6:resources (default-resources) @ spl ---\n[INFO] Using 'UTF-8' encoding to copy filtered resources.\n[INFO] skip non existing resourceDirectory /home/solution/java/src/main/resources\n[INFO] \n[INFO] --- maven-compiler-plugin:3.10.1:compile (default-compile) @ spl ---\n[INFO] Changes detected - recompiling the module!\n[INFO] Compiling 57 source files to /home/solution/java/target/classes\n[INFO] /home/solution/java/target/generated-sources/jflex/de/thm/mni/compilerbau/phases/_01_scanner/Scanner.java: /home/solution/java/target/generated-sources/jflex/de/thm/mni/compilerbau/phases/_01_scanner/Scanner.java uses or overrides a deprecated API that is marked for removal.\n[INFO] /home/solution/java/target/generated-sources/jflex/de/thm/mni/compilerbau/phases/_01_scanner/Scanner.java: Recompile with -Xlint:removal for details.\n[INFO] /home/solution/java/target/generated-sources/cup/de/thm/mni/compilerbau/phases/_02_03_parser/Parser.java: /home/solution/java/target/generated-sources/cup/de/thm/mni/compilerbau/phases/_02_03_parser/Parser.java uses unchecked or unsafe operations.\n[INFO] /home/solution/java/target/generated-sources/cup/de/thm/mni/compilerbau/phases/_02_03_parser/Parser.java: Recompile with -Xlint:unchecked for details.\n[INFO] \n[INFO] --- maven-resources-plugin:2.6:testResources (default-testResources) @ spl ---\n[INFO] Using 'UTF-8' encoding to copy filtered resources.\n[INFO] skip non existing resourceDirectory /home/solution/java/src/test/resources\n[INFO] \n[INFO] --- maven-compiler-plugin:3.10.1:testCompile (default-testCompile) @ spl ---\n[INFO] No sources to compile\n[INFO] \n[INFO] --- maven-surefire-plugin:2.12.4:test (default-test) @ spl ---\n[INFO] No tests to run.\n[INFO] \n[INFO] --- maven-jar-plugin:2.4:jar (default-jar) @ spl ---\n[INFO] Building jar: /home/solution/java/target/spl.jar\n[INFO] \n[INFO] --- maven-shade-plugin:3.1.0:shade (default) @ spl ---\n[INFO] Including com.github.vbmacher:java-cup-runtime:jar:11b-20160615 in the shaded jar.\n[INFO] Replacing original artifact with shaded artifact.\n[INFO] Replacing /home/solution/java/target/spl.jar with /home/solution/java/target/spl-0.1-shaded.jar\n[INFO] Dependency-reduced POM written at: /home/solution/java/dependency-reduced-pom.xml\n[INFO] ------------------------------------------------------------------------\n[INFO] BUILD SUCCESS\n[INFO] ------------------------------------------------------------------------\n[INFO] Total time:  8.361 s\n[INFO] Finished at: 2024-02-14T15:07:04Z\n[INFO] ------------------------------------------------------------------------\n[2024-02-14 16:07:04.724400] Beginning evaluation.\n[2024-02-14 16:07:04.724576] Evaluating 101_undefined_procedure.spl with the submitted solution.\n[2024-02-14 16:07:05.121841] Test subject results match (Compiler Failure).\n[2024-02-14 16:07:05.121900] Exit code matches the expected exit code (101).\n[2024-02-14 16:07:05.121926] Test passed.\n[2024-02-14 16:07:05.121941] Running Score: 1/1\n\n[2024-02-14 16:07:05.121964] Evaluating 101_undefined_type.spl with the submitted solution.\n[2024-02-14 16:07:05.517380] Test subject results match (Compiler Failure).\n[2024-02-14 16:07:05.517424] Exit code matches the expected exit code (101).\n[2024-02-14 16:07:05.517453] Test passed.\n[2024-02-14 16:07:05.517469] Running Score: 2/2\n\n[2024-02-14 16:07:05.517493] Evaluating 101_undefined_variable.spl with the submitted solution.\n[2024-02-14 16:07:05.916003] Test subject results match (Compiler Failure).\n[2024-02-14 16:07:05.916047] Exit code matches the expected exit code (101).\n[2024-02-14 16:07:05.916077] Test passed.\n[2024-02-14 16:07:05.916104] Running Score: 3/3\n\n[2024-02-14 16:07:05.916138] Evaluating 102_not_a_type.spl with the submitted solution.\n[2024-02-14 16:07:06.301329] Test subject results match (Compiler Failure).\n[2024-02-14 16:07:06.301368] Exit code matches the expected exit code (102).\n[2024-02-14 16:07:06.301390] Test passed.\n[2024-02-14 16:07:06.301406] Running Score: 4/4\n\n[2024-02-14 16:07:06.301430] Evaluating 103_redefinition_as_parameter.spl with the submitted solution.\n[2024-02-14 16:07:06.712453] Test subject results match (Compiler Failure).\n[2024-02-14 16:07:06.712488] Exit code matches the expected exit code (103).\n[2024-02-14 16:07:06.712512] Test passed.\n[2024-02-14 16:07:06.712528] Running Score: 5/5\n\n[2024-02-14 16:07:06.712553] Evaluating 103_redefinition_as_procedure.spl with the submitted solution.\n[2024-02-14 16:07:07.092265] Test subject results match (Compiler Failure).\n[2024-02-14 16:07:07.092301] Exit code matches the expected exit code (103).\n[2024-02-14 16:07:07.092325] Test passed.\n[2024-02-14 16:07:07.092341] Running Score: 6/6\n\n[2024-02-14 16:07:07.092366] Evaluating 103_redefinition_as_type.spl with the submitted solution.\n[2024-02-14 16:07:07.462175] Test subject results match (Compiler Failure).\n[2024-02-14 16:07:07.462213] Exit code matches the expected exit code (103).\n[2024-02-14 16:07:07.462237] Test passed.\n[2024-02-14 16:07:07.462252] Running Score: 7/7\n\n[2024-02-14 16:07:07.462277] Evaluating 103_redefinition_as_variable.spl with the submitted solution.\n[2024-02-14 16:07:07.829767] Test subject results match (Compiler Failure).\n[2024-02-14 16:07:07.829802] Exit code matches the expected exit code (103).\n[2024-02-14 16:07:07.829826] Test passed.\n[2024-02-14 16:07:07.829841] Running Score: 8/8\n\n[2024-02-14 16:07:07.829866] Evaluating 104_must_be_reference_parameter.spl with the submitted solution.\n[2024-02-14 16:07:08.260456] Test subject results match (Compiler Failure).\n[2024-02-14 16:07:08.260492] Exit code matches the expected exit code (104).\n[2024-02-14 16:07:08.260516] Test passed.\n[2024-02-14 16:07:08.260532] Running Score: 9/9\n\n[2024-02-14 16:07:08.260557] Evaluating 113_call_of_non_procedure.spl with the submitted solution.\n[2024-02-14 16:07:08.654858] Test subject results match (Compiler Failure).\n[2024-02-14 16:07:08.654894] Exit code matches the expected exit code (113).\n[2024-02-14 16:07:08.654916] Test passed.\n[2024-02-14 16:07:08.654930] Running Score: 10/10\n\n[2024-02-14 16:07:08.654954] Evaluating 114_argument_type_mismatch.spl with the submitted solution.\n[2024-02-14 16:07:09.069806] Test subject results match (Compiler Failure).\n[2024-02-14 16:07:09.069841] Exit code matches the expected exit code (114).\n[2024-02-14 16:07:09.069865] Test passed.\n[2024-02-14 16:07:09.069898] Running Score: 11/11\n\n[2024-02-14 16:07:09.069923] Evaluating 115_argument_must_be_variable.spl with the submitted solution.\n[2024-02-14 16:07:09.473610] Test subject results match (Compiler Failure).\n[2024-02-14 16:07:09.473645] Exit code matches the expected exit code (115).\n[2024-02-14 16:07:09.473670] Test passed.\n[2024-02-14 16:07:09.473686] Running Score: 12/12\n\n[2024-02-14 16:07:09.473711] Evaluating 116_procedure_too_few_arguments.spl with the submitted solution.\n[2024-02-14 16:07:09.868489] Test subject results match (Compiler Failure).\n[2024-02-14 16:07:09.868523] Exit code matches the expected exit code (116).\n[2024-02-14 16:07:09.868546] Test passed.\n[2024-02-14 16:07:09.868562] Running Score: 13/13\n\n[2024-02-14 16:07:09.868586] Evaluating 116_procedure_too_many_arguments.spl with the submitted solution.\n[2024-02-14 16:07:10.265532] Test subject results match (Compiler Failure).\n[2024-02-14 16:07:10.265567] Exit code matches the expected exit code (116).\n[2024-02-14 16:07:10.265591] Test passed.\n[2024-02-14 16:07:10.265607] Running Score: 14/14\n\n[2024-02-14 16:07:10.265632] Evaluating 122_not_a_variable.spl with the submitted solution.\n[2024-02-14 16:07:10.613305] Submission exited with exit code 1, which is not allowed. Allowed: [0, 99, 140, 100, 101, 102, 103, 104, 105, 106, 107, 108, 109, 110, 111, 112, 113, 114, 115, 116, 117, 118, 119, 120, 121, 122, 123, 124, 125, 126, 127]\n[2024-02-14 16:07:10.613355] Output (stdout + stderr) of 'java -jar /home/solution/java/target/spl.jar /home/tests/122_not_a_variable.spl /home/temp/122_not_a_variable.spl.s' (Limited to 50 lines/10000 characters):\nAn error occurred: class de.thm.mni.compilerbau.table.ProcedureEntry cannot be cast to class de.thm.mni.compilerbau.table.VariableEntry (de.thm.mni.compilerbau.table.ProcedureEntry and de.thm.mni.compilerbau.table.VariableEntry are in unnamed module of loader 'app')\njava.lang.ClassCastException: class de.thm.mni.compilerbau.table.ProcedureEntry cannot be cast to class de.thm.mni.compilerbau.table.VariableEntry (de.thm.mni.compilerbau.table.ProcedureEntry and de.thm.mni.compilerbau.table.VariableEntry are in unnamed module of loader 'app')\n\tat de.thm.mni.compilerbau.phases._04b_semant.ProcedureBodyChecker.checkStatement(ProcedureBodyChecker.java:109)\n\tat de.thm.mni.compilerbau.phases._04b_semant.ProcedureBodyChecker.checkStatement(ProcedureBodyChecker.java:78)\n\tat de.thm.mni.compilerbau.phases._04b_semant.ProcedureBodyChecker.checkProcedures(ProcedureBodyChecker.java:64)\n\tat de.thm.mni.compilerbau.Main.main(Main.java:85)\n[2024-02-14 16:07:10.613428] Test not passed.\n[2024-02-14 16:07:10.613443] Running Score: 14/15\n\n[2024-02-14 16:07:10.613466] Evaluating 123_indexing_non_array.spl with the submitted solution.\n[2024-02-14 16:07:11.055072] Submission exited with exit code 1, which is not allowed. Allowed: [0, 99, 140, 100, 101, 102, 103, 104, 105, 106, 107, 108, 109, 110, 111, 112, 113, 114, 115, 116, 117, 118, 119, 120, 121, 122, 123, 124, 125, 126, 127]\n[2024-02-14 16:07:11.055121] Output (stdout + stderr) of 'java -jar /home/solution/java/target/spl.jar /home/tests/123_indexing_non_array.spl /home/temp/123_indexing_non_array.spl.s' (Limited to 50 lines/10000 characters):\nAn error occurred: class de.thm.mni.compilerbau.types.PrimitiveType cannot be cast to class de.thm.mni.compilerbau.types.ArrayType (de.thm.mni.compilerbau.types.PrimitiveType and de.thm.mni.compilerbau.types.ArrayType are in unnamed module of loader 'app')\njava.lang.ClassCastException: class de.thm.mni.compilerbau.types.PrimitiveType cannot be cast to class de.thm.mni.compilerbau.types.ArrayType (de.thm.mni.compilerbau.types.PrimitiveType and de.thm.mni.compilerbau.types.ArrayType are in unnamed module of loader 'app')\n\tat de.thm.mni.compilerbau.phases._06_codegen.CodeGenerator.genStatement(CodeGenerator.java:114)\n\tat de.thm.mni.compilerbau.phases._06_codegen.CodeGenerator.generateCode(CodeGenerator.java:59)\n\tat de.thm.mni.compilerbau.Main.main(Main.java:95)\n[2024-02-14 16:07:11.055186] Test not passed.\n[2024-02-14 16:07:11.055202] Running Score: 14/16\n\n[2024-02-14 16:07:11.055227] Evaluating 124_indexing_with_non_integer.spl with the submitted solution.\n[2024-02-14 16:07:12.753700] Results do not match. Expected Compiler Failure(124), but got Success(0).\n[2024-02-14 16:07:12.753750] Output (stdout) of 'xvfb-run -a /home/tools/sim -x -l /home/temp/124_indexing_with_non_integer.spl.bin -s 1 -t 0' (Limited to 50 lines/10000 characters):\nSPL/RTS: main() started\n\nSPL/RTS: index out of bounds\n[2024-02-14 16:07:12.753792] Test not passed.\n[2024-02-14 16:07:12.753808] Running Score: 14/17\n\n[2024-02-14 16:07:12.753832] Evaluating 126_main_not_a_procedure.spl with the submitted solution.\n[2024-02-14 16:07:13.096338] Test subject results match (Compiler Failure).\n[2024-02-14 16:07:13.096372] Exit code matches the expected exit code (126).\n[2024-02-14 16:07:13.096394] Test passed.\n[2024-02-14 16:07:13.096410] Running Score: 15/18\n\n[2024-02-14 16:07:13.096434] Evaluating 127_main_must_not_have_parameters.spl with the submitted solution.\n[2024-02-14 16:07:13.436025] Test subject results match (Compiler Failure).\n[2024-02-14 16:07:13.436060] Exit code matches the expected exit code (127).\n[2024-02-14 16:07:13.436083] Test passed.\n[2024-02-14 16:07:13.436099] Running Score: 16/19\n\n[2024-02-14 16:07:13.436124] Evaluating acker.spl with the submitted solution.\n[2024-02-14 16:07:15.083743] Test subject results match (Success).\n[2024-02-14 16:07:15.088296] Outputs match.\n[2024-02-14 16:07:15.088326] Test passed.\n[2024-02-14 16:07:15.088343] Running Score: 17/20\n\n[2024-02-14 16:07:15.088368] Evaluating bigtest.spl with the submitted solution.\n[2024-02-14 16:07:15.906420] Submission exited with exit code 1, which is not allowed. Allowed: [0, 99, 140, 100, 101, 102, 103, 104, 105, 106, 107, 108, 109, 110, 111, 112, 113, 114, 115, 116, 117, 118, 119, 120, 121, 122, 123, 124, 125, 126, 127]\n[2024-02-14 16:07:15.906620] Output (stdout + stderr) of 'java -jar /home/solution/java/target/spl.jar /home/tests/bigtest.spl /home/temp/bigtest.spl.s' (Limited to 50 lines/10000 characters):\nException in thread \"main\" java.lang.StackOverflowError\n\tat de.thm.mni.compilerbau.phases._06_codegen.CodeGenerator.genStatement(CodeGenerator.java:82)\n\tat de.thm.mni.compilerbau.phases._06_codegen.CodeGenerator.genStatement(CodeGenerator.java:185)\n\tat de.thm.mni.compilerbau.phases._06_codegen.CodeGenerator.genStatement(CodeGenerator.java:185)\n\tat de.thm.mni.compilerbau.phases._06_codegen.CodeGenerator.genStatement(CodeGenerator.java:185)\n\tat de.thm.mni.compilerbau.phases._06_codegen.CodeGenerator.genStatement(CodeGenerator.java:185)\n\tat de.thm.mni.compilerbau.phases._06_codegen.CodeGenerator.genStatement(CodeGenerator.java:185)\n\tat de.thm.mni.compilerbau.phases._06_codegen.CodeGenerator.genStatement(CodeGenerator.java:185)\n\tat de.thm.mni.compilerbau.phases._06_codegen.CodeGenerator.genStatement(CodeGenerator.java:185)\n\tat de.thm.mni.compilerbau.phases._06_codegen.CodeGenerator.genStatement(CodeGenerator.java:185)\n\tat de.thm.mni.compilerbau.phases._06_codegen.CodeGenerator.genStatement(CodeGenerator.java:185)\n\tat de.thm.mni.compilerbau.phases._06_codegen.CodeGenerator.genStatement(CodeGenerator.java:185)\n\tat de.thm.mni.compilerbau.phases._06_codegen.CodeGenerator.genStatement(CodeGenerator.java:185)\n\tat de.thm.mni.compilerbau.phases._06_codegen.CodeGenerator.genStatement(CodeGenerator.java:185)\n\tat de.thm.mni.compilerbau.phases._06_codegen.CodeGenerator.genStatement(CodeGenerator.java:185)\n\tat de.thm.mni.compilerbau.phases._06_codegen.CodeGenerator.genStatement(CodeGenerator.java:185)\n\tat de.thm.mni.compilerbau.phases._06_codegen.CodeGenerator.genStatement(CodeGenerator.java:185)\n\tat de.thm.mni.compilerbau.phases._06_codegen.CodeGenerator.genStatement(CodeGenerator.java:185)\n\tat de.thm.mni.compilerbau.phases._06_codegen.CodeGenerator.genStatement(CodeGenerator.java:185)\n\tat de.thm.mni.compilerbau.phases._06_codegen.CodeGenerator.genStatement(CodeGenerator.java:185)\n\tat de.thm.mni.compilerbau.phases._06_codegen.CodeGenerator.genStatement(CodeGenerator.java:185)\n\tat de.thm.mni.compilerbau.phases._06_codegen.CodeGenerator.genStatement(CodeGenerator.java:185)\n\tat de.thm.mni.compilerbau.phases._06_codegen.CodeGenerator.genStatement(CodeGenerator.java:185)\n\tat de.thm.mni.compilerbau.phases._06_codegen.CodeGenerator.genStatement(CodeGenerator.java:185)\n\tat de.thm.mni.compilerbau.phases._06_codegen.CodeGenerator.genStatement(CodeGenerator.java:185)\n\tat de.thm.mni.compilerbau.phases._06_codegen.CodeGenerator.genStatement(CodeGenerator.java:185)\n\tat de.thm.mni.compilerbau.phases._06_codegen.CodeGenerator.genStatement(CodeGenerator.java:185)\n\tat de.thm.mni.compilerbau.phases._06_codegen.CodeGenerator.genStatement(CodeGenerator.java:185)\n\tat de.thm.mni.compilerbau.phases._06_codegen.CodeGenerator.genStatement(CodeGenerator.java:185)\n\tat de.thm.mni.compilerbau.phases._06_codegen.CodeGenerator.genStatement(CodeGenerator.java:185)\n\tat de.thm.mni.compilerbau.phases._06_codegen.CodeGenerator.genStatement(CodeGenerator.java:185)\n\tat de.thm.mni.compilerbau.phases._06_codegen.CodeGenerator.genStatement(CodeGenerator.java:185)\n\tat de.thm.mni.compilerbau.phases._06_codegen.CodeGenerator.genStatement(CodeGenerator.java:185)\n\tat de.thm.mni.compilerbau.phases._06_codegen.CodeGenerator.genStatement(CodeGenerator.java:185)\n\tat de.thm.mni.compilerbau.phases._06_codegen.CodeGenerator.genStatement(CodeGenerator.java:185)\n\tat de.thm.mni.compilerbau.phases._06_codegen.CodeGenerator.genStatement(CodeGenerator.java:185)\n\tat de.thm.mni.compilerbau.phases._06_codegen.CodeGenerator.genStatement(CodeGenerator.java:185)\n\tat de.thm.mni.compilerbau.phases._06_codegen.CodeGenerator.genStatement(CodeGenerator.java:185)\n\tat de.thm.mni.compilerbau.phases._06_codegen.CodeGenerator.genStatement(CodeGenerator.java:185)\n\tat de.thm.mni.compilerbau.phases._06_codegen.CodeGenerator.genStatement(CodeGenerator.java:185)\n\tat de.thm.mni.compilerbau.phases._06_codegen.CodeGenerator.genStatement(CodeGenerator.java:185)\n\tat de.thm.mni.compilerbau.phases._06_codegen.CodeGenerator.genStatement(CodeGenerator.java:185)\n\tat de.thm.mni.compilerbau.phases._06_codegen.CodeGenerator.genStatement(CodeGenerator.java:185)\n\tat de.thm.mni.compilerbau.phases._06_codegen.CodeGenerator.genStatement(CodeGenerator.java:185)\n\tat de.thm.mni.compilerbau.phases._06_codegen.CodeGenerator.genStatement(CodeGenerator.java:185)\n\tat de.thm.mni.compilerbau.phases._06_codegen.CodeGenerator.genStatement(CodeGenerator.java:185)\n\tat de.thm.mni.compilerbau.phases._06_codegen.CodeGenerator.genStatement(CodeGenerator.java:185)\n\tat de.thm.mni.compilerbau.phases._06_codegen.CodeGenerator.genStatement(CodeGenerator.java:185)\n\tat de.thm.mni.compilerbau.phases._06_codegen.CodeGenerator.genStatement(CodeGenerator.java:185)\n\tat de.thm.mni.compilerbau.phases._06_codegen.CodeGenerator.genStatement(CodeGenerator.java:185)\n[2024-02-14 16:07:15.907037] Test not passed.\n[2024-02-14 16:07:15.907053] Running Score: 17/21\n\n[2024-02-14 16:07:15.907076] Evaluating bits.spl with the submitted solution.\n[2024-02-14 16:07:17.224528] Test subject results match (Success).\n[2024-02-14 16:07:17.227814] Outputs match.\n[2024-02-14 16:07:17.228038] Test passed.\n[2024-02-14 16:07:17.228253] Running Score: 18/22\n\n[2024-02-14 16:07:17.228444] Evaluating gcd.spl with the submitted solution.\n[2024-02-14 16:07:18.522521] Test subject results match (Success).\n[2024-02-14 16:07:18.526438] Outputs match.\n[2024-02-14 16:07:18.526471] Test passed.\n[2024-02-14 16:07:18.526489] Running Score: 19/23\n\n[2024-02-14 16:07:18.526514] Evaluating inttest.spl with the submitted solution.\n[2024-02-14 16:07:19.799780] Test subject results match (Success).\n[2024-02-14 16:07:19.803189] Outputs match.\n[2024-02-14 16:07:19.803415] Test passed.\n[2024-02-14 16:07:19.803616] Running Score: 20/24\n\n[2024-02-14 16:07:19.803903] Evaluating multiply.spl with the submitted solution.\n[2024-02-14 16:07:21.197667] Test subject results match (Success).\n[2024-02-14 16:07:21.200319] Outputs match.\n[2024-02-14 16:07:21.200551] Test passed.\n[2024-02-14 16:07:21.200765] Running Score: 21/25\n\n[2024-02-14 16:07:21.201097] Evaluating partind1.spl with the submitted solution.\n[2024-02-14 16:07:21.624323] Results do not match. Expected Success(0), but got Compiler Failure(114).\n[2024-02-14 16:07:21.624371] Output (stdout + stderr) of 'java -jar /home/solution/java/target/spl.jar /home/tests/partind1.spl /home/temp/partind1.spl.s' (Limited to 50 lines/10000 characters):\nAn error occurred at Line 32, Column 8:\nArgument type mismatch in call of procedure 'p'. Argument 1 is expected to have type 'array [7] of int', but has type 'int'.\n[2024-02-14 16:07:21.624409] Test not passed.\n[2024-02-14 16:07:21.624425] Running Score: 21/26\n\n[2024-02-14 16:07:21.624450] Evaluating partind2.spl with the submitted solution.\n[2024-02-14 16:07:22.052621] Results do not match. Expected Success(0), but got Compiler Failure(114).\n[2024-02-14 16:07:22.052667] Output (stdout + stderr) of 'java -jar /home/solution/java/target/spl.jar /home/tests/partind2.spl /home/temp/partind2.spl.s' (Limited to 50 lines/10000 characters):\nAn error occurred at Line 43, Column 8:\nArgument type mismatch in call of procedure 'p'. Argument 1 is expected to have type 'array [5] of array [7] of int', but has type 'int'.\n[2024-02-14 16:07:22.052705] Test not passed.\n[2024-02-14 16:07:22.052720] Running Score: 21/27\n\n[2024-02-14 16:07:22.052745] Evaluating swap.spl with the submitted solution.\n[2024-02-14 16:07:23.360750] Test subject results match (Success).\n[2024-02-14 16:07:23.366479] Outputs match.\n[2024-02-14 16:07:23.366680] Test passed.\n[2024-02-14 16:07:23.366868] Running Score: 22/28\n\n[2024-02-14 16:07:23.367163] Evaluating test1.spl with the submitted solution.\n[2024-02-14 16:07:24.688607] Test subject results match (Success).\n[2024-02-14 16:07:24.694704] Outputs match.\n[2024-02-14 16:07:24.694725] Test passed.\n[2024-02-14 16:07:24.694734] Running Score: 23/29\n\n[2024-02-14 16:07:24.694749] Evaluating test2.spl with the submitted solution.\n[2024-02-14 16:07:25.990284] Test subject results match (Success).\n[2024-02-14 16:07:25.992910] Outputs match.\n[2024-02-14 16:07:25.993157] Test passed.\n[2024-02-14 16:07:25.993370] Running Score: 24/30\n\n[2024-02-14 16:07:25.993544] Evaluating test3.spl with the submitted solution.\n[2024-02-14 16:07:27.335399] Test subject results match (Success).\n[2024-02-14 16:07:27.338268] Outputs differ. 'diff'-log (Expected output first, Limited to 50 lines/10000 characters):\n4d3\n< 1\n6d4\n< 3\n8d5\n< 5\n10d6\n< 7\n12a9,12\n> 7\n> 5\n> 3\n> 1\n[2024-02-14 16:07:27.339222] Test not passed.\n[2024-02-14 16:07:27.339248] Running Score: 24/31\n\n[2024-02-14 16:07:27.339279] Evaluating test4.spl with the submitted solution.\n[2024-02-14 16:07:28.678016] Test subject results match (Success).\n[2024-02-14 16:07:28.681302] Outputs match.\n[2024-02-14 16:07:28.681519] Test passed.\n[2024-02-14 16:07:28.681707] Running Score: 25/32\n\n[2024-02-14 16:07:28.682023] Evaluating test5.spl with the submitted solution.\n[2024-02-14 16:07:29.957048] Test subject results match (Success).\n[2024-02-14 16:07:29.959652] Outputs match.\n[2024-02-14 16:07:29.959904] Test passed.\n[2024-02-14 16:07:29.959995] Running Score: 26/33\n\n[2024-02-14 16:07:29.960036] Evaluating test7.spl with the submitted solution.\n[2024-02-14 16:07:31.237230] Test subject results match (Success).\n[2024-02-14 16:07:31.239836] Outputs match.\n[2024-02-14 16:07:31.240038] Test passed.\n[2024-02-14 16:07:31.240228] Running Score: 27/34\n\n[2024-02-14 16:07:31.240446] Evaluating test8.spl with the submitted solution.\n[2024-02-14 16:07:32.516933] Test subject results match (Success).\n[2024-02-14 16:07:32.519631] Outputs match.\n[2024-02-14 16:07:32.519852] Test passed.\n[2024-02-14 16:07:32.520080] Running Score: 28/35\n\n[2024-02-14 16:07:32.520362] Evaluating test9.spl with the submitted solution.\n[2024-02-14 16:07:33.848511] Test subject results match (Success).\n[2024-02-14 16:07:33.851071] Outputs match.\n[2024-02-14 16:07:33.851272] Test passed.\n[2024-02-14 16:07:33.851503] Running Score: 29/36\n\n[2024-02-14 16:07:33.851790] Evaluating threedim.spl with the submitted solution.\n[2024-02-14 16:07:35.166836] Test subject results match (Success).\n[2024-02-14 16:07:35.172645] Outputs differ. 'diff'-log (Expected output first, Limited to 50 lines/10000 characters):\n3,33c3\n< 10000\n< 00000\n< 00000\n< 00000\n< 00000\n< \n< 00000\n< 01000\n< 00000\n< 00000\n< 00000\n< \n< 00000\n< 00000\n< 00100\n< 00000\n< 00000\n< \n< 00000\n< 00000\n< 00000\n< 00010\n< 00000\n< \n< 00000\n< 00000\n< 00000\n< 00000\n< 00001\n< \n< SPL/RTS: main() finished\n---\n> SPL/RTS: TLB miss exception\n[2024-02-14 16:07:35.175462] Test not passed.\n[2024-02-14 16:07:35.175487] Running Score: 29/37\n\n[2024-02-14 16:07:35.175726] Evaluating twodim.spl with the submitted solution.\n[2024-02-14 16:07:36.488071] Test subject results match (Success).\n[2024-02-14 16:07:36.491575] Outputs match.\n[2024-02-14 16:07:36.491812] Test passed.\n[2024-02-14 16:07:36.492020] Running Score: 30/38\n\n[2024-02-14 16:07:36.492382] Final score: 30/38 (78%). \n[2024-02-14 16:07:36.492768] 80% are needed to pass.\n[2024-02-14 16:07:46.721729] You have NOT PASSED this assignment.\n[2024-02-14 16:07:46.722003] You can try again. Deadline: 16.02.2024 23:59\n",
        "max_score": 38,
        "passed": false,
        "score": 30
    },
    "id": "c49028df-2969-4b1a-b0dc-bc64abebabf8",
    "timestamp_ns": 1707923212329028215,
    "upload_log": "[2024-02-14 16:06:52.147537] Received submission c49028df-2969-4b1a-b0dc-bc64abebabf8\n[2024-02-14 16:06:52.147995] Ip: 10.196.117.75\n[2024-02-14 16:06:52.148249] Team members: [('Andryani', 'Linda Septira', '5345375'), ('Kirana', 'Yohanes Ranandika', '5310931')]\n[2024-02-14 16:06:52.329214] Your submission was ACCEPTED for course 'Compilerbau-ws23', assignment 'Aufgabe-2'.\n[2024-02-14 16:06:52.329572] Your submission has the id c49028df-2969-4b1a-b0dc-bc64abebabf8.\n[2024-02-14 16:06:52.330111] It will be evaluated shortly. Please check back soon for your results.\n\n"
}
