{
    "authors": [
        {
            "first_name": "Linda Septira",
            "last_name": "Andryani",
            "matriculation_number": "5345375"
        },
        {
            "first_name": "Yohanes Ranandika",
            "last_name": "Kirana",
            "matriculation_number": "5310931"
        }
    ],
    "evaluation_result": {
        "comment": null,
        "fixed": false,
        "log": "[2024-02-14 14:50:12.621022] Start of evaluation log for submission 'f5628eb2-7185-4051-9ed9-81f7e12a1dff'.\n[2024-02-14 14:50:12.621329] Team member: ('Andryani', 'Linda Septira', '5345375')\n[2024-02-14 14:50:12.621511] Team member: ('Kirana', 'Yohanes Ranandika', '5310931')\n[2024-02-14 14:50:12.640249] Preparing the sandbox\n[2024-02-14 14:50:13.433913] Unpacking submission in sandbox\n[2024-02-14 14:50:13.929636] Building the test subject\n[2024-02-14 14:50:13.929937] Identified the Java variant.\n[2024-02-14 14:50:14.070098] Building Java solution with maven.\n[2024-02-14 14:50:25.990255] Maven log:\n[INFO] Scanning for projects...\n[INFO] \n[INFO] --------------< de.thm.mni.compilerbau.spl-reference:spl >--------------\n[INFO] Building spl 0.1\n[INFO] --------------------------------[ jar ]---------------------------------\n[INFO] \n[INFO] --- jflex-maven-plugin:1.7.0:generate (default) @ spl ---\n[INFO]   generated /home/solution/java/target/generated-sources/jflex/de/thm/mni/compilerbau/phases/_01_scanner/Scanner.java\n[INFO] \n[INFO] --- cup-maven-plugin:11b-20160615:generate (default) @ spl ---\nWarning : Non terminal \"EmptyStmt\" was declared but never used\nWarning : *** Shift/Reduce conflict found in state #94\n  between IfStmt ::= IF LPAREN Expr RPAREN Statement (*) \n  and     IfStmt ::= IF LPAREN Expr RPAREN Statement (*) ELSE Statement \n  under symbol ELSE\n  Resolved in favor of shifting.\n\n[INFO]   generated /home/solution/java/target/generated-sources/cup/de/thm/mni/compilerbau/phases/_02_03_parser/Parser.java\n[INFO]   generated /home/solution/java/target/generated-sources/cup/de/thm/mni/compilerbau/phases/_02_03_parser/Sym.java\n[INFO] \n[INFO] --- maven-resources-plugin:2.6:resources (default-resources) @ spl ---\n[INFO] Using 'UTF-8' encoding to copy filtered resources.\n[INFO] skip non existing resourceDirectory /home/solution/java/src/main/resources\n[INFO] \n[INFO] --- maven-compiler-plugin:3.10.1:compile (default-compile) @ spl ---\n[INFO] Changes detected - recompiling the module!\n[INFO] Compiling 57 source files to /home/solution/java/target/classes\n[INFO] /home/solution/java/target/generated-sources/jflex/de/thm/mni/compilerbau/phases/_01_scanner/Scanner.java: /home/solution/java/target/generated-sources/jflex/de/thm/mni/compilerbau/phases/_01_scanner/Scanner.java uses or overrides a deprecated API that is marked for removal.\n[INFO] /home/solution/java/target/generated-sources/jflex/de/thm/mni/compilerbau/phases/_01_scanner/Scanner.java: Recompile with -Xlint:removal for details.\n[INFO] /home/solution/java/target/generated-sources/cup/de/thm/mni/compilerbau/phases/_02_03_parser/Parser.java: /home/solution/java/target/generated-sources/cup/de/thm/mni/compilerbau/phases/_02_03_parser/Parser.java uses unchecked or unsafe operations.\n[INFO] /home/solution/java/target/generated-sources/cup/de/thm/mni/compilerbau/phases/_02_03_parser/Parser.java: Recompile with -Xlint:unchecked for details.\n[INFO] \n[INFO] --- maven-resources-plugin:2.6:testResources (default-testResources) @ spl ---\n[INFO] Using 'UTF-8' encoding to copy filtered resources.\n[INFO] skip non existing resourceDirectory /home/solution/java/src/test/resources\n[INFO] \n[INFO] --- maven-compiler-plugin:3.10.1:testCompile (default-testCompile) @ spl ---\n[INFO] No sources to compile\n[INFO] \n[INFO] --- maven-surefire-plugin:2.12.4:test (default-test) @ spl ---\n[INFO] No tests to run.\n[INFO] \n[INFO] --- maven-jar-plugin:2.4:jar (default-jar) @ spl ---\n[INFO] Building jar: /home/solution/java/target/spl.jar\n[INFO] \n[INFO] --- maven-shade-plugin:3.1.0:shade (default) @ spl ---\n[INFO] Including com.github.vbmacher:java-cup-runtime:jar:11b-20160615 in the shaded jar.\n[INFO] Replacing original artifact with shaded artifact.\n[INFO] Replacing /home/solution/java/target/spl.jar with /home/solution/java/target/spl-0.1-shaded.jar\n[INFO] Dependency-reduced POM written at: /home/solution/java/dependency-reduced-pom.xml\n[INFO] ------------------------------------------------------------------------\n[INFO] BUILD SUCCESS\n[INFO] ------------------------------------------------------------------------\n[INFO] Total time:  9.113 s\n[INFO] Finished at: 2024-02-14T13:50:25Z\n[INFO] ------------------------------------------------------------------------\n[2024-02-14 14:50:26.147638] Beginning evaluation.\n[2024-02-14 14:50:26.147841] Evaluating 101_undefined_procedure.spl with the submitted solution.\n[2024-02-14 14:50:26.564988] Test subject results match (Compiler Failure).\n[2024-02-14 14:50:26.565028] Exit code matches the expected exit code (101).\n[2024-02-14 14:50:26.565053] Test passed.\n[2024-02-14 14:50:26.565072] Running Score: 1/1\n\n[2024-02-14 14:50:26.565095] Evaluating 101_undefined_type.spl with the submitted solution.\n[2024-02-14 14:50:26.963985] Test subject results match (Compiler Failure).\n[2024-02-14 14:50:26.964019] Exit code matches the expected exit code (101).\n[2024-02-14 14:50:26.964043] Test passed.\n[2024-02-14 14:50:26.964057] Running Score: 2/2\n\n[2024-02-14 14:50:26.964078] Evaluating 101_undefined_variable.spl with the submitted solution.\n[2024-02-14 14:50:27.380792] Test subject results match (Compiler Failure).\n[2024-02-14 14:50:27.380825] Exit code matches the expected exit code (101).\n[2024-02-14 14:50:27.380847] Test passed.\n[2024-02-14 14:50:27.380861] Running Score: 3/3\n\n[2024-02-14 14:50:27.380883] Evaluating 102_not_a_type.spl with the submitted solution.\n[2024-02-14 14:50:27.778271] Test subject results match (Compiler Failure).\n[2024-02-14 14:50:27.778303] Exit codes do not match. Expected '102', but got '101'.\n[2024-02-14 14:50:27.778347] Output (stdout + stderr) of 'java -jar /home/solution/java/target/spl.jar /home/tests/102_not_a_type.spl /home/temp/102_not_a_type.spl.s' (Limited to 50 lines/10000 characters):\nAn error occurred at Line 2, Column 10:\nIdentifier 'A' is not defined.\n[2024-02-14 14:50:27.778383] Test not passed.\n[2024-02-14 14:50:27.778398] Running Score: 3/4\n\n[2024-02-14 14:50:27.778419] Evaluating 103_redefinition_as_parameter.spl with the submitted solution.\n[2024-02-14 14:50:28.170934] Test subject results match (Compiler Failure).\n[2024-02-14 14:50:28.170966] Exit code matches the expected exit code (103).\n[2024-02-14 14:50:28.170988] Test passed.\n[2024-02-14 14:50:28.171003] Running Score: 4/5\n\n[2024-02-14 14:50:28.171027] Evaluating 103_redefinition_as_procedure.spl with the submitted solution.\n[2024-02-14 14:50:28.757042] Toolchain resulted in 'Assembler Failure', which is not supposed to happen for working solutions. The associated log is listed below.\n[2024-02-14 14:50:28.757095] Output (stdout + stderr) of '/home/tools/as -o /home/temp/103_redefinition_as_procedure.spl.o /home/temp/103_redefinition_as_procedure.spl.s' (Limited to 50 lines/10000 characters):\nError: exported symbol 'f' multiply defined in line 27\n[2024-02-14 14:50:28.757121] Test not passed.\n[2024-02-14 14:50:28.757135] Running Score: 4/6\n\n[2024-02-14 14:50:28.757158] Evaluating 103_redefinition_as_type.spl with the submitted solution.\n[2024-02-14 14:50:30.571928] Results do not match. Expected Compiler Failure(103), but got Success(0).\n[2024-02-14 14:50:30.571972] Output (stdout) of 'xvfb-run -a /home/tools/sim -x -l /home/temp/103_redefinition_as_type.spl.bin -s 1 -t 0' (Limited to 50 lines/10000 characters):\nSPL/RTS: main() started\n\nSPL/RTS: main() finished\n[2024-02-14 14:50:30.572150] Test not passed.\n[2024-02-14 14:50:30.572171] Running Score: 4/7\n\n[2024-02-14 14:50:30.572196] Evaluating 103_redefinition_as_variable.spl with the submitted solution.\n[2024-02-14 14:50:30.952322] Test subject results match (Compiler Failure).\n[2024-02-14 14:50:30.952354] Exit code matches the expected exit code (103).\n[2024-02-14 14:50:30.952377] Test passed.\n[2024-02-14 14:50:30.952392] Running Score: 5/8\n\n[2024-02-14 14:50:30.952415] Evaluating 104_must_be_reference_parameter.spl with the submitted solution.\n[2024-02-14 14:50:31.344010] Test subject results match (Compiler Failure).\n[2024-02-14 14:50:31.344043] Exit code matches the expected exit code (104).\n[2024-02-14 14:50:31.344066] Test passed.\n[2024-02-14 14:50:31.344081] Running Score: 6/9\n\n[2024-02-14 14:50:31.344103] Evaluating 113_call_of_non_procedure.spl with the submitted solution.\n[2024-02-14 14:50:31.765816] Test subject results match (Compiler Failure).\n[2024-02-14 14:50:31.765849] Exit code matches the expected exit code (113).\n[2024-02-14 14:50:31.765872] Test passed.\n[2024-02-14 14:50:31.765906] Running Score: 7/10\n\n[2024-02-14 14:50:31.765930] Evaluating 114_argument_type_mismatch.spl with the submitted solution.\n[2024-02-14 14:50:32.195942] Test subject results match (Compiler Failure).\n[2024-02-14 14:50:32.195978] Exit code matches the expected exit code (114).\n[2024-02-14 14:50:32.196000] Test passed.\n[2024-02-14 14:50:32.196026] Running Score: 8/11\n\n[2024-02-14 14:50:32.196049] Evaluating 115_argument_must_be_variable.spl with the submitted solution.\n[2024-02-14 14:50:32.618458] Test subject results match (Compiler Failure).\n[2024-02-14 14:50:32.618492] Exit code matches the expected exit code (115).\n[2024-02-14 14:50:32.618516] Test passed.\n[2024-02-14 14:50:32.618537] Running Score: 9/12\n\n[2024-02-14 14:50:32.618564] Evaluating 116_procedure_too_few_arguments.spl with the submitted solution.\n[2024-02-14 14:50:33.038462] Test subject results match (Compiler Failure).\n[2024-02-14 14:50:33.038498] Exit code matches the expected exit code (116).\n[2024-02-14 14:50:33.038520] Test passed.\n[2024-02-14 14:50:33.038534] Running Score: 10/13\n\n[2024-02-14 14:50:33.038555] Evaluating 116_procedure_too_many_arguments.spl with the submitted solution.\n[2024-02-14 14:50:33.450504] Test subject results match (Compiler Failure).\n[2024-02-14 14:50:33.450541] Exit code matches the expected exit code (116).\n[2024-02-14 14:50:33.450563] Test passed.\n[2024-02-14 14:50:33.450580] Running Score: 11/14\n\n[2024-02-14 14:50:33.450602] Evaluating 122_not_a_variable.spl with the submitted solution.\n[2024-02-14 14:50:33.829374] Submission exited with exit code 1, which is not allowed. Allowed: [0, 99, 140, 100, 101, 102, 103, 104, 105, 106, 107, 108, 109, 110, 111, 112, 113, 114, 115, 116, 117, 118, 119, 120, 121, 122, 123, 124, 125, 126, 127]\n[2024-02-14 14:50:33.829434] Output (stdout + stderr) of 'java -jar /home/solution/java/target/spl.jar /home/tests/122_not_a_variable.spl /home/temp/122_not_a_variable.spl.s' (Limited to 50 lines/10000 characters):\nAn error occurred: class de.thm.mni.compilerbau.table.ProcedureEntry cannot be cast to class de.thm.mni.compilerbau.table.VariableEntry (de.thm.mni.compilerbau.table.ProcedureEntry and de.thm.mni.compilerbau.table.VariableEntry are in unnamed module of loader 'app')\njava.lang.ClassCastException: class de.thm.mni.compilerbau.table.ProcedureEntry cannot be cast to class de.thm.mni.compilerbau.table.VariableEntry (de.thm.mni.compilerbau.table.ProcedureEntry and de.thm.mni.compilerbau.table.VariableEntry are in unnamed module of loader 'app')\n\tat de.thm.mni.compilerbau.phases._04b_semant.ProcedureBodyChecker.checkStatement(ProcedureBodyChecker.java:108)\n\tat de.thm.mni.compilerbau.phases._04b_semant.ProcedureBodyChecker.checkStatement(ProcedureBodyChecker.java:78)\n\tat de.thm.mni.compilerbau.phases._04b_semant.ProcedureBodyChecker.checkProcedures(ProcedureBodyChecker.java:64)\n\tat de.thm.mni.compilerbau.Main.main(Main.java:85)\n[2024-02-14 14:50:33.829512] Test not passed.\n[2024-02-14 14:50:33.829527] Running Score: 11/15\n\n[2024-02-14 14:50:33.829549] Evaluating 123_indexing_non_array.spl with the submitted solution.\n[2024-02-14 14:50:34.300142] Submission exited with exit code 1, which is not allowed. Allowed: [0, 99, 140, 100, 101, 102, 103, 104, 105, 106, 107, 108, 109, 110, 111, 112, 113, 114, 115, 116, 117, 118, 119, 120, 121, 122, 123, 124, 125, 126, 127]\n[2024-02-14 14:50:34.300201] Output (stdout + stderr) of 'java -jar /home/solution/java/target/spl.jar /home/tests/123_indexing_non_array.spl /home/temp/123_indexing_non_array.spl.s' (Limited to 50 lines/10000 characters):\nAn error occurred: class de.thm.mni.compilerbau.types.PrimitiveType cannot be cast to class de.thm.mni.compilerbau.types.ArrayType (de.thm.mni.compilerbau.types.PrimitiveType and de.thm.mni.compilerbau.types.ArrayType are in unnamed module of loader 'app')\njava.lang.ClassCastException: class de.thm.mni.compilerbau.types.PrimitiveType cannot be cast to class de.thm.mni.compilerbau.types.ArrayType (de.thm.mni.compilerbau.types.PrimitiveType and de.thm.mni.compilerbau.types.ArrayType are in unnamed module of loader 'app')\n\tat de.thm.mni.compilerbau.phases._06_codegen.CodeGenerator.genStatement(CodeGenerator.java:114)\n\tat de.thm.mni.compilerbau.phases._06_codegen.CodeGenerator.generateCode(CodeGenerator.java:59)\n\tat de.thm.mni.compilerbau.Main.main(Main.java:95)\n[2024-02-14 14:50:34.300264] Test not passed.\n[2024-02-14 14:50:34.300278] Running Score: 11/16\n\n[2024-02-14 14:50:34.300300] Evaluating 124_indexing_with_non_integer.spl with the submitted solution.\n[2024-02-14 14:50:35.644251] Results do not match. Expected Compiler Failure(124), but got Success(0).\n[2024-02-14 14:50:35.644411] Output (stdout) of 'xvfb-run -a /home/tools/sim -x -l /home/temp/124_indexing_with_non_integer.spl.bin -s 1 -t 0' (Limited to 50 lines/10000 characters):\nSPL/RTS: main() started\n\nSPL/RTS: index out of bounds\n[2024-02-14 14:50:35.644462] Test not passed.\n[2024-02-14 14:50:35.644476] Running Score: 11/17\n\n[2024-02-14 14:50:35.644499] Evaluating 126_main_not_a_procedure.spl with the submitted solution.\n[2024-02-14 14:50:36.001831] Test subject results match (Compiler Failure).\n[2024-02-14 14:50:36.001864] Exit code matches the expected exit code (126).\n[2024-02-14 14:50:36.001907] Test passed.\n[2024-02-14 14:50:36.001923] Running Score: 12/18\n\n[2024-02-14 14:50:36.001946] Evaluating 127_main_must_not_have_parameters.spl with the submitted solution.\n[2024-02-14 14:50:36.394494] Test subject results match (Compiler Failure).\n[2024-02-14 14:50:36.394544] Exit code matches the expected exit code (127).\n[2024-02-14 14:50:36.394572] Test passed.\n[2024-02-14 14:50:36.394594] Running Score: 13/19\n\n[2024-02-14 14:50:36.394619] Evaluating acker.spl with the submitted solution.\n[2024-02-14 14:50:38.121778] Test subject results match (Success).\n[2024-02-14 14:50:38.132001] Outputs match.\n[2024-02-14 14:50:38.132106] Test passed.\n[2024-02-14 14:50:38.132133] Running Score: 14/20\n\n[2024-02-14 14:50:38.132157] Evaluating bigtest.spl with the submitted solution.\n[2024-02-14 14:50:39.001375] Submission exited with exit code 1, which is not allowed. Allowed: [0, 99, 140, 100, 101, 102, 103, 104, 105, 106, 107, 108, 109, 110, 111, 112, 113, 114, 115, 116, 117, 118, 119, 120, 121, 122, 123, 124, 125, 126, 127]\n[2024-02-14 14:50:39.001622] Output (stdout + stderr) of 'java -jar /home/solution/java/target/spl.jar /home/tests/bigtest.spl /home/temp/bigtest.spl.s' (Limited to 50 lines/10000 characters):\nException in thread \"main\" java.lang.StackOverflowError\n\tat de.thm.mni.compilerbau.phases._06_codegen.CodeGenerator.genStatement(CodeGenerator.java:82)\n\tat de.thm.mni.compilerbau.phases._06_codegen.CodeGenerator.genStatement(CodeGenerator.java:185)\n\tat de.thm.mni.compilerbau.phases._06_codegen.CodeGenerator.genStatement(CodeGenerator.java:185)\n\tat de.thm.mni.compilerbau.phases._06_codegen.CodeGenerator.genStatement(CodeGenerator.java:185)\n\tat de.thm.mni.compilerbau.phases._06_codegen.CodeGenerator.genStatement(CodeGenerator.java:185)\n\tat de.thm.mni.compilerbau.phases._06_codegen.CodeGenerator.genStatement(CodeGenerator.java:185)\n\tat de.thm.mni.compilerbau.phases._06_codegen.CodeGenerator.genStatement(CodeGenerator.java:185)\n\tat de.thm.mni.compilerbau.phases._06_codegen.CodeGenerator.genStatement(CodeGenerator.java:185)\n\tat de.thm.mni.compilerbau.phases._06_codegen.CodeGenerator.genStatement(CodeGenerator.java:185)\n\tat de.thm.mni.compilerbau.phases._06_codegen.CodeGenerator.genStatement(CodeGenerator.java:185)\n\tat de.thm.mni.compilerbau.phases._06_codegen.CodeGenerator.genStatement(CodeGenerator.java:185)\n\tat de.thm.mni.compilerbau.phases._06_codegen.CodeGenerator.genStatement(CodeGenerator.java:185)\n\tat de.thm.mni.compilerbau.phases._06_codegen.CodeGenerator.genStatement(CodeGenerator.java:185)\n\tat de.thm.mni.compilerbau.phases._06_codegen.CodeGenerator.genStatement(CodeGenerator.java:185)\n\tat de.thm.mni.compilerbau.phases._06_codegen.CodeGenerator.genStatement(CodeGenerator.java:185)\n\tat de.thm.mni.compilerbau.phases._06_codegen.CodeGenerator.genStatement(CodeGenerator.java:185)\n\tat de.thm.mni.compilerbau.phases._06_codegen.CodeGenerator.genStatement(CodeGenerator.java:185)\n\tat de.thm.mni.compilerbau.phases._06_codegen.CodeGenerator.genStatement(CodeGenerator.java:185)\n\tat de.thm.mni.compilerbau.phases._06_codegen.CodeGenerator.genStatement(CodeGenerator.java:185)\n\tat de.thm.mni.compilerbau.phases._06_codegen.CodeGenerator.genStatement(CodeGenerator.java:185)\n\tat de.thm.mni.compilerbau.phases._06_codegen.CodeGenerator.genStatement(CodeGenerator.java:185)\n\tat de.thm.mni.compilerbau.phases._06_codegen.CodeGenerator.genStatement(CodeGenerator.java:185)\n\tat de.thm.mni.compilerbau.phases._06_codegen.CodeGenerator.genStatement(CodeGenerator.java:185)\n\tat de.thm.mni.compilerbau.phases._06_codegen.CodeGenerator.genStatement(CodeGenerator.java:185)\n\tat de.thm.mni.compilerbau.phases._06_codegen.CodeGenerator.genStatement(CodeGenerator.java:185)\n\tat de.thm.mni.compilerbau.phases._06_codegen.CodeGenerator.genStatement(CodeGenerator.java:185)\n\tat de.thm.mni.compilerbau.phases._06_codegen.CodeGenerator.genStatement(CodeGenerator.java:185)\n\tat de.thm.mni.compilerbau.phases._06_codegen.CodeGenerator.genStatement(CodeGenerator.java:185)\n\tat de.thm.mni.compilerbau.phases._06_codegen.CodeGenerator.genStatement(CodeGenerator.java:185)\n\tat de.thm.mni.compilerbau.phases._06_codegen.CodeGenerator.genStatement(CodeGenerator.java:185)\n\tat de.thm.mni.compilerbau.phases._06_codegen.CodeGenerator.genStatement(CodeGenerator.java:185)\n\tat de.thm.mni.compilerbau.phases._06_codegen.CodeGenerator.genStatement(CodeGenerator.java:185)\n\tat de.thm.mni.compilerbau.phases._06_codegen.CodeGenerator.genStatement(CodeGenerator.java:185)\n\tat de.thm.mni.compilerbau.phases._06_codegen.CodeGenerator.genStatement(CodeGenerator.java:185)\n\tat de.thm.mni.compilerbau.phases._06_codegen.CodeGenerator.genStatement(CodeGenerator.java:185)\n\tat de.thm.mni.compilerbau.phases._06_codegen.CodeGenerator.genStatement(CodeGenerator.java:185)\n\tat de.thm.mni.compilerbau.phases._06_codegen.CodeGenerator.genStatement(CodeGenerator.java:185)\n\tat de.thm.mni.compilerbau.phases._06_codegen.CodeGenerator.genStatement(CodeGenerator.java:185)\n\tat de.thm.mni.compilerbau.phases._06_codegen.CodeGenerator.genStatement(CodeGenerator.java:185)\n\tat de.thm.mni.compilerbau.phases._06_codegen.CodeGenerator.genStatement(CodeGenerator.java:185)\n\tat de.thm.mni.compilerbau.phases._06_codegen.CodeGenerator.genStatement(CodeGenerator.java:185)\n\tat de.thm.mni.compilerbau.phases._06_codegen.CodeGenerator.genStatement(CodeGenerator.java:185)\n\tat de.thm.mni.compilerbau.phases._06_codegen.CodeGenerator.genStatement(CodeGenerator.java:185)\n\tat de.thm.mni.compilerbau.phases._06_codegen.CodeGenerator.genStatement(CodeGenerator.java:185)\n\tat de.thm.mni.compilerbau.phases._06_codegen.CodeGenerator.genStatement(CodeGenerator.java:185)\n\tat de.thm.mni.compilerbau.phases._06_codegen.CodeGenerator.genStatement(CodeGenerator.java:185)\n\tat de.thm.mni.compilerbau.phases._06_codegen.CodeGenerator.genStatement(CodeGenerator.java:185)\n\tat de.thm.mni.compilerbau.phases._06_codegen.CodeGenerator.genStatement(CodeGenerator.java:185)\n\tat de.thm.mni.compilerbau.phases._06_codegen.CodeGenerator.genStatement(CodeGenerator.java:185)\n[2024-02-14 14:50:39.002062] Test not passed.\n[2024-02-14 14:50:39.002078] Running Score: 14/21\n\n[2024-02-14 14:50:39.002101] Evaluating bits.spl with the submitted solution.\n[2024-02-14 14:50:40.402384] Test subject results match (Success).\n[2024-02-14 14:50:40.405756] Outputs match.\n[2024-02-14 14:50:40.406059] Test passed.\n[2024-02-14 14:50:40.406233] Running Score: 15/22\n\n[2024-02-14 14:50:40.406494] Evaluating gcd.spl with the submitted solution.\n[2024-02-14 14:50:41.746212] Test subject results match (Success).\n[2024-02-14 14:50:41.753544] Outputs match.\n[2024-02-14 14:50:41.753759] Test passed.\n[2024-02-14 14:50:41.754014] Running Score: 16/23\n\n[2024-02-14 14:50:41.754287] Evaluating inttest.spl with the submitted solution.\n[2024-02-14 14:50:43.088348] Test subject results match (Success).\n[2024-02-14 14:50:43.091746] Outputs match.\n[2024-02-14 14:50:43.091775] Test passed.\n[2024-02-14 14:50:43.091791] Running Score: 17/24\n\n[2024-02-14 14:50:43.091815] Evaluating multiply.spl with the submitted solution.\n[2024-02-14 14:50:44.561185] Test subject results match (Success).\n[2024-02-14 14:50:44.564981] Outputs match.\n[2024-02-14 14:50:44.565183] Test passed.\n[2024-02-14 14:50:44.565377] Running Score: 18/25\n\n[2024-02-14 14:50:44.565640] Evaluating partind1.spl with the submitted solution.\n[2024-02-14 14:50:45.020065] Results do not match. Expected Success(0), but got Compiler Failure(114).\n[2024-02-14 14:50:45.020115] Output (stdout + stderr) of 'java -jar /home/solution/java/target/spl.jar /home/tests/partind1.spl /home/temp/partind1.spl.s' (Limited to 50 lines/10000 characters):\nAn error occurred at Line 32, Column 8:\nArgument type mismatch in call of procedure 'p'. Argument 1 is expected to have type 'array [7] of int', but has type 'int'.\n[2024-02-14 14:50:45.020152] Test not passed.\n[2024-02-14 14:50:45.020167] Running Score: 18/26\n\n[2024-02-14 14:50:45.020189] Evaluating partind2.spl with the submitted solution.\n[2024-02-14 14:50:45.453258] Results do not match. Expected Success(0), but got Compiler Failure(114).\n[2024-02-14 14:50:45.453304] Output (stdout + stderr) of 'java -jar /home/solution/java/target/spl.jar /home/tests/partind2.spl /home/temp/partind2.spl.s' (Limited to 50 lines/10000 characters):\nAn error occurred at Line 43, Column 8:\nArgument type mismatch in call of procedure 'p'. Argument 1 is expected to have type 'array [5] of array [7] of int', but has type 'int'.\n[2024-02-14 14:50:45.453342] Test not passed.\n[2024-02-14 14:50:45.453357] Running Score: 18/27\n\n[2024-02-14 14:50:45.453380] Evaluating swap.spl with the submitted solution.\n[2024-02-14 14:50:46.793432] Test subject results match (Success).\n[2024-02-14 14:50:46.796851] Outputs match.\n[2024-02-14 14:50:46.797087] Test passed.\n[2024-02-14 14:50:46.797255] Running Score: 19/28\n\n[2024-02-14 14:50:46.797434] Evaluating test1.spl with the submitted solution.\n[2024-02-14 14:50:48.147878] Test subject results match (Success).\n[2024-02-14 14:50:48.154093] Outputs match.\n[2024-02-14 14:50:48.154500] Test passed.\n[2024-02-14 14:50:48.154772] Running Score: 20/29\n\n[2024-02-14 14:50:48.155133] Evaluating test2.spl with the submitted solution.\n[2024-02-14 14:50:49.491929] Test subject results match (Success).\n[2024-02-14 14:50:49.495436] Outputs match.\n[2024-02-14 14:50:49.495711] Test passed.\n[2024-02-14 14:50:49.495881] Running Score: 21/30\n\n[2024-02-14 14:50:49.496142] Evaluating test3.spl with the submitted solution.\n[2024-02-14 14:50:50.866511] Test subject results match (Success).\n[2024-02-14 14:50:50.868539] Outputs differ. 'diff'-log (Expected output first, Limited to 50 lines/10000 characters):\n4d3\n< 1\n6d4\n< 3\n8d5\n< 5\n10d6\n< 7\n12a9,12\n> 7\n> 5\n> 3\n> 1\n[2024-02-14 14:50:50.868639] Test not passed.\n[2024-02-14 14:50:50.868745] Running Score: 21/31\n\n[2024-02-14 14:50:50.868783] Evaluating test4.spl with the submitted solution.\n[2024-02-14 14:50:52.236681] Test subject results match (Success).\n[2024-02-14 14:50:52.240425] Outputs match.\n[2024-02-14 14:50:52.240628] Test passed.\n[2024-02-14 14:50:52.240867] Running Score: 22/32\n\n[2024-02-14 14:50:52.241149] Evaluating test5.spl with the submitted solution.\n[2024-02-14 14:50:53.590538] Test subject results match (Success).\n[2024-02-14 14:50:53.593137] Outputs match.\n[2024-02-14 14:50:53.593376] Test passed.\n[2024-02-14 14:50:53.593585] Running Score: 23/33\n\n[2024-02-14 14:50:53.593759] Evaluating test7.spl with the submitted solution.\n[2024-02-14 14:50:54.952043] Test subject results match (Success).\n[2024-02-14 14:50:54.954624] Outputs match.\n[2024-02-14 14:50:54.954832] Test passed.\n[2024-02-14 14:50:54.955044] Running Score: 24/34\n\n[2024-02-14 14:50:54.955215] Evaluating test8.spl with the submitted solution.\n[2024-02-14 14:50:56.272197] Test subject results match (Success).\n[2024-02-14 14:50:56.275666] Outputs match.\n[2024-02-14 14:50:56.275861] Test passed.\n[2024-02-14 14:50:56.276046] Running Score: 25/35\n\n[2024-02-14 14:50:56.276315] Evaluating test9.spl with the submitted solution.\n[2024-02-14 14:50:57.639809] Test subject results match (Success).\n[2024-02-14 14:50:57.645574] Outputs match.\n[2024-02-14 14:50:57.645777] Test passed.\n[2024-02-14 14:50:57.646057] Running Score: 26/36\n\n[2024-02-14 14:50:57.646324] Evaluating threedim.spl with the submitted solution.\n[2024-02-14 14:50:59.040007] Test subject results match (Success).\n[2024-02-14 14:50:59.043771] Outputs differ. 'diff'-log (Expected output first, Limited to 50 lines/10000 characters):\n3,33c3\n< 10000\n< 00000\n< 00000\n< 00000\n< 00000\n< \n< 00000\n< 01000\n< 00000\n< 00000\n< 00000\n< \n< 00000\n< 00000\n< 00100\n< 00000\n< 00000\n< \n< 00000\n< 00000\n< 00000\n< 00010\n< 00000\n< \n< 00000\n< 00000\n< 00000\n< 00000\n< 00001\n< \n< SPL/RTS: main() finished\n---\n> SPL/RTS: TLB miss exception\n[2024-02-14 14:50:59.046742] Test not passed.\n[2024-02-14 14:50:59.046768] Running Score: 26/37\n\n[2024-02-14 14:50:59.046797] Evaluating twodim.spl with the submitted solution.\n[2024-02-14 14:51:00.413656] Test subject results match (Success).\n[2024-02-14 14:51:00.416229] Outputs match.\n[2024-02-14 14:51:00.416426] Test passed.\n[2024-02-14 14:51:00.416647] Running Score: 27/38\n\n[2024-02-14 14:51:00.416939] Final score: 27/38 (71%). \n[2024-02-14 14:51:00.417383] 80% are needed to pass.\n[2024-02-14 14:51:10.663048] You have NOT PASSED this assignment.\n[2024-02-14 14:51:10.663327] You can try again. Deadline: 16.02.2024 23:59\n",
        "max_score": 38,
        "passed": false,
        "score": 27
    },
    "id": "f5628eb2-7185-4051-9ed9-81f7e12a1dff",
    "timestamp_ns": 1707918612619029501,
    "upload_log": "[2024-02-14 14:50:12.425985] Received submission f5628eb2-7185-4051-9ed9-81f7e12a1dff\n[2024-02-14 14:50:12.426756] Ip: 10.196.117.75\n[2024-02-14 14:50:12.426981] Team members: [('Andryani', 'Linda Septira', '5345375'), ('Kirana', 'Yohanes Ranandika', '5310931')]\n[2024-02-14 14:50:12.619239] Your submission was ACCEPTED for course 'Compilerbau-ws23', assignment 'Aufgabe-2'.\n[2024-02-14 14:50:12.619568] Your submission has the id f5628eb2-7185-4051-9ed9-81f7e12a1dff.\n[2024-02-14 14:50:12.620056] It will be evaluated shortly. Please check back soon for your results.\n\n"
}
