{
    "authors": [
        {
            "first_name": "Linda Septira",
            "last_name": "Andryani",
            "matriculation_number": "5345375"
        },
        {
            "first_name": "Yohanes Ranandika",
            "last_name": "Kirana",
            "matriculation_number": "5310931"
        }
    ],
    "evaluation_result": {
        "comment": null,
        "fixed": false,
        "log": "[2024-02-14 15:49:36.317947] Start of evaluation log for submission 'e85c2c20-2e27-4040-89c0-b5f771390186'.\n[2024-02-14 15:49:36.318323] Team member: ('Andryani', 'Linda Septira', '5345375')\n[2024-02-14 15:49:36.318559] Team member: ('Kirana', 'Yohanes Ranandika', '5310931')\n[2024-02-14 15:49:36.336505] Preparing the sandbox\n[2024-02-14 15:49:37.120551] Unpacking submission in sandbox\n[2024-02-14 15:49:37.583054] Building the test subject\n[2024-02-14 15:49:37.583334] Identified the Java variant.\n[2024-02-14 15:49:37.727421] Building Java solution with maven.\n[2024-02-14 15:49:50.169782] Maven log:\n[INFO] Scanning for projects...\n[INFO] \n[INFO] --------------< de.thm.mni.compilerbau.spl-reference:spl >--------------\n[INFO] Building spl 0.1\n[INFO] --------------------------------[ jar ]---------------------------------\n[INFO] \n[INFO] --- jflex-maven-plugin:1.7.0:generate (default) @ spl ---\n[INFO]   generated /home/solution/java/target/generated-sources/jflex/de/thm/mni/compilerbau/phases/_01_scanner/Scanner.java\n[INFO] \n[INFO] --- cup-maven-plugin:11b-20160615:generate (default) @ spl ---\nWarning : Non terminal \"EmptyStmt\" was declared but never used\nWarning : *** Shift/Reduce conflict found in state #94\n  between IfStmt ::= IF LPAREN Expr RPAREN Statement (*) \n  and     IfStmt ::= IF LPAREN Expr RPAREN Statement (*) ELSE Statement \n  under symbol ELSE\n  Resolved in favor of shifting.\n\n[INFO]   generated /home/solution/java/target/generated-sources/cup/de/thm/mni/compilerbau/phases/_02_03_parser/Parser.java\n[INFO]   generated /home/solution/java/target/generated-sources/cup/de/thm/mni/compilerbau/phases/_02_03_parser/Sym.java\n[INFO] \n[INFO] --- maven-resources-plugin:2.6:resources (default-resources) @ spl ---\n[INFO] Using 'UTF-8' encoding to copy filtered resources.\n[INFO] skip non existing resourceDirectory /home/solution/java/src/main/resources\n[INFO] \n[INFO] --- maven-compiler-plugin:3.10.1:compile (default-compile) @ spl ---\n[INFO] Changes detected - recompiling the module!\n[INFO] Compiling 57 source files to /home/solution/java/target/classes\n[INFO] /home/solution/java/target/generated-sources/jflex/de/thm/mni/compilerbau/phases/_01_scanner/Scanner.java: /home/solution/java/target/generated-sources/jflex/de/thm/mni/compilerbau/phases/_01_scanner/Scanner.java uses or overrides a deprecated API that is marked for removal.\n[INFO] /home/solution/java/target/generated-sources/jflex/de/thm/mni/compilerbau/phases/_01_scanner/Scanner.java: Recompile with -Xlint:removal for details.\n[INFO] /home/solution/java/target/generated-sources/cup/de/thm/mni/compilerbau/phases/_02_03_parser/Parser.java: /home/solution/java/target/generated-sources/cup/de/thm/mni/compilerbau/phases/_02_03_parser/Parser.java uses unchecked or unsafe operations.\n[INFO] /home/solution/java/target/generated-sources/cup/de/thm/mni/compilerbau/phases/_02_03_parser/Parser.java: Recompile with -Xlint:unchecked for details.\n[INFO] \n[INFO] --- maven-resources-plugin:2.6:testResources (default-testResources) @ spl ---\n[INFO] Using 'UTF-8' encoding to copy filtered resources.\n[INFO] skip non existing resourceDirectory /home/solution/java/src/test/resources\n[INFO] \n[INFO] --- maven-compiler-plugin:3.10.1:testCompile (default-testCompile) @ spl ---\n[INFO] No sources to compile\n[INFO] \n[INFO] --- maven-surefire-plugin:2.12.4:test (default-test) @ spl ---\n[INFO] No tests to run.\n[INFO] \n[INFO] --- maven-jar-plugin:2.4:jar (default-jar) @ spl ---\n[INFO] Building jar: /home/solution/java/target/spl.jar\n[INFO] \n[INFO] --- maven-shade-plugin:3.1.0:shade (default) @ spl ---\n[INFO] Including com.github.vbmacher:java-cup-runtime:jar:11b-20160615 in the shaded jar.\n[INFO] Replacing original artifact with shaded artifact.\n[INFO] Replacing /home/solution/java/target/spl.jar with /home/solution/java/target/spl-0.1-shaded.jar\n[INFO] Dependency-reduced POM written at: /home/solution/java/dependency-reduced-pom.xml\n[INFO] ------------------------------------------------------------------------\n[INFO] BUILD SUCCESS\n[INFO] ------------------------------------------------------------------------\n[INFO] Total time:  9.499 s\n[INFO] Finished at: 2024-02-14T14:49:50Z\n[INFO] ------------------------------------------------------------------------\n[2024-02-14 15:49:50.320217] Beginning evaluation.\n[2024-02-14 15:49:50.320411] Evaluating 101_undefined_procedure.spl with the submitted solution.\n[2024-02-14 15:49:50.756028] Test subject results match (Compiler Failure).\n[2024-02-14 15:49:50.756064] Exit code matches the expected exit code (101).\n[2024-02-14 15:49:50.756088] Test passed.\n[2024-02-14 15:49:50.756104] Running Score: 1/1\n\n[2024-02-14 15:49:50.756128] Evaluating 101_undefined_type.spl with the submitted solution.\n[2024-02-14 15:49:51.200212] Test subject results match (Compiler Failure).\n[2024-02-14 15:49:51.200254] Exit code matches the expected exit code (101).\n[2024-02-14 15:49:51.200276] Test passed.\n[2024-02-14 15:49:51.200292] Running Score: 2/2\n\n[2024-02-14 15:49:51.200315] Evaluating 101_undefined_variable.spl with the submitted solution.\n[2024-02-14 15:49:51.636289] Test subject results match (Compiler Failure).\n[2024-02-14 15:49:51.636324] Exit code matches the expected exit code (101).\n[2024-02-14 15:49:51.636345] Test passed.\n[2024-02-14 15:49:51.636360] Running Score: 3/3\n\n[2024-02-14 15:49:51.636383] Evaluating 102_not_a_type.spl with the submitted solution.\n[2024-02-14 15:49:52.048872] Test subject results match (Compiler Failure).\n[2024-02-14 15:49:52.048912] Exit code matches the expected exit code (102).\n[2024-02-14 15:49:52.048935] Test passed.\n[2024-02-14 15:49:52.048950] Running Score: 4/4\n\n[2024-02-14 15:49:52.048975] Evaluating 103_redefinition_as_parameter.spl with the submitted solution.\n[2024-02-14 15:49:52.442727] Test subject results match (Compiler Failure).\n[2024-02-14 15:49:52.442768] Exit code matches the expected exit code (103).\n[2024-02-14 15:49:52.442791] Test passed.\n[2024-02-14 15:49:52.442808] Running Score: 5/5\n\n[2024-02-14 15:49:52.442831] Evaluating 103_redefinition_as_procedure.spl with the submitted solution.\n[2024-02-14 15:49:52.837702] Test subject results match (Compiler Failure).\n[2024-02-14 15:49:52.837748] Exit code matches the expected exit code (103).\n[2024-02-14 15:49:52.837772] Test passed.\n[2024-02-14 15:49:52.837787] Running Score: 6/6\n\n[2024-02-14 15:49:52.837809] Evaluating 103_redefinition_as_type.spl with the submitted solution.\n[2024-02-14 15:49:53.249194] Test subject results match (Compiler Failure).\n[2024-02-14 15:49:53.249230] Exit code matches the expected exit code (103).\n[2024-02-14 15:49:53.249254] Test passed.\n[2024-02-14 15:49:53.249270] Running Score: 7/7\n\n[2024-02-14 15:49:53.249294] Evaluating 103_redefinition_as_variable.spl with the submitted solution.\n[2024-02-14 15:49:53.656622] Test subject results match (Compiler Failure).\n[2024-02-14 15:49:53.656656] Exit code matches the expected exit code (103).\n[2024-02-14 15:49:53.656679] Test passed.\n[2024-02-14 15:49:53.656695] Running Score: 8/8\n\n[2024-02-14 15:49:53.656718] Evaluating 104_must_be_reference_parameter.spl with the submitted solution.\n[2024-02-14 15:49:54.058400] Test subject results match (Compiler Failure).\n[2024-02-14 15:49:54.058442] Exit code matches the expected exit code (104).\n[2024-02-14 15:49:54.058464] Test passed.\n[2024-02-14 15:49:54.058479] Running Score: 9/9\n\n[2024-02-14 15:49:54.058502] Evaluating 113_call_of_non_procedure.spl with the submitted solution.\n[2024-02-14 15:49:54.482335] Test subject results match (Compiler Failure).\n[2024-02-14 15:49:54.482369] Exit code matches the expected exit code (113).\n[2024-02-14 15:49:54.482393] Test passed.\n[2024-02-14 15:49:54.482409] Running Score: 10/10\n\n[2024-02-14 15:49:54.482433] Evaluating 114_argument_type_mismatch.spl with the submitted solution.\n[2024-02-14 15:49:54.925549] Test subject results match (Compiler Failure).\n[2024-02-14 15:49:54.925585] Exit code matches the expected exit code (114).\n[2024-02-14 15:49:54.925608] Test passed.\n[2024-02-14 15:49:54.925623] Running Score: 11/11\n\n[2024-02-14 15:49:54.925647] Evaluating 115_argument_must_be_variable.spl with the submitted solution.\n[2024-02-14 15:49:55.348617] Test subject results match (Compiler Failure).\n[2024-02-14 15:49:55.348653] Exit code matches the expected exit code (115).\n[2024-02-14 15:49:55.348677] Test passed.\n[2024-02-14 15:49:55.348693] Running Score: 12/12\n\n[2024-02-14 15:49:55.348716] Evaluating 116_procedure_too_few_arguments.spl with the submitted solution.\n[2024-02-14 15:49:55.763051] Test subject results match (Compiler Failure).\n[2024-02-14 15:49:55.763086] Exit code matches the expected exit code (116).\n[2024-02-14 15:49:55.763108] Test passed.\n[2024-02-14 15:49:55.763124] Running Score: 13/13\n\n[2024-02-14 15:49:55.763146] Evaluating 116_procedure_too_many_arguments.spl with the submitted solution.\n[2024-02-14 15:49:56.242668] Test subject results match (Compiler Failure).\n[2024-02-14 15:49:56.242869] Exit code matches the expected exit code (116).\n[2024-02-14 15:49:56.243035] Test passed.\n[2024-02-14 15:49:56.243057] Running Score: 14/14\n\n[2024-02-14 15:49:56.243083] Evaluating 122_not_a_variable.spl with the submitted solution.\n[2024-02-14 15:49:56.614020] Submission exited with exit code 1, which is not allowed. Allowed: [0, 99, 140, 100, 101, 102, 103, 104, 105, 106, 107, 108, 109, 110, 111, 112, 113, 114, 115, 116, 117, 118, 119, 120, 121, 122, 123, 124, 125, 126, 127]\n[2024-02-14 15:49:56.614080] Output (stdout + stderr) of 'java -jar /home/solution/java/target/spl.jar /home/tests/122_not_a_variable.spl /home/temp/122_not_a_variable.spl.s' (Limited to 50 lines/10000 characters):\nAn error occurred: class de.thm.mni.compilerbau.table.ProcedureEntry cannot be cast to class de.thm.mni.compilerbau.table.VariableEntry (de.thm.mni.compilerbau.table.ProcedureEntry and de.thm.mni.compilerbau.table.VariableEntry are in unnamed module of loader 'app')\njava.lang.ClassCastException: class de.thm.mni.compilerbau.table.ProcedureEntry cannot be cast to class de.thm.mni.compilerbau.table.VariableEntry (de.thm.mni.compilerbau.table.ProcedureEntry and de.thm.mni.compilerbau.table.VariableEntry are in unnamed module of loader 'app')\n\tat de.thm.mni.compilerbau.phases._04b_semant.ProcedureBodyChecker.checkStatement(ProcedureBodyChecker.java:109)\n\tat de.thm.mni.compilerbau.phases._04b_semant.ProcedureBodyChecker.checkStatement(ProcedureBodyChecker.java:78)\n\tat de.thm.mni.compilerbau.phases._04b_semant.ProcedureBodyChecker.checkProcedures(ProcedureBodyChecker.java:64)\n\tat de.thm.mni.compilerbau.Main.main(Main.java:85)\n[2024-02-14 15:49:56.614153] Test not passed.\n[2024-02-14 15:49:56.614168] Running Score: 14/15\n\n[2024-02-14 15:49:56.614191] Evaluating 123_indexing_non_array.spl with the submitted solution.\n[2024-02-14 15:49:57.084017] Submission exited with exit code 1, which is not allowed. Allowed: [0, 99, 140, 100, 101, 102, 103, 104, 105, 106, 107, 108, 109, 110, 111, 112, 113, 114, 115, 116, 117, 118, 119, 120, 121, 122, 123, 124, 125, 126, 127]\n[2024-02-14 15:49:57.084067] Output (stdout + stderr) of 'java -jar /home/solution/java/target/spl.jar /home/tests/123_indexing_non_array.spl /home/temp/123_indexing_non_array.spl.s' (Limited to 50 lines/10000 characters):\nAn error occurred: class de.thm.mni.compilerbau.types.PrimitiveType cannot be cast to class de.thm.mni.compilerbau.types.ArrayType (de.thm.mni.compilerbau.types.PrimitiveType and de.thm.mni.compilerbau.types.ArrayType are in unnamed module of loader 'app')\njava.lang.ClassCastException: class de.thm.mni.compilerbau.types.PrimitiveType cannot be cast to class de.thm.mni.compilerbau.types.ArrayType (de.thm.mni.compilerbau.types.PrimitiveType and de.thm.mni.compilerbau.types.ArrayType are in unnamed module of loader 'app')\n\tat de.thm.mni.compilerbau.phases._06_codegen.CodeGenerator.genStatement(CodeGenerator.java:114)\n\tat de.thm.mni.compilerbau.phases._06_codegen.CodeGenerator.generateCode(CodeGenerator.java:59)\n\tat de.thm.mni.compilerbau.Main.main(Main.java:95)\n[2024-02-14 15:49:57.084131] Test not passed.\n[2024-02-14 15:49:57.084150] Running Score: 14/16\n\n[2024-02-14 15:49:57.084174] Evaluating 124_indexing_with_non_integer.spl with the submitted solution.\n[2024-02-14 15:49:58.846531] Results do not match. Expected Compiler Failure(124), but got Success(0).\n[2024-02-14 15:49:58.846581] Output (stdout) of 'xvfb-run -a /home/tools/sim -x -l /home/temp/124_indexing_with_non_integer.spl.bin -s 1 -t 0' (Limited to 50 lines/10000 characters):\nSPL/RTS: main() started\n\nSPL/RTS: index out of bounds\n[2024-02-14 15:49:58.847758] Test not passed.\n[2024-02-14 15:49:58.847786] Running Score: 14/17\n\n[2024-02-14 15:49:58.847812] Evaluating 126_main_not_a_procedure.spl with the submitted solution.\n[2024-02-14 15:49:59.203565] Test subject results match (Compiler Failure).\n[2024-02-14 15:49:59.203599] Exit code matches the expected exit code (126).\n[2024-02-14 15:49:59.203622] Test passed.\n[2024-02-14 15:49:59.203637] Running Score: 15/18\n\n[2024-02-14 15:49:59.203661] Evaluating 127_main_must_not_have_parameters.spl with the submitted solution.\n[2024-02-14 15:49:59.631042] Test subject results match (Compiler Failure).\n[2024-02-14 15:49:59.631078] Exit code matches the expected exit code (127).\n[2024-02-14 15:49:59.631102] Test passed.\n[2024-02-14 15:49:59.631118] Running Score: 16/19\n\n[2024-02-14 15:49:59.631142] Evaluating acker.spl with the submitted solution.\n[2024-02-14 15:50:01.279771] Test subject results match (Success).\n[2024-02-14 15:50:01.284103] Outputs match.\n[2024-02-14 15:50:01.284138] Test passed.\n[2024-02-14 15:50:01.284156] Running Score: 17/20\n\n[2024-02-14 15:50:01.284185] Evaluating bigtest.spl with the submitted solution.\n[2024-02-14 15:50:02.154869] Submission exited with exit code 1, which is not allowed. Allowed: [0, 99, 140, 100, 101, 102, 103, 104, 105, 106, 107, 108, 109, 110, 111, 112, 113, 114, 115, 116, 117, 118, 119, 120, 121, 122, 123, 124, 125, 126, 127]\n[2024-02-14 15:50:02.155265] Output (stdout + stderr) of 'java -jar /home/solution/java/target/spl.jar /home/tests/bigtest.spl /home/temp/bigtest.spl.s' (Limited to 50 lines/10000 characters):\nException in thread \"main\" java.lang.StackOverflowError\n\tat de.thm.mni.compilerbau.phases._06_codegen.CodeGenerator.genStatement(CodeGenerator.java:82)\n\tat de.thm.mni.compilerbau.phases._06_codegen.CodeGenerator.genStatement(CodeGenerator.java:185)\n\tat de.thm.mni.compilerbau.phases._06_codegen.CodeGenerator.genStatement(CodeGenerator.java:185)\n\tat de.thm.mni.compilerbau.phases._06_codegen.CodeGenerator.genStatement(CodeGenerator.java:185)\n\tat de.thm.mni.compilerbau.phases._06_codegen.CodeGenerator.genStatement(CodeGenerator.java:185)\n\tat de.thm.mni.compilerbau.phases._06_codegen.CodeGenerator.genStatement(CodeGenerator.java:185)\n\tat de.thm.mni.compilerbau.phases._06_codegen.CodeGenerator.genStatement(CodeGenerator.java:185)\n\tat de.thm.mni.compilerbau.phases._06_codegen.CodeGenerator.genStatement(CodeGenerator.java:185)\n\tat de.thm.mni.compilerbau.phases._06_codegen.CodeGenerator.genStatement(CodeGenerator.java:185)\n\tat de.thm.mni.compilerbau.phases._06_codegen.CodeGenerator.genStatement(CodeGenerator.java:185)\n\tat de.thm.mni.compilerbau.phases._06_codegen.CodeGenerator.genStatement(CodeGenerator.java:185)\n\tat de.thm.mni.compilerbau.phases._06_codegen.CodeGenerator.genStatement(CodeGenerator.java:185)\n\tat de.thm.mni.compilerbau.phases._06_codegen.CodeGenerator.genStatement(CodeGenerator.java:185)\n\tat de.thm.mni.compilerbau.phases._06_codegen.CodeGenerator.genStatement(CodeGenerator.java:185)\n\tat de.thm.mni.compilerbau.phases._06_codegen.CodeGenerator.genStatement(CodeGenerator.java:185)\n\tat de.thm.mni.compilerbau.phases._06_codegen.CodeGenerator.genStatement(CodeGenerator.java:185)\n\tat de.thm.mni.compilerbau.phases._06_codegen.CodeGenerator.genStatement(CodeGenerator.java:185)\n\tat de.thm.mni.compilerbau.phases._06_codegen.CodeGenerator.genStatement(CodeGenerator.java:185)\n\tat de.thm.mni.compilerbau.phases._06_codegen.CodeGenerator.genStatement(CodeGenerator.java:185)\n\tat de.thm.mni.compilerbau.phases._06_codegen.CodeGenerator.genStatement(CodeGenerator.java:185)\n\tat de.thm.mni.compilerbau.phases._06_codegen.CodeGenerator.genStatement(CodeGenerator.java:185)\n\tat de.thm.mni.compilerbau.phases._06_codegen.CodeGenerator.genStatement(CodeGenerator.java:185)\n\tat de.thm.mni.compilerbau.phases._06_codegen.CodeGenerator.genStatement(CodeGenerator.java:185)\n\tat de.thm.mni.compilerbau.phases._06_codegen.CodeGenerator.genStatement(CodeGenerator.java:185)\n\tat de.thm.mni.compilerbau.phases._06_codegen.CodeGenerator.genStatement(CodeGenerator.java:185)\n\tat de.thm.mni.compilerbau.phases._06_codegen.CodeGenerator.genStatement(CodeGenerator.java:185)\n\tat de.thm.mni.compilerbau.phases._06_codegen.CodeGenerator.genStatement(CodeGenerator.java:185)\n\tat de.thm.mni.compilerbau.phases._06_codegen.CodeGenerator.genStatement(CodeGenerator.java:185)\n\tat de.thm.mni.compilerbau.phases._06_codegen.CodeGenerator.genStatement(CodeGenerator.java:185)\n\tat de.thm.mni.compilerbau.phases._06_codegen.CodeGenerator.genStatement(CodeGenerator.java:185)\n\tat de.thm.mni.compilerbau.phases._06_codegen.CodeGenerator.genStatement(CodeGenerator.java:185)\n\tat de.thm.mni.compilerbau.phases._06_codegen.CodeGenerator.genStatement(CodeGenerator.java:185)\n\tat de.thm.mni.compilerbau.phases._06_codegen.CodeGenerator.genStatement(CodeGenerator.java:185)\n\tat de.thm.mni.compilerbau.phases._06_codegen.CodeGenerator.genStatement(CodeGenerator.java:185)\n\tat de.thm.mni.compilerbau.phases._06_codegen.CodeGenerator.genStatement(CodeGenerator.java:185)\n\tat de.thm.mni.compilerbau.phases._06_codegen.CodeGenerator.genStatement(CodeGenerator.java:185)\n\tat de.thm.mni.compilerbau.phases._06_codegen.CodeGenerator.genStatement(CodeGenerator.java:185)\n\tat de.thm.mni.compilerbau.phases._06_codegen.CodeGenerator.genStatement(CodeGenerator.java:185)\n\tat de.thm.mni.compilerbau.phases._06_codegen.CodeGenerator.genStatement(CodeGenerator.java:185)\n\tat de.thm.mni.compilerbau.phases._06_codegen.CodeGenerator.genStatement(CodeGenerator.java:185)\n\tat de.thm.mni.compilerbau.phases._06_codegen.CodeGenerator.genStatement(CodeGenerator.java:185)\n\tat de.thm.mni.compilerbau.phases._06_codegen.CodeGenerator.genStatement(CodeGenerator.java:185)\n\tat de.thm.mni.compilerbau.phases._06_codegen.CodeGenerator.genStatement(CodeGenerator.java:185)\n\tat de.thm.mni.compilerbau.phases._06_codegen.CodeGenerator.genStatement(CodeGenerator.java:185)\n\tat de.thm.mni.compilerbau.phases._06_codegen.CodeGenerator.genStatement(CodeGenerator.java:185)\n\tat de.thm.mni.compilerbau.phases._06_codegen.CodeGenerator.genStatement(CodeGenerator.java:185)\n\tat de.thm.mni.compilerbau.phases._06_codegen.CodeGenerator.genStatement(CodeGenerator.java:185)\n\tat de.thm.mni.compilerbau.phases._06_codegen.CodeGenerator.genStatement(CodeGenerator.java:185)\n\tat de.thm.mni.compilerbau.phases._06_codegen.CodeGenerator.genStatement(CodeGenerator.java:185)\n[2024-02-14 15:50:02.156260] Test not passed.\n[2024-02-14 15:50:02.156301] Running Score: 17/21\n\n[2024-02-14 15:50:02.156344] Evaluating bits.spl with the submitted solution.\n[2024-02-14 15:50:03.598952] Test subject results match (Success).\n[2024-02-14 15:50:03.604467] Outputs match.\n[2024-02-14 15:50:03.604711] Test passed.\n[2024-02-14 15:50:03.604893] Running Score: 18/22\n\n[2024-02-14 15:50:03.605221] Evaluating gcd.spl with the submitted solution.\n[2024-02-14 15:50:05.036380] Test subject results match (Success).\n[2024-02-14 15:50:05.040949] Outputs match.\n[2024-02-14 15:50:05.041390] Test passed.\n[2024-02-14 15:50:05.041575] Running Score: 19/23\n\n[2024-02-14 15:50:05.041837] Evaluating inttest.spl with the submitted solution.\n[2024-02-14 15:50:06.470175] Test subject results match (Success).\n[2024-02-14 15:50:06.474021] Outputs match.\n[2024-02-14 15:50:06.474236] Test passed.\n[2024-02-14 15:50:06.474420] Running Score: 20/24\n\n[2024-02-14 15:50:06.474688] Evaluating multiply.spl with the submitted solution.\n[2024-02-14 15:50:07.996119] Test subject results match (Success).\n[2024-02-14 15:50:08.006166] Outputs match.\n[2024-02-14 15:50:08.006228] Test passed.\n[2024-02-14 15:50:08.006256] Running Score: 21/25\n\n[2024-02-14 15:50:08.006298] Evaluating partind1.spl with the submitted solution.\n[2024-02-14 15:50:08.465319] Results do not match. Expected Success(0), but got Compiler Failure(114).\n[2024-02-14 15:50:08.465373] Output (stdout + stderr) of 'java -jar /home/solution/java/target/spl.jar /home/tests/partind1.spl /home/temp/partind1.spl.s' (Limited to 50 lines/10000 characters):\nAn error occurred at Line 32, Column 8:\nArgument type mismatch in call of procedure 'p'. Argument 1 is expected to have type 'array [7] of int', but has type 'int'.\n[2024-02-14 15:50:08.465416] Test not passed.\n[2024-02-14 15:50:08.465432] Running Score: 21/26\n\n[2024-02-14 15:50:08.465459] Evaluating partind2.spl with the submitted solution.\n[2024-02-14 15:50:08.917943] Results do not match. Expected Success(0), but got Compiler Failure(114).\n[2024-02-14 15:50:08.918001] Output (stdout + stderr) of 'java -jar /home/solution/java/target/spl.jar /home/tests/partind2.spl /home/temp/partind2.spl.s' (Limited to 50 lines/10000 characters):\nAn error occurred at Line 43, Column 8:\nArgument type mismatch in call of procedure 'p'. Argument 1 is expected to have type 'array [5] of array [7] of int', but has type 'int'.\n[2024-02-14 15:50:08.918041] Test not passed.\n[2024-02-14 15:50:08.918060] Running Score: 21/27\n\n[2024-02-14 15:50:08.918085] Evaluating swap.spl with the submitted solution.\n[2024-02-14 15:50:10.354711] Test subject results match (Success).\n[2024-02-14 15:50:10.358625] Outputs match.\n[2024-02-14 15:50:10.358879] Test passed.\n[2024-02-14 15:50:10.359072] Running Score: 22/28\n\n[2024-02-14 15:50:10.359371] Evaluating test1.spl with the submitted solution.\n[2024-02-14 15:50:11.843648] Test subject results match (Success).\n[2024-02-14 15:50:11.847553] Outputs match.\n[2024-02-14 15:50:11.847765] Test passed.\n[2024-02-14 15:50:11.847983] Running Score: 23/29\n\n[2024-02-14 15:50:11.848288] Evaluating test2.spl with the submitted solution.\n[2024-02-14 15:50:13.273934] Test subject results match (Success).\n[2024-02-14 15:50:13.276799] Outputs match.\n[2024-02-14 15:50:13.277000] Test passed.\n[2024-02-14 15:50:13.277240] Running Score: 24/30\n\n[2024-02-14 15:50:13.277494] Evaluating test3.spl with the submitted solution.\n[2024-02-14 15:50:14.745058] Test subject results match (Success).\n[2024-02-14 15:50:14.748877] Outputs differ. 'diff'-log (Expected output first, Limited to 50 lines/10000 characters):\n4d3\n< 1\n6d4\n< 3\n8d5\n< 5\n10d6\n< 7\n12a9,12\n> 7\n> 5\n> 3\n> 1\n[2024-02-14 15:50:14.751105] Test not passed.\n[2024-02-14 15:50:14.751300] Running Score: 24/31\n\n[2024-02-14 15:50:14.751568] Evaluating test4.spl with the submitted solution.\n[2024-02-14 15:50:16.213874] Test subject results match (Success).\n[2024-02-14 15:50:16.217103] Outputs match.\n[2024-02-14 15:50:16.217305] Test passed.\n[2024-02-14 15:50:16.217511] Running Score: 25/32\n\n[2024-02-14 15:50:16.217823] Evaluating test5.spl with the submitted solution.\n[2024-02-14 15:50:17.595685] Test subject results match (Success).\n[2024-02-14 15:50:17.598554] Outputs match.\n[2024-02-14 15:50:17.598757] Test passed.\n[2024-02-14 15:50:17.598956] Running Score: 26/33\n\n[2024-02-14 15:50:17.599201] Evaluating test7.spl with the submitted solution.\n[2024-02-14 15:50:19.000436] Test subject results match (Success).\n[2024-02-14 15:50:19.006804] Outputs match.\n[2024-02-14 15:50:19.007008] Test passed.\n[2024-02-14 15:50:19.007211] Running Score: 27/34\n\n[2024-02-14 15:50:19.007474] Evaluating test8.spl with the submitted solution.\n[2024-02-14 15:50:20.484851] Test subject results match (Success).\n[2024-02-14 15:50:20.489296] Outputs match.\n[2024-02-14 15:50:20.489519] Test passed.\n[2024-02-14 15:50:20.489728] Running Score: 28/35\n\n[2024-02-14 15:50:20.490034] Evaluating test9.spl with the submitted solution.\n[2024-02-14 15:50:21.897238] Test subject results match (Success).\n[2024-02-14 15:50:21.900758] Outputs match.\n[2024-02-14 15:50:21.900978] Test passed.\n[2024-02-14 15:50:21.901180] Running Score: 29/36\n\n[2024-02-14 15:50:21.901460] Evaluating threedim.spl with the submitted solution.\n[2024-02-14 15:50:23.316562] Test subject results match (Success).\n[2024-02-14 15:50:23.320371] Outputs differ. 'diff'-log (Expected output first, Limited to 50 lines/10000 characters):\n3,33c3\n< 10000\n< 00000\n< 00000\n< 00000\n< 00000\n< \n< 00000\n< 01000\n< 00000\n< 00000\n< 00000\n< \n< 00000\n< 00000\n< 00100\n< 00000\n< 00000\n< \n< 00000\n< 00000\n< 00000\n< 00010\n< 00000\n< \n< 00000\n< 00000\n< 00000\n< 00000\n< 00001\n< \n< SPL/RTS: main() finished\n---\n> SPL/RTS: TLB miss exception\n[2024-02-14 15:50:23.323261] Test not passed.\n[2024-02-14 15:50:23.323287] Running Score: 29/37\n\n[2024-02-14 15:50:23.323314] Evaluating twodim.spl with the submitted solution.\n[2024-02-14 15:50:24.713565] Test subject results match (Success).\n[2024-02-14 15:50:24.717027] Outputs match.\n[2024-02-14 15:50:24.717224] Test passed.\n[2024-02-14 15:50:24.717412] Running Score: 30/38\n\n[2024-02-14 15:50:24.718053] Final score: 30/38 (78%). \n[2024-02-14 15:50:24.718426] 80% are needed to pass.\n[2024-02-14 15:50:34.988606] You have NOT PASSED this assignment.\n[2024-02-14 15:50:34.989000] You can try again. Deadline: 16.02.2024 23:59\n",
        "max_score": 38,
        "passed": false,
        "score": 30
    },
    "id": "e85c2c20-2e27-4040-89c0-b5f771390186",
    "timestamp_ns": 1707922176315959891,
    "upload_log": "[2024-02-14 15:49:36.056911] Received submission e85c2c20-2e27-4040-89c0-b5f771390186\n[2024-02-14 15:49:36.057677] Ip: 10.196.117.75\n[2024-02-14 15:49:36.057931] Team members: [('Andryani', 'Linda Septira', '5345375'), ('Kirana', 'Yohanes Ranandika', '5310931')]\n[2024-02-14 15:49:36.316176] Your submission was ACCEPTED for course 'Compilerbau-ws23', assignment 'Aufgabe-2'.\n[2024-02-14 15:49:36.316499] Your submission has the id e85c2c20-2e27-4040-89c0-b5f771390186.\n[2024-02-14 15:49:36.317001] It will be evaluated shortly. Please check back soon for your results.\n\n"
}
